<< Learn Mode: statistical >>
<< Change Limit set to 750 >>
Color0: Color(h: 309, s: 100, l: 53)
Color1: Color(h: 286, s: 100, l: 55)
Target Index: 0
Input: pink
Naive Prediction Correct: True
Context Prediction Correct: True
Border Change: 5.966016628144541
---
Color0: Color(h: 319, s: 100, l: 48)
Color1: Color(h: 343, s: 100, l: 43)
Target Index: 1
Input: rot
Naive Prediction Correct: True
Context Prediction Correct: True
Border Change: 7.77489927270476
---
Color0: Color(h: 358, s: 100, l: 30)
Color1: Color(h: 334, s: 100, l: 53)
Target Index: 1
Input: pink
Naive Prediction Correct: True
Context Prediction Correct: True
Border Change: 7.3164020304466115
---
Color0: Color(h: 60, s: 100, l: 60)
Color1: Color(h: 90, s: 100, l: 57)
Target Index: 0
Input: gelb
Naive Prediction Correct: True
Context Prediction Correct: True
Border Change: 6.055782720810823
---
Color0: Color(h: 286, s: 100, l: 55)
Color1: Color(h: 257, s: 100, l: 43)
Target Index: 0
Input: lila
Naive Prediction Correct: True
Context Prediction Correct: False
Border Change: 6.147078622986816
---
Color0: Color(h: 321, s: 100, l: 47)
Color1: Color(h: 300, s: 100, l: 48)
Target Index: 1
Input: pink
Naive Prediction Correct: False
Context Prediction Correct: False
Border Change: 7.027293903819315
---
Color0: Color(h: 54, s: 100, l: 59)
Color1: Color(h: 72, s: 100, l: 58)
Target Index: 0
Input: orange
Naive Prediction Correct: False
Context Prediction Correct: True
Border Change: 8.562138267489102
---
Color0: Color(h: 288, s: 100, l: 41)
Color1: Color(h: 268, s: 100, l: 35)
Target Index: 1
Input: marinblau
Naive Prediction Correct: False
Context Prediction Correct: False
Border Change: 11.647248589243059
---
Color0: Color(h: 23, s: 100, l: 46)
Color1: Color(h: 41, s: 100, l: 56)
Target Index: 0
Input: rot
Naive Prediction Correct: False
Context Prediction Correct: True
Border Change: 9.734949816137835
---
Color0: Color(h: 293, s: 100, l: 41)
Color1: Color(h: 316, s: 100, l: 38)
Target Index: 0
Input: lila
Naive Prediction Correct: True
Context Prediction Correct: True
Border Change: 6.7363589754668585
---
Color0: Color(h: 256, s: 100, l: 49)
Color1: Color(h: 279, s: 100, l: 54)
Target Index: 0
Input: marinblau
Naive Prediction Correct: False
Context Prediction Correct: False
Border Change: 12.783971932107054
---
Color0: Color(h: 254, s: 100, l: 36)
Color1: Color(h: 214, s: 100, l: 56)
Target Index: 1
Input: blau
Naive Prediction Correct: True
Context Prediction Correct: False
Border Change: 8.444138396037763
---
Color0: Color(h: 282, s: 100, l: 54)
Color1: Color(h: 258, s: 100, l: 41)
Target Index: 0
Input: lila
Naive Prediction Correct: True
Context Prediction Correct: True
Border Change: 5.238096556832477
---
Color0: Color(h: 324, s: 100, l: 34)
Color1: Color(h: 342, s: 100, l: 40)
Target Index: 1
Input: bordeaux
Naive Prediction Correct: False
Context Prediction Correct: False
Border Change: 7.66197840256971
---
Color0: Color(h: 31, s: 100, l: 38)
Color1: Color(h: 49, s: 100, l: 51)
Target Index: 1
Input: orange
Naive Prediction Correct: True
Context Prediction Correct: False
Border Change: 6.115922558871269
---
Color0: Color(h: 210, s: 100, l: 44)
Color1: Color(h: 155, s: 100, l: 39)
Target Index: 1
Input: grün
Naive Prediction Correct: True
Context Prediction Correct: False
Border Change: 15.644012428756426
---
Color0: Color(h: 182, s: 100, l: 55)
Color1: Color(h: 142, s: 100, l: 43)
Target Index: 1
Input: grün
Naive Prediction Correct: True
Context Prediction Correct: True
Border Change: 10.288940172543372
---
Color0: Color(h: 328, s: 100, l: 46)
Color1: Color(h: 314, s: 100, l: 41)
Target Index: 0
Input: pink
Naive Prediction Correct: True
Context Prediction Correct: False
Border Change: 5.462952728299126
---
Color0: Color(h: 176, s: 100, l: 30)
Color1: Color(h: 136, s: 100, l: 32)
Target Index: 1
Input: blattgrün
Naive Prediction Correct: False
Context Prediction Correct: False
Border Change: 6.536166114273742
---
Color0: Color(h: 315, s: 100, l: 38)
Color1: Color(h: 339, s: 100, l: 45)
Target Index: 1
Input: rot
Naive Prediction Correct: True
Context Prediction Correct: True
Border Change: 8.34076883229358
---
Color0: Color(h: 196, s: 100, l: 53)
Color1: Color(h: 251, s: 100, l: 36)
Target Index: 1
Input: marinblau
Naive Prediction Correct: True
Context Prediction Correct: True
Border Change: 6.087443965088967
---
Color0: Color(h: 301, s: 100, l: 42)
Color1: Color(h: 315, s: 100, l: 49)
Target Index: 1
Input: pink
Naive Prediction Correct: True
Context Prediction Correct: True
Border Change: 4.394243367316518
---
Color0: Color(h: 67, s: 100, l: 44)
Color1: Color(h: 52, s: 100, l: 51)
Target Index: 1
Input: orange
Naive Prediction Correct: False
Context Prediction Correct: True
Border Change: 6.261614663290275
---
Color0: Color(h: 206, s: 100, l: 56)
Color1: Color(h: 152, s: 100, l: 55)
Target Index: 0
Input: blau
Naive Prediction Correct: True
Context Prediction Correct: True
Border Change: 9.59369904489119
---
Color0: Color(h: 49, s: 100, l: 42)
Color1: Color(h: 35, s: 100, l: 52)
Target Index: 1
Input: orange
Naive Prediction Correct: True
Context Prediction Correct: False
Border Change: 4.600789542664231
---
Color0: Color(h: 65, s: 100, l: 54)
Color1: Color(h: 20, s: 100, l: 38)
Target Index: 0
Input: gelb
Naive Prediction Correct: True
Context Prediction Correct: True
Border Change: 5.166235306687819
---
Color0: Color(h: 130, s: 100, l: 54)
Color1: Color(h: 69, s: 100, l: 42)
Target Index: 1
Input: olive
Naive Prediction Correct: False
Context Prediction Correct: False
Border Change: 7.783427763268888
---
Color0: Color(h: 190, s: 100, l: 45)
Color1: Color(h: 226, s: 100, l: 44)
Target Index: 0
Input: blau
Naive Prediction Correct: False
Context Prediction Correct: False
Border Change: 16.14634986394187
---
Color0: Color(h: 174, s: 100, l: 49)
Color1: Color(h: 229, s: 100, l: 46)
Target Index: 1
Input: marinblau
Naive Prediction Correct: False
Context Prediction Correct: False
Border Change: 9.119728564676116
---
Color0: Color(h: 105, s: 100, l: 30)
Color1: Color(h: 85, s: 100, l: 55)
Target Index: 0
Input: blattgrün
Naive Prediction Correct: False
Context Prediction Correct: True
Border Change: 29.12527473008971
---
Color0: Color(h: 170, s: 100, l: 33)
Color1: Color(h: 122, s: 100, l: 33)
Target Index: 1
Input: blattgrün
Naive Prediction Correct: False
Context Prediction Correct: False
Border Change: 9.098592382317275
---
Color0: Color(h: 299, s: 100, l: 43)
Color1: Color(h: 275, s: 100, l: 56)
Target Index: 1
Input: lila
Naive Prediction Correct: True
Context Prediction Correct: False
Border Change: 5.1647091443647755
---
Color0: Color(h: 104, s: 100, l: 57)
Color1: Color(h: 84, s: 100, l: 60)
Target Index: 1
Input: gelb
Naive Prediction Correct: False
Context Prediction Correct: True
Border Change: 8.17873333520288
---
Color0: Color(h: 44, s: 100, l: 58)
Color1: Color(h: 58, s: 100, l: 50)
Target Index: 1
Input: gelb
Naive Prediction Correct: True
Context Prediction Correct: True
Border Change: 4.857141920017815
---
Color0: Color(h: 307, s: 100, l: 50)
Color1: Color(h: 352, s: 100, l: 52)
Target Index: 1
Input: rot
Naive Prediction Correct: True
Context Prediction Correct: True
Border Change: 5.2338578066761885
---
Color0: Color(h: 294, s: 100, l: 49)
Color1: Color(h: 271, s: 100, l: 47)
Target Index: 0
Input: lila
Naive Prediction Correct: True
Context Prediction Correct: False
Border Change: 5.466016947382135
---
Color0: Color(h: 91, s: 100, l: 45)
Color1: Color(h: 142, s: 100, l: 33)
Target Index: 1
Input: blattgrün
Naive Prediction Correct: True
Context Prediction Correct: True
Border Change: 4.897907046773147
---
Color0: Color(h: 56, s: 100, l: 42)
Color1: Color(h: 76, s: 100, l: 44)
Target Index: 1
Input: olive
Naive Prediction Correct: False
Context Prediction Correct: False
Border Change: 8.35235798846704
---
Color0: Color(h: 103, s: 100, l: 60)
Color1: Color(h: 83, s: 100, l: 41)
Target Index: 0
Input: grün
Naive Prediction Correct: True
Context Prediction Correct: False
Border Change: 10.384574794359452
---
Color0: Color(h: 332, s: 100, l: 52)
Color1: Color(h: 356, s: 100, l: 56)
Target Index: 0
Input: pink
Naive Prediction Correct: True
Context Prediction Correct: True
Border Change: 5.484705224392657
---
Color0: Color(h: 278, s: 100, l: 34)
Color1: Color(h: 300, s: 100, l: 32)
Target Index: 0
Input: indigo
Naive Prediction Correct: False
Context Prediction Correct: False
Border Change: 5.821223682260557
---
Color0: Color(h: 202, s: 100, l: 35)
Color1: Color(h: 163, s: 100, l: 50)
Target Index: 1
Input: türkis
Naive Prediction Correct: True
Context Prediction Correct: False
Border Change: 7.547648585670158
---
Color0: Color(h: 80, s: 100, l: 52)
Color1: Color(h: 100, s: 100, l: 41)
Target Index: 1
Input: grün
Naive Prediction Correct: True
Context Prediction Correct: False
Border Change: 10.0736689278603
---
Color0: Color(h: 30, s: 100, l: 50)
Color1: Color(h: 6, s: 100, l: 51)
Target Index: 1
Input: rot
Naive Prediction Correct: True
Context Prediction Correct: True
Border Change: 4.913784673444617
---
Color0: Color(h: 126, s: 100, l: 49)
Color1: Color(h: 65, s: 100, l: 57)
Target Index: 1
Input: gelb
Naive Prediction Correct: True
Context Prediction Correct: True
Border Change: 4.376331302236892
---
Color0: Color(h: 244, s: 100, l: 48)
Color1: Color(h: 214, s: 100, l: 50)
Target Index: 0
Input: marinblau
Naive Prediction Correct: False
Context Prediction Correct: False
Border Change: 8.089855209359179
---
Color0: Color(h: 73, s: 100, l: 37)
Color1: Color(h: 55, s: 100, l: 58)
Target Index: 1
Input: orange
Naive Prediction Correct: False
Context Prediction Correct: True
Border Change: 6.5942361585648035
---
Color0: Color(h: 190, s: 100, l: 44)
Color1: Color(h: 240, s: 100, l: 54)
Target Index: 1
Input: marinblau
Naive Prediction Correct: False
Context Prediction Correct: True
Border Change: 10.279132676054049
---
Color0: Color(h: 100, s: 100, l: 34)
Color1: Color(h: 84, s: 100, l: 46)
Target Index: 0
Input: blattgrün
Naive Prediction Correct: False
Context Prediction Correct: False
Border Change: 27.29043254362619
---
Color0: Color(h: 35, s: 100, l: 31)
Color1: Color(h: 17, s: 100, l: 39)
Target Index: 0
Input: braun
Naive Prediction Correct: True
Context Prediction Correct: True
Border Change: 4.936477795189317
---
Color0: Color(h: 75, s: 100, l: 43)
Color1: Color(h: 47, s: 100, l: 55)
Target Index: 0
Input: olive
Naive Prediction Correct: False
Context Prediction Correct: True
Border Change: 6.977954763335756
---
Color0: Color(h: 105, s: 100, l: 32)
Color1: Color(h: 77, s: 100, l: 38)
Target Index: 0
Input: blattgrün
Naive Prediction Correct: False
Context Prediction Correct: True
Border Change: 15.912847378249591
---
Color0: Color(h: 62, s: 100, l: 56)
Color1: Color(h: 80, s: 100, l: 43)
Target Index: 1
Input: olive
Naive Prediction Correct: False
Context Prediction Correct: False
Border Change: 7.06522524794611
---
Color0: Color(h: 304, s: 100, l: 32)
Color1: Color(h: 280, s: 100, l: 32)
Target Index: 1
Input: indigo
Naive Prediction Correct: True
Context Prediction Correct: True
Border Change: 5.06482814664215
---
Color0: Color(h: 64, s: 100, l: 31)
Color1: Color(h: 46, s: 100, l: 31)
Target Index: 1
Input: braun
Naive Prediction Correct: True
Context Prediction Correct: True
Border Change: 5.263361464741996
---
Color0: Color(h: 272, s: 100, l: 58)
Color1: Color(h: 248, s: 100, l: 57)
Target Index: 0
Input: lila
Naive Prediction Correct: True
Context Prediction Correct: True
Border Change: 4.989442998349504
---
Color0: Color(h: 138, s: 100, l: 58)
Color1: Color(h: 159, s: 100, l: 60)
Target Index: 1
Input: türkis
Naive Prediction Correct: True
Context Prediction Correct: True
Border Change: 8.494945723155224
---
Color0: Color(h: 149, s: 100, l: 58)
Color1: Color(h: 173, s: 100, l: 34)
Target Index: 1
Input: blattgrün
Naive Prediction Correct: False
Context Prediction Correct: False
Border Change: 12.882711706251904
---
Color0: Color(h: 291, s: 100, l: 39)
Color1: Color(h: 236, s: 100, l: 36)
Target Index: 0
Input: indigo
Naive Prediction Correct: False
Context Prediction Correct: False
Border Change: 6.662856826490971
---
Color0: Color(h: 294, s: 100, l: 41)
Color1: Color(h: 271, s: 100, l: 34)
Target Index: 0
Input: lila
Naive Prediction Correct: True
Context Prediction Correct: False
Border Change: 5.3685267372440135
---
Color0: Color(h: 309, s: 100, l: 53)
Color1: Color(h: 286, s: 100, l: 55)
Target Index: 0
Input: pink
Naive Prediction Correct: True
Context Prediction Correct: True
Border Change: 4.303219258435724
---
Color0: Color(h: 319, s: 100, l: 48)
Color1: Color(h: 343, s: 100, l: 43)
Target Index: 1
Input: rot
Naive Prediction Correct: True
Context Prediction Correct: True
Border Change: 6.031694590581516
---
Color0: Color(h: 358, s: 100, l: 30)
Color1: Color(h: 334, s: 100, l: 53)
Target Index: 1
Input: pink
Naive Prediction Correct: True
Context Prediction Correct: True
Border Change: 5.4727427468249585
---
Color0: Color(h: 60, s: 100, l: 60)
Color1: Color(h: 90, s: 100, l: 57)
Target Index: 0
Input: gelb
Naive Prediction Correct: True
Context Prediction Correct: True
Border Change: 4.4153418839225544
---
Color0: Color(h: 286, s: 100, l: 55)
Color1: Color(h: 257, s: 100, l: 43)
Target Index: 0
Input: lila
Naive Prediction Correct: True
Context Prediction Correct: True
Border Change: 3.923288131757106
---
Color0: Color(h: 321, s: 100, l: 47)
Color1: Color(h: 300, s: 100, l: 48)
Target Index: 1
Input: pink
Naive Prediction Correct: False
Context Prediction Correct: False
Border Change: 5.9223275372031114
---
Color0: Color(h: 54, s: 100, l: 59)
Color1: Color(h: 72, s: 100, l: 58)
Target Index: 0
Input: orange
Naive Prediction Correct: False
Context Prediction Correct: True
Border Change: 5.767083003843922
---
Color0: Color(h: 288, s: 100, l: 41)
Color1: Color(h: 268, s: 100, l: 35)
Target Index: 1
Input: marinblau
Naive Prediction Correct: False
Context Prediction Correct: True
Border Change: 8.726347628772766
---
Color0: Color(h: 23, s: 100, l: 46)
Color1: Color(h: 41, s: 100, l: 56)
Target Index: 0
Input: rot
Naive Prediction Correct: False
Context Prediction Correct: True
Border Change: 8.929748616524467
---
Color0: Color(h: 293, s: 100, l: 41)
Color1: Color(h: 316, s: 100, l: 38)
Target Index: 0
Input: lila
Naive Prediction Correct: True
Context Prediction Correct: True
Border Change: 4.55890225449172
---
Color0: Color(h: 256, s: 100, l: 49)
Color1: Color(h: 279, s: 100, l: 54)
Target Index: 0
Input: marinblau
Naive Prediction Correct: False
Context Prediction Correct: True
Border Change: 7.176097400520565
---
Color0: Color(h: 254, s: 100, l: 36)
Color1: Color(h: 214, s: 100, l: 56)
Target Index: 1
Input: blau
Naive Prediction Correct: True
Context Prediction Correct: False
Border Change: 6.746842688584941
---
Color0: Color(h: 282, s: 100, l: 54)
Color1: Color(h: 258, s: 100, l: 41)
Target Index: 0
Input: lila
Naive Prediction Correct: True
Context Prediction Correct: True
Border Change: 3.3750501281172807
---
Color0: Color(h: 324, s: 100, l: 34)
Color1: Color(h: 342, s: 100, l: 40)
Target Index: 1
Input: bordeaux
Naive Prediction Correct: False
Context Prediction Correct: False
Border Change: 6.945145590500606
---
Color0: Color(h: 31, s: 100, l: 38)
Color1: Color(h: 49, s: 100, l: 51)
Target Index: 1
Input: orange
Naive Prediction Correct: True
Context Prediction Correct: False
Border Change: 4.216512518327087
---
Color0: Color(h: 210, s: 100, l: 44)
Color1: Color(h: 155, s: 100, l: 39)
Target Index: 1
Input: grün
Naive Prediction Correct: False
Context Prediction Correct: False
Border Change: 13.85550153623776
---
Color0: Color(h: 182, s: 100, l: 55)
Color1: Color(h: 142, s: 100, l: 43)
Target Index: 1
Input: grün
Naive Prediction Correct: True
Context Prediction Correct: False
Border Change: 8.527311264751312
---
Color0: Color(h: 328, s: 100, l: 46)
Color1: Color(h: 314, s: 100, l: 41)
Target Index: 0
Input: pink
Naive Prediction Correct: True
Context Prediction Correct: False
Border Change: 3.9207572931740593
---
Color0: Color(h: 176, s: 100, l: 30)
Color1: Color(h: 136, s: 100, l: 32)
Target Index: 1
Input: blattgrün
Naive Prediction Correct: True
Context Prediction Correct: True
Border Change: 4.266204389988345
---
Color0: Color(h: 315, s: 100, l: 38)
Color1: Color(h: 339, s: 100, l: 45)
Target Index: 1
Input: rot
Naive Prediction Correct: True
Context Prediction Correct: True
Border Change: 6.789323279228368
---
Color0: Color(h: 196, s: 100, l: 53)
Color1: Color(h: 251, s: 100, l: 36)
Target Index: 1
Input: marinblau
Naive Prediction Correct: True
Context Prediction Correct: True
Border Change: 3.954089197205148
---
Color0: Color(h: 301, s: 100, l: 42)
Color1: Color(h: 315, s: 100, l: 49)
Target Index: 1
Input: pink
Naive Prediction Correct: True
Context Prediction Correct: True
Border Change: 3.0703321101135197
---
Color0: Color(h: 67, s: 100, l: 44)
Color1: Color(h: 52, s: 100, l: 51)
Target Index: 1
Input: orange
Naive Prediction Correct: True
Context Prediction Correct: True
Border Change: 4.29783030829698
---
Color0: Color(h: 206, s: 100, l: 56)
Color1: Color(h: 152, s: 100, l: 55)
Target Index: 0
Input: blau
Naive Prediction Correct: True
Context Prediction Correct: True
Border Change: 7.503062454960171
---
Color0: Color(h: 49, s: 100, l: 42)
Color1: Color(h: 35, s: 100, l: 52)
Target Index: 1
Input: orange
Naive Prediction Correct: True
Context Prediction Correct: False
Border Change: 3.5271933028107867
---
Color0: Color(h: 65, s: 100, l: 54)
Color1: Color(h: 20, s: 100, l: 38)
Target Index: 0
Input: gelb
Naive Prediction Correct: True
Context Prediction Correct: True
Border Change: 3.7161295013856335
---
Color0: Color(h: 130, s: 100, l: 54)
Color1: Color(h: 69, s: 100, l: 42)
Target Index: 1
Input: olive
Naive Prediction Correct: False
Context Prediction Correct: False
Border Change: 5.165652009371799
---
Color0: Color(h: 190, s: 100, l: 45)
Color1: Color(h: 226, s: 100, l: 44)
Target Index: 0
Input: blau
Naive Prediction Correct: False
Context Prediction Correct: False
Border Change: 12.775795816501175
---
Color0: Color(h: 174, s: 100, l: 49)
Color1: Color(h: 229, s: 100, l: 46)
Target Index: 1
Input: marinblau
Naive Prediction Correct: False
Context Prediction Correct: True
Border Change: 6.225250484885427
---
Color0: Color(h: 105, s: 100, l: 30)
Color1: Color(h: 85, s: 100, l: 55)
Target Index: 0
Input: blattgrün
Naive Prediction Correct: False
Context Prediction Correct: True
Border Change: 14.379229454040173
---
Color0: Color(h: 170, s: 100, l: 33)
Color1: Color(h: 122, s: 100, l: 33)
Target Index: 1
Input: blattgrün
Naive Prediction Correct: False
Context Prediction Correct: False
Border Change: 5.36942712836438
---
Color0: Color(h: 299, s: 100, l: 43)
Color1: Color(h: 275, s: 100, l: 56)
Target Index: 1
Input: lila
Naive Prediction Correct: True
Context Prediction Correct: False
Border Change: 3.54788550428128
---
Color0: Color(h: 104, s: 100, l: 57)
Color1: Color(h: 84, s: 100, l: 60)
Target Index: 1
Input: gelb
Naive Prediction Correct: False
Context Prediction Correct: True
Border Change: 6.854476830394817
---
Color0: Color(h: 44, s: 100, l: 58)
Color1: Color(h: 58, s: 100, l: 50)
Target Index: 1
Input: gelb
Naive Prediction Correct: True
Context Prediction Correct: True
Border Change: 3.6893564622041057
---
Color0: Color(h: 307, s: 100, l: 50)
Color1: Color(h: 352, s: 100, l: 52)
Target Index: 1
Input: rot
Naive Prediction Correct: True
Context Prediction Correct: True
Border Change: 3.9523603233312365
---
Color0: Color(h: 294, s: 100, l: 49)
Color1: Color(h: 271, s: 100, l: 47)
Target Index: 0
Input: lila
Naive Prediction Correct: True
Context Prediction Correct: False
Border Change: 3.667503777293877
---
Color0: Color(h: 91, s: 100, l: 45)
Color1: Color(h: 142, s: 100, l: 33)
Target Index: 1
Input: blattgrün
Naive Prediction Correct: True
Context Prediction Correct: True
Border Change: 3.6932459204535952
---
Color0: Color(h: 56, s: 100, l: 42)
Color1: Color(h: 76, s: 100, l: 44)
Target Index: 1
Input: olive
Naive Prediction Correct: False
Context Prediction Correct: False
Border Change: 5.574475500366049
---
Color0: Color(h: 103, s: 100, l: 60)
Color1: Color(h: 83, s: 100, l: 41)
Target Index: 0
Input: grün
Naive Prediction Correct: True
Context Prediction Correct: False
Border Change: 9.179824984453015
---
Color0: Color(h: 332, s: 100, l: 52)
Color1: Color(h: 356, s: 100, l: 56)
Target Index: 0
Input: pink
Naive Prediction Correct: True
Context Prediction Correct: True
Border Change: 4.106517416153677
---
Color0: Color(h: 278, s: 100, l: 34)
Color1: Color(h: 300, s: 100, l: 32)
Target Index: 0
Input: indigo
Naive Prediction Correct: True
Context Prediction Correct: False
Border Change: 4.6217430934934205
---
Color0: Color(h: 202, s: 100, l: 35)
Color1: Color(h: 163, s: 100, l: 50)
Target Index: 1
Input: türkis
Naive Prediction Correct: True
Context Prediction Correct: False
Border Change: 6.391484500168992
---
Color0: Color(h: 80, s: 100, l: 52)
Color1: Color(h: 100, s: 100, l: 41)
Target Index: 1
Input: grün
Naive Prediction Correct: True
Context Prediction Correct: False
Border Change: 8.81953029340772
---
Color0: Color(h: 30, s: 100, l: 50)
Color1: Color(h: 6, s: 100, l: 51)
Target Index: 1
Input: rot
Naive Prediction Correct: True
Context Prediction Correct: True
Border Change: 3.8160789929759384
---
Color0: Color(h: 126, s: 100, l: 49)
Color1: Color(h: 65, s: 100, l: 57)
Target Index: 1
Input: gelb
Naive Prediction Correct: True
Context Prediction Correct: True
Border Change: 3.163901134151817
---
Color0: Color(h: 244, s: 100, l: 48)
Color1: Color(h: 214, s: 100, l: 50)
Target Index: 0
Input: marinblau
Naive Prediction Correct: False
Context Prediction Correct: True
Border Change: 4.839595654003066
---
Color0: Color(h: 73, s: 100, l: 37)
Color1: Color(h: 55, s: 100, l: 58)
Target Index: 1
Input: orange
Naive Prediction Correct: False
Context Prediction Correct: True
Border Change: 4.597896584707991
---
Color0: Color(h: 190, s: 100, l: 44)
Color1: Color(h: 240, s: 100, l: 54)
Target Index: 1
Input: marinblau
Naive Prediction Correct: False
Context Prediction Correct: True
Border Change: 6.339373027649204
---
Color0: Color(h: 100, s: 100, l: 34)
Color1: Color(h: 84, s: 100, l: 46)
Target Index: 0
Input: blattgrün
Naive Prediction Correct: False
Context Prediction Correct: False
Border Change: 15.96084362470435
---
Color0: Color(h: 35, s: 100, l: 31)
Color1: Color(h: 17, s: 100, l: 39)
Target Index: 0
Input: braun
Naive Prediction Correct: True
Context Prediction Correct: True
Border Change: 4.271568473259742
---
Color0: Color(h: 75, s: 100, l: 43)
Color1: Color(h: 47, s: 100, l: 55)
Target Index: 0
Input: olive
Naive Prediction Correct: False
Context Prediction Correct: True
Border Change: 4.756174017835448
---
Color0: Color(h: 105, s: 100, l: 32)
Color1: Color(h: 77, s: 100, l: 38)
Target Index: 0
Input: blattgrün
Naive Prediction Correct: False
Context Prediction Correct: True
Border Change: 9.888934802924442
---
Color0: Color(h: 62, s: 100, l: 56)
Color1: Color(h: 80, s: 100, l: 43)
Target Index: 1
Input: olive
Naive Prediction Correct: True
Context Prediction Correct: False
Border Change: 4.9389729240599864
---
Color0: Color(h: 304, s: 100, l: 32)
Color1: Color(h: 280, s: 100, l: 32)
Target Index: 1
Input: indigo
Naive Prediction Correct: True
Context Prediction Correct: True
Border Change: 4.044416697787922
---
Color0: Color(h: 64, s: 100, l: 31)
Color1: Color(h: 46, s: 100, l: 31)
Target Index: 1
Input: braun
Naive Prediction Correct: True
Context Prediction Correct: True
Border Change: 4.564257358039033
---
Color0: Color(h: 272, s: 100, l: 58)
Color1: Color(h: 248, s: 100, l: 57)
Target Index: 0
Input: lila
Naive Prediction Correct: True
Context Prediction Correct: True
Border Change: 3.6831629896964095
---
Color0: Color(h: 138, s: 100, l: 58)
Color1: Color(h: 159, s: 100, l: 60)
Target Index: 1
Input: türkis
Naive Prediction Correct: True
Context Prediction Correct: True
Border Change: 7.186334233027033
---
Color0: Color(h: 149, s: 100, l: 58)
Color1: Color(h: 173, s: 100, l: 34)
Target Index: 1
Input: blattgrün
Naive Prediction Correct: False
Context Prediction Correct: False
Border Change: 15.996108776992882
---
Color0: Color(h: 291, s: 100, l: 39)
Color1: Color(h: 236, s: 100, l: 36)
Target Index: 0
Input: indigo
Naive Prediction Correct: False
Context Prediction Correct: False
Border Change: 5.358154250538438
---
Color0: Color(h: 294, s: 100, l: 41)
Color1: Color(h: 271, s: 100, l: 34)
Target Index: 0
Input: lila
Naive Prediction Correct: True
Context Prediction Correct: False
Border Change: 3.8329371222334485
---
