<< Learn Mode: statistical >>
<< Change Limit set to 750 >>
Color0: Color(h: 23, s: 100, l: 33)
Color1: Color(h: 41, s: 100, l: 37)
Target Index: 0
Input: rot
Naive Prediction Correct: False
Context Prediction Correct: False
Border Change: 10.996724949068227
---
Color0: Color(h: 76, s: 100, l: 46)
Color1: Color(h: 94, s: 100, l: 48)
Target Index: 1
Input: blattgrün
Naive Prediction Correct: False
Context Prediction Correct: False
Border Change: 61.28245487235114
---
Color0: Color(h: 40, s: 100, l: 53)
Color1: Color(h: 15, s: 100, l: 56)
Target Index: 0
Input: orange
Naive Prediction Correct: True
Context Prediction Correct: True
Border Change: 5.620789999723054
---
Color0: Color(h: 9, s: 100, l: 35)
Color1: Color(h: 25, s: 100, l: 47)
Target Index: 0
Input: bordeaux
Naive Prediction Correct: False
Context Prediction Correct: True
Border Change: 8.215005004708315
---
Color0: Color(h: 283, s: 100, l: 47)
Color1: Color(h: 253, s: 100, l: 34)
Target Index: 1
Input: marinblau
Naive Prediction Correct: True
Context Prediction Correct: True
Border Change: 7.160990214663911
---
Color0: Color(h: 68, s: 100, l: 32)
Color1: Color(h: 50, s: 100, l: 48)
Target Index: 0
Input: olive
Naive Prediction Correct: False
Context Prediction Correct: True
Border Change: 5.114045201726907
---
Color0: Color(h: 2, s: 100, l: 36)
Color1: Color(h: 27, s: 100, l: 59)
Target Index: 0
Input: bordeaux
Naive Prediction Correct: False
Context Prediction Correct: True
Border Change: 6.360901296736932
---
Color0: Color(h: 162, s: 100, l: 35)
Color1: Color(h: 138, s: 100, l: 33)
Target Index: 0
Input: blattgrün
Naive Prediction Correct: True
Context Prediction Correct: False
Border Change: 7.105523158718249
---
Color0: Color(h: 33, s: 100, l: 48)
Color1: Color(h: 51, s: 100, l: 52)
Target Index: 1
Input: gelb
Naive Prediction Correct: True
Context Prediction Correct: True
Border Change: 6.694017621482517
---
Color0: Color(h: 244, s: 100, l: 49)
Color1: Color(h: 214, s: 100, l: 59)
Target Index: 1
Input: türkis
Naive Prediction Correct: False
Context Prediction Correct: True
Border Change: 17.079869217906285
---
Color0: Color(h: 261, s: 100, l: 48)
Color1: Color(h: 236, s: 100, l: 37)
Target Index: 1
Input: marinblau
Naive Prediction Correct: False
Context Prediction Correct: True
Border Change: 6.573400870497101
---
Color0: Color(h: 291, s: 100, l: 37)
Color1: Color(h: 268, s: 100, l: 33)
Target Index: 1
Input: blau
Naive Prediction Correct: False
Context Prediction Correct: False
Border Change: 18.302179787089436
---
Color0: Color(h: 319, s: 100, l: 53)
Color1: Color(h: 291, s: 100, l: 50)
Target Index: 1
Input: lila
Naive Prediction Correct: True
Context Prediction Correct: True
Border Change: 6.478005283019593
---
Color0: Color(h: 262, s: 100, l: 57)
Color1: Color(h: 41, s: 100, l: 30)
Target Index: 0
Input: blau
Naive Prediction Correct: False
Context Prediction Correct: False
Border Change: 12.242258986545318
---
Color0: Color(h: 33, s: 100, l: 57)
Color1: Color(h: 51, s: 100, l: 58)
Target Index: 1
Input: gelb
Naive Prediction Correct: True
Context Prediction Correct: True
Border Change: 6.442325104205948
---
Color0: Color(h: 270, s: 100, l: 39)
Color1: Color(h: 294, s: 100, l: 51)
Target Index: 1
Input: lila
Naive Prediction Correct: True
Context Prediction Correct: False
Border Change: 6.440517913962314
---
Color0: Color(h: 27, s: 100, l: 30)
Color1: Color(h: 9, s: 100, l: 41)
Target Index: 0
Input: braun
Naive Prediction Correct: True
Context Prediction Correct: True
Border Change: 5.142046213806982
---
Color0: Color(h: 21, s: 100, l: 57)
Color1: Color(h: 355, s: 100, l: 31)
Target Index: 1
Input: bordeaux
Naive Prediction Correct: True
Context Prediction Correct: True
Border Change: 4.679070612013027
---
Color0: Color(h: 346, s: 100, l: 36)
Color1: Color(h: 326, s: 100, l: 47)
Target Index: 0
Input: bordeaux
Naive Prediction Correct: True
Context Prediction Correct: True
Border Change: 5.14691311482128
---
Color0: Color(h: 47, s: 100, l: 57)
Color1: Color(h: 191, s: 100, l: 57)
Target Index: 1
Input: türkis
Naive Prediction Correct: True
Context Prediction Correct: True
Border Change: 6.2175162559173005
---
Color0: Color(h: 27, s: 100, l: 57)
Color1: Color(h: 47, s: 100, l: 59)
Target Index: 1
Input: gelb
Naive Prediction Correct: False
Context Prediction Correct: True
Border Change: 6.936685864006669
---
Color0: Color(h: 291, s: 100, l: 54)
Color1: Color(h: 260, s: 100, l: 53)
Target Index: 0
Input: pink
Naive Prediction Correct: False
Context Prediction Correct: True
Border Change: 11.563104547238932
---
Color0: Color(h: 216, s: 100, l: 36)
Color1: Color(h: 180, s: 100, l: 31)
Target Index: 0
Input: marinblau
Naive Prediction Correct: False
Context Prediction Correct: False
Border Change: 9.5603396814361
---
Color0: Color(h: 47, s: 100, l: 58)
Color1: Color(h: 75, s: 100, l: 57)
Target Index: 1
Input: gelb
Naive Prediction Correct: True
Context Prediction Correct: False
Border Change: 5.686957611463076
---
Color0: Color(h: 18, s: 100, l: 58)
Color1: Color(h: 32, s: 100, l: 41)
Target Index: 0
Input: orange
Naive Prediction Correct: False
Context Prediction Correct: False
Border Change: 7.554541414645744
---
Color0: Color(h: 336, s: 100, l: 54)
Color1: Color(h: 310, s: 100, l: 58)
Target Index: 1
Input: pink
Naive Prediction Correct: True
Context Prediction Correct: False
Border Change: 5.745764022418379
---
Color0: Color(h: 304, s: 100, l: 58)
Color1: Color(h: 160, s: 100, l: 58)
Target Index: 0
Input: pink
Naive Prediction Correct: True
Context Prediction Correct: True
Border Change: 5.870666631611682
---
Color0: Color(h: 73, s: 100, l: 32)
Color1: Color(h: 91, s: 100, l: 49)
Target Index: 1
Input: grün
Naive Prediction Correct: True
Context Prediction Correct: False
Border Change: 12.856833658607489
---
Color0: Color(h: 21, s: 100, l: 53)
Color1: Color(h: 39, s: 100, l: 57)
Target Index: 1
Input: orange
Naive Prediction Correct: True
Context Prediction Correct: False
Border Change: 5.105674261207797
---
Color0: Color(h: 252, s: 100, l: 40)
Color1: Color(h: 226, s: 100, l: 50)
Target Index: 1
Input: türkis
Naive Prediction Correct: False
Context Prediction Correct: True
Border Change: 26.951548947650412
---
Color0: Color(h: 52, s: 100, l: 50)
Color1: Color(h: 70, s: 100, l: 30)
Target Index: 0
Input: gelb
Naive Prediction Correct: True
Context Prediction Correct: False
Border Change: 4.959324833436911
---
Color0: Color(h: 131, s: 100, l: 39)
Color1: Color(h: 107, s: 100, l: 45)
Target Index: 1
Input: blattgrün
Naive Prediction Correct: False
Context Prediction Correct: False
Border Change: 23.635037160458804
---
Color0: Color(h: 276, s: 100, l: 33)
Color1: Color(h: 250, s: 100, l: 50)
Target Index: 1
Input: blau
Naive Prediction Correct: True
Context Prediction Correct: True
Border Change: 7.690182389636656
---
Color0: Color(h: 257, s: 100, l: 34)
Color1: Color(h: 281, s: 100, l: 53)
Target Index: 1
Input: lila
Naive Prediction Correct: True
Context Prediction Correct: True
Border Change: 5.190307237311867
---
Color0: Color(h: 226, s: 100, l: 38)
Color1: Color(h: 252, s: 100, l: 32)
Target Index: 1
Input: marinblau
Naive Prediction Correct: True
Context Prediction Correct: False
Border Change: 5.722493331466157
---
Color0: Color(h: 259, s: 100, l: 55)
Color1: Color(h: 229, s: 100, l: 31)
Target Index: 1
Input: marinblau
Naive Prediction Correct: True
Context Prediction Correct: True
Border Change: 5.0336558725458485
---
Color0: Color(h: 12, s: 100, l: 45)
Color1: Color(h: 36, s: 100, l: 38)
Target Index: 1
Input: braun
Naive Prediction Correct: False
Context Prediction Correct: False
Border Change: 5.914180959543105
---
Color0: Color(h: 280, s: 100, l: 49)
Color1: Color(h: 304, s: 100, l: 55)
Target Index: 1
Input: pink
Naive Prediction Correct: True
Context Prediction Correct: True
Border Change: 5.294664047160371
---
Color0: Color(h: 279, s: 100, l: 31)
Color1: Color(h: 303, s: 100, l: 39)
Target Index: 0
Input: indigo
Naive Prediction Correct: True
Context Prediction Correct: True
Border Change: 5.343422038605988
---
Color0: Color(h: 183, s: 100, l: 50)
Color1: Color(h: 135, s: 100, l: 38)
Target Index: 0
Input: türkis
Naive Prediction Correct: True
Context Prediction Correct: True
Border Change: 5.236096112477853
---
Color0: Color(h: 348, s: 100, l: 44)
Color1: Color(h: 14, s: 100, l: 59)
Target Index: 0
Input: rot
Naive Prediction Correct: True
Context Prediction Correct: False
Border Change: 6.671210450942632
---
Color0: Color(h: 252, s: 100, l: 42)
Color1: Color(h: 276, s: 100, l: 42)
Target Index: 1
Input: lila
Naive Prediction Correct: True
Context Prediction Correct: True
Border Change: 5.275211551658081
---
Color0: Color(h: 53, s: 100, l: 36)
Color1: Color(h: 38, s: 100, l: 34)
Target Index: 1
Input: braun
Naive Prediction Correct: True
Context Prediction Correct: True
Border Change: 4.67111762713495
---
Color0: Color(h: 50, s: 100, l: 52)
Color1: Color(h: 32, s: 100, l: 54)
Target Index: 0
Input: gelb
Naive Prediction Correct: True
Context Prediction Correct: True
Border Change: 4.894178749267294
---
Color0: Color(h: 144, s: 100, l: 55)
Color1: Color(h: 96, s: 100, l: 30)
Target Index: 0
Input: grün
Naive Prediction Correct: True
Context Prediction Correct: False
Border Change: 11.603018582456393
---
Color0: Color(h: 270, s: 100, l: 47)
Color1: Color(h: 298, s: 100, l: 34)
Target Index: 0
Input: blau
Naive Prediction Correct: False
Context Prediction Correct: True
Border Change: 13.907315377976197
---
Color0: Color(h: 45, s: 100, l: 33)
Color1: Color(h: 23, s: 100, l: 34)
Target Index: 0
Input: olive
Naive Prediction Correct: False
Context Prediction Correct: False
Border Change: 8.162315699699205
---
Color0: Color(h: 85, s: 100, l: 59)
Color1: Color(h: 133, s: 100, l: 43)
Target Index: 0
Input: blattgrün
Naive Prediction Correct: False
Context Prediction Correct: False
Border Change: 63.65064943553396
---
Color0: Color(h: 11, s: 100, l: 46)
Color1: Color(h: 27, s: 100, l: 40)
Target Index: 0
Input: rot
Naive Prediction Correct: True
Context Prediction Correct: True
Border Change: 5.819496049201578
---
Color0: Color(h: 56, s: 100, l: 51)
Color1: Color(h: 38, s: 100, l: 36)
Target Index: 0
Input: gelb
Naive Prediction Correct: True
Context Prediction Correct: True
Border Change: 3.901278823455954
---
Color0: Color(h: 269, s: 100, l: 59)
Color1: Color(h: 245, s: 100, l: 48)
Target Index: 1
Input: blau
Naive Prediction Correct: True
Context Prediction Correct: True
Border Change: 6.11279806651536
---
Color0: Color(h: 272, s: 100, l: 40)
Color1: Color(h: 51, s: 100, l: 57)
Target Index: 0
Input: blau
Naive Prediction Correct: False
Context Prediction Correct: False
Border Change: 13.418284548896755
---
Color0: Color(h: 44, s: 100, l: 33)
Color1: Color(h: 29, s: 100, l: 51)
Target Index: 0
Input: braun
Naive Prediction Correct: True
Context Prediction Correct: False
Border Change: 4.602286129616935
---
Color0: Color(h: 25, s: 100, l: 46)
Color1: Color(h: 43, s: 100, l: 54)
Target Index: 0
Input: orange
Naive Prediction Correct: True
Context Prediction Correct: False
Border Change: 5.111490657827106
---
Color0: Color(h: 343, s: 100, l: 58)
Color1: Color(h: 9, s: 100, l: 53)
Target Index: 1
Input: orange
Naive Prediction Correct: False
Context Prediction Correct: True
Border Change: 10.582954629192349
---
Color0: Color(h: 50, s: 100, l: 45)
Color1: Color(h: 32, s: 100, l: 52)
Target Index: 0
Input: gelb
Naive Prediction Correct: True
Context Prediction Correct: True
Border Change: 4.4181465762161105
---
Color0: Color(h: 296, s: 100, l: 60)
Color1: Color(h: 320, s: 100, l: 45)
Target Index: 0
Input: pink
Naive Prediction Correct: False
Context Prediction Correct: False
Border Change: 6.785058476023268
---
Color0: Color(h: 184, s: 100, l: 56)
Color1: Color(h: 324, s: 100, l: 30)
Target Index: 0
Input: türkis
Naive Prediction Correct: True
Context Prediction Correct: True
Border Change: 4.986518322871882
---
Color0: Color(h: 26, s: 100, l: 56)
Color1: Color(h: 47, s: 100, l: 37)
Target Index: 1
Input: braun
Naive Prediction Correct: False
Context Prediction Correct: False
Border Change: 5.243824231221751
---
Color0: Color(h: 358, s: 100, l: 46)
Color1: Color(h: 332, s: 100, l: 60)
Target Index: 0
Input: rot
Naive Prediction Correct: True
Context Prediction Correct: True
Border Change: 4.98861111436499
---
Color0: Color(h: 23, s: 100, l: 33)
Color1: Color(h: 41, s: 100, l: 37)
Target Index: 0
Input: rot
Naive Prediction Correct: False
Context Prediction Correct: True
Border Change: 9.169910814836426
---
Color0: Color(h: 76, s: 100, l: 46)
Color1: Color(h: 94, s: 100, l: 48)
Target Index: 1
Input: blattgrün
Naive Prediction Correct: False
Context Prediction Correct: False
Border Change: 27.69227741124099
---
Color0: Color(h: 40, s: 100, l: 53)
Color1: Color(h: 15, s: 100, l: 56)
Target Index: 0
Input: orange
Naive Prediction Correct: True
Context Prediction Correct: False
Border Change: 4.348106844957442
---
Color0: Color(h: 9, s: 100, l: 35)
Color1: Color(h: 25, s: 100, l: 47)
Target Index: 0
Input: bordeaux
Naive Prediction Correct: False
Context Prediction Correct: True
Border Change: 6.275875830307875
---
Color0: Color(h: 283, s: 100, l: 47)
Color1: Color(h: 253, s: 100, l: 34)
Target Index: 1
Input: marinblau
Naive Prediction Correct: False
Context Prediction Correct: True
Border Change: 5.454439748534339
---
Color0: Color(h: 68, s: 100, l: 32)
Color1: Color(h: 50, s: 100, l: 48)
Target Index: 0
Input: olive
Naive Prediction Correct: True
Context Prediction Correct: True
Border Change: 4.490842298945654
---
Color0: Color(h: 2, s: 100, l: 36)
Color1: Color(h: 27, s: 100, l: 59)
Target Index: 0
Input: bordeaux
Naive Prediction Correct: False
Context Prediction Correct: True
Border Change: 4.7043687709234545
---
Color0: Color(h: 162, s: 100, l: 35)
Color1: Color(h: 138, s: 100, l: 33)
Target Index: 0
Input: blattgrün
Naive Prediction Correct: True
Context Prediction Correct: False
Border Change: 8.238007464655933
---
Color0: Color(h: 33, s: 100, l: 48)
Color1: Color(h: 51, s: 100, l: 52)
Target Index: 1
Input: gelb
Naive Prediction Correct: True
Context Prediction Correct: True
Border Change: 3.7807193025455152
---
Color0: Color(h: 244, s: 100, l: 49)
Color1: Color(h: 214, s: 100, l: 59)
Target Index: 1
Input: türkis
Naive Prediction Correct: False
Context Prediction Correct: True
Border Change: 11.238812667605172
---
Color0: Color(h: 261, s: 100, l: 48)
Color1: Color(h: 236, s: 100, l: 37)
Target Index: 1
Input: marinblau
Naive Prediction Correct: False
Context Prediction Correct: True
Border Change: 4.628574147288106
---
Color0: Color(h: 291, s: 100, l: 37)
Color1: Color(h: 268, s: 100, l: 33)
Target Index: 1
Input: blau
Naive Prediction Correct: False
Context Prediction Correct: False
Border Change: 11.114563782263579
---
Color0: Color(h: 319, s: 100, l: 53)
Color1: Color(h: 291, s: 100, l: 50)
Target Index: 1
Input: lila
Naive Prediction Correct: True
Context Prediction Correct: True
Border Change: 4.9904898221105105
---
Color0: Color(h: 262, s: 100, l: 57)
Color1: Color(h: 41, s: 100, l: 30)
Target Index: 0
Input: blau
Naive Prediction Correct: True
Context Prediction Correct: True
Border Change: 7.604677101105997
---
Color0: Color(h: 33, s: 100, l: 57)
Color1: Color(h: 51, s: 100, l: 58)
Target Index: 1
Input: gelb
Naive Prediction Correct: True
Context Prediction Correct: True
Border Change: 3.7253792161103334
---
Color0: Color(h: 270, s: 100, l: 39)
Color1: Color(h: 294, s: 100, l: 51)
Target Index: 1
Input: lila
Naive Prediction Correct: True
Context Prediction Correct: False
Border Change: 5.024719137116646
---
Color0: Color(h: 27, s: 100, l: 30)
Color1: Color(h: 9, s: 100, l: 41)
Target Index: 0
Input: braun
Naive Prediction Correct: True
Context Prediction Correct: True
Border Change: 3.8163646428873568
---
Color0: Color(h: 21, s: 100, l: 57)
Color1: Color(h: 355, s: 100, l: 31)
Target Index: 1
Input: bordeaux
Naive Prediction Correct: True
Context Prediction Correct: True
Border Change: 3.5183562930830394
---
Color0: Color(h: 346, s: 100, l: 36)
Color1: Color(h: 326, s: 100, l: 47)
Target Index: 0
Input: bordeaux
Naive Prediction Correct: True
Context Prediction Correct: True
Border Change: 3.99785496218896
---
Color0: Color(h: 47, s: 100, l: 57)
Color1: Color(h: 191, s: 100, l: 57)
Target Index: 1
Input: türkis
Naive Prediction Correct: True
Context Prediction Correct: True
Border Change: 4.564062277325468
---
Color0: Color(h: 27, s: 100, l: 57)
Color1: Color(h: 47, s: 100, l: 59)
Target Index: 1
Input: gelb
Naive Prediction Correct: True
Context Prediction Correct: True
Border Change: 4.082305515100265
---
Color0: Color(h: 291, s: 100, l: 54)
Color1: Color(h: 260, s: 100, l: 53)
Target Index: 0
Input: pink
Naive Prediction Correct: False
Context Prediction Correct: True
Border Change: 7.665276367562391
---
Color0: Color(h: 216, s: 100, l: 36)
Color1: Color(h: 180, s: 100, l: 31)
Target Index: 0
Input: marinblau
Naive Prediction Correct: False
Context Prediction Correct: True
Border Change: 7.851140358198962
---
Color0: Color(h: 47, s: 100, l: 58)
Color1: Color(h: 75, s: 100, l: 57)
Target Index: 1
Input: gelb
Naive Prediction Correct: False
Context Prediction Correct: False
Border Change: 4.970454167443945
---
Color0: Color(h: 18, s: 100, l: 58)
Color1: Color(h: 32, s: 100, l: 41)
Target Index: 0
Input: orange
Naive Prediction Correct: False
Context Prediction Correct: False
Border Change: 5.416411771176066
---
Color0: Color(h: 336, s: 100, l: 54)
Color1: Color(h: 310, s: 100, l: 58)
Target Index: 1
Input: pink
Naive Prediction Correct: True
Context Prediction Correct: True
Border Change: 4.09901796119178
---
Color0: Color(h: 304, s: 100, l: 58)
Color1: Color(h: 160, s: 100, l: 58)
Target Index: 0
Input: pink
Naive Prediction Correct: True
Context Prediction Correct: True
Border Change: 4.050971146587706
---
Color0: Color(h: 73, s: 100, l: 32)
Color1: Color(h: 91, s: 100, l: 49)
Target Index: 1
Input: grün
Naive Prediction Correct: True
Context Prediction Correct: False
Border Change: 11.969104077910773
---
Color0: Color(h: 21, s: 100, l: 53)
Color1: Color(h: 39, s: 100, l: 57)
Target Index: 1
Input: orange
Naive Prediction Correct: True
Context Prediction Correct: False
Border Change: 3.9517906174928905
---
Color0: Color(h: 252, s: 100, l: 40)
Color1: Color(h: 226, s: 100, l: 50)
Target Index: 1
Input: türkis
Naive Prediction Correct: False
Context Prediction Correct: True
Border Change: 19.25043067880458
---
Color0: Color(h: 52, s: 100, l: 50)
Color1: Color(h: 70, s: 100, l: 30)
Target Index: 0
Input: gelb
Naive Prediction Correct: True
Context Prediction Correct: False
Border Change: 2.9118978959179023
---
Color0: Color(h: 131, s: 100, l: 39)
Color1: Color(h: 107, s: 100, l: 45)
Target Index: 1
Input: blattgrün
Naive Prediction Correct: False
Context Prediction Correct: False
Border Change: 13.611434274891307
---
Color0: Color(h: 276, s: 100, l: 33)
Color1: Color(h: 250, s: 100, l: 50)
Target Index: 1
Input: blau
Naive Prediction Correct: True
Context Prediction Correct: True
Border Change: 5.026964138175656
---
Color0: Color(h: 257, s: 100, l: 34)
Color1: Color(h: 281, s: 100, l: 53)
Target Index: 1
Input: lila
Naive Prediction Correct: True
Context Prediction Correct: True
Border Change: 4.0138894966063114
---
Color0: Color(h: 226, s: 100, l: 38)
Color1: Color(h: 252, s: 100, l: 32)
Target Index: 1
Input: marinblau
Naive Prediction Correct: True
Context Prediction Correct: False
Border Change: 4.518552248445703
---
Color0: Color(h: 259, s: 100, l: 55)
Color1: Color(h: 229, s: 100, l: 31)
Target Index: 1
Input: marinblau
Naive Prediction Correct: True
Context Prediction Correct: True
Border Change: 3.7588958569061077
---
Color0: Color(h: 12, s: 100, l: 45)
Color1: Color(h: 36, s: 100, l: 38)
Target Index: 1
Input: braun
Naive Prediction Correct: False
Context Prediction Correct: True
Border Change: 4.03022817759542
---
Color0: Color(h: 280, s: 100, l: 49)
Color1: Color(h: 304, s: 100, l: 55)
Target Index: 1
Input: pink
Naive Prediction Correct: True
Context Prediction Correct: True
Border Change: 3.668979393454317
---
Color0: Color(h: 279, s: 100, l: 31)
Color1: Color(h: 303, s: 100, l: 39)
Target Index: 0
Input: indigo
Naive Prediction Correct: True
Context Prediction Correct: True
Border Change: 4.959772532258105
---
Color0: Color(h: 183, s: 100, l: 50)
Color1: Color(h: 135, s: 100, l: 38)
Target Index: 0
Input: türkis
Naive Prediction Correct: True
Context Prediction Correct: True
Border Change: 4.2511093659108985
---
Color0: Color(h: 348, s: 100, l: 44)
Color1: Color(h: 14, s: 100, l: 59)
Target Index: 0
Input: rot
Naive Prediction Correct: True
Context Prediction Correct: False
Border Change: 5.614117802107151
---
Color0: Color(h: 252, s: 100, l: 42)
Color1: Color(h: 276, s: 100, l: 42)
Target Index: 1
Input: lila
Naive Prediction Correct: True
Context Prediction Correct: True
Border Change: 4.207065545971035
---
Color0: Color(h: 53, s: 100, l: 36)
Color1: Color(h: 38, s: 100, l: 34)
Target Index: 1
Input: braun
Naive Prediction Correct: True
Context Prediction Correct: True
Border Change: 3.2164430987023174
---
Color0: Color(h: 50, s: 100, l: 52)
Color1: Color(h: 32, s: 100, l: 54)
Target Index: 0
Input: gelb
Naive Prediction Correct: True
Context Prediction Correct: True
Border Change: 2.8739881090755706
---
Color0: Color(h: 144, s: 100, l: 55)
Color1: Color(h: 96, s: 100, l: 30)
Target Index: 0
Input: grün
Naive Prediction Correct: True
Context Prediction Correct: False
Border Change: 10.847349529324566
---
Color0: Color(h: 270, s: 100, l: 47)
Color1: Color(h: 298, s: 100, l: 34)
Target Index: 0
Input: blau
Naive Prediction Correct: False
Context Prediction Correct: True
Border Change: 8.579006217335722
---
Color0: Color(h: 45, s: 100, l: 33)
Color1: Color(h: 23, s: 100, l: 34)
Target Index: 0
Input: olive
Naive Prediction Correct: False
Context Prediction Correct: True
Border Change: 7.085542153659637
---
Color0: Color(h: 85, s: 100, l: 59)
Color1: Color(h: 133, s: 100, l: 43)
Target Index: 0
Input: blattgrün
Naive Prediction Correct: False
Context Prediction Correct: False
Border Change: 37.60122030492818
---
Color0: Color(h: 11, s: 100, l: 46)
Color1: Color(h: 27, s: 100, l: 40)
Target Index: 0
Input: rot
Naive Prediction Correct: True
Context Prediction Correct: True
Border Change: 4.5751646491617235
---
Color0: Color(h: 56, s: 100, l: 51)
Color1: Color(h: 38, s: 100, l: 36)
Target Index: 0
Input: gelb
Naive Prediction Correct: True
Context Prediction Correct: True
Border Change: 2.31714857416333
---
Color0: Color(h: 269, s: 100, l: 59)
Color1: Color(h: 245, s: 100, l: 48)
Target Index: 1
Input: blau
Naive Prediction Correct: True
Context Prediction Correct: False
Border Change: 4.291571130725746
---
Color0: Color(h: 272, s: 100, l: 40)
Color1: Color(h: 51, s: 100, l: 57)
Target Index: 0
Input: blau
Naive Prediction Correct: False
Context Prediction Correct: False
Border Change: 8.645694622262528
---
Color0: Color(h: 44, s: 100, l: 33)
Color1: Color(h: 29, s: 100, l: 51)
Target Index: 0
Input: braun
Naive Prediction Correct: True
Context Prediction Correct: False
Border Change: 3.253431800470216
---
Color0: Color(h: 25, s: 100, l: 46)
Color1: Color(h: 43, s: 100, l: 54)
Target Index: 0
Input: orange
Naive Prediction Correct: True
Context Prediction Correct: False
Border Change: 3.7591264141242844
---
Color0: Color(h: 343, s: 100, l: 58)
Color1: Color(h: 9, s: 100, l: 53)
Target Index: 1
Input: orange
Naive Prediction Correct: False
Context Prediction Correct: True
Border Change: 8.103644899984769
---
Color0: Color(h: 50, s: 100, l: 45)
Color1: Color(h: 32, s: 100, l: 52)
Target Index: 0
Input: gelb
Naive Prediction Correct: True
Context Prediction Correct: True
Border Change: 2.744640431137343
---
Color0: Color(h: 296, s: 100, l: 60)
Color1: Color(h: 320, s: 100, l: 45)
Target Index: 0
Input: pink
Naive Prediction Correct: True
Context Prediction Correct: False
Border Change: 4.660154742581859
---
Color0: Color(h: 184, s: 100, l: 56)
Color1: Color(h: 324, s: 100, l: 30)
Target Index: 0
Input: türkis
Naive Prediction Correct: True
Context Prediction Correct: True
Border Change: 3.969744912803103
---
Color0: Color(h: 26, s: 100, l: 56)
Color1: Color(h: 47, s: 100, l: 37)
Target Index: 1
Input: braun
Naive Prediction Correct: True
Context Prediction Correct: False
Border Change: 3.7783682218256307
---
Color0: Color(h: 358, s: 100, l: 46)
Color1: Color(h: 332, s: 100, l: 60)
Target Index: 0
Input: rot
Naive Prediction Correct: True
Context Prediction Correct: True
Border Change: 3.9460378450046854
---
