<< Learn Mode: statistical >>
<< Change Limit set to 750 >>
Color0: Color(h: 306, s: 100, l: 42)
Color1: Color(h: 281, s: 100, l: 57)
Target Index: 0
Input: pink
Naive Prediction Correct: True
Context Prediction Correct: True
Border Change: 6.551326886460764
---
Color0: Color(h: 151, s: 100, l: 55)
Color1: Color(h: 127, s: 100, l: 56)
Target Index: 0
Input: türkis
Naive Prediction Correct: False
Context Prediction Correct: True
Border Change: 12.826353025345009
---
Color0: Color(h: 78, s: 100, l: 31)
Color1: Color(h: 60, s: 100, l: 43)
Target Index: 1
Input: gelb
Naive Prediction Correct: True
Context Prediction Correct: False
Border Change: 5.8071576724755545
---
Color0: Color(h: 39, s: 100, l: 48)
Color1: Color(h: 15, s: 100, l: 36)
Target Index: 0
Input: gelb
Naive Prediction Correct: False
Context Prediction Correct: False
Border Change: 11.784515469266102
---
Color0: Color(h: 48, s: 100, l: 52)
Color1: Color(h: 29, s: 100, l: 49)
Target Index: 1
Input: orange
Naive Prediction Correct: True
Context Prediction Correct: False
Border Change: 5.640032089340137
---
Color0: Color(h: 47, s: 100, l: 35)
Color1: Color(h: 66, s: 100, l: 44)
Target Index: 0
Input: braun
Naive Prediction Correct: False
Context Prediction Correct: True
Border Change: 6.425303842989386
---
Color0: Color(h: 4, s: 100, l: 50)
Color1: Color(h: 23, s: 100, l: 47)
Target Index: 0
Input: rot
Naive Prediction Correct: True
Context Prediction Correct: True
Border Change: 5.937335459525842
---
Color0: Color(h: 208, s: 100, l: 45)
Color1: Color(h: 184, s: 100, l: 33)
Target Index: 1
Input: türkis
Naive Prediction Correct: True
Context Prediction Correct: False
Border Change: 7.343433363641669
---
Color0: Color(h: 298, s: 100, l: 43)
Color1: Color(h: 323, s: 100, l: 38)
Target Index: 1
Input: pink
Naive Prediction Correct: True
Context Prediction Correct: False
Border Change: 6.118388291826539
---
Color0: Color(h: 163, s: 100, l: 50)
Color1: Color(h: 172, s: 100, l: 53)
Target Index: 1
Input: blau
Naive Prediction Correct: False
Context Prediction Correct: False
Border Change: 38.79551007875001
---
Color0: Color(h: 21, s: 100, l: 41)
Color1: Color(h: 3, s: 100, l: 49)
Target Index: 1
Input: rot
Naive Prediction Correct: True
Context Prediction Correct: True
Border Change: 5.513765897522106
---
Color0: Color(h: 252, s: 100, l: 43)
Color1: Color(h: 286, s: 100, l: 47)
Target Index: 0
Input: blau
Naive Prediction Correct: True
Context Prediction Correct: True
Border Change: 10.703868564226353
---
Color0: Color(h: 130, s: 100, l: 53)
Color1: Color(h: 121, s: 100, l: 40)
Target Index: 1
Input: olive
Naive Prediction Correct: False
Context Prediction Correct: False
Border Change: 80.38033716964807
---
Color0: Color(h: 278, s: 100, l: 43)
Color1: Color(h: 312, s: 100, l: 43)
Target Index: 1
Input: pink
Naive Prediction Correct: True
Context Prediction Correct: True
Border Change: 5.189870490409356
---
Color0: Color(h: 238, s: 100, l: 35)
Color1: Color(h: 262, s: 100, l: 51)
Target Index: 0
Input: marinblau
Naive Prediction Correct: False
Context Prediction Correct: True
Border Change: 6.533549848926689
---
Color0: Color(h: 270, s: 100, l: 56)
Color1: Color(h: 300, s: 100, l: 31)
Target Index: 1
Input: pink
Naive Prediction Correct: False
Context Prediction Correct: True
Border Change: 8.002136058882389
---
Color0: Color(h: 59, s: 100, l: 30)
Color1: Color(h: 39, s: 100, l: 48)
Target Index: 1
Input: orange
Naive Prediction Correct: True
Context Prediction Correct: True
Border Change: 5.210539048668338
---
Color0: Color(h: 327, s: 100, l: 57)
Color1: Color(h: 351, s: 100, l: 44)
Target Index: 1
Input: rot
Naive Prediction Correct: True
Context Prediction Correct: True
Border Change: 5.720257996685531
---
Color0: Color(h: 286, s: 100, l: 39)
Color1: Color(h: 261, s: 100, l: 33)
Target Index: 1
Input: blau
Naive Prediction Correct: False
Context Prediction Correct: False
Border Change: 14.480413442511743
---
Color0: Color(h: 227, s: 100, l: 39)
Color1: Color(h: 200, s: 100, l: 49)
Target Index: 1
Input: türkis
Naive Prediction Correct: False
Context Prediction Correct: True
Border Change: 8.304835772431206
---
Color0: Color(h: 223, s: 100, l: 33)
Color1: Color(h: 240, s: 100, l: 46)
Target Index: 1
Input: türkis
Naive Prediction Correct: False
Context Prediction Correct: False
Border Change: 67.10583158706585
---
Color0: Color(h: 343, s: 100, l: 47)
Color1: Color(h: 319, s: 100, l: 31)
Target Index: 1
Input: lila
Naive Prediction Correct: False
Context Prediction Correct: False
Border Change: 24.111781805281435
---
Color0: Color(h: 19, s: 100, l: 42)
Color1: Color(h: 355, s: 100, l: 34)
Target Index: 0
Input: orange
Naive Prediction Correct: False
Context Prediction Correct: True
Border Change: 6.8067974868027665
---
Color0: Color(h: 269, s: 100, l: 32)
Color1: Color(h: 244, s: 100, l: 50)
Target Index: 1
Input: türkis
Naive Prediction Correct: False
Context Prediction Correct: False
Border Change: 53.42133443038047
---
Color0: Color(h: 68, s: 100, l: 33)
Color1: Color(h: 86, s: 100, l: 54)
Target Index: 0
Input: olive
Naive Prediction Correct: True
Context Prediction Correct: True
Border Change: 5.245071075031013
---
Color0: Color(h: 79, s: 100, l: 33)
Color1: Color(h: 61, s: 100, l: 47)
Target Index: 0
Input: grün
Naive Prediction Correct: False
Context Prediction Correct: False
Border Change: 19.412685150869763
---
Color0: Color(h: 347, s: 100, l: 39)
Color1: Color(h: 11, s: 100, l: 34)
Target Index: 1
Input: braun
Naive Prediction Correct: False
Context Prediction Correct: False
Border Change: 10.900175483457913
---
Color0: Color(h: 344, s: 100, l: 42)
Color1: Color(h: 324, s: 100, l: 46)
Target Index: 0
Input: rot
Naive Prediction Correct: True
Context Prediction Correct: True
Border Change: 6.536115241403785
---
Color0: Color(h: 144, s: 100, l: 47)
Color1: Color(h: 120, s: 100, l: 50)
Target Index: 1
Input: blattgrün
Naive Prediction Correct: False
Context Prediction Correct: False
Border Change: 20.372081965657983
---
Color0: Color(h: 39, s: 100, l: 38)
Color1: Color(h: 57, s: 100, l: 30)
Target Index: 1
Input: olive
Naive Prediction Correct: True
Context Prediction Correct: True
Border Change: 5.200580710395997
---
Color0: Color(h: 320, s: 100, l: 30)
Color1: Color(h: 286, s: 100, l: 34)
Target Index: 0
Input: bordeaux
Naive Prediction Correct: False
Context Prediction Correct: False
Border Change: 12.759396282202166
---
Color0: Color(h: 352, s: 100, l: 45)
Color1: Color(h: 16, s: 100, l: 37)
Target Index: 0
Input: rot
Naive Prediction Correct: True
Context Prediction Correct: False
Border Change: 4.807556841757732
---
Color0: Color(h: 74, s: 100, l: 54)
Color1: Color(h: 56, s: 100, l: 49)
Target Index: 0
Input: blattgrün
Naive Prediction Correct: False
Context Prediction Correct: True
Border Change: 128.49226575901673
---
Color0: Color(h: 120, s: 100, l: 32)
Color1: Color(h: 128, s: 100, l: 48)
Target Index: 1
Input: blattgrün
Naive Prediction Correct: False
Context Prediction Correct: False
Border Change: 10.634726232668482
---
Color0: Color(h: 245, s: 100, l: 46)
Color1: Color(h: 229, s: 100, l: 31)
Target Index: 0
Input: blau
Naive Prediction Correct: True
Context Prediction Correct: False
Border Change: 7.467237343243455
---
Color0: Color(h: 297, s: 100, l: 57)
Color1: Color(h: 329, s: 100, l: 49)
Target Index: 1
Input: rot
Naive Prediction Correct: False
Context Prediction Correct: True
Border Change: 12.325524992057629
---
Color0: Color(h: 36, s: 100, l: 30)
Color1: Color(h: 54, s: 100, l: 39)
Target Index: 1
Input: gelb
Naive Prediction Correct: True
Context Prediction Correct: True
Border Change: 5.806103156741141
---
Color0: Color(h: 157, s: 100, l: 53)
Color1: Color(h: 177, s: 100, l: 58)
Target Index: 1
Input: blau
Naive Prediction Correct: False
Context Prediction Correct: False
Border Change: 31.599306471781457
---
Color0: Color(h: 234, s: 100, l: 38)
Color1: Color(h: 211, s: 100, l: 49)
Target Index: 1
Input: türkis
Naive Prediction Correct: False
Context Prediction Correct: True
Border Change: 8.669387180920706
---
Color0: Color(h: 347, s: 100, l: 42)
Color1: Color(h: 323, s: 100, l: 51)
Target Index: 1
Input: pink
Naive Prediction Correct: True
Context Prediction Correct: True
Border Change: 4.7494018140745435
---
Color0: Color(h: 140, s: 100, l: 47)
Color1: Color(h: 132, s: 100, l: 53)
Target Index: 0
Input: olive
Naive Prediction Correct: False
Context Prediction Correct: False
Border Change: 129.14110870510729
---
Color0: Color(h: 94, s: 100, l: 35)
Color1: Color(h: 76, s: 100, l: 59)
Target Index: 1
Input: gelb
Naive Prediction Correct: True
Context Prediction Correct: True
Border Change: 6.198114326916585
---
Color0: Color(h: 342, s: 100, l: 41)
Color1: Color(h: 5, s: 100, l: 37)
Target Index: 0
Input: pink
Naive Prediction Correct: False
Context Prediction Correct: True
Border Change: 10.996963612515344
---
Color0: Color(h: 258, s: 100, l: 36)
Color1: Color(h: 291, s: 100, l: 59)
Target Index: 1
Input: lila
Naive Prediction Correct: True
Context Prediction Correct: False
Border Change: 6.598306451116749
---
Color0: Color(h: 290, s: 100, l: 37)
Color1: Color(h: 314, s: 100, l: 41)
Target Index: 0
Input: lila
Naive Prediction Correct: True
Context Prediction Correct: True
Border Change: 6.375545159508752
---
Color0: Color(h: 359, s: 100, l: 41)
Color1: Color(h: 23, s: 100, l: 32)
Target Index: 0
Input: rot
Naive Prediction Correct: True
Context Prediction Correct: True
Border Change: 4.379549884567595
---
Color0: Color(h: 319, s: 100, l: 57)
Color1: Color(h: 341, s: 100, l: 50)
Target Index: 0
Input: lila
Naive Prediction Correct: False
Context Prediction Correct: False
Border Change: 17.46859642899702
---
Color0: Color(h: 63, s: 100, l: 56)
Color1: Color(h: 45, s: 100, l: 47)
Target Index: 0
Input: gelb
Naive Prediction Correct: True
Context Prediction Correct: True
Border Change: 4.504103835757979
---
Color0: Color(h: 3, s: 100, l: 57)
Color1: Color(h: 27, s: 100, l: 54)
Target Index: 0
Input: rot
Naive Prediction Correct: True
Context Prediction Correct: True
Border Change: 4.363338743476465
---
Color0: Color(h: 199, s: 100, l: 58)
Color1: Color(h: 229, s: 100, l: 58)
Target Index: 0
Input: türkis
Naive Prediction Correct: True
Context Prediction Correct: True
Border Change: 6.005955115906996
---
Color0: Color(h: 234, s: 100, l: 56)
Color1: Color(h: 262, s: 100, l: 55)
Target Index: 0
Input: marinblau
Naive Prediction Correct: False
Context Prediction Correct: False
Border Change: 18.154349221259814
---
Color0: Color(h: 347, s: 100, l: 47)
Color1: Color(h: 323, s: 100, l: 31)
Target Index: 1
Input: lila
Naive Prediction Correct: False
Context Prediction Correct: False
Border Change: 19.753648165707602
---
Color0: Color(h: 352, s: 100, l: 54)
Color1: Color(h: 16, s: 100, l: 45)
Target Index: 1
Input: orange
Naive Prediction Correct: False
Context Prediction Correct: True
Border Change: 6.969025804828388
---
Color0: Color(h: 350, s: 100, l: 45)
Color1: Color(h: 326, s: 100, l: 39)
Target Index: 1
Input: lila
Naive Prediction Correct: False
Context Prediction Correct: False
Border Change: 18.083321607319736
---
Color0: Color(h: 3, s: 100, l: 45)
Color1: Color(h: 23, s: 100, l: 42)
Target Index: 1
Input: orange
Naive Prediction Correct: True
Context Prediction Correct: True
Border Change: 4.975835813766586
---
Color0: Color(h: 160, s: 100, l: 54)
Color1: Color(h: 167, s: 100, l: 58)
Target Index: 1
Input: blau
Naive Prediction Correct: False
Context Prediction Correct: False
Border Change: 39.044448004687496
---
Color0: Color(h: 258, s: 100, l: 55)
Color1: Color(h: 291, s: 100, l: 41)
Target Index: 0
Input: blau
Naive Prediction Correct: True
Context Prediction Correct: True
Border Change: 12.523509803772217
---
Color0: Color(h: 279, s: 100, l: 40)
Color1: Color(h: 246, s: 100, l: 36)
Target Index: 1
Input: marinblau
Naive Prediction Correct: True
Context Prediction Correct: True
Border Change: 5.816261356518085
---
Color0: Color(h: 109, s: 100, l: 56)
Color1: Color(h: 157, s: 100, l: 33)
Target Index: 1
Input: olive
Naive Prediction Correct: False
Context Prediction Correct: False
Border Change: 136.51005477507974
---
Color0: Color(h: 35, s: 100, l: 48)
Color1: Color(h: 56, s: 100, l: 32)
Target Index: 1
Input: olive
Naive Prediction Correct: True
Context Prediction Correct: False
Border Change: 7.4459299957809115
---
Color0: Color(h: 306, s: 100, l: 42)
Color1: Color(h: 281, s: 100, l: 57)
Target Index: 0
Input: pink
Naive Prediction Correct: False
Context Prediction Correct: True
Border Change: 4.782619563094203
---
Color0: Color(h: 151, s: 100, l: 55)
Color1: Color(h: 127, s: 100, l: 56)
Target Index: 0
Input: türkis
Naive Prediction Correct: False
Context Prediction Correct: False
Border Change: 15.793282778140364
---
Color0: Color(h: 78, s: 100, l: 31)
Color1: Color(h: 60, s: 100, l: 43)
Target Index: 1
Input: gelb
Naive Prediction Correct: True
Context Prediction Correct: True
Border Change: 4.291344880154414
---
Color0: Color(h: 39, s: 100, l: 48)
Color1: Color(h: 15, s: 100, l: 36)
Target Index: 0
Input: gelb
Naive Prediction Correct: False
Context Prediction Correct: True
Border Change: 9.502383620468315
---
Color0: Color(h: 48, s: 100, l: 52)
Color1: Color(h: 29, s: 100, l: 49)
Target Index: 1
Input: orange
Naive Prediction Correct: True
Context Prediction Correct: True
Border Change: 4.022459318405389
---
Color0: Color(h: 47, s: 100, l: 35)
Color1: Color(h: 66, s: 100, l: 44)
Target Index: 0
Input: braun
Naive Prediction Correct: False
Context Prediction Correct: True
Border Change: 5.822709650768939
---
Color0: Color(h: 4, s: 100, l: 50)
Color1: Color(h: 23, s: 100, l: 47)
Target Index: 0
Input: rot
Naive Prediction Correct: True
Context Prediction Correct: True
Border Change: 3.805303520095882
---
Color0: Color(h: 208, s: 100, l: 45)
Color1: Color(h: 184, s: 100, l: 33)
Target Index: 1
Input: türkis
Naive Prediction Correct: True
Context Prediction Correct: False
Border Change: 6.325926596224447
---
Color0: Color(h: 298, s: 100, l: 43)
Color1: Color(h: 323, s: 100, l: 38)
Target Index: 1
Input: pink
Naive Prediction Correct: True
Context Prediction Correct: False
Border Change: 4.243864030089135
---
Color0: Color(h: 163, s: 100, l: 50)
Color1: Color(h: 172, s: 100, l: 53)
Target Index: 1
Input: blau
Naive Prediction Correct: False
Context Prediction Correct: False
Border Change: 28.070833983723098
---
Color0: Color(h: 21, s: 100, l: 41)
Color1: Color(h: 3, s: 100, l: 49)
Target Index: 1
Input: rot
Naive Prediction Correct: True
Context Prediction Correct: True
Border Change: 3.477487036801211
---
Color0: Color(h: 252, s: 100, l: 43)
Color1: Color(h: 286, s: 100, l: 47)
Target Index: 0
Input: blau
Naive Prediction Correct: True
Context Prediction Correct: False
Border Change: 10.426317546208978
---
Color0: Color(h: 130, s: 100, l: 53)
Color1: Color(h: 121, s: 100, l: 40)
Target Index: 1
Input: olive
Naive Prediction Correct: False
Context Prediction Correct: False
Border Change: 22.326778884745366
---
Color0: Color(h: 278, s: 100, l: 43)
Color1: Color(h: 312, s: 100, l: 43)
Target Index: 1
Input: pink
Naive Prediction Correct: True
Context Prediction Correct: True
Border Change: 3.6370144716467734
---
Color0: Color(h: 238, s: 100, l: 35)
Color1: Color(h: 262, s: 100, l: 51)
Target Index: 0
Input: marinblau
Naive Prediction Correct: True
Context Prediction Correct: True
Border Change: 5.094902013587032
---
Color0: Color(h: 270, s: 100, l: 56)
Color1: Color(h: 300, s: 100, l: 31)
Target Index: 1
Input: pink
Naive Prediction Correct: False
Context Prediction Correct: True
Border Change: 6.408864558380875
---
Color0: Color(h: 59, s: 100, l: 30)
Color1: Color(h: 39, s: 100, l: 48)
Target Index: 1
Input: orange
Naive Prediction Correct: True
Context Prediction Correct: True
Border Change: 3.977433357844836
---
Color0: Color(h: 327, s: 100, l: 57)
Color1: Color(h: 351, s: 100, l: 44)
Target Index: 1
Input: rot
Naive Prediction Correct: True
Context Prediction Correct: True
Border Change: 3.4582895503931192
---
Color0: Color(h: 286, s: 100, l: 39)
Color1: Color(h: 261, s: 100, l: 33)
Target Index: 1
Input: blau
Naive Prediction Correct: False
Context Prediction Correct: False
Border Change: 14.44157093452469
---
Color0: Color(h: 227, s: 100, l: 39)
Color1: Color(h: 200, s: 100, l: 49)
Target Index: 1
Input: türkis
Naive Prediction Correct: True
Context Prediction Correct: True
Border Change: 5.292967313361989
---
Color0: Color(h: 223, s: 100, l: 33)
Color1: Color(h: 240, s: 100, l: 46)
Target Index: 1
Input: türkis
Naive Prediction Correct: False
Context Prediction Correct: False
Border Change: 32.77976467387842
---
Color0: Color(h: 343, s: 100, l: 47)
Color1: Color(h: 319, s: 100, l: 31)
Target Index: 1
Input: lila
Naive Prediction Correct: False
Context Prediction Correct: False
Border Change: 11.741328317514427
---
Color0: Color(h: 19, s: 100, l: 42)
Color1: Color(h: 355, s: 100, l: 34)
Target Index: 0
Input: orange
Naive Prediction Correct: True
Context Prediction Correct: True
Border Change: 4.817674527638877
---
Color0: Color(h: 269, s: 100, l: 32)
Color1: Color(h: 244, s: 100, l: 50)
Target Index: 1
Input: türkis
Naive Prediction Correct: False
Context Prediction Correct: False
Border Change: 31.136869948786128
---
Color0: Color(h: 68, s: 100, l: 33)
Color1: Color(h: 86, s: 100, l: 54)
Target Index: 0
Input: olive
Naive Prediction Correct: True
Context Prediction Correct: True
Border Change: 5.630106452189559
---
Color0: Color(h: 79, s: 100, l: 33)
Color1: Color(h: 61, s: 100, l: 47)
Target Index: 0
Input: grün
Naive Prediction Correct: False
Context Prediction Correct: False
Border Change: 17.62231898371852
---
Color0: Color(h: 347, s: 100, l: 39)
Color1: Color(h: 11, s: 100, l: 34)
Target Index: 1
Input: braun
Naive Prediction Correct: False
Context Prediction Correct: False
Border Change: 9.546135611102521
---
Color0: Color(h: 344, s: 100, l: 42)
Color1: Color(h: 324, s: 100, l: 46)
Target Index: 0
Input: rot
Naive Prediction Correct: True
Context Prediction Correct: True
Border Change: 4.185266965543446
---
Color0: Color(h: 144, s: 100, l: 47)
Color1: Color(h: 120, s: 100, l: 50)
Target Index: 1
Input: blattgrün
Naive Prediction Correct: False
Context Prediction Correct: False
Border Change: 12.302322431816165
---
Color0: Color(h: 39, s: 100, l: 38)
Color1: Color(h: 57, s: 100, l: 30)
Target Index: 1
Input: olive
Naive Prediction Correct: True
Context Prediction Correct: True
Border Change: 6.653692621587601
---
Color0: Color(h: 320, s: 100, l: 30)
Color1: Color(h: 286, s: 100, l: 34)
Target Index: 0
Input: bordeaux
Naive Prediction Correct: False
Context Prediction Correct: False
Border Change: 11.027251573949814
---
Color0: Color(h: 352, s: 100, l: 45)
Color1: Color(h: 16, s: 100, l: 37)
Target Index: 0
Input: rot
Naive Prediction Correct: True
Context Prediction Correct: True
Border Change: 2.8976545711604285
---
Color0: Color(h: 74, s: 100, l: 54)
Color1: Color(h: 56, s: 100, l: 49)
Target Index: 0
Input: blattgrün
Naive Prediction Correct: False
Context Prediction Correct: False
Border Change: 70.93915098546876
---
Color0: Color(h: 120, s: 100, l: 32)
Color1: Color(h: 128, s: 100, l: 48)
Target Index: 1
Input: blattgrün
Naive Prediction Correct: False
Context Prediction Correct: False
Border Change: 7.928189196968719
---
Color0: Color(h: 245, s: 100, l: 46)
Color1: Color(h: 229, s: 100, l: 31)
Target Index: 0
Input: blau
Naive Prediction Correct: True
Context Prediction Correct: False
Border Change: 7.0124968813384125
---
Color0: Color(h: 297, s: 100, l: 57)
Color1: Color(h: 329, s: 100, l: 49)
Target Index: 1
Input: rot
Naive Prediction Correct: False
Context Prediction Correct: True
Border Change: 10.181227705552374
---
Color0: Color(h: 36, s: 100, l: 30)
Color1: Color(h: 54, s: 100, l: 39)
Target Index: 1
Input: gelb
Naive Prediction Correct: True
Context Prediction Correct: True
Border Change: 4.399184825941401
---
Color0: Color(h: 157, s: 100, l: 53)
Color1: Color(h: 177, s: 100, l: 58)
Target Index: 1
Input: blau
Naive Prediction Correct: False
Context Prediction Correct: False
Border Change: 24.730282653930352
---
Color0: Color(h: 234, s: 100, l: 38)
Color1: Color(h: 211, s: 100, l: 49)
Target Index: 1
Input: türkis
Naive Prediction Correct: False
Context Prediction Correct: True
Border Change: 5.876510014086023
---
Color0: Color(h: 347, s: 100, l: 42)
Color1: Color(h: 323, s: 100, l: 51)
Target Index: 1
Input: pink
Naive Prediction Correct: True
Context Prediction Correct: True
Border Change: 3.535418867360947
---
Color0: Color(h: 140, s: 100, l: 47)
Color1: Color(h: 132, s: 100, l: 53)
Target Index: 0
Input: olive
Naive Prediction Correct: False
Context Prediction Correct: False
Border Change: 48.941534094711535
---
Color0: Color(h: 94, s: 100, l: 35)
Color1: Color(h: 76, s: 100, l: 59)
Target Index: 1
Input: gelb
Naive Prediction Correct: False
Context Prediction Correct: True
Border Change: 5.396481091479711
---
Color0: Color(h: 342, s: 100, l: 41)
Color1: Color(h: 5, s: 100, l: 37)
Target Index: 0
Input: pink
Naive Prediction Correct: False
Context Prediction Correct: True
Border Change: 9.71285708639272
---
Color0: Color(h: 258, s: 100, l: 36)
Color1: Color(h: 291, s: 100, l: 59)
Target Index: 1
Input: lila
Naive Prediction Correct: True
Context Prediction Correct: True
Border Change: 5.394944935489988
---
Color0: Color(h: 290, s: 100, l: 37)
Color1: Color(h: 314, s: 100, l: 41)
Target Index: 0
Input: lila
Naive Prediction Correct: True
Context Prediction Correct: False
Border Change: 4.803508634850947
---
Color0: Color(h: 359, s: 100, l: 41)
Color1: Color(h: 23, s: 100, l: 32)
Target Index: 0
Input: rot
Naive Prediction Correct: True
Context Prediction Correct: True
Border Change: 2.8448728135369983
---
Color0: Color(h: 319, s: 100, l: 57)
Color1: Color(h: 341, s: 100, l: 50)
Target Index: 0
Input: lila
Naive Prediction Correct: False
Context Prediction Correct: False
Border Change: 9.578389641286872
---
Color0: Color(h: 63, s: 100, l: 56)
Color1: Color(h: 45, s: 100, l: 47)
Target Index: 0
Input: gelb
Naive Prediction Correct: True
Context Prediction Correct: True
Border Change: 3.415339049640184
---
Color0: Color(h: 3, s: 100, l: 57)
Color1: Color(h: 27, s: 100, l: 54)
Target Index: 0
Input: rot
Naive Prediction Correct: True
Context Prediction Correct: True
Border Change: 3.1515860355024663
---
Color0: Color(h: 199, s: 100, l: 58)
Color1: Color(h: 229, s: 100, l: 58)
Target Index: 0
Input: türkis
Naive Prediction Correct: True
Context Prediction Correct: True
Border Change: 4.632614618457389
---
Color0: Color(h: 234, s: 100, l: 56)
Color1: Color(h: 262, s: 100, l: 55)
Target Index: 0
Input: marinblau
Naive Prediction Correct: False
Context Prediction Correct: False
Border Change: 13.402178142043168
---
Color0: Color(h: 347, s: 100, l: 47)
Color1: Color(h: 323, s: 100, l: 31)
Target Index: 1
Input: lila
Naive Prediction Correct: False
Context Prediction Correct: False
Border Change: 11.47737764447496
---
Color0: Color(h: 352, s: 100, l: 54)
Color1: Color(h: 16, s: 100, l: 45)
Target Index: 1
Input: orange
Naive Prediction Correct: True
Context Prediction Correct: True
Border Change: 5.009458461538513
---
Color0: Color(h: 350, s: 100, l: 45)
Color1: Color(h: 326, s: 100, l: 39)
Target Index: 1
Input: lila
Naive Prediction Correct: False
Context Prediction Correct: False
Border Change: 10.728764826621651
---
Color0: Color(h: 3, s: 100, l: 45)
Color1: Color(h: 23, s: 100, l: 42)
Target Index: 1
Input: orange
Naive Prediction Correct: True
Context Prediction Correct: True
Border Change: 3.5347884184439673
---
Color0: Color(h: 160, s: 100, l: 54)
Color1: Color(h: 167, s: 100, l: 58)
Target Index: 1
Input: blau
Naive Prediction Correct: False
Context Prediction Correct: False
Border Change: 31.33377705988287
---
Color0: Color(h: 258, s: 100, l: 55)
Color1: Color(h: 291, s: 100, l: 41)
Target Index: 0
Input: blau
Naive Prediction Correct: True
Context Prediction Correct: True
Border Change: 12.490064543802157
---
Color0: Color(h: 279, s: 100, l: 40)
Color1: Color(h: 246, s: 100, l: 36)
Target Index: 1
Input: marinblau
Naive Prediction Correct: True
Context Prediction Correct: True
Border Change: 4.667125464430857
---
Color0: Color(h: 109, s: 100, l: 56)
Color1: Color(h: 157, s: 100, l: 33)
Target Index: 1
Input: olive
Naive Prediction Correct: False
Context Prediction Correct: False
Border Change: 68.17248574652412
---
Color0: Color(h: 35, s: 100, l: 48)
Color1: Color(h: 56, s: 100, l: 32)
Target Index: 1
Input: olive
Naive Prediction Correct: True
Context Prediction Correct: True
Border Change: 9.000971104729054
---
