<< Learn Mode: statistical >>
<< Change Limit set to 750 >>
Color0: Color(h: 269, s: 100, l: 42)
Color1: Color(h: 245, s: 100, l: 35)
Target Index: 1
Input: marinblau
Naive Prediction Correct: False
Context Prediction Correct: True
Border Change: 6.630137572197794
---
Color0: Color(h: 126, s: 100, l: 45)
Color1: Color(h: 78, s: 100, l: 39)
Target Index: 0
Input: grün
Naive Prediction Correct: True
Context Prediction Correct: True
Border Change: 8.901322431772352
---
Color0: Color(h: 26, s: 100, l: 36)
Color1: Color(h: 44, s: 100, l: 53)
Target Index: 0
Input: braun
Naive Prediction Correct: False
Context Prediction Correct: True
Border Change: 6.236751687937977
---
Color0: Color(h: 3, s: 100, l: 58)
Color1: Color(h: 21, s: 100, l: 42)
Target Index: 0
Input: rot
Naive Prediction Correct: True
Context Prediction Correct: True
Border Change: 6.20397541609148
---
Color0: Color(h: 253, s: 100, l: 37)
Color1: Color(h: 224, s: 100, l: 57)
Target Index: 1
Input: blau
Naive Prediction Correct: True
Context Prediction Correct: True
Border Change: 7.405731897688089
---
Color0: Color(h: 156, s: 100, l: 39)
Color1: Color(h: 132, s: 100, l: 44)
Target Index: 0
Input: blattgrün
Naive Prediction Correct: False
Context Prediction Correct: False
Border Change: 7.194083294392177
---
Color0: Color(h: 130, s: 100, l: 57)
Color1: Color(h: 84, s: 100, l: 57)
Target Index: 1
Input: olive
Naive Prediction Correct: False
Context Prediction Correct: False
Border Change: 22.27263783974128
---
Color0: Color(h: 331, s: 100, l: 60)
Color1: Color(h: 354, s: 100, l: 54)
Target Index: 1
Input: rot
Naive Prediction Correct: True
Context Prediction Correct: True
Border Change: 5.719201616402156
---
Color0: Color(h: 226, s: 100, l: 37)
Color1: Color(h: 191, s: 100, l: 50)
Target Index: 0
Input: marinblau
Naive Prediction Correct: False
Context Prediction Correct: True
Border Change: 7.482557919458194
---
Color0: Color(h: 299, s: 100, l: 32)
Color1: Color(h: 275, s: 100, l: 60)
Target Index: 0
Input: pink
Naive Prediction Correct: False
Context Prediction Correct: True
Border Change: 9.461628389124314
---
Color0: Color(h: 178, s: 100, l: 60)
Color1: Color(h: 154, s: 100, l: 40)
Target Index: 0
Input: türkis
Naive Prediction Correct: True
Context Prediction Correct: True
Border Change: 6.357846874964748
---
Color0: Color(h: 310, s: 100, l: 30)
Color1: Color(h: 334, s: 100, l: 37)
Target Index: 1
Input: rot
Naive Prediction Correct: False
Context Prediction Correct: True
Border Change: 11.311314330515415
---
Color0: Color(h: 293, s: 100, l: 37)
Color1: Color(h: 269, s: 100, l: 38)
Target Index: 1
Input: blau
Naive Prediction Correct: False
Context Prediction Correct: False
Border Change: 18.440289897904353
---
Color0: Color(h: 20, s: 100, l: 53)
Color1: Color(h: 2, s: 100, l: 46)
Target Index: 0
Input: orange
Naive Prediction Correct: True
Context Prediction Correct: True
Border Change: 6.9503512357743675
---
Color0: Color(h: 50, s: 100, l: 43)
Color1: Color(h: 32, s: 100, l: 40)
Target Index: 1
Input: braun
Naive Prediction Correct: False
Context Prediction Correct: False
Border Change: 6.40723933108955
---
Color0: Color(h: 40, s: 100, l: 45)
Color1: Color(h: 58, s: 100, l: 42)
Target Index: 1
Input: gelb
Naive Prediction Correct: True
Context Prediction Correct: True
Border Change: 6.003019246423843
---
Color0: Color(h: 137, s: 100, l: 42)
Color1: Color(h: 160, s: 100, l: 53)
Target Index: 1
Input: türkis
Naive Prediction Correct: False
Context Prediction Correct: True
Border Change: 8.04923767512616
---
Color0: Color(h: 191, s: 100, l: 59)
Color1: Color(h: 227, s: 100, l: 35)
Target Index: 1
Input: marinblau
Naive Prediction Correct: False
Context Prediction Correct: True
Border Change: 6.335694949641263
---
Color0: Color(h: 274, s: 100, l: 30)
Color1: Color(h: 250, s: 100, l: 58)
Target Index: 0
Input: lila
Naive Prediction Correct: False
Context Prediction Correct: False
Border Change: 8.217114130475204
---
Color0: Color(h: 46, s: 100, l: 48)
Color1: Color(h: 64, s: 100, l: 45)
Target Index: 1
Input: gelb
Naive Prediction Correct: True
Context Prediction Correct: True
Border Change: 5.205973329433939
---
Color0: Color(h: 318, s: 100, l: 55)
Color1: Color(h: 298, s: 100, l: 48)
Target Index: 1
Input: lila
Naive Prediction Correct: True
Context Prediction Correct: True
Border Change: 7.621017878994166
---
Color0: Color(h: 138, s: 100, l: 56)
Color1: Color(h: 162, s: 100, l: 55)
Target Index: 0
Input: grün
Naive Prediction Correct: True
Context Prediction Correct: True
Border Change: 9.710358394779451
---
Color0: Color(h: 177, s: 100, l: 39)
Color1: Color(h: 154, s: 100, l: 42)
Target Index: 0
Input: türkis
Naive Prediction Correct: True
Context Prediction Correct: True
Border Change: 5.874913355635931
---
Color0: Color(h: 41, s: 100, l: 32)
Color1: Color(h: 58, s: 100, l: 48)
Target Index: 1
Input: gelb
Naive Prediction Correct: True
Context Prediction Correct: True
Border Change: 4.990405524500214
---
Color0: Color(h: 278, s: 100, l: 45)
Color1: Color(h: 302, s: 100, l: 57)
Target Index: 0
Input: lila
Naive Prediction Correct: True
Context Prediction Correct: True
Border Change: 5.310555124438864
---
Color0: Color(h: 253, s: 100, l: 58)
Color1: Color(h: 288, s: 100, l: 50)
Target Index: 1
Input: lila
Naive Prediction Correct: True
Context Prediction Correct: True
Border Change: 5.144088446944053
---
Color0: Color(h: 245, s: 100, l: 60)
Color1: Color(h: 280, s: 100, l: 45)
Target Index: 1
Input: lila
Naive Prediction Correct: True
Context Prediction Correct: True
Border Change: 4.614697446474781
---
Color0: Color(h: 42, s: 100, l: 50)
Color1: Color(h: 59, s: 100, l: 32)
Target Index: 0
Input: gelb
Naive Prediction Correct: False
Context Prediction Correct: False
Border Change: 8.990850546334288
---
Color0: Color(h: 35, s: 100, l: 57)
Color1: Color(h: 12, s: 100, l: 53)
Target Index: 0
Input: gelb
Naive Prediction Correct: False
Context Prediction Correct: False
Border Change: 12.977947043343761
---
Color0: Color(h: 21, s: 100, l: 60)
Color1: Color(h: 38, s: 100, l: 60)
Target Index: 0
Input: rot
Naive Prediction Correct: False
Context Prediction Correct: True
Border Change: 9.095469938271075
---
Color0: Color(h: 350, s: 100, l: 53)
Color1: Color(h: 13, s: 100, l: 44)
Target Index: 0
Input: rot
Naive Prediction Correct: True
Context Prediction Correct: False
Border Change: 5.155317379601068
---
Color0: Color(h: 330, s: 100, l: 57)
Color1: Color(h: 306, s: 100, l: 40)
Target Index: 0
Input: pink
Naive Prediction Correct: True
Context Prediction Correct: False
Border Change: 6.815827788528719
---
Color0: Color(h: 54, s: 100, l: 37)
Color1: Color(h: 72, s: 100, l: 35)
Target Index: 0
Input: orange
Naive Prediction Correct: False
Context Prediction Correct: True
Border Change: 9.132749269480128
---
Color0: Color(h: 35, s: 100, l: 59)
Color1: Color(h: 17, s: 100, l: 51)
Target Index: 0
Input: braun
Naive Prediction Correct: False
Context Prediction Correct: False
Border Change: 18.9796570266784
---
Color0: Color(h: 254, s: 100, l: 54)
Color1: Color(h: 290, s: 100, l: 46)
Target Index: 1
Input: lila
Naive Prediction Correct: True
Context Prediction Correct: True
Border Change: 4.678230758461202
---
Color0: Color(h: 318, s: 100, l: 45)
Color1: Color(h: 294, s: 100, l: 44)
Target Index: 0
Input: pink
Naive Prediction Correct: True
Context Prediction Correct: True
Border Change: 5.104033343973165
---
Color0: Color(h: 347, s: 100, l: 34)
Color1: Color(h: 327, s: 100, l: 54)
Target Index: 0
Input: rot
Naive Prediction Correct: False
Context Prediction Correct: False
Border Change: 6.6343597898735736
---
Color0: Color(h: 134, s: 100, l: 36)
Color1: Color(h: 111, s: 100, l: 49)
Target Index: 0
Input: blattgrün
Naive Prediction Correct: False
Context Prediction Correct: True
Border Change: 7.256307707317613
---
Color0: Color(h: 64, s: 100, l: 39)
Color1: Color(h: 46, s: 100, l: 34)
Target Index: 0
Input: gelb
Naive Prediction Correct: True
Context Prediction Correct: True
Border Change: 4.675289847085133
---
Color0: Color(h: 286, s: 100, l: 38)
Color1: Color(h: 305, s: 100, l: 38)
Target Index: 0
Input: lila
Naive Prediction Correct: True
Context Prediction Correct: True
Border Change: 4.567227540757019
---
Color0: Color(h: 322, s: 100, l: 56)
Color1: Color(h: 302, s: 100, l: 51)
Target Index: 0
Input: rot
Naive Prediction Correct: False
Context Prediction Correct: False
Border Change: 18.584343145689346
---
Color0: Color(h: 26, s: 100, l: 31)
Color1: Color(h: 9, s: 100, l: 59)
Target Index: 0
Input: braun
Naive Prediction Correct: True
Context Prediction Correct: True
Border Change: 4.3320579818222305
---
Color0: Color(h: 56, s: 100, l: 35)
Color1: Color(h: 74, s: 100, l: 37)
Target Index: 0
Input: gelb
Naive Prediction Correct: True
Context Prediction Correct: False
Border Change: 4.952566956025372
---
Color0: Color(h: 268, s: 100, l: 55)
Color1: Color(h: 292, s: 100, l: 31)
Target Index: 1
Input: lila
Naive Prediction Correct: False
Context Prediction Correct: False
Border Change: 5.750853502884688
---
Color0: Color(h: 52, s: 100, l: 48)
Color1: Color(h: 36, s: 100, l: 58)
Target Index: 0
Input: gelb
Naive Prediction Correct: True
Context Prediction Correct: True
Border Change: 3.9917090719922936
---
Color0: Color(h: 299, s: 100, l: 39)
Color1: Color(h: 323, s: 100, l: 33)
Target Index: 0
Input: lila
Naive Prediction Correct: True
Context Prediction Correct: True
Border Change: 5.5332214998199145
---
Color0: Color(h: 293, s: 100, l: 60)
Color1: Color(h: 269, s: 100, l: 36)
Target Index: 0
Input: pink
Naive Prediction Correct: False
Context Prediction Correct: True
Border Change: 10.047744059440797
---
Color0: Color(h: 350, s: 100, l: 49)
Color1: Color(h: 330, s: 100, l: 52)
Target Index: 0
Input: rot
Naive Prediction Correct: True
Context Prediction Correct: True
Border Change: 4.224408502493959
---
Color0: Color(h: 318, s: 100, l: 42)
Color1: Color(h: 338, s: 100, l: 34)
Target Index: 0
Input: pink
Naive Prediction Correct: True
Context Prediction Correct: True
Border Change: 4.784852661233312
---
Color0: Color(h: 288, s: 100, l: 53)
Color1: Color(h: 268, s: 100, l: 51)
Target Index: 1
Input: blau
Naive Prediction Correct: False
Context Prediction Correct: True
Border Change: 14.904999833869741
---
Color0: Color(h: 168, s: 100, l: 54)
Color1: Color(h: 145, s: 100, l: 53)
Target Index: 0
Input: türkis
Naive Prediction Correct: True
Context Prediction Correct: True
Border Change: 5.484923151613139
---
Color0: Color(h: 167, s: 100, l: 46)
Color1: Color(h: 189, s: 100, l: 37)
Target Index: 1
Input: blau
Naive Prediction Correct: False
Context Prediction Correct: True
Border Change: 22.63030962100118
---
Color0: Color(h: 257, s: 100, l: 58)
Color1: Color(h: 276, s: 100, l: 40)
Target Index: 1
Input: lila
Naive Prediction Correct: True
Context Prediction Correct: True
Border Change: 3.7990862266099685
---
Color0: Color(h: 323, s: 100, l: 56)
Color1: Color(h: 342, s: 100, l: 34)
Target Index: 1
Input: rot
Naive Prediction Correct: False
Context Prediction Correct: False
Border Change: 6.173528843652486
---
Color0: Color(h: 333, s: 100, l: 41)
Color1: Color(h: 357, s: 100, l: 52)
Target Index: 0
Input: bordeaux
Naive Prediction Correct: False
Context Prediction Correct: False
Border Change: 9.398814504926335
---
Color0: Color(h: 38, s: 100, l: 41)
Color1: Color(h: 22, s: 100, l: 39)
Target Index: 1
Input: rot
Naive Prediction Correct: False
Context Prediction Correct: True
Border Change: 10.186814522755194
---
Color0: Color(h: 36, s: 100, l: 37)
Color1: Color(h: 53, s: 100, l: 46)
Target Index: 0
Input: braun
Naive Prediction Correct: False
Context Prediction Correct: True
Border Change: 4.304774988761883
---
Color0: Color(h: 349, s: 100, l: 57)
Color1: Color(h: 330, s: 100, l: 39)
Target Index: 0
Input: rot
Naive Prediction Correct: True
Context Prediction Correct: True
Border Change: 4.11721222810994
---
Color0: Color(h: 136, s: 100, l: 47)
Color1: Color(h: 181, s: 100, l: 35)
Target Index: 0
Input: grün
Naive Prediction Correct: True
Context Prediction Correct: True
Border Change: 8.590466763013215
---
Color0: Color(h: 65, s: 100, l: 36)
Color1: Color(h: 47, s: 100, l: 36)
Target Index: 0
Input: grün
Naive Prediction Correct: False
Context Prediction Correct: False
Border Change: 31.99522262851332
---
