<< Learn Mode: statistical >>
<< Change Limit set to 750 >>
Color0: Color(h: 26, s: 100, l: 57)
Color1: Color(h: 43, s: 100, l: 54)
Target Index: 0
Input: orange
Naive Prediction Correct: True
Context Prediction Correct: False
Border Change: 6.111935340188017
---
Color0: Color(h: 254, s: 100, l: 52)
Color1: Color(h: 284, s: 100, l: 59)
Target Index: 1
Input: lila
Naive Prediction Correct: True
Context Prediction Correct: True
Border Change: 6.319148112428727
---
Color0: Color(h: 351, s: 100, l: 55)
Color1: Color(h: 13, s: 100, l: 50)
Target Index: 0
Input: rot
Naive Prediction Correct: True
Context Prediction Correct: False
Border Change: 6.374735755872213
---
Color0: Color(h: 294, s: 100, l: 52)
Color1: Color(h: 268, s: 100, l: 38)
Target Index: 0
Input: pink
Naive Prediction Correct: False
Context Prediction Correct: True
Border Change: 9.777634826519149
---
Color0: Color(h: 307, s: 100, l: 37)
Color1: Color(h: 281, s: 100, l: 35)
Target Index: 0
Input: pink
Naive Prediction Correct: True
Context Prediction Correct: True
Border Change: 6.5258163070236
---
Color0: Color(h: 285, s: 100, l: 52)
Color1: Color(h: 259, s: 100, l: 35)
Target Index: 1
Input: blau
Naive Prediction Correct: False
Context Prediction Correct: False
Border Change: 13.083576758153956
---
Color0: Color(h: 297, s: 100, l: 43)
Color1: Color(h: 274, s: 100, l: 45)
Target Index: 0
Input: pink
Naive Prediction Correct: False
Context Prediction Correct: True
Border Change: 7.298792315406529
---
Color0: Color(h: 37, s: 100, l: 55)
Color1: Color(h: 20, s: 100, l: 60)
Target Index: 1
Input: orange
Naive Prediction Correct: True
Context Prediction Correct: False
Border Change: 6.870497003539088
---
Color0: Color(h: 32, s: 100, l: 46)
Color1: Color(h: 21, s: 100, l: 33)
Target Index: 1
Input: braun
Naive Prediction Correct: False
Context Prediction Correct: False
Border Change: 6.44136339791486
---
Color0: Color(h: 336, s: 100, l: 59)
Color1: Color(h: 346, s: 100, l: 42)
Target Index: 0
Input: pink
Naive Prediction Correct: False
Context Prediction Correct: False
Border Change: 8.997122648705513
---
Color0: Color(h: 121, s: 100, l: 46)
Color1: Color(h: 170, s: 100, l: 39)
Target Index: 1
Input: türkis
Naive Prediction Correct: True
Context Prediction Correct: True
Border Change: 6.9436896130854056
---
Color0: Color(h: 252, s: 100, l: 60)
Color1: Color(h: 282, s: 100, l: 48)
Target Index: 0
Input: blau
Naive Prediction Correct: True
Context Prediction Correct: True
Border Change: 9.38547828567636
---
Color0: Color(h: 335, s: 100, l: 31)
Color1: Color(h: 324, s: 100, l: 33)
Target Index: 1
Input: bordeaux
Naive Prediction Correct: False
Context Prediction Correct: False
Border Change: 10.681023423655695
---
Color0: Color(h: 297, s: 100, l: 57)
Color1: Color(h: 260, s: 100, l: 36)
Target Index: 0
Input: lila
Naive Prediction Correct: True
Context Prediction Correct: False
Border Change: 7.324110949571456
---
Color0: Color(h: 171, s: 100, l: 42)
Color1: Color(h: 195, s: 100, l: 57)
Target Index: 1
Input: türkis
Naive Prediction Correct: True
Context Prediction Correct: False
Border Change: 7.182899159589962
---
Color0: Color(h: 59, s: 100, l: 53)
Color1: Color(h: 41, s: 100, l: 40)
Target Index: 1
Input: braun
Naive Prediction Correct: False
Context Prediction Correct: False
Border Change: 6.695411759351777
---
Color0: Color(h: 270, s: 100, l: 37)
Color1: Color(h: 294, s: 100, l: 37)
Target Index: 0
Input: indigo
Naive Prediction Correct: False
Context Prediction Correct: False
Border Change: 6.9564878228208356
---
Color0: Color(h: 69, s: 100, l: 48)
Color1: Color(h: 50, s: 100, l: 49)
Target Index: 1
Input: gelb
Naive Prediction Correct: True
Context Prediction Correct: False
Border Change: 6.913991702405097
---
Color0: Color(h: 46, s: 100, l: 52)
Color1: Color(h: 27, s: 100, l: 60)
Target Index: 1
Input: orange
Naive Prediction Correct: True
Context Prediction Correct: False
Border Change: 5.396495972802193
---
Color0: Color(h: 48, s: 100, l: 40)
Color1: Color(h: 38, s: 100, l: 33)
Target Index: 1
Input: braun
Naive Prediction Correct: True
Context Prediction Correct: True
Border Change: 4.5300456778334075
---
Color0: Color(h: 28, s: 100, l: 48)
Color1: Color(h: 46, s: 100, l: 32)
Target Index: 1
Input: braun
Naive Prediction Correct: True
Context Prediction Correct: False
Border Change: 4.771817694225811
---
Color0: Color(h: 275, s: 100, l: 38)
Color1: Color(h: 251, s: 100, l: 36)
Target Index: 0
Input: lila
Naive Prediction Correct: True
Context Prediction Correct: True
Border Change: 6.203497194565206
---
Color0: Color(h: 256, s: 100, l: 34)
Color1: Color(h: 225, s: 100, l: 54)
Target Index: 1
Input: blau
Naive Prediction Correct: True
Context Prediction Correct: False
Border Change: 6.721421357394508
---
Color0: Color(h: 265, s: 100, l: 50)
Color1: Color(h: 289, s: 100, l: 48)
Target Index: 0
Input: blau
Naive Prediction Correct: False
Context Prediction Correct: True
Border Change: 12.674711586069122
---
Color0: Color(h: 58, s: 100, l: 48)
Color1: Color(h: 43, s: 100, l: 52)
Target Index: 0
Input: gelb
Naive Prediction Correct: True
Context Prediction Correct: True
Border Change: 5.321313027544229
---
Color0: Color(h: 79, s: 100, l: 30)
Color1: Color(h: 59, s: 100, l: 54)
Target Index: 0
Input: grün
Naive Prediction Correct: False
Context Prediction Correct: False
Border Change: 20.093513355052544
---
Color0: Color(h: 36, s: 100, l: 50)
Color1: Color(h: 46, s: 100, l: 55)
Target Index: 1
Input: gelb
Naive Prediction Correct: False
Context Prediction Correct: False
Border Change: 7.181480861873844
---
Color0: Color(h: 289, s: 100, l: 34)
Color1: Color(h: 313, s: 100, l: 34)
Target Index: 1
Input: bordeaux
Naive Prediction Correct: False
Context Prediction Correct: False
Border Change: 17.32560290248344
---
Color0: Color(h: 66, s: 100, l: 30)
Color1: Color(h: 80, s: 100, l: 33)
Target Index: 0
Input: olive
Naive Prediction Correct: True
Context Prediction Correct: True
Border Change: 4.821495476320373
---
Color0: Color(h: 126, s: 100, l: 30)
Color1: Color(h: 150, s: 100, l: 47)
Target Index: 0
Input: olive
Naive Prediction Correct: False
Context Prediction Correct: False
Border Change: 104.25729542251408
---
Color0: Color(h: 278, s: 100, l: 50)
Color1: Color(h: 240, s: 100, l: 33)
Target Index: 1
Input: marinblau
Naive Prediction Correct: True
Context Prediction Correct: True
Border Change: 6.146676139541183
---
Color0: Color(h: 318, s: 100, l: 51)
Color1: Color(h: 342, s: 100, l: 58)
Target Index: 1
Input: pink
Naive Prediction Correct: False
Context Prediction Correct: False
Border Change: 11.124634851573921
---
Color0: Color(h: 42, s: 100, l: 38)
Color1: Color(h: 20, s: 100, l: 44)
Target Index: 1
Input: orange
Naive Prediction Correct: True
Context Prediction Correct: False
Border Change: 5.834359330149489
---
Color0: Color(h: 92, s: 100, l: 57)
Color1: Color(h: 74, s: 100, l: 42)
Target Index: 1
Input: olive
Naive Prediction Correct: False
Context Prediction Correct: False
Border Change: 7.44960639200095
---
Color0: Color(h: 8, s: 100, l: 44)
Color1: Color(h: 351, s: 100, l: 36)
Target Index: 0
Input: orange
Naive Prediction Correct: False
Context Prediction Correct: True
Border Change: 10.234226452785041
---
Color0: Color(h: 340, s: 100, l: 30)
Color1: Color(h: 330, s: 100, l: 40)
Target Index: 1
Input: pink
Naive Prediction Correct: True
Context Prediction Correct: True
Border Change: 5.728699548535312
---
Color0: Color(h: 252, s: 100, l: 39)
Color1: Color(h: 278, s: 100, l: 35)
Target Index: 1
Input: lila
Naive Prediction Correct: True
Context Prediction Correct: True
Border Change: 6.080776074301342
---
Color0: Color(h: 48, s: 100, l: 30)
Color1: Color(h: 96, s: 100, l: 39)
Target Index: 0
Input: olive
Naive Prediction Correct: False
Context Prediction Correct: False
Border Change: 7.170099986740746
---
Color0: Color(h: 60, s: 100, l: 52)
Color1: Color(h: 50, s: 100, l: 58)
Target Index: 1
Input: orange
Naive Prediction Correct: False
Context Prediction Correct: False
Border Change: 7.204879592481014
---
Color0: Color(h: 31, s: 100, l: 40)
Color1: Color(h: 15, s: 100, l: 39)
Target Index: 0
Input: braun
Naive Prediction Correct: False
Context Prediction Correct: False
Border Change: 5.197647250265554
---
Color0: Color(h: 145, s: 100, l: 44)
Color1: Color(h: 129, s: 100, l: 59)
Target Index: 0
Input: blattgrün
Naive Prediction Correct: False
Context Prediction Correct: True
Border Change: 9.134148972796673
---
Color0: Color(h: 78, s: 100, l: 35)
Color1: Color(h: 59, s: 100, l: 31)
Target Index: 0
Input: blattgrün
Naive Prediction Correct: False
Context Prediction Correct: False
Border Change: 118.69663943851161
---
Color0: Color(h: 54, s: 100, l: 56)
Color1: Color(h: 64, s: 100, l: 47)
Target Index: 0
Input: gelb
Naive Prediction Correct: True
Context Prediction Correct: False
Border Change: 5.049260482438979
---
Color0: Color(h: 44, s: 100, l: 44)
Color1: Color(h: 54, s: 100, l: 57)
Target Index: 1
Input: gelb
Naive Prediction Correct: True
Context Prediction Correct: True
Border Change: 4.7481090284527205
---
Color0: Color(h: 324, s: 100, l: 51)
Color1: Color(h: 298, s: 100, l: 53)
Target Index: 1
Input: lila
Naive Prediction Correct: True
Context Prediction Correct: True
Border Change: 6.484412469828963
---
Color0: Color(h: 48, s: 100, l: 58)
Color1: Color(h: 38, s: 100, l: 42)
Target Index: 0
Input: gelb
Naive Prediction Correct: True
Context Prediction Correct: True
Border Change: 5.321989798335542
---
Color0: Color(h: 335, s: 100, l: 39)
Color1: Color(h: 336, s: 100, l: 49)
Target Index: 1
Input: pink
Naive Prediction Correct: True
Context Prediction Correct: True
Border Change: 6.19276892093013
---
Color0: Color(h: 357, s: 100, l: 51)
Color1: Color(h: 332, s: 100, l: 40)
Target Index: 1
Input: bordeaux
Naive Prediction Correct: False
Context Prediction Correct: False
Border Change: 7.603891065771828
---
Color0: Color(h: 242, s: 100, l: 56)
Color1: Color(h: 273, s: 100, l: 43)
Target Index: 0
Input: blau
Naive Prediction Correct: True
Context Prediction Correct: True
Border Change: 6.084564189830477
---
Color0: Color(h: 322, s: 100, l: 60)
Color1: Color(h: 334, s: 100, l: 60)
Target Index: 0
Input: pink
Naive Prediction Correct: True
Context Prediction Correct: False
Border Change: 4.423797260925491
---
Color0: Color(h: 57, s: 100, l: 36)
Color1: Color(h: 75, s: 100, l: 32)
Target Index: 1
Input: grün
Naive Prediction Correct: False
Context Prediction Correct: False
Border Change: 19.880335109824088
---
Color0: Color(h: 26, s: 100, l: 33)
Color1: Color(h: 41, s: 100, l: 30)
Target Index: 1
Input: olive
Naive Prediction Correct: False
Context Prediction Correct: False
Border Change: 9.440410600792346
---
Color0: Color(h: 180, s: 100, l: 51)
Color1: Color(h: 204, s: 100, l: 58)
Target Index: 0
Input: türkis
Naive Prediction Correct: True
Context Prediction Correct: True
Border Change: 5.188538120445164
---
Color0: Color(h: 348, s: 100, l: 35)
Color1: Color(h: 6, s: 100, l: 37)
Target Index: 1
Input: orange
Naive Prediction Correct: False
Context Prediction Correct: True
Border Change: 11.40007461336409
---
Color0: Color(h: 48, s: 100, l: 50)
Color1: Color(h: 61, s: 100, l: 39)
Target Index: 1
Input: grün
Naive Prediction Correct: False
Context Prediction Correct: False
Border Change: 26.454986828162752
---
Color0: Color(h: 335, s: 100, l: 48)
Color1: Color(h: 336, s: 100, l: 31)
Target Index: 1
Input: braun
Naive Prediction Correct: False
Context Prediction Correct: False
Border Change: 103.79635145052413
---
Color0: Color(h: 148, s: 100, l: 37)
Color1: Color(h: 197, s: 100, l: 58)
Target Index: 1
Input: türkis
Naive Prediction Correct: True
Context Prediction Correct: False
Border Change: 6.8127870059290005
---
Color0: Color(h: 285, s: 100, l: 49)
Color1: Color(h: 261, s: 100, l: 54)
Target Index: 1
Input: blau
Naive Prediction Correct: True
Context Prediction Correct: True
Border Change: 9.268153006764352
---
Color0: Color(h: 335, s: 100, l: 49)
Color1: Color(h: 359, s: 100, l: 44)
Target Index: 1
Input: braun
Naive Prediction Correct: False
Context Prediction Correct: False
Border Change: 15.952009501643225
---
Color0: Color(h: 117, s: 100, l: 55)
Color1: Color(h: 166, s: 100, l: 31)
Target Index: 1
Input: olive
Naive Prediction Correct: False
Context Prediction Correct: False
Border Change: 301.4348131661726
---
Color0: Color(h: 26, s: 100, l: 57)
Color1: Color(h: 43, s: 100, l: 54)
Target Index: 0
Input: orange
Naive Prediction Correct: True
Context Prediction Correct: False
Border Change: 4.008286332415124
---
Color0: Color(h: 254, s: 100, l: 52)
Color1: Color(h: 284, s: 100, l: 59)
Target Index: 1
Input: lila
Naive Prediction Correct: True
Context Prediction Correct: True
Border Change: 4.767431808989738
---
Color0: Color(h: 351, s: 100, l: 55)
Color1: Color(h: 13, s: 100, l: 50)
Target Index: 0
Input: rot
Naive Prediction Correct: True
Context Prediction Correct: False
Border Change: 5.931355933669829
---
Color0: Color(h: 294, s: 100, l: 52)
Color1: Color(h: 268, s: 100, l: 38)
Target Index: 0
Input: pink
Naive Prediction Correct: False
Context Prediction Correct: True
Border Change: 8.950621233562586
---
Color0: Color(h: 307, s: 100, l: 37)
Color1: Color(h: 281, s: 100, l: 35)
Target Index: 0
Input: pink
Naive Prediction Correct: True
Context Prediction Correct: True
Border Change: 4.9377119736604165
---
Color0: Color(h: 285, s: 100, l: 52)
Color1: Color(h: 259, s: 100, l: 35)
Target Index: 1
Input: blau
Naive Prediction Correct: True
Context Prediction Correct: False
Border Change: 9.075113286200601
---
Color0: Color(h: 297, s: 100, l: 43)
Color1: Color(h: 274, s: 100, l: 45)
Target Index: 0
Input: pink
Naive Prediction Correct: False
Context Prediction Correct: True
Border Change: 6.185023916255236
---
Color0: Color(h: 37, s: 100, l: 55)
Color1: Color(h: 20, s: 100, l: 60)
Target Index: 1
Input: orange
Naive Prediction Correct: True
Context Prediction Correct: False
Border Change: 4.416178383236305
---
Color0: Color(h: 32, s: 100, l: 46)
Color1: Color(h: 21, s: 100, l: 33)
Target Index: 1
Input: braun
Naive Prediction Correct: True
Context Prediction Correct: True
Border Change: 4.079607858884814
---
Color0: Color(h: 336, s: 100, l: 59)
Color1: Color(h: 346, s: 100, l: 42)
Target Index: 0
Input: pink
Naive Prediction Correct: False
Context Prediction Correct: False
Border Change: 6.549521603310516
---
Color0: Color(h: 121, s: 100, l: 46)
Color1: Color(h: 170, s: 100, l: 39)
Target Index: 1
Input: türkis
Naive Prediction Correct: True
Context Prediction Correct: True
Border Change: 5.889456422008014
---
Color0: Color(h: 252, s: 100, l: 60)
Color1: Color(h: 282, s: 100, l: 48)
Target Index: 0
Input: blau
Naive Prediction Correct: True
Context Prediction Correct: True
Border Change: 6.272607687420189
---
Color0: Color(h: 335, s: 100, l: 31)
Color1: Color(h: 324, s: 100, l: 33)
Target Index: 1
Input: bordeaux
Naive Prediction Correct: False
Context Prediction Correct: False
Border Change: 7.527333929397518
---
Color0: Color(h: 297, s: 100, l: 57)
Color1: Color(h: 260, s: 100, l: 36)
Target Index: 0
Input: lila
Naive Prediction Correct: True
Context Prediction Correct: False
Border Change: 5.587381581814319
---
Color0: Color(h: 171, s: 100, l: 42)
Color1: Color(h: 195, s: 100, l: 57)
Target Index: 1
Input: türkis
Naive Prediction Correct: True
Context Prediction Correct: False
Border Change: 5.718096606555998
---
Color0: Color(h: 59, s: 100, l: 53)
Color1: Color(h: 41, s: 100, l: 40)
Target Index: 1
Input: braun
Naive Prediction Correct: False
Context Prediction Correct: True
Border Change: 5.015463246080514
---
Color0: Color(h: 270, s: 100, l: 37)
Color1: Color(h: 294, s: 100, l: 37)
Target Index: 0
Input: indigo
Naive Prediction Correct: True
Context Prediction Correct: False
Border Change: 6.365256329165994
---
Color0: Color(h: 69, s: 100, l: 48)
Color1: Color(h: 50, s: 100, l: 49)
Target Index: 1
Input: gelb
Naive Prediction Correct: True
Context Prediction Correct: False
Border Change: 4.3816080091383585
---
Color0: Color(h: 46, s: 100, l: 52)
Color1: Color(h: 27, s: 100, l: 60)
Target Index: 1
Input: orange
Naive Prediction Correct: True
Context Prediction Correct: True
Border Change: 3.6566876592148225
---
Color0: Color(h: 48, s: 100, l: 40)
Color1: Color(h: 38, s: 100, l: 33)
Target Index: 1
Input: braun
Naive Prediction Correct: True
Context Prediction Correct: True
Border Change: 3.5554000224972584
---
Color0: Color(h: 28, s: 100, l: 48)
Color1: Color(h: 46, s: 100, l: 32)
Target Index: 1
Input: braun
Naive Prediction Correct: True
Context Prediction Correct: False
Border Change: 4.368709969247792
---
Color0: Color(h: 275, s: 100, l: 38)
Color1: Color(h: 251, s: 100, l: 36)
Target Index: 0
Input: lila
Naive Prediction Correct: True
Context Prediction Correct: True
Border Change: 4.914080176935912
---
Color0: Color(h: 256, s: 100, l: 34)
Color1: Color(h: 225, s: 100, l: 54)
Target Index: 1
Input: blau
Naive Prediction Correct: True
Context Prediction Correct: False
Border Change: 5.611298013399349
---
Color0: Color(h: 265, s: 100, l: 50)
Color1: Color(h: 289, s: 100, l: 48)
Target Index: 0
Input: blau
Naive Prediction Correct: True
Context Prediction Correct: True
Border Change: 8.723425353249661
---
Color0: Color(h: 58, s: 100, l: 48)
Color1: Color(h: 43, s: 100, l: 52)
Target Index: 0
Input: gelb
Naive Prediction Correct: True
Context Prediction Correct: True
Border Change: 3.5672296278516686
---
Color0: Color(h: 79, s: 100, l: 30)
Color1: Color(h: 59, s: 100, l: 54)
Target Index: 0
Input: grün
Naive Prediction Correct: False
Context Prediction Correct: False
Border Change: 14.9474793988093
---
Color0: Color(h: 36, s: 100, l: 50)
Color1: Color(h: 46, s: 100, l: 55)
Target Index: 1
Input: gelb
Naive Prediction Correct: True
Context Prediction Correct: True
Border Change: 4.572920702915068
---
Color0: Color(h: 289, s: 100, l: 34)
Color1: Color(h: 313, s: 100, l: 34)
Target Index: 1
Input: bordeaux
Naive Prediction Correct: False
Context Prediction Correct: False
Border Change: 12.24256784261722
---
Color0: Color(h: 66, s: 100, l: 30)
Color1: Color(h: 80, s: 100, l: 33)
Target Index: 0
Input: olive
Naive Prediction Correct: True
Context Prediction Correct: False
Border Change: 5.1818078601807
---
Color0: Color(h: 126, s: 100, l: 30)
Color1: Color(h: 150, s: 100, l: 47)
Target Index: 0
Input: olive
Naive Prediction Correct: False
Context Prediction Correct: True
Border Change: 32.87395729517547
---
Color0: Color(h: 278, s: 100, l: 50)
Color1: Color(h: 240, s: 100, l: 33)
Target Index: 1
Input: marinblau
Naive Prediction Correct: True
Context Prediction Correct: True
Border Change: 5.692136819864492
---
Color0: Color(h: 318, s: 100, l: 51)
Color1: Color(h: 342, s: 100, l: 58)
Target Index: 1
Input: pink
Naive Prediction Correct: False
Context Prediction Correct: False
Border Change: 8.456700516625824
---
Color0: Color(h: 42, s: 100, l: 38)
Color1: Color(h: 20, s: 100, l: 44)
Target Index: 1
Input: orange
Naive Prediction Correct: True
Context Prediction Correct: False
Border Change: 3.797915623304502
---
Color0: Color(h: 92, s: 100, l: 57)
Color1: Color(h: 74, s: 100, l: 42)
Target Index: 1
Input: olive
Naive Prediction Correct: False
Context Prediction Correct: False
Border Change: 6.774847935246193
---
Color0: Color(h: 8, s: 100, l: 44)
Color1: Color(h: 351, s: 100, l: 36)
Target Index: 0
Input: orange
Naive Prediction Correct: False
Context Prediction Correct: True
Border Change: 6.627674468046983
---
Color0: Color(h: 340, s: 100, l: 30)
Color1: Color(h: 330, s: 100, l: 40)
Target Index: 1
Input: pink
Naive Prediction Correct: True
Context Prediction Correct: True
Border Change: 4.082854793204426
---
Color0: Color(h: 252, s: 100, l: 39)
Color1: Color(h: 278, s: 100, l: 35)
Target Index: 1
Input: lila
Naive Prediction Correct: False
Context Prediction Correct: True
Border Change: 4.821829193392563
---
Color0: Color(h: 48, s: 100, l: 30)
Color1: Color(h: 96, s: 100, l: 39)
Target Index: 0
Input: olive
Naive Prediction Correct: True
Context Prediction Correct: False
Border Change: 7.91666026411985
---
Color0: Color(h: 60, s: 100, l: 52)
Color1: Color(h: 50, s: 100, l: 58)
Target Index: 1
Input: orange
Naive Prediction Correct: False
Context Prediction Correct: False
Border Change: 7.64016836818647
---
Color0: Color(h: 31, s: 100, l: 40)
Color1: Color(h: 15, s: 100, l: 39)
Target Index: 0
Input: braun
Naive Prediction Correct: False
Context Prediction Correct: False
Border Change: 3.537139770495457
---
Color0: Color(h: 145, s: 100, l: 44)
Color1: Color(h: 129, s: 100, l: 59)
Target Index: 0
Input: blattgrün
Naive Prediction Correct: False
Context Prediction Correct: True
Border Change: 8.168950478878251
---
Color0: Color(h: 78, s: 100, l: 35)
Color1: Color(h: 59, s: 100, l: 31)
Target Index: 0
Input: blattgrün
Naive Prediction Correct: False
Context Prediction Correct: False
Border Change: 71.45948682958861
---
Color0: Color(h: 54, s: 100, l: 56)
Color1: Color(h: 64, s: 100, l: 47)
Target Index: 0
Input: gelb
Naive Prediction Correct: True
Context Prediction Correct: False
Border Change: 3.2923337338897474
---
Color0: Color(h: 44, s: 100, l: 44)
Color1: Color(h: 54, s: 100, l: 57)
Target Index: 1
Input: gelb
Naive Prediction Correct: True
Context Prediction Correct: True
Border Change: 3.1118829906572762
---
Color0: Color(h: 324, s: 100, l: 51)
Color1: Color(h: 298, s: 100, l: 53)
Target Index: 1
Input: lila
Naive Prediction Correct: True
Context Prediction Correct: True
Border Change: 5.0460641154016095
---
Color0: Color(h: 48, s: 100, l: 58)
Color1: Color(h: 38, s: 100, l: 42)
Target Index: 0
Input: gelb
Naive Prediction Correct: True
Context Prediction Correct: True
Border Change: 3.4689816768044377
---
Color0: Color(h: 335, s: 100, l: 39)
Color1: Color(h: 336, s: 100, l: 49)
Target Index: 1
Input: pink
Naive Prediction Correct: True
Context Prediction Correct: True
Border Change: 4.434769011161839
---
Color0: Color(h: 357, s: 100, l: 51)
Color1: Color(h: 332, s: 100, l: 40)
Target Index: 1
Input: bordeaux
Naive Prediction Correct: False
Context Prediction Correct: False
Border Change: 5.848843795708193
---
Color0: Color(h: 242, s: 100, l: 56)
Color1: Color(h: 273, s: 100, l: 43)
Target Index: 0
Input: blau
Naive Prediction Correct: True
Context Prediction Correct: True
Border Change: 4.244195994962511
---
Color0: Color(h: 322, s: 100, l: 60)
Color1: Color(h: 334, s: 100, l: 60)
Target Index: 0
Input: pink
Naive Prediction Correct: True
Context Prediction Correct: False
Border Change: 3.1584847198670216
---
Color0: Color(h: 57, s: 100, l: 36)
Color1: Color(h: 75, s: 100, l: 32)
Target Index: 1
Input: grün
Naive Prediction Correct: False
Context Prediction Correct: False
Border Change: 14.839630503502788
---
Color0: Color(h: 26, s: 100, l: 33)
Color1: Color(h: 41, s: 100, l: 30)
Target Index: 1
Input: olive
Naive Prediction Correct: False
Context Prediction Correct: False
Border Change: 9.70108643697793
---
Color0: Color(h: 180, s: 100, l: 51)
Color1: Color(h: 204, s: 100, l: 58)
Target Index: 0
Input: türkis
Naive Prediction Correct: True
Context Prediction Correct: True
Border Change: 4.062057282650414
---
Color0: Color(h: 348, s: 100, l: 35)
Color1: Color(h: 6, s: 100, l: 37)
Target Index: 1
Input: orange
Naive Prediction Correct: False
Context Prediction Correct: True
Border Change: 8.156752858211988
---
Color0: Color(h: 48, s: 100, l: 50)
Color1: Color(h: 61, s: 100, l: 39)
Target Index: 1
Input: grün
Naive Prediction Correct: False
Context Prediction Correct: False
Border Change: 19.974189026996164
---
Color0: Color(h: 335, s: 100, l: 48)
Color1: Color(h: 336, s: 100, l: 31)
Target Index: 1
Input: braun
Naive Prediction Correct: False
Context Prediction Correct: False
Border Change: 57.69748043264926
---
Color0: Color(h: 148, s: 100, l: 37)
Color1: Color(h: 197, s: 100, l: 58)
Target Index: 1
Input: türkis
Naive Prediction Correct: True
Context Prediction Correct: True
Border Change: 5.515004942102242
---
Color0: Color(h: 285, s: 100, l: 49)
Color1: Color(h: 261, s: 100, l: 54)
Target Index: 1
Input: blau
Naive Prediction Correct: True
Context Prediction Correct: True
Border Change: 6.333798038387766
---
Color0: Color(h: 335, s: 100, l: 49)
Color1: Color(h: 359, s: 100, l: 44)
Target Index: 1
Input: braun
Naive Prediction Correct: False
Context Prediction Correct: False
Border Change: 10.592978124197042
---
Color0: Color(h: 117, s: 100, l: 55)
Color1: Color(h: 166, s: 100, l: 31)
Target Index: 1
Input: olive
Naive Prediction Correct: False
Context Prediction Correct: False
Border Change: 146.17733951291478
---
