<< Learn Mode: statistical >>
<< Change Limit set to 750 >>
Color0: Color(h: 151, s: 100, l: 55)
Color1: Color(h: 127, s: 100, l: 56)
Target Index: 0
Input: türkis
Naive Prediction Correct: False
Context Prediction Correct: True
Border Change: 12.826353025345009
---
Color0: Color(h: 327, s: 100, l: 57)
Color1: Color(h: 351, s: 100, l: 44)
Target Index: 1
Input: rot
Naive Prediction Correct: True
Context Prediction Correct: True
Border Change: 6.426065682397029
---
Color0: Color(h: 21, s: 100, l: 41)
Color1: Color(h: 3, s: 100, l: 49)
Target Index: 1
Input: rot
Naive Prediction Correct: True
Context Prediction Correct: True
Border Change: 5.550616259565993
---
Color0: Color(h: 359, s: 100, l: 41)
Color1: Color(h: 23, s: 100, l: 32)
Target Index: 0
Input: rot
Naive Prediction Correct: True
Context Prediction Correct: True
Border Change: 5.473317811887686
---
Color0: Color(h: 344, s: 100, l: 42)
Color1: Color(h: 324, s: 100, l: 46)
Target Index: 0
Input: rot
Naive Prediction Correct: True
Context Prediction Correct: True
Border Change: 6.454894420572633
---
Color0: Color(h: 19, s: 100, l: 42)
Color1: Color(h: 355, s: 100, l: 34)
Target Index: 0
Input: orange
Naive Prediction Correct: True
Context Prediction Correct: True
Border Change: 7.473018336664474
---
Color0: Color(h: 238, s: 100, l: 35)
Color1: Color(h: 262, s: 100, l: 51)
Target Index: 0
Input: marinblau
Naive Prediction Correct: False
Context Prediction Correct: True
Border Change: 6.533549848926689
---
Color0: Color(h: 199, s: 100, l: 58)
Color1: Color(h: 229, s: 100, l: 58)
Target Index: 0
Input: türkis
Naive Prediction Correct: True
Context Prediction Correct: True
Border Change: 8.627925113925953
---
Color0: Color(h: 342, s: 100, l: 41)
Color1: Color(h: 5, s: 100, l: 37)
Target Index: 0
Input: pink
Naive Prediction Correct: False
Context Prediction Correct: True
Border Change: 11.245090054900214
---
Color0: Color(h: 144, s: 100, l: 47)
Color1: Color(h: 120, s: 100, l: 50)
Target Index: 1
Input: blattgrün
Naive Prediction Correct: False
Context Prediction Correct: False
Border Change: 20.372081965657983
---
Color0: Color(h: 3, s: 100, l: 57)
Color1: Color(h: 27, s: 100, l: 54)
Target Index: 0
Input: rot
Naive Prediction Correct: True
Context Prediction Correct: True
Border Change: 4.9484146300998075
---
Color0: Color(h: 350, s: 100, l: 45)
Color1: Color(h: 326, s: 100, l: 39)
Target Index: 1
Input: lila
Naive Prediction Correct: False
Context Prediction Correct: False
Border Change: 33.472171034883814
---
Color0: Color(h: 94, s: 100, l: 35)
Color1: Color(h: 76, s: 100, l: 59)
Target Index: 1
Input: gelb
Naive Prediction Correct: True
Context Prediction Correct: True
Border Change: 6.516851068618204
---
Color0: Color(h: 39, s: 100, l: 38)
Color1: Color(h: 57, s: 100, l: 30)
Target Index: 1
Input: olive
Naive Prediction Correct: True
Context Prediction Correct: True
Border Change: 5.142046213806997
---
Color0: Color(h: 352, s: 100, l: 54)
Color1: Color(h: 16, s: 100, l: 45)
Target Index: 1
Input: orange
Naive Prediction Correct: False
Context Prediction Correct: True
Border Change: 7.556106145475184
---
Color0: Color(h: 234, s: 100, l: 56)
Color1: Color(h: 262, s: 100, l: 55)
Target Index: 0
Input: marinblau
Naive Prediction Correct: False
Context Prediction Correct: False
Border Change: 18.154349221259814
---
Color0: Color(h: 347, s: 100, l: 47)
Color1: Color(h: 323, s: 100, l: 31)
Target Index: 1
Input: lila
Naive Prediction Correct: False
Context Prediction Correct: False
Border Change: 23.110151401410207
---
Color0: Color(h: 109, s: 100, l: 56)
Color1: Color(h: 157, s: 100, l: 33)
Target Index: 1
Input: olive
Naive Prediction Correct: False
Context Prediction Correct: False
Border Change: 351.17732962780525
---
Color0: Color(h: 208, s: 100, l: 45)
Color1: Color(h: 184, s: 100, l: 33)
Target Index: 1
Input: türkis
Naive Prediction Correct: True
Context Prediction Correct: True
Border Change: 7.09958021838258
---
Color0: Color(h: 347, s: 100, l: 42)
Color1: Color(h: 323, s: 100, l: 51)
Target Index: 1
Input: pink
Naive Prediction Correct: True
Context Prediction Correct: True
Border Change: 5.436125214687483
---
Color0: Color(h: 68, s: 100, l: 33)
Color1: Color(h: 86, s: 100, l: 54)
Target Index: 0
Input: olive
Naive Prediction Correct: True
Context Prediction Correct: True
Border Change: 5.737456100322019
---
Color0: Color(h: 347, s: 100, l: 39)
Color1: Color(h: 11, s: 100, l: 34)
Target Index: 1
Input: braun
Naive Prediction Correct: False
Context Prediction Correct: False
Border Change: 10.68741245721502
---
Color0: Color(h: 223, s: 100, l: 33)
Color1: Color(h: 240, s: 100, l: 46)
Target Index: 1
Input: türkis
Naive Prediction Correct: False
Context Prediction Correct: False
Border Change: 67.99711644786333
---
Color0: Color(h: 78, s: 100, l: 31)
Color1: Color(h: 60, s: 100, l: 43)
Target Index: 1
Input: gelb
Naive Prediction Correct: True
Context Prediction Correct: True
Border Change: 5.554020954572696
---
Color0: Color(h: 290, s: 100, l: 37)
Color1: Color(h: 314, s: 100, l: 41)
Target Index: 0
Input: lila
Naive Prediction Correct: True
Context Prediction Correct: False
Border Change: 6.378166756018167
---
Color0: Color(h: 79, s: 100, l: 33)
Color1: Color(h: 61, s: 100, l: 47)
Target Index: 0
Input: grün
Naive Prediction Correct: False
Context Prediction Correct: False
Border Change: 19.412685150869763
---
Color0: Color(h: 234, s: 100, l: 38)
Color1: Color(h: 211, s: 100, l: 49)
Target Index: 1
Input: türkis
Naive Prediction Correct: False
Context Prediction Correct: True
Border Change: 10.294483650081931
---
Color0: Color(h: 39, s: 100, l: 48)
Color1: Color(h: 15, s: 100, l: 36)
Target Index: 0
Input: gelb
Naive Prediction Correct: False
Context Prediction Correct: False
Border Change: 12.1560263925494
---
Color0: Color(h: 343, s: 100, l: 47)
Color1: Color(h: 319, s: 100, l: 31)
Target Index: 1
Input: lila
Naive Prediction Correct: False
Context Prediction Correct: False
Border Change: 15.546182743669267
---
Color0: Color(h: 245, s: 100, l: 46)
Color1: Color(h: 229, s: 100, l: 31)
Target Index: 0
Input: blau
Naive Prediction Correct: True
Context Prediction Correct: False
Border Change: 8.186777641351487
---
Color0: Color(h: 157, s: 100, l: 53)
Color1: Color(h: 177, s: 100, l: 58)
Target Index: 1
Input: blau
Naive Prediction Correct: False
Context Prediction Correct: False
Border Change: 33.56952446095131
---
Color0: Color(h: 352, s: 100, l: 45)
Color1: Color(h: 16, s: 100, l: 37)
Target Index: 0
Input: rot
Naive Prediction Correct: True
Context Prediction Correct: True
Border Change: 4.532125362516066
---
Color0: Color(h: 270, s: 100, l: 56)
Color1: Color(h: 300, s: 100, l: 31)
Target Index: 1
Input: pink
Naive Prediction Correct: False
Context Prediction Correct: True
Border Change: 9.284157260800095
---
Color0: Color(h: 319, s: 100, l: 57)
Color1: Color(h: 341, s: 100, l: 50)
Target Index: 0
Input: lila
Naive Prediction Correct: False
Context Prediction Correct: False
Border Change: 12.881362742256409
---
Color0: Color(h: 63, s: 100, l: 56)
Color1: Color(h: 45, s: 100, l: 47)
Target Index: 0
Input: gelb
Naive Prediction Correct: True
Context Prediction Correct: True
Border Change: 4.748566679237666
---
Color0: Color(h: 227, s: 100, l: 39)
Color1: Color(h: 200, s: 100, l: 49)
Target Index: 1
Input: türkis
Naive Prediction Correct: True
Context Prediction Correct: True
Border Change: 6.099180907453739
---
Color0: Color(h: 279, s: 100, l: 40)
Color1: Color(h: 246, s: 100, l: 36)
Target Index: 1
Input: marinblau
Naive Prediction Correct: True
Context Prediction Correct: True
Border Change: 5.816261356518085
---
Color0: Color(h: 320, s: 100, l: 30)
Color1: Color(h: 286, s: 100, l: 34)
Target Index: 0
Input: bordeaux
Naive Prediction Correct: False
Context Prediction Correct: False
Border Change: 12.759396282202166
---
Color0: Color(h: 269, s: 100, l: 32)
Color1: Color(h: 244, s: 100, l: 50)
Target Index: 1
Input: türkis
Naive Prediction Correct: False
Context Prediction Correct: False
Border Change: 47.72924722887569
---
Color0: Color(h: 297, s: 100, l: 57)
Color1: Color(h: 329, s: 100, l: 49)
Target Index: 1
Input: rot
Naive Prediction Correct: False
Context Prediction Correct: False
Border Change: 12.444821296491579
---
Color0: Color(h: 140, s: 100, l: 47)
Color1: Color(h: 132, s: 100, l: 53)
Target Index: 0
Input: olive
Naive Prediction Correct: False
Context Prediction Correct: False
Border Change: 82.32572797168007
---
Color0: Color(h: 120, s: 100, l: 32)
Color1: Color(h: 128, s: 100, l: 48)
Target Index: 1
Input: blattgrün
Naive Prediction Correct: False
Context Prediction Correct: False
Border Change: 12.37796259390107
---
Color0: Color(h: 286, s: 100, l: 39)
Color1: Color(h: 261, s: 100, l: 33)
Target Index: 1
Input: blau
Naive Prediction Correct: False
Context Prediction Correct: False
Border Change: 14.840944423768597
---
Color0: Color(h: 59, s: 100, l: 30)
Color1: Color(h: 39, s: 100, l: 48)
Target Index: 1
Input: orange
Naive Prediction Correct: True
Context Prediction Correct: True
Border Change: 5.044017918774531
---
Color0: Color(h: 163, s: 100, l: 50)
Color1: Color(h: 172, s: 100, l: 53)
Target Index: 1
Input: blau
Naive Prediction Correct: False
Context Prediction Correct: False
Border Change: 36.21892668319748
---
Color0: Color(h: 298, s: 100, l: 43)
Color1: Color(h: 323, s: 100, l: 38)
Target Index: 1
Input: pink
Naive Prediction Correct: True
Context Prediction Correct: False
Border Change: 5.393211756862588
---
Color0: Color(h: 35, s: 100, l: 48)
Color1: Color(h: 56, s: 100, l: 32)
Target Index: 1
Input: olive
Naive Prediction Correct: True
Context Prediction Correct: True
Border Change: 6.854337738091739
---
Color0: Color(h: 48, s: 100, l: 52)
Color1: Color(h: 29, s: 100, l: 49)
Target Index: 1
Input: orange
Naive Prediction Correct: True
Context Prediction Correct: True
Border Change: 4.613399159087205
---
Color0: Color(h: 47, s: 100, l: 35)
Color1: Color(h: 66, s: 100, l: 44)
Target Index: 0
Input: braun
Naive Prediction Correct: False
Context Prediction Correct: True
Border Change: 6.33891168796973
---
Color0: Color(h: 36, s: 100, l: 30)
Color1: Color(h: 54, s: 100, l: 39)
Target Index: 1
Input: gelb
Naive Prediction Correct: True
Context Prediction Correct: True
Border Change: 5.404497737828493
---
Color0: Color(h: 3, s: 100, l: 45)
Color1: Color(h: 23, s: 100, l: 42)
Target Index: 1
Input: orange
Naive Prediction Correct: True
Context Prediction Correct: True
Border Change: 5.002284285195856
---
Color0: Color(h: 306, s: 100, l: 42)
Color1: Color(h: 281, s: 100, l: 57)
Target Index: 0
Input: pink
Naive Prediction Correct: False
Context Prediction Correct: True
Border Change: 5.397278525662226
---
Color0: Color(h: 252, s: 100, l: 43)
Color1: Color(h: 286, s: 100, l: 47)
Target Index: 0
Input: blau
Naive Prediction Correct: True
Context Prediction Correct: False
Border Change: 9.981177682002807
---
Color0: Color(h: 278, s: 100, l: 43)
Color1: Color(h: 312, s: 100, l: 43)
Target Index: 1
Input: pink
Naive Prediction Correct: True
Context Prediction Correct: True
Border Change: 4.392301061829311
---
Color0: Color(h: 4, s: 100, l: 50)
Color1: Color(h: 23, s: 100, l: 47)
Target Index: 0
Input: rot
Naive Prediction Correct: True
Context Prediction Correct: True
Border Change: 4.093818025405877
---
Color0: Color(h: 74, s: 100, l: 54)
Color1: Color(h: 56, s: 100, l: 49)
Target Index: 0
Input: blattgrün
Naive Prediction Correct: False
Context Prediction Correct: False
Border Change: 121.1791072248219
---
Color0: Color(h: 130, s: 100, l: 53)
Color1: Color(h: 121, s: 100, l: 40)
Target Index: 1
Input: olive
Naive Prediction Correct: False
Context Prediction Correct: False
Border Change: 26.61809497404673
---
Color0: Color(h: 258, s: 100, l: 55)
Color1: Color(h: 291, s: 100, l: 41)
Target Index: 0
Input: blau
Naive Prediction Correct: True
Context Prediction Correct: True
Border Change: 11.18027546913494
---
Color0: Color(h: 258, s: 100, l: 36)
Color1: Color(h: 291, s: 100, l: 59)
Target Index: 1
Input: lila
Naive Prediction Correct: True
Context Prediction Correct: True
Border Change: 5.711355037089711
---
Color0: Color(h: 160, s: 100, l: 54)
Color1: Color(h: 167, s: 100, l: 58)
Target Index: 1
Input: blau
Naive Prediction Correct: False
Context Prediction Correct: False
Border Change: 42.1602955335495
---
