<< Learn Mode: statistical >>
<< Change Limit set to 750 >>
Color0: Color(h: 285, s: 100, l: 56)
Color1: Color(h: 261, s: 100, l: 38)
Target Index: 1
Input: marinblau
Naive Prediction Correct: False
Context Prediction Correct: True
Border Change: 9.751087248449618
---
Color0: Color(h: 23, s: 100, l: 49)
Color1: Color(h: 5, s: 100, l: 45)
Target Index: 0
Input: orange
Naive Prediction Correct: True
Context Prediction Correct: True
Border Change: 6.295612945158156
---
Color0: Color(h: 4, s: 100, l: 39)
Color1: Color(h: 21, s: 100, l: 54)
Target Index: 1
Input: orange
Naive Prediction Correct: True
Context Prediction Correct: True
Border Change: 6.250170907093097
---
Color0: Color(h: 216, s: 100, l: 41)
Color1: Color(h: 67, s: 100, l: 52)
Target Index: 1
Input: gelb
Naive Prediction Correct: True
Context Prediction Correct: True
Border Change: 5.497741901470618
---
Color0: Color(h: 305, s: 100, l: 47)
Color1: Color(h: 282, s: 100, l: 60)
Target Index: 1
Input: lila
Naive Prediction Correct: True
Context Prediction Correct: True
Border Change: 6.357846874964748
---
Color0: Color(h: 294, s: 100, l: 40)
Color1: Color(h: 318, s: 100, l: 50)
Target Index: 0
Input: lila
Naive Prediction Correct: True
Context Prediction Correct: True
Border Change: 7.0862461665733845
---
Color0: Color(h: 73, s: 100, l: 55)
Color1: Color(h: 217, s: 100, l: 39)
Target Index: 0
Input: gelb
Naive Prediction Correct: True
Context Prediction Correct: True
Border Change: 5.522679179243612
---
Color0: Color(h: 256, s: 100, l: 47)
Color1: Color(h: 286, s: 100, l: 38)
Target Index: 1
Input: lila
Naive Prediction Correct: True
Context Prediction Correct: False
Border Change: 5.980535940961529
---
Color0: Color(h: 57, s: 100, l: 47)
Color1: Color(h: 75, s: 100, l: 33)
Target Index: 1
Input: olive
Naive Prediction Correct: False
Context Prediction Correct: False
Border Change: 5.765717216637802
---
Color0: Color(h: 199, s: 100, l: 35)
Color1: Color(h: 157, s: 100, l: 51)
Target Index: 0
Input: blau
Naive Prediction Correct: False
Context Prediction Correct: True
Border Change: 13.964806299958049
---
Color0: Color(h: 168, s: 100, l: 58)
Color1: Color(h: 192, s: 100, l: 46)
Target Index: 1
Input: blau
Naive Prediction Correct: False
Context Prediction Correct: False
Border Change: 15.263589004142302
---
Color0: Color(h: 34, s: 100, l: 36)
Color1: Color(h: 16, s: 100, l: 38)
Target Index: 0
Input: braun
Naive Prediction Correct: False
Context Prediction Correct: False
Border Change: 5.817991020568576
---
Color0: Color(h: 313, s: 100, l: 34)
Color1: Color(h: 139, s: 100, l: 31)
Target Index: 0
Input: lila
Naive Prediction Correct: False
Context Prediction Correct: False
Border Change: 15.631562436477479
---
Color0: Color(h: 61, s: 100, l: 53)
Color1: Color(h: 19, s: 100, l: 57)
Target Index: 0
Input: gelb
Naive Prediction Correct: True
Context Prediction Correct: True
Border Change: 4.9028371928882315
---
Color0: Color(h: 63, s: 100, l: 59)
Color1: Color(h: 45, s: 100, l: 46)
Target Index: 1
Input: braun
Naive Prediction Correct: False
Context Prediction Correct: False
Border Change: 9.450627296239329
---
Color0: Color(h: 48, s: 100, l: 54)
Color1: Color(h: 81, s: 100, l: 40)
Target Index: 1
Input: olive
Naive Prediction Correct: False
Context Prediction Correct: False
Border Change: 7.99778734536881
---
Color0: Color(h: 58, s: 100, l: 45)
Color1: Color(h: 40, s: 100, l: 37)
Target Index: 0
Input: gelb
Naive Prediction Correct: True
Context Prediction Correct: True
Border Change: 4.877660562032634
---
Color0: Color(h: 275, s: 100, l: 58)
Color1: Color(h: 254, s: 100, l: 33)
Target Index: 1
Input: marinblau
Naive Prediction Correct: True
Context Prediction Correct: True
Border Change: 6.516919920299026
---
Color0: Color(h: 61, s: 100, l: 52)
Color1: Color(h: 321, s: 100, l: 31)
Target Index: 1
Input: lila
Naive Prediction Correct: False
Context Prediction Correct: False
Border Change: 21.396223804376046
---
Color0: Color(h: 137, s: 100, l: 47)
Color1: Color(h: 161, s: 100, l: 39)
Target Index: 0
Input: grün
Naive Prediction Correct: True
Context Prediction Correct: True
Border Change: 10.02157414726604
---
Color0: Color(h: 301, s: 100, l: 41)
Color1: Color(h: 324, s: 100, l: 42)
Target Index: 0
Input: lila
Naive Prediction Correct: True
Context Prediction Correct: True
Border Change: 6.0649580419200095
---
Color0: Color(h: 26, s: 100, l: 60)
Color1: Color(h: 10, s: 100, l: 43)
Target Index: 0
Input: orange
Naive Prediction Correct: True
Context Prediction Correct: True
Border Change: 5.532473385009171
---
Color0: Color(h: 235, s: 100, l: 53)
Color1: Color(h: 198, s: 100, l: 57)
Target Index: 1
Input: türkis
Naive Prediction Correct: True
Context Prediction Correct: True
Border Change: 8.028565913467785
---
Color0: Color(h: 81, s: 100, l: 31)
Color1: Color(h: 47, s: 100, l: 39)
Target Index: 0
Input: olive
Naive Prediction Correct: True
Context Prediction Correct: False
Border Change: 5.56883887438586
---
Color0: Color(h: 331, s: 100, l: 39)
Color1: Color(h: 310, s: 100, l: 52)
Target Index: 0
Input: bordeaux
Naive Prediction Correct: False
Context Prediction Correct: True
Border Change: 9.242312190635833
---
Color0: Color(h: 3, s: 100, l: 36)
Color1: Color(h: 339, s: 100, l: 56)
Target Index: 0
Input: bordeaux
Naive Prediction Correct: False
Context Prediction Correct: False
Border Change: 6.843146308179693
---
Color0: Color(h: 43, s: 100, l: 55)
Color1: Color(h: 26, s: 100, l: 41)
Target Index: 0
Input: orange
Naive Prediction Correct: True
Context Prediction Correct: False
Border Change: 5.152441430742076
---
Color0: Color(h: 183, s: 100, l: 57)
Color1: Color(h: 159, s: 100, l: 37)
Target Index: 1
Input: olive
Naive Prediction Correct: False
Context Prediction Correct: False
Border Change: 338.0259201451211
---
Color0: Color(h: 266, s: 100, l: 52)
Color1: Color(h: 17, s: 100, l: 33)
Target Index: 0
Input: blau
Naive Prediction Correct: False
Context Prediction Correct: False
Border Change: 17.779880765287487
---
Color0: Color(h: 33, s: 100, l: 48)
Color1: Color(h: 51, s: 100, l: 54)
Target Index: 0
Input: orange
Naive Prediction Correct: True
Context Prediction Correct: True
Border Change: 4.268069966532295
---
Color0: Color(h: 60, s: 100, l: 45)
Color1: Color(h: 42, s: 100, l: 53)
Target Index: 1
Input: orange
Naive Prediction Correct: True
Context Prediction Correct: True
Border Change: 4.346435067991624
---
Color0: Color(h: 53, s: 100, l: 46)
Color1: Color(h: 87, s: 100, l: 59)
Target Index: 1
Input: grün
Naive Prediction Correct: True
Context Prediction Correct: True
Border Change: 14.670932449305024
---
Color0: Color(h: 313, s: 100, l: 53)
Color1: Color(h: 333, s: 100, l: 37)
Target Index: 1
Input: bordeaux
Naive Prediction Correct: False
Context Prediction Correct: True
Border Change: 7.137120974243735
---
Color0: Color(h: 245, s: 100, l: 46)
Color1: Color(h: 276, s: 100, l: 59)
Target Index: 0
Input: blau
Naive Prediction Correct: True
Context Prediction Correct: True
Border Change: 7.685499238779602
---
Color0: Color(h: 168, s: 100, l: 41)
Color1: Color(h: 144, s: 100, l: 35)
Target Index: 1
Input: blattgrün
Naive Prediction Correct: True
Context Prediction Correct: False
Border Change: 6.166776108464899
---
Color0: Color(h: 38, s: 100, l: 57)
Color1: Color(h: 21, s: 100, l: 53)
Target Index: 1
Input: rot
Naive Prediction Correct: False
Context Prediction Correct: True
Border Change: 8.765170420077185
---
Color0: Color(h: 334, s: 100, l: 32)
Color1: Color(h: 314, s: 100, l: 54)
Target Index: 0
Input: bordeaux
Naive Prediction Correct: True
Context Prediction Correct: True
Border Change: 5.616876343645421
---
Color0: Color(h: 66, s: 100, l: 38)
Color1: Color(h: 326, s: 100, l: 41)
Target Index: 1
Input: rot
Naive Prediction Correct: False
Context Prediction Correct: False
Border Change: 18.10360808103856
---
Color0: Color(h: 238, s: 100, l: 38)
Color1: Color(h: 202, s: 100, l: 51)
Target Index: 1
Input: türkis
Naive Prediction Correct: False
Context Prediction Correct: True
Border Change: 8.33933293940391
---
Color0: Color(h: 41, s: 100, l: 47)
Color1: Color(h: 58, s: 100, l: 33)
Target Index: 1
Input: olive
Naive Prediction Correct: True
Context Prediction Correct: True
Border Change: 6.015958874651289
---
Color0: Color(h: 308, s: 100, l: 55)
Color1: Color(h: 328, s: 100, l: 60)
Target Index: 0
Input: lila
Naive Prediction Correct: False
Context Prediction Correct: True
Border Change: 7.575338810659856
---
Color0: Color(h: 260, s: 100, l: 42)
Color1: Color(h: 290, s: 100, l: 40)
Target Index: 1
Input: lila
Naive Prediction Correct: True
Context Prediction Correct: True
Border Change: 4.399843163095271
---
Color0: Color(h: 26, s: 100, l: 35)
Color1: Color(h: 9, s: 100, l: 35)
Target Index: 1
Input: bordeaux
Naive Prediction Correct: False
Context Prediction Correct: False
Border Change: 7.582279010263728
---
Color0: Color(h: 288, s: 100, l: 44)
Color1: Color(h: 308, s: 100, l: 43)
Target Index: 0
Input: lila
Naive Prediction Correct: True
Context Prediction Correct: True
Border Change: 3.9079151588069294
---
Color0: Color(h: 85, s: 100, l: 44)
Color1: Color(h: 33, s: 100, l: 48)
Target Index: 1
Input: orange
Naive Prediction Correct: True
Context Prediction Correct: True
Border Change: 3.738037749973801
---
Color0: Color(h: 333, s: 100, l: 31)
Color1: Color(h: 353, s: 100, l: 38)
Target Index: 0
Input: bordeaux
Naive Prediction Correct: True
Context Prediction Correct: False
Border Change: 5.3393384853307415
---
Color0: Color(h: 199, s: 100, l: 56)
Color1: Color(h: 162, s: 100, l: 31)
Target Index: 1
Input: olive
Naive Prediction Correct: False
Context Prediction Correct: False
Border Change: 160.79360945566344
---
Color0: Color(h: 5, s: 100, l: 30)
Color1: Color(h: 340, s: 100, l: 55)
Target Index: 0
Input: bordeaux
Naive Prediction Correct: False
Context Prediction Correct: False
Border Change: 5.308155517352108
---
Color0: Color(h: 132, s: 100, l: 41)
Color1: Color(h: 109, s: 100, l: 51)
Target Index: 0
Input: olive
Naive Prediction Correct: False
Context Prediction Correct: False
Border Change: 32.552936239239834
---
Color0: Color(h: 249, s: 100, l: 56)
Color1: Color(h: 206, s: 100, l: 30)
Target Index: 1
Input: marinblau
Naive Prediction Correct: False
Context Prediction Correct: False
Border Change: 15.655626143823104
---
Color0: Color(h: 130, s: 100, l: 30)
Color1: Color(h: 158, s: 100, l: 32)
Target Index: 1
Input: olive
Naive Prediction Correct: False
Context Prediction Correct: False
Border Change: 68.0183965848304
---
Color0: Color(h: 327, s: 100, l: 50)
Color1: Color(h: 352, s: 100, l: 53)
Target Index: 1
Input: rot
Naive Prediction Correct: True
Context Prediction Correct: True
Border Change: 5.653038106592822
---
Color0: Color(h: 21, s: 100, l: 55)
Color1: Color(h: 37, s: 100, l: 49)
Target Index: 1
Input: orange
Naive Prediction Correct: True
Context Prediction Correct: True
Border Change: 3.503747868146934
---
Color0: Color(h: 266, s: 100, l: 36)
Color1: Color(h: 289, s: 100, l: 50)
Target Index: 1
Input: lila
Naive Prediction Correct: True
Context Prediction Correct: True
Border Change: 3.6756650954462318
---
Color0: Color(h: 25, s: 100, l: 32)
Color1: Color(h: 42, s: 100, l: 53)
Target Index: 0
Input: braun
Naive Prediction Correct: True
Context Prediction Correct: False
Border Change: 4.952003205790726
---
Color0: Color(h: 13, s: 100, l: 50)
Color1: Color(h: 350, s: 100, l: 33)
Target Index: 0
Input: orange
Naive Prediction Correct: False
Context Prediction Correct: True
Border Change: 7.664352383864663
---
Color0: Color(h: 16, s: 100, l: 54)
Color1: Color(h: 51, s: 100, l: 39)
Target Index: 0
Input: rot
Naive Prediction Correct: True
Context Prediction Correct: True
Border Change: 6.8306735803813
---
Color0: Color(h: 72, s: 100, l: 47)
Color1: Color(h: 89, s: 100, l: 30)
Target Index: 0
Input: gelb
Naive Prediction Correct: True
Context Prediction Correct: True
Border Change: 4.479742558742668
---
Color0: Color(h: 320, s: 100, l: 36)
Color1: Color(h: 296, s: 100, l: 37)
Target Index: 1
Input: lila
Naive Prediction Correct: True
Context Prediction Correct: True
Border Change: 4.131977184294271
---
Color0: Color(h: 168, s: 100, l: 59)
Color1: Color(h: 192, s: 100, l: 54)
Target Index: 1
Input: blau
Naive Prediction Correct: False
Context Prediction Correct: False
Border Change: 15.296705467604337
---
Color0: Color(h: 285, s: 100, l: 56)
Color1: Color(h: 261, s: 100, l: 38)
Target Index: 1
Input: marinblau
Naive Prediction Correct: True
Context Prediction Correct: True
Border Change: 8.537893707376234
---
Color0: Color(h: 23, s: 100, l: 49)
Color1: Color(h: 5, s: 100, l: 45)
Target Index: 0
Input: orange
Naive Prediction Correct: True
Context Prediction Correct: True
Border Change: 3.620456594354888
---
Color0: Color(h: 4, s: 100, l: 39)
Color1: Color(h: 21, s: 100, l: 54)
Target Index: 1
Input: orange
Naive Prediction Correct: True
Context Prediction Correct: True
Border Change: 3.675560671297608
---
Color0: Color(h: 216, s: 100, l: 41)
Color1: Color(h: 67, s: 100, l: 52)
Target Index: 1
Input: gelb
Naive Prediction Correct: True
Context Prediction Correct: True
Border Change: 3.9327479134757555
---
Color0: Color(h: 305, s: 100, l: 47)
Color1: Color(h: 282, s: 100, l: 60)
Target Index: 1
Input: lila
Naive Prediction Correct: True
Context Prediction Correct: False
Border Change: 4.441768178754129
---
Color0: Color(h: 294, s: 100, l: 40)
Color1: Color(h: 318, s: 100, l: 50)
Target Index: 0
Input: lila
Naive Prediction Correct: True
Context Prediction Correct: True
Border Change: 3.381441015921727
---
Color0: Color(h: 73, s: 100, l: 55)
Color1: Color(h: 217, s: 100, l: 39)
Target Index: 0
Input: gelb
Naive Prediction Correct: True
Context Prediction Correct: True
Border Change: 4.050205878706695
---
Color0: Color(h: 256, s: 100, l: 47)
Color1: Color(h: 286, s: 100, l: 38)
Target Index: 1
Input: lila
Naive Prediction Correct: True
Context Prediction Correct: True
Border Change: 3.201306920190347
---
Color0: Color(h: 57, s: 100, l: 47)
Color1: Color(h: 75, s: 100, l: 33)
Target Index: 1
Input: olive
Naive Prediction Correct: True
Context Prediction Correct: True
Border Change: 6.457633261879637
---
Color0: Color(h: 199, s: 100, l: 35)
Color1: Color(h: 157, s: 100, l: 51)
Target Index: 0
Input: blau
Naive Prediction Correct: False
Context Prediction Correct: True
Border Change: 11.20343730854814
---
Color0: Color(h: 168, s: 100, l: 58)
Color1: Color(h: 192, s: 100, l: 46)
Target Index: 1
Input: blau
Naive Prediction Correct: False
Context Prediction Correct: True
Border Change: 12.306798913767942
---
Color0: Color(h: 34, s: 100, l: 36)
Color1: Color(h: 16, s: 100, l: 38)
Target Index: 0
Input: braun
Naive Prediction Correct: True
Context Prediction Correct: True
Border Change: 4.532567920537842
---
Color0: Color(h: 313, s: 100, l: 34)
Color1: Color(h: 139, s: 100, l: 31)
Target Index: 0
Input: lila
Naive Prediction Correct: False
Context Prediction Correct: False
Border Change: 8.476660172360678
---
Color0: Color(h: 61, s: 100, l: 53)
Color1: Color(h: 19, s: 100, l: 57)
Target Index: 0
Input: gelb
Naive Prediction Correct: True
Context Prediction Correct: True
Border Change: 3.5592522573916416
---
Color0: Color(h: 63, s: 100, l: 59)
Color1: Color(h: 45, s: 100, l: 46)
Target Index: 1
Input: braun
Naive Prediction Correct: False
Context Prediction Correct: False
Border Change: 7.4492389979699425
---
Color0: Color(h: 48, s: 100, l: 54)
Color1: Color(h: 81, s: 100, l: 40)
Target Index: 1
Input: olive
Naive Prediction Correct: True
Context Prediction Correct: True
Border Change: 6.6591156716287445
---
Color0: Color(h: 58, s: 100, l: 45)
Color1: Color(h: 40, s: 100, l: 37)
Target Index: 0
Input: gelb
Naive Prediction Correct: True
Context Prediction Correct: True
Border Change: 3.647346964267661
---
Color0: Color(h: 275, s: 100, l: 58)
Color1: Color(h: 254, s: 100, l: 33)
Target Index: 1
Input: marinblau
Naive Prediction Correct: True
Context Prediction Correct: True
Border Change: 5.630493006842032
---
Color0: Color(h: 61, s: 100, l: 52)
Color1: Color(h: 321, s: 100, l: 31)
Target Index: 1
Input: lila
Naive Prediction Correct: False
Context Prediction Correct: False
Border Change: 13.421778113861604
---
Color0: Color(h: 137, s: 100, l: 47)
Color1: Color(h: 161, s: 100, l: 39)
Target Index: 0
Input: grün
Naive Prediction Correct: True
Context Prediction Correct: True
Border Change: 9.331373684194265
---
Color0: Color(h: 301, s: 100, l: 41)
Color1: Color(h: 324, s: 100, l: 42)
Target Index: 0
Input: lila
Naive Prediction Correct: True
Context Prediction Correct: True
Border Change: 2.9975177413376746
---
Color0: Color(h: 26, s: 100, l: 60)
Color1: Color(h: 10, s: 100, l: 43)
Target Index: 0
Input: orange
Naive Prediction Correct: True
Context Prediction Correct: True
Border Change: 3.2656553630744583
---
Color0: Color(h: 235, s: 100, l: 53)
Color1: Color(h: 198, s: 100, l: 57)
Target Index: 1
Input: türkis
Naive Prediction Correct: True
Context Prediction Correct: True
Border Change: 6.7582446508920615
---
Color0: Color(h: 81, s: 100, l: 31)
Color1: Color(h: 47, s: 100, l: 39)
Target Index: 0
Input: olive
Naive Prediction Correct: True
Context Prediction Correct: True
Border Change: 5.322339457013424
---
Color0: Color(h: 331, s: 100, l: 39)
Color1: Color(h: 310, s: 100, l: 52)
Target Index: 0
Input: bordeaux
Naive Prediction Correct: False
Context Prediction Correct: True
Border Change: 6.393809714301089
---
Color0: Color(h: 3, s: 100, l: 36)
Color1: Color(h: 339, s: 100, l: 56)
Target Index: 0
Input: bordeaux
Naive Prediction Correct: False
Context Prediction Correct: True
Border Change: 4.923764188935639
---
Color0: Color(h: 43, s: 100, l: 55)
Color1: Color(h: 26, s: 100, l: 41)
Target Index: 0
Input: orange
Naive Prediction Correct: True
Context Prediction Correct: False
Border Change: 3.507684165159618
---
Color0: Color(h: 183, s: 100, l: 57)
Color1: Color(h: 159, s: 100, l: 37)
Target Index: 1
Input: olive
Naive Prediction Correct: False
Context Prediction Correct: False
Border Change: 61.76024860047469
---
Color0: Color(h: 266, s: 100, l: 52)
Color1: Color(h: 17, s: 100, l: 33)
Target Index: 0
Input: blau
Naive Prediction Correct: True
Context Prediction Correct: True
Border Change: 18.619940155600737
---
Color0: Color(h: 33, s: 100, l: 48)
Color1: Color(h: 51, s: 100, l: 54)
Target Index: 0
Input: orange
Naive Prediction Correct: True
Context Prediction Correct: True
Border Change: 2.461251250205796
---
Color0: Color(h: 60, s: 100, l: 45)
Color1: Color(h: 42, s: 100, l: 53)
Target Index: 1
Input: orange
Naive Prediction Correct: True
Context Prediction Correct: True
Border Change: 2.852398459176259
---
Color0: Color(h: 53, s: 100, l: 46)
Color1: Color(h: 87, s: 100, l: 59)
Target Index: 1
Input: grün
Naive Prediction Correct: True
Context Prediction Correct: True
Border Change: 13.537597552005984
---
Color0: Color(h: 313, s: 100, l: 53)
Color1: Color(h: 333, s: 100, l: 37)
Target Index: 1
Input: bordeaux
Naive Prediction Correct: False
Context Prediction Correct: True
Border Change: 4.991746005033452
---
Color0: Color(h: 245, s: 100, l: 46)
Color1: Color(h: 276, s: 100, l: 59)
Target Index: 0
Input: blau
Naive Prediction Correct: True
Context Prediction Correct: True
Border Change: 7.066287063646541
---
Color0: Color(h: 168, s: 100, l: 41)
Color1: Color(h: 144, s: 100, l: 35)
Target Index: 1
Input: blattgrün
Naive Prediction Correct: True
Context Prediction Correct: False
Border Change: 5.679367648937527
---
Color0: Color(h: 38, s: 100, l: 57)
Color1: Color(h: 21, s: 100, l: 53)
Target Index: 1
Input: rot
Naive Prediction Correct: False
Context Prediction Correct: True
Border Change: 7.653694451256255
---
Color0: Color(h: 334, s: 100, l: 32)
Color1: Color(h: 314, s: 100, l: 54)
Target Index: 0
Input: bordeaux
Naive Prediction Correct: True
Context Prediction Correct: True
Border Change: 3.977529014427005
---
Color0: Color(h: 66, s: 100, l: 38)
Color1: Color(h: 326, s: 100, l: 41)
Target Index: 1
Input: rot
Naive Prediction Correct: False
Context Prediction Correct: False
Border Change: 16.623303064500856
---
Color0: Color(h: 238, s: 100, l: 38)
Color1: Color(h: 202, s: 100, l: 51)
Target Index: 1
Input: türkis
Naive Prediction Correct: False
Context Prediction Correct: True
Border Change: 6.993613913274233
---
Color0: Color(h: 41, s: 100, l: 47)
Color1: Color(h: 58, s: 100, l: 33)
Target Index: 1
Input: olive
Naive Prediction Correct: True
Context Prediction Correct: False
Border Change: 9.339123429895865
---
Color0: Color(h: 308, s: 100, l: 55)
Color1: Color(h: 328, s: 100, l: 60)
Target Index: 0
Input: lila
Naive Prediction Correct: False
Context Prediction Correct: True
Border Change: 4.417080626464455
---
Color0: Color(h: 260, s: 100, l: 42)
Color1: Color(h: 290, s: 100, l: 40)
Target Index: 1
Input: lila
Naive Prediction Correct: True
Context Prediction Correct: True
Border Change: 2.4603362794741535
---
Color0: Color(h: 26, s: 100, l: 35)
Color1: Color(h: 9, s: 100, l: 35)
Target Index: 1
Input: bordeaux
Naive Prediction Correct: False
Context Prediction Correct: True
Border Change: 6.440330151445129
---
Color0: Color(h: 288, s: 100, l: 44)
Color1: Color(h: 308, s: 100, l: 43)
Target Index: 0
Input: lila
Naive Prediction Correct: True
Context Prediction Correct: False
Border Change: 2.2860009100560807
---
Color0: Color(h: 85, s: 100, l: 44)
Color1: Color(h: 33, s: 100, l: 48)
Target Index: 1
Input: orange
Naive Prediction Correct: True
Context Prediction Correct: True
Border Change: 2.1597676274932116
---
Color0: Color(h: 333, s: 100, l: 31)
Color1: Color(h: 353, s: 100, l: 38)
Target Index: 0
Input: bordeaux
Naive Prediction Correct: True
Context Prediction Correct: False
Border Change: 3.969236223098457
---
Color0: Color(h: 199, s: 100, l: 56)
Color1: Color(h: 162, s: 100, l: 31)
Target Index: 1
Input: olive
Naive Prediction Correct: False
Context Prediction Correct: False
Border Change: 56.34416461381391
---
Color0: Color(h: 5, s: 100, l: 30)
Color1: Color(h: 340, s: 100, l: 55)
Target Index: 0
Input: bordeaux
Naive Prediction Correct: False
Context Prediction Correct: True
Border Change: 4.387343286631507
---
Color0: Color(h: 132, s: 100, l: 41)
Color1: Color(h: 109, s: 100, l: 51)
Target Index: 0
Input: olive
Naive Prediction Correct: False
Context Prediction Correct: False
Border Change: 17.22345968666885
---
Color0: Color(h: 249, s: 100, l: 56)
Color1: Color(h: 206, s: 100, l: 30)
Target Index: 1
Input: marinblau
Naive Prediction Correct: False
Context Prediction Correct: False
Border Change: 14.882865028357104
---
Color0: Color(h: 130, s: 100, l: 30)
Color1: Color(h: 158, s: 100, l: 32)
Target Index: 1
Input: olive
Naive Prediction Correct: False
Context Prediction Correct: False
Border Change: 35.659217541489944
---
Color0: Color(h: 327, s: 100, l: 50)
Color1: Color(h: 352, s: 100, l: 53)
Target Index: 1
Input: rot
Naive Prediction Correct: True
Context Prediction Correct: True
Border Change: 4.643427759858885
---
Color0: Color(h: 21, s: 100, l: 55)
Color1: Color(h: 37, s: 100, l: 49)
Target Index: 1
Input: orange
Naive Prediction Correct: True
Context Prediction Correct: False
Border Change: 2.080350893462486
---
Color0: Color(h: 266, s: 100, l: 36)
Color1: Color(h: 289, s: 100, l: 50)
Target Index: 1
Input: lila
Naive Prediction Correct: True
Context Prediction Correct: True
Border Change: 2.232117469009701
---
Color0: Color(h: 25, s: 100, l: 32)
Color1: Color(h: 42, s: 100, l: 53)
Target Index: 0
Input: braun
Naive Prediction Correct: True
Context Prediction Correct: False
Border Change: 4.122638870291968
---
Color0: Color(h: 13, s: 100, l: 50)
Color1: Color(h: 350, s: 100, l: 33)
Target Index: 0
Input: orange
Naive Prediction Correct: False
Context Prediction Correct: True
Border Change: 6.008911230789215
---
Color0: Color(h: 16, s: 100, l: 54)
Color1: Color(h: 51, s: 100, l: 39)
Target Index: 0
Input: rot
Naive Prediction Correct: True
Context Prediction Correct: True
Border Change: 5.926359982522991
---
Color0: Color(h: 72, s: 100, l: 47)
Color1: Color(h: 89, s: 100, l: 30)
Target Index: 0
Input: gelb
Naive Prediction Correct: True
Context Prediction Correct: True
Border Change: 3.2860824045493673
---
Color0: Color(h: 320, s: 100, l: 36)
Color1: Color(h: 296, s: 100, l: 37)
Target Index: 1
Input: lila
Naive Prediction Correct: True
Context Prediction Correct: True
Border Change: 2.2264782034235853
---
Color0: Color(h: 168, s: 100, l: 59)
Color1: Color(h: 192, s: 100, l: 54)
Target Index: 1
Input: blau
Naive Prediction Correct: False
Context Prediction Correct: False
Border Change: 12.783902095564718
---
