<< Learn Mode: statistical >>
<< Change Limit set to 750 >>
Color0: Color(h: 47, s: 100, l: 35)
Color1: Color(h: 66, s: 100, l: 44)
Target Index: 0
Input: braun
Naive Prediction Correct: False
Context Prediction Correct: True
Border Change: 6.425303842989386
---
Color0: Color(h: 120, s: 100, l: 32)
Color1: Color(h: 128, s: 100, l: 48)
Target Index: 1
Input: blattgrün
Naive Prediction Correct: False
Context Prediction Correct: False
Border Change: 14.586367777931848
---
Color0: Color(h: 223, s: 100, l: 33)
Color1: Color(h: 240, s: 100, l: 46)
Target Index: 1
Input: türkis
Naive Prediction Correct: False
Context Prediction Correct: False
Border Change: 67.93967362655586
---
Color0: Color(h: 39, s: 100, l: 48)
Color1: Color(h: 15, s: 100, l: 36)
Target Index: 0
Input: gelb
Naive Prediction Correct: False
Context Prediction Correct: False
Border Change: 12.179525789649059
---
Color0: Color(h: 344, s: 100, l: 42)
Color1: Color(h: 324, s: 100, l: 46)
Target Index: 0
Input: rot
Naive Prediction Correct: True
Context Prediction Correct: True
Border Change: 7.6171933130133915
---
Color0: Color(h: 3, s: 100, l: 45)
Color1: Color(h: 23, s: 100, l: 42)
Target Index: 1
Input: orange
Naive Prediction Correct: True
Context Prediction Correct: True
Border Change: 6.590187137086503
---
Color0: Color(h: 238, s: 100, l: 35)
Color1: Color(h: 262, s: 100, l: 51)
Target Index: 0
Input: marinblau
Naive Prediction Correct: False
Context Prediction Correct: True
Border Change: 6.533549848926689
---
Color0: Color(h: 290, s: 100, l: 37)
Color1: Color(h: 314, s: 100, l: 41)
Target Index: 0
Input: lila
Naive Prediction Correct: True
Context Prediction Correct: True
Border Change: 7.193639643171492
---
Color0: Color(h: 319, s: 100, l: 57)
Color1: Color(h: 341, s: 100, l: 50)
Target Index: 0
Input: lila
Naive Prediction Correct: False
Context Prediction Correct: False
Border Change: 21.78438277231023
---
Color0: Color(h: 298, s: 100, l: 43)
Color1: Color(h: 323, s: 100, l: 38)
Target Index: 1
Input: pink
Naive Prediction Correct: True
Context Prediction Correct: False
Border Change: 6.480205668572657
---
Color0: Color(h: 59, s: 100, l: 30)
Color1: Color(h: 39, s: 100, l: 48)
Target Index: 1
Input: orange
Naive Prediction Correct: True
Context Prediction Correct: True
Border Change: 5.245540806141705
---
Color0: Color(h: 74, s: 100, l: 54)
Color1: Color(h: 56, s: 100, l: 49)
Target Index: 0
Input: blattgrün
Naive Prediction Correct: False
Context Prediction Correct: False
Border Change: 136.13216030474578
---
Color0: Color(h: 347, s: 100, l: 42)
Color1: Color(h: 323, s: 100, l: 51)
Target Index: 1
Input: pink
Naive Prediction Correct: True
Context Prediction Correct: True
Border Change: 5.423920009856412
---
Color0: Color(h: 270, s: 100, l: 56)
Color1: Color(h: 300, s: 100, l: 31)
Target Index: 1
Input: pink
Naive Prediction Correct: False
Context Prediction Correct: True
Border Change: 8.893211161762412
---
Color0: Color(h: 163, s: 100, l: 50)
Color1: Color(h: 172, s: 100, l: 53)
Target Index: 1
Input: blau
Naive Prediction Correct: False
Context Prediction Correct: False
Border Change: 38.79551007875001
---
Color0: Color(h: 21, s: 100, l: 41)
Color1: Color(h: 3, s: 100, l: 49)
Target Index: 1
Input: rot
Naive Prediction Correct: True
Context Prediction Correct: True
Border Change: 5.595312882177871
---
Color0: Color(h: 347, s: 100, l: 39)
Color1: Color(h: 11, s: 100, l: 34)
Target Index: 1
Input: braun
Naive Prediction Correct: False
Context Prediction Correct: False
Border Change: 10.900175483457913
---
Color0: Color(h: 286, s: 100, l: 39)
Color1: Color(h: 261, s: 100, l: 33)
Target Index: 1
Input: blau
Naive Prediction Correct: False
Context Prediction Correct: False
Border Change: 15.675892168406572
---
Color0: Color(h: 39, s: 100, l: 38)
Color1: Color(h: 57, s: 100, l: 30)
Target Index: 1
Input: olive
Naive Prediction Correct: True
Context Prediction Correct: True
Border Change: 5.142046213806997
---
Color0: Color(h: 130, s: 100, l: 53)
Color1: Color(h: 121, s: 100, l: 40)
Target Index: 1
Input: olive
Naive Prediction Correct: False
Context Prediction Correct: False
Border Change: 84.61582169199207
---
Color0: Color(h: 350, s: 100, l: 45)
Color1: Color(h: 326, s: 100, l: 39)
Target Index: 1
Input: lila
Naive Prediction Correct: False
Context Prediction Correct: False
Border Change: 26.319594416683728
---
Color0: Color(h: 36, s: 100, l: 30)
Color1: Color(h: 54, s: 100, l: 39)
Target Index: 1
Input: gelb
Naive Prediction Correct: True
Context Prediction Correct: True
Border Change: 6.21410343403633
---
Color0: Color(h: 208, s: 100, l: 45)
Color1: Color(h: 184, s: 100, l: 33)
Target Index: 1
Input: türkis
Naive Prediction Correct: True
Context Prediction Correct: False
Border Change: 7.456467275615277
---
Color0: Color(h: 343, s: 100, l: 47)
Color1: Color(h: 319, s: 100, l: 31)
Target Index: 1
Input: lila
Naive Prediction Correct: False
Context Prediction Correct: False
Border Change: 15.819675000221416
---
Color0: Color(h: 342, s: 100, l: 41)
Color1: Color(h: 5, s: 100, l: 37)
Target Index: 0
Input: pink
Naive Prediction Correct: False
Context Prediction Correct: True
Border Change: 10.72850624694912
---
Color0: Color(h: 109, s: 100, l: 56)
Color1: Color(h: 157, s: 100, l: 33)
Target Index: 1
Input: olive
Naive Prediction Correct: False
Context Prediction Correct: False
Border Change: 219.67514911156195
---
Color0: Color(h: 258, s: 100, l: 36)
Color1: Color(h: 291, s: 100, l: 59)
Target Index: 1
Input: lila
Naive Prediction Correct: True
Context Prediction Correct: False
Border Change: 5.803143550935184
---
Color0: Color(h: 78, s: 100, l: 31)
Color1: Color(h: 60, s: 100, l: 43)
Target Index: 1
Input: gelb
Naive Prediction Correct: True
Context Prediction Correct: True
Border Change: 5.085317225828502
---
Color0: Color(h: 297, s: 100, l: 57)
Color1: Color(h: 329, s: 100, l: 49)
Target Index: 1
Input: rot
Naive Prediction Correct: False
Context Prediction Correct: True
Border Change: 13.226268543806498
---
Color0: Color(h: 359, s: 100, l: 41)
Color1: Color(h: 23, s: 100, l: 32)
Target Index: 0
Input: rot
Naive Prediction Correct: True
Context Prediction Correct: True
Border Change: 5.287796174463658
---
Color0: Color(h: 63, s: 100, l: 56)
Color1: Color(h: 45, s: 100, l: 47)
Target Index: 0
Input: gelb
Naive Prediction Correct: True
Context Prediction Correct: True
Border Change: 4.806761479072942
---
Color0: Color(h: 347, s: 100, l: 47)
Color1: Color(h: 323, s: 100, l: 31)
Target Index: 1
Input: lila
Naive Prediction Correct: False
Context Prediction Correct: False
Border Change: 16.609593423776627
---
Color0: Color(h: 19, s: 100, l: 42)
Color1: Color(h: 355, s: 100, l: 34)
Target Index: 0
Input: orange
Naive Prediction Correct: True
Context Prediction Correct: True
Border Change: 6.673135425152675
---
Color0: Color(h: 306, s: 100, l: 42)
Color1: Color(h: 281, s: 100, l: 57)
Target Index: 0
Input: pink
Naive Prediction Correct: False
Context Prediction Correct: True
Border Change: 5.444948109640637
---
Color0: Color(h: 352, s: 100, l: 54)
Color1: Color(h: 16, s: 100, l: 45)
Target Index: 1
Input: orange
Naive Prediction Correct: False
Context Prediction Correct: True
Border Change: 6.824126938354891
---
Color0: Color(h: 68, s: 100, l: 33)
Color1: Color(h: 86, s: 100, l: 54)
Target Index: 0
Input: olive
Naive Prediction Correct: True
Context Prediction Correct: True
Border Change: 5.78220529810166
---
Color0: Color(h: 234, s: 100, l: 56)
Color1: Color(h: 262, s: 100, l: 55)
Target Index: 0
Input: marinblau
Naive Prediction Correct: False
Context Prediction Correct: False
Border Change: 18.154349221259814
---
Color0: Color(h: 352, s: 100, l: 45)
Color1: Color(h: 16, s: 100, l: 37)
Target Index: 0
Input: rot
Naive Prediction Correct: True
Context Prediction Correct: True
Border Change: 4.824653473166679
---
Color0: Color(h: 48, s: 100, l: 52)
Color1: Color(h: 29, s: 100, l: 49)
Target Index: 1
Input: orange
Naive Prediction Correct: True
Context Prediction Correct: True
Border Change: 4.309520718831562
---
Color0: Color(h: 279, s: 100, l: 40)
Color1: Color(h: 246, s: 100, l: 36)
Target Index: 1
Input: marinblau
Naive Prediction Correct: True
Context Prediction Correct: True
Border Change: 5.816261356518085
---
Color0: Color(h: 278, s: 100, l: 43)
Color1: Color(h: 312, s: 100, l: 43)
Target Index: 1
Input: pink
Naive Prediction Correct: True
Context Prediction Correct: True
Border Change: 4.418633494102453
---
Color0: Color(h: 258, s: 100, l: 55)
Color1: Color(h: 291, s: 100, l: 41)
Target Index: 0
Input: blau
Naive Prediction Correct: True
Context Prediction Correct: True
Border Change: 11.698472605507565
---
Color0: Color(h: 144, s: 100, l: 47)
Color1: Color(h: 120, s: 100, l: 50)
Target Index: 1
Input: blattgrün
Naive Prediction Correct: False
Context Prediction Correct: False
Border Change: 13.878745305479443
---
Color0: Color(h: 140, s: 100, l: 47)
Color1: Color(h: 132, s: 100, l: 53)
Target Index: 0
Input: olive
Naive Prediction Correct: False
Context Prediction Correct: False
Border Change: 65.19235083264977
---
Color0: Color(h: 245, s: 100, l: 46)
Color1: Color(h: 229, s: 100, l: 31)
Target Index: 0
Input: blau
Naive Prediction Correct: True
Context Prediction Correct: False
Border Change: 7.479298667868807
---
Color0: Color(h: 327, s: 100, l: 57)
Color1: Color(h: 351, s: 100, l: 44)
Target Index: 1
Input: rot
Naive Prediction Correct: True
Context Prediction Correct: True
Border Change: 4.588005606932567
---
Color0: Color(h: 252, s: 100, l: 43)
Color1: Color(h: 286, s: 100, l: 47)
Target Index: 0
Input: blau
Naive Prediction Correct: True
Context Prediction Correct: False
Border Change: 8.344450072060653
---
Color0: Color(h: 3, s: 100, l: 57)
Color1: Color(h: 27, s: 100, l: 54)
Target Index: 0
Input: rot
Naive Prediction Correct: True
Context Prediction Correct: True
Border Change: 4.596816981379636
---
Color0: Color(h: 227, s: 100, l: 39)
Color1: Color(h: 200, s: 100, l: 49)
Target Index: 1
Input: türkis
Naive Prediction Correct: True
Context Prediction Correct: True
Border Change: 7.09905663584699
---
Color0: Color(h: 35, s: 100, l: 48)
Color1: Color(h: 56, s: 100, l: 32)
Target Index: 1
Input: olive
Naive Prediction Correct: True
Context Prediction Correct: False
Border Change: 7.368167994817463
---
Color0: Color(h: 199, s: 100, l: 58)
Color1: Color(h: 229, s: 100, l: 58)
Target Index: 0
Input: türkis
Naive Prediction Correct: True
Context Prediction Correct: True
Border Change: 6.797863412633114
---
Color0: Color(h: 151, s: 100, l: 55)
Color1: Color(h: 127, s: 100, l: 56)
Target Index: 0
Input: türkis
Naive Prediction Correct: False
Context Prediction Correct: True
Border Change: 15.008620520616201
---
Color0: Color(h: 160, s: 100, l: 54)
Color1: Color(h: 167, s: 100, l: 58)
Target Index: 1
Input: blau
Naive Prediction Correct: False
Context Prediction Correct: False
Border Change: 51.23046513952126
---
Color0: Color(h: 320, s: 100, l: 30)
Color1: Color(h: 286, s: 100, l: 34)
Target Index: 0
Input: bordeaux
Naive Prediction Correct: False
Context Prediction Correct: False
Border Change: 12.759396282202166
---
Color0: Color(h: 269, s: 100, l: 32)
Color1: Color(h: 244, s: 100, l: 50)
Target Index: 1
Input: türkis
Naive Prediction Correct: False
Context Prediction Correct: False
Border Change: 55.907421002180634
---
Color0: Color(h: 234, s: 100, l: 38)
Color1: Color(h: 211, s: 100, l: 49)
Target Index: 1
Input: türkis
Naive Prediction Correct: False
Context Prediction Correct: True
Border Change: 8.411152543209308
---
Color0: Color(h: 79, s: 100, l: 33)
Color1: Color(h: 61, s: 100, l: 47)
Target Index: 0
Input: grün
Naive Prediction Correct: False
Context Prediction Correct: False
Border Change: 19.412685150869763
---
Color0: Color(h: 157, s: 100, l: 53)
Color1: Color(h: 177, s: 100, l: 58)
Target Index: 1
Input: blau
Naive Prediction Correct: False
Context Prediction Correct: False
Border Change: 26.636476435310378
---
Color0: Color(h: 94, s: 100, l: 35)
Color1: Color(h: 76, s: 100, l: 59)
Target Index: 1
Input: gelb
Naive Prediction Correct: True
Context Prediction Correct: True
Border Change: 5.84295888569927
---
Color0: Color(h: 4, s: 100, l: 50)
Color1: Color(h: 23, s: 100, l: 47)
Target Index: 0
Input: rot
Naive Prediction Correct: True
Context Prediction Correct: True
Border Change: 4.025653522176083
---
Color0: Color(h: 47, s: 100, l: 35)
Color1: Color(h: 66, s: 100, l: 44)
Target Index: 0
Input: braun
Naive Prediction Correct: False
Context Prediction Correct: True
Border Change: 5.822709650768939
---
Color0: Color(h: 120, s: 100, l: 32)
Color1: Color(h: 128, s: 100, l: 48)
Target Index: 1
Input: blattgrün
Naive Prediction Correct: False
Context Prediction Correct: False
Border Change: 9.528157806821248
---
Color0: Color(h: 223, s: 100, l: 33)
Color1: Color(h: 240, s: 100, l: 46)
Target Index: 1
Input: türkis
Naive Prediction Correct: False
Context Prediction Correct: False
Border Change: 30.70953611568983
---
Color0: Color(h: 39, s: 100, l: 48)
Color1: Color(h: 15, s: 100, l: 36)
Target Index: 0
Input: gelb
Naive Prediction Correct: False
Context Prediction Correct: True
Border Change: 9.853994603304187
---
Color0: Color(h: 344, s: 100, l: 42)
Color1: Color(h: 324, s: 100, l: 46)
Target Index: 0
Input: rot
Naive Prediction Correct: True
Context Prediction Correct: True
Border Change: 4.812681839529629
---
Color0: Color(h: 3, s: 100, l: 45)
Color1: Color(h: 23, s: 100, l: 42)
Target Index: 1
Input: orange
Naive Prediction Correct: True
Context Prediction Correct: True
Border Change: 4.626086306776245
---
Color0: Color(h: 238, s: 100, l: 35)
Color1: Color(h: 262, s: 100, l: 51)
Target Index: 0
Input: marinblau
Naive Prediction Correct: True
Context Prediction Correct: True
Border Change: 5.094902013587032
---
Color0: Color(h: 290, s: 100, l: 37)
Color1: Color(h: 314, s: 100, l: 41)
Target Index: 0
Input: lila
Naive Prediction Correct: True
Context Prediction Correct: False
Border Change: 5.232975064169533
---
Color0: Color(h: 319, s: 100, l: 57)
Color1: Color(h: 341, s: 100, l: 50)
Target Index: 0
Input: lila
Naive Prediction Correct: False
Context Prediction Correct: False
Border Change: 10.822766008174057
---
Color0: Color(h: 298, s: 100, l: 43)
Color1: Color(h: 323, s: 100, l: 38)
Target Index: 1
Input: pink
Naive Prediction Correct: True
Context Prediction Correct: False
Border Change: 4.476637053400108
---
Color0: Color(h: 59, s: 100, l: 30)
Color1: Color(h: 39, s: 100, l: 48)
Target Index: 1
Input: orange
Naive Prediction Correct: True
Context Prediction Correct: True
Border Change: 4.013991181897025
---
Color0: Color(h: 74, s: 100, l: 54)
Color1: Color(h: 56, s: 100, l: 49)
Target Index: 0
Input: blattgrün
Naive Prediction Correct: False
Context Prediction Correct: False
Border Change: 73.327843293599
---
Color0: Color(h: 347, s: 100, l: 42)
Color1: Color(h: 323, s: 100, l: 51)
Target Index: 1
Input: pink
Naive Prediction Correct: True
Context Prediction Correct: True
Border Change: 3.922392051740408
---
Color0: Color(h: 270, s: 100, l: 56)
Color1: Color(h: 300, s: 100, l: 31)
Target Index: 1
Input: pink
Naive Prediction Correct: False
Context Prediction Correct: True
Border Change: 7.066666505552227
---
Color0: Color(h: 163, s: 100, l: 50)
Color1: Color(h: 172, s: 100, l: 53)
Target Index: 1
Input: blau
Naive Prediction Correct: False
Context Prediction Correct: False
Border Change: 27.359038255260607
---
Color0: Color(h: 21, s: 100, l: 41)
Color1: Color(h: 3, s: 100, l: 49)
Target Index: 1
Input: rot
Naive Prediction Correct: True
Context Prediction Correct: True
Border Change: 3.5352253337123334
---
Color0: Color(h: 347, s: 100, l: 39)
Color1: Color(h: 11, s: 100, l: 34)
Target Index: 1
Input: braun
Naive Prediction Correct: False
Context Prediction Correct: False
Border Change: 9.546135611102521
---
Color0: Color(h: 286, s: 100, l: 39)
Color1: Color(h: 261, s: 100, l: 33)
Target Index: 1
Input: blau
Naive Prediction Correct: False
Context Prediction Correct: False
Border Change: 15.908047820963816
---
Color0: Color(h: 39, s: 100, l: 38)
Color1: Color(h: 57, s: 100, l: 30)
Target Index: 1
Input: olive
Naive Prediction Correct: True
Context Prediction Correct: True
Border Change: 6.501408426586009
---
Color0: Color(h: 130, s: 100, l: 53)
Color1: Color(h: 121, s: 100, l: 40)
Target Index: 1
Input: olive
Naive Prediction Correct: False
Context Prediction Correct: False
Border Change: 23.817296027298383
---
Color0: Color(h: 350, s: 100, l: 45)
Color1: Color(h: 326, s: 100, l: 39)
Target Index: 1
Input: lila
Naive Prediction Correct: False
Context Prediction Correct: False
Border Change: 13.703783195325995
---
Color0: Color(h: 36, s: 100, l: 30)
Color1: Color(h: 54, s: 100, l: 39)
Target Index: 1
Input: gelb
Naive Prediction Correct: True
Context Prediction Correct: True
Border Change: 4.715324892206193
---
Color0: Color(h: 208, s: 100, l: 45)
Color1: Color(h: 184, s: 100, l: 33)
Target Index: 1
Input: türkis
Naive Prediction Correct: True
Context Prediction Correct: False
Border Change: 6.598230713735996
---
Color0: Color(h: 343, s: 100, l: 47)
Color1: Color(h: 319, s: 100, l: 31)
Target Index: 1
Input: lila
Naive Prediction Correct: False
Context Prediction Correct: False
Border Change: 9.348265184903461
---
Color0: Color(h: 342, s: 100, l: 41)
Color1: Color(h: 5, s: 100, l: 37)
Target Index: 0
Input: pink
Naive Prediction Correct: False
Context Prediction Correct: True
Border Change: 9.502421511934372
---
Color0: Color(h: 109, s: 100, l: 56)
Color1: Color(h: 157, s: 100, l: 33)
Target Index: 1
Input: olive
Naive Prediction Correct: False
Context Prediction Correct: False
Border Change: 83.46153525458335
---
Color0: Color(h: 258, s: 100, l: 36)
Color1: Color(h: 291, s: 100, l: 59)
Target Index: 1
Input: lila
Naive Prediction Correct: True
Context Prediction Correct: True
Border Change: 5.020677862606098
---
Color0: Color(h: 78, s: 100, l: 31)
Color1: Color(h: 60, s: 100, l: 43)
Target Index: 1
Input: gelb
Naive Prediction Correct: True
Context Prediction Correct: True
Border Change: 3.7828408171750683
---
Color0: Color(h: 297, s: 100, l: 57)
Color1: Color(h: 329, s: 100, l: 49)
Target Index: 1
Input: rot
Naive Prediction Correct: False
Context Prediction Correct: True
Border Change: 10.795187738539713
---
Color0: Color(h: 359, s: 100, l: 41)
Color1: Color(h: 23, s: 100, l: 32)
Target Index: 0
Input: rot
Naive Prediction Correct: True
Context Prediction Correct: True
Border Change: 3.36514525994819
---
Color0: Color(h: 63, s: 100, l: 56)
Color1: Color(h: 45, s: 100, l: 47)
Target Index: 0
Input: gelb
Naive Prediction Correct: True
Context Prediction Correct: True
Border Change: 3.6423189468731034
---
Color0: Color(h: 347, s: 100, l: 47)
Color1: Color(h: 323, s: 100, l: 31)
Target Index: 1
Input: lila
Naive Prediction Correct: False
Context Prediction Correct: False
Border Change: 10.25775714493977
---
Color0: Color(h: 19, s: 100, l: 42)
Color1: Color(h: 355, s: 100, l: 34)
Target Index: 0
Input: orange
Naive Prediction Correct: True
Context Prediction Correct: True
Border Change: 4.740542348839613
---
Color0: Color(h: 306, s: 100, l: 42)
Color1: Color(h: 281, s: 100, l: 57)
Target Index: 0
Input: pink
Naive Prediction Correct: False
Context Prediction Correct: True
Border Change: 4.075004336526911
---
Color0: Color(h: 352, s: 100, l: 54)
Color1: Color(h: 16, s: 100, l: 45)
Target Index: 1
Input: orange
Naive Prediction Correct: True
Context Prediction Correct: True
Border Change: 4.923464284242828
---
Color0: Color(h: 68, s: 100, l: 33)
Color1: Color(h: 86, s: 100, l: 54)
Target Index: 0
Input: olive
Naive Prediction Correct: True
Context Prediction Correct: True
Border Change: 6.187779450400501
---
Color0: Color(h: 234, s: 100, l: 56)
Color1: Color(h: 262, s: 100, l: 55)
Target Index: 0
Input: marinblau
Naive Prediction Correct: False
Context Prediction Correct: False
Border Change: 13.402178142043168
---
Color0: Color(h: 352, s: 100, l: 45)
Color1: Color(h: 16, s: 100, l: 37)
Target Index: 0
Input: rot
Naive Prediction Correct: True
Context Prediction Correct: True
Border Change: 2.933195860317154
---
Color0: Color(h: 48, s: 100, l: 52)
Color1: Color(h: 29, s: 100, l: 49)
Target Index: 1
Input: orange
Naive Prediction Correct: True
Context Prediction Correct: True
Border Change: 3.1147884133999892
---
Color0: Color(h: 279, s: 100, l: 40)
Color1: Color(h: 246, s: 100, l: 36)
Target Index: 1
Input: marinblau
Naive Prediction Correct: True
Context Prediction Correct: True
Border Change: 4.667125464430857
---
Color0: Color(h: 278, s: 100, l: 43)
Color1: Color(h: 312, s: 100, l: 43)
Target Index: 1
Input: pink
Naive Prediction Correct: True
Context Prediction Correct: True
Border Change: 3.142940053726562
---
Color0: Color(h: 258, s: 100, l: 55)
Color1: Color(h: 291, s: 100, l: 41)
Target Index: 0
Input: blau
Naive Prediction Correct: True
Context Prediction Correct: True
Border Change: 11.747180728102498
---
Color0: Color(h: 144, s: 100, l: 47)
Color1: Color(h: 120, s: 100, l: 50)
Target Index: 1
Input: blattgrün
Naive Prediction Correct: False
Context Prediction Correct: False
Border Change: 9.811152265931979
---
Color0: Color(h: 140, s: 100, l: 47)
Color1: Color(h: 132, s: 100, l: 53)
Target Index: 0
Input: olive
Naive Prediction Correct: False
Context Prediction Correct: False
Border Change: 36.4859546884119
---
Color0: Color(h: 245, s: 100, l: 46)
Color1: Color(h: 229, s: 100, l: 31)
Target Index: 0
Input: blau
Naive Prediction Correct: True
Context Prediction Correct: False
Border Change: 7.127983178086451
---
Color0: Color(h: 327, s: 100, l: 57)
Color1: Color(h: 351, s: 100, l: 44)
Target Index: 1
Input: rot
Naive Prediction Correct: True
Context Prediction Correct: True
Border Change: 2.801136806491459
---
Color0: Color(h: 252, s: 100, l: 43)
Color1: Color(h: 286, s: 100, l: 47)
Target Index: 0
Input: blau
Naive Prediction Correct: True
Context Prediction Correct: False
Border Change: 8.209607120304758
---
Color0: Color(h: 3, s: 100, l: 57)
Color1: Color(h: 27, s: 100, l: 54)
Target Index: 0
Input: rot
Naive Prediction Correct: True
Context Prediction Correct: True
Border Change: 3.249410468065041
---
Color0: Color(h: 227, s: 100, l: 39)
Color1: Color(h: 200, s: 100, l: 49)
Target Index: 1
Input: türkis
Naive Prediction Correct: True
Context Prediction Correct: True
Border Change: 4.959395218581859
---
Color0: Color(h: 35, s: 100, l: 48)
Color1: Color(h: 56, s: 100, l: 32)
Target Index: 1
Input: olive
Naive Prediction Correct: True
Context Prediction Correct: False
Border Change: 8.875297380259452
---
Color0: Color(h: 199, s: 100, l: 58)
Color1: Color(h: 229, s: 100, l: 58)
Target Index: 0
Input: türkis
Naive Prediction Correct: True
Context Prediction Correct: True
Border Change: 4.997787905466382
---
Color0: Color(h: 151, s: 100, l: 55)
Color1: Color(h: 127, s: 100, l: 56)
Target Index: 0
Input: türkis
Naive Prediction Correct: False
Context Prediction Correct: False
Border Change: 17.82200489188858
---
Color0: Color(h: 160, s: 100, l: 54)
Color1: Color(h: 167, s: 100, l: 58)
Target Index: 1
Input: blau
Naive Prediction Correct: False
Context Prediction Correct: False
Border Change: 38.76536801322659
---
Color0: Color(h: 320, s: 100, l: 30)
Color1: Color(h: 286, s: 100, l: 34)
Target Index: 0
Input: bordeaux
Naive Prediction Correct: False
Context Prediction Correct: False
Border Change: 11.027251573949814
---
Color0: Color(h: 269, s: 100, l: 32)
Color1: Color(h: 244, s: 100, l: 50)
Target Index: 1
Input: türkis
Naive Prediction Correct: False
Context Prediction Correct: False
Border Change: 33.62152309240578
---
Color0: Color(h: 234, s: 100, l: 38)
Color1: Color(h: 211, s: 100, l: 49)
Target Index: 1
Input: türkis
Naive Prediction Correct: False
Context Prediction Correct: True
Border Change: 5.858419711777721
---
Color0: Color(h: 79, s: 100, l: 33)
Color1: Color(h: 61, s: 100, l: 47)
Target Index: 0
Input: grün
Naive Prediction Correct: False
Context Prediction Correct: False
Border Change: 17.62231898371852
---
Color0: Color(h: 157, s: 100, l: 53)
Color1: Color(h: 177, s: 100, l: 58)
Target Index: 1
Input: blau
Naive Prediction Correct: False
Context Prediction Correct: False
Border Change: 21.610048672311034
---
Color0: Color(h: 94, s: 100, l: 35)
Color1: Color(h: 76, s: 100, l: 59)
Target Index: 1
Input: gelb
Naive Prediction Correct: False
Context Prediction Correct: True
Border Change: 5.069765804102252
---
Color0: Color(h: 4, s: 100, l: 50)
Color1: Color(h: 23, s: 100, l: 47)
Target Index: 0
Input: rot
Naive Prediction Correct: True
Context Prediction Correct: True
Border Change: 2.718518444580942
---
