<< Learn Mode: statistical >>
<< Change Limit set to 750 >>
Color0: Color(h: 134, s: 100, l: 36)
Color1: Color(h: 111, s: 100, l: 49)
Target Index: 0
Input: blattgrün
Naive Prediction Correct: False
Context Prediction Correct: True
Border Change: 7.670162674956583
---
Color0: Color(h: 257, s: 100, l: 58)
Color1: Color(h: 276, s: 100, l: 40)
Target Index: 1
Input: lila
Naive Prediction Correct: True
Context Prediction Correct: False
Border Change: 6.413211194895907
---
Color0: Color(h: 253, s: 100, l: 37)
Color1: Color(h: 224, s: 100, l: 57)
Target Index: 1
Input: blau
Naive Prediction Correct: True
Context Prediction Correct: False
Border Change: 7.405731897688089
---
Color0: Color(h: 293, s: 100, l: 60)
Color1: Color(h: 269, s: 100, l: 36)
Target Index: 0
Input: pink
Naive Prediction Correct: False
Context Prediction Correct: True
Border Change: 10.763192726797731
---
Color0: Color(h: 245, s: 100, l: 60)
Color1: Color(h: 280, s: 100, l: 45)
Target Index: 1
Input: lila
Naive Prediction Correct: True
Context Prediction Correct: True
Border Change: 5.5756004107803365
---
Color0: Color(h: 293, s: 100, l: 37)
Color1: Color(h: 269, s: 100, l: 38)
Target Index: 1
Input: blau
Naive Prediction Correct: False
Context Prediction Correct: False
Border Change: 18.440289897904353
---
Color0: Color(h: 26, s: 100, l: 31)
Color1: Color(h: 9, s: 100, l: 59)
Target Index: 0
Input: braun
Naive Prediction Correct: True
Context Prediction Correct: True
Border Change: 5.359768368320404
---
Color0: Color(h: 288, s: 100, l: 53)
Color1: Color(h: 268, s: 100, l: 51)
Target Index: 1
Input: blau
Naive Prediction Correct: False
Context Prediction Correct: False
Border Change: 14.904999833869741
---
Color0: Color(h: 331, s: 100, l: 60)
Color1: Color(h: 354, s: 100, l: 54)
Target Index: 1
Input: rot
Naive Prediction Correct: True
Context Prediction Correct: True
Border Change: 6.105509562967238
---
Color0: Color(h: 38, s: 100, l: 41)
Color1: Color(h: 22, s: 100, l: 39)
Target Index: 1
Input: rot
Naive Prediction Correct: False
Context Prediction Correct: False
Border Change: 9.560287207804564
---
Color0: Color(h: 322, s: 100, l: 56)
Color1: Color(h: 302, s: 100, l: 51)
Target Index: 0
Input: rot
Naive Prediction Correct: False
Context Prediction Correct: False
Border Change: 22.261363601472283
---
Color0: Color(h: 333, s: 100, l: 41)
Color1: Color(h: 357, s: 100, l: 52)
Target Index: 0
Input: bordeaux
Naive Prediction Correct: False
Context Prediction Correct: False
Border Change: 9.398814504926335
---
Color0: Color(h: 167, s: 100, l: 46)
Color1: Color(h: 189, s: 100, l: 37)
Target Index: 1
Input: blau
Naive Prediction Correct: False
Context Prediction Correct: False
Border Change: 22.63030962100118
---
Color0: Color(h: 20, s: 100, l: 53)
Color1: Color(h: 2, s: 100, l: 46)
Target Index: 0
Input: orange
Naive Prediction Correct: True
Context Prediction Correct: True
Border Change: 6.9503512357743675
---
Color0: Color(h: 130, s: 100, l: 57)
Color1: Color(h: 84, s: 100, l: 57)
Target Index: 1
Input: olive
Naive Prediction Correct: False
Context Prediction Correct: False
Border Change: 22.27263783974128
---
Color0: Color(h: 65, s: 100, l: 36)
Color1: Color(h: 47, s: 100, l: 36)
Target Index: 0
Input: grün
Naive Prediction Correct: False
Context Prediction Correct: False
Border Change: 28.657675560793223
---
Color0: Color(h: 350, s: 100, l: 53)
Color1: Color(h: 13, s: 100, l: 44)
Target Index: 0
Input: rot
Naive Prediction Correct: True
Context Prediction Correct: False
Border Change: 5.482849813781443
---
Color0: Color(h: 21, s: 100, l: 60)
Color1: Color(h: 38, s: 100, l: 60)
Target Index: 0
Input: rot
Naive Prediction Correct: False
Context Prediction Correct: False
Border Change: 8.748902500070521
---
Color0: Color(h: 323, s: 100, l: 56)
Color1: Color(h: 342, s: 100, l: 34)
Target Index: 1
Input: rot
Naive Prediction Correct: False
Context Prediction Correct: False
Border Change: 7.8484681405908505
---
Color0: Color(h: 191, s: 100, l: 59)
Color1: Color(h: 227, s: 100, l: 35)
Target Index: 1
Input: marinblau
Naive Prediction Correct: False
Context Prediction Correct: True
Border Change: 7.355952050742394
---
Color0: Color(h: 50, s: 100, l: 43)
Color1: Color(h: 32, s: 100, l: 40)
Target Index: 1
Input: braun
Naive Prediction Correct: False
Context Prediction Correct: False
Border Change: 6.51019692264349
---
Color0: Color(h: 299, s: 100, l: 39)
Color1: Color(h: 323, s: 100, l: 33)
Target Index: 0
Input: lila
Naive Prediction Correct: False
Context Prediction Correct: True
Border Change: 8.000675202095858
---
Color0: Color(h: 35, s: 100, l: 59)
Color1: Color(h: 17, s: 100, l: 51)
Target Index: 0
Input: braun
Naive Prediction Correct: False
Context Prediction Correct: False
Border Change: 19.518182186823203
---
Color0: Color(h: 286, s: 100, l: 38)
Color1: Color(h: 305, s: 100, l: 38)
Target Index: 0
Input: lila
Naive Prediction Correct: True
Context Prediction Correct: True
Border Change: 5.487493432326546
---
Color0: Color(h: 318, s: 100, l: 45)
Color1: Color(h: 294, s: 100, l: 44)
Target Index: 0
Input: pink
Naive Prediction Correct: True
Context Prediction Correct: True
Border Change: 5.509129287226419
---
Color0: Color(h: 64, s: 100, l: 39)
Color1: Color(h: 46, s: 100, l: 34)
Target Index: 0
Input: gelb
Naive Prediction Correct: True
Context Prediction Correct: True
Border Change: 6.047745722816426
---
Color0: Color(h: 54, s: 100, l: 37)
Color1: Color(h: 72, s: 100, l: 35)
Target Index: 0
Input: orange
Naive Prediction Correct: False
Context Prediction Correct: True
Border Change: 9.132749269480128
---
Color0: Color(h: 56, s: 100, l: 35)
Color1: Color(h: 74, s: 100, l: 37)
Target Index: 0
Input: gelb
Naive Prediction Correct: True
Context Prediction Correct: False
Border Change: 6.559520479037353
---
Color0: Color(h: 126, s: 100, l: 45)
Color1: Color(h: 78, s: 100, l: 39)
Target Index: 0
Input: grün
Naive Prediction Correct: True
Context Prediction Correct: False
Border Change: 8.973188467557794
---
Color0: Color(h: 177, s: 100, l: 39)
Color1: Color(h: 154, s: 100, l: 42)
Target Index: 0
Input: türkis
Naive Prediction Correct: True
Context Prediction Correct: True
Border Change: 6.4866994802827715
---
Color0: Color(h: 330, s: 100, l: 57)
Color1: Color(h: 306, s: 100, l: 40)
Target Index: 0
Input: pink
Naive Prediction Correct: True
Context Prediction Correct: False
Border Change: 6.4107080222124955
---
Color0: Color(h: 269, s: 100, l: 42)
Color1: Color(h: 245, s: 100, l: 35)
Target Index: 1
Input: marinblau
Naive Prediction Correct: False
Context Prediction Correct: True
Border Change: 6.193281233317139
---
Color0: Color(h: 347, s: 100, l: 34)
Color1: Color(h: 327, s: 100, l: 54)
Target Index: 0
Input: rot
Naive Prediction Correct: False
Context Prediction Correct: False
Border Change: 6.286836137521874
---
Color0: Color(h: 178, s: 100, l: 60)
Color1: Color(h: 154, s: 100, l: 40)
Target Index: 0
Input: türkis
Naive Prediction Correct: True
Context Prediction Correct: True
Border Change: 6.060512810655824
---
Color0: Color(h: 318, s: 100, l: 55)
Color1: Color(h: 298, s: 100, l: 48)
Target Index: 1
Input: lila
Naive Prediction Correct: True
Context Prediction Correct: True
Border Change: 6.236434850191689
---
Color0: Color(h: 3, s: 100, l: 58)
Color1: Color(h: 21, s: 100, l: 42)
Target Index: 0
Input: rot
Naive Prediction Correct: True
Context Prediction Correct: True
Border Change: 4.633935855034967
---
Color0: Color(h: 349, s: 100, l: 57)
Color1: Color(h: 330, s: 100, l: 39)
Target Index: 0
Input: rot
Naive Prediction Correct: True
Context Prediction Correct: True
Border Change: 4.503507132949075
---
Color0: Color(h: 268, s: 100, l: 55)
Color1: Color(h: 292, s: 100, l: 31)
Target Index: 1
Input: lila
Naive Prediction Correct: False
Context Prediction Correct: False
Border Change: 6.258843745090105
---
Color0: Color(h: 318, s: 100, l: 42)
Color1: Color(h: 338, s: 100, l: 34)
Target Index: 0
Input: pink
Naive Prediction Correct: True
Context Prediction Correct: True
Border Change: 5.0567451901636895
---
Color0: Color(h: 52, s: 100, l: 48)
Color1: Color(h: 36, s: 100, l: 58)
Target Index: 0
Input: gelb
Naive Prediction Correct: True
Context Prediction Correct: True
Border Change: 5.727878340155601
---
Color0: Color(h: 156, s: 100, l: 39)
Color1: Color(h: 132, s: 100, l: 44)
Target Index: 0
Input: blattgrün
Naive Prediction Correct: True
Context Prediction Correct: False
Border Change: 6.719146661963398
---
Color0: Color(h: 35, s: 100, l: 57)
Color1: Color(h: 12, s: 100, l: 53)
Target Index: 0
Input: gelb
Naive Prediction Correct: False
Context Prediction Correct: False
Border Change: 14.439489028136476
---
Color0: Color(h: 26, s: 100, l: 36)
Color1: Color(h: 44, s: 100, l: 53)
Target Index: 0
Input: braun
Naive Prediction Correct: False
Context Prediction Correct: False
Border Change: 4.8226279946481
---
Color0: Color(h: 278, s: 100, l: 45)
Color1: Color(h: 302, s: 100, l: 57)
Target Index: 0
Input: lila
Naive Prediction Correct: True
Context Prediction Correct: True
Border Change: 4.1835977837976905
---
Color0: Color(h: 46, s: 100, l: 48)
Color1: Color(h: 64, s: 100, l: 45)
Target Index: 1
Input: gelb
Naive Prediction Correct: True
Context Prediction Correct: True
Border Change: 4.434463811994027
---
Color0: Color(h: 36, s: 100, l: 37)
Color1: Color(h: 53, s: 100, l: 46)
Target Index: 0
Input: braun
Naive Prediction Correct: False
Context Prediction Correct: True
Border Change: 4.298205715075045
---
Color0: Color(h: 138, s: 100, l: 56)
Color1: Color(h: 162, s: 100, l: 55)
Target Index: 0
Input: grün
Naive Prediction Correct: True
Context Prediction Correct: False
Border Change: 10.23154115061758
---
Color0: Color(h: 137, s: 100, l: 42)
Color1: Color(h: 160, s: 100, l: 53)
Target Index: 1
Input: türkis
Naive Prediction Correct: True
Context Prediction Correct: True
Border Change: 7.716012746915344
---
Color0: Color(h: 136, s: 100, l: 47)
Color1: Color(h: 181, s: 100, l: 35)
Target Index: 0
Input: grün
Naive Prediction Correct: True
Context Prediction Correct: True
Border Change: 8.926299198731433
---
Color0: Color(h: 42, s: 100, l: 50)
Color1: Color(h: 59, s: 100, l: 32)
Target Index: 0
Input: gelb
Naive Prediction Correct: False
Context Prediction Correct: False
Border Change: 7.162960933895382
---
Color0: Color(h: 253, s: 100, l: 58)
Color1: Color(h: 288, s: 100, l: 50)
Target Index: 1
Input: lila
Naive Prediction Correct: True
Context Prediction Correct: True
Border Change: 3.9719014223562366
---
Color0: Color(h: 168, s: 100, l: 54)
Color1: Color(h: 145, s: 100, l: 53)
Target Index: 0
Input: türkis
Naive Prediction Correct: True
Context Prediction Correct: True
Border Change: 5.472911520201882
---
Color0: Color(h: 350, s: 100, l: 49)
Color1: Color(h: 330, s: 100, l: 52)
Target Index: 0
Input: rot
Naive Prediction Correct: True
Context Prediction Correct: True
Border Change: 3.8527299058873274
---
Color0: Color(h: 310, s: 100, l: 30)
Color1: Color(h: 334, s: 100, l: 37)
Target Index: 1
Input: rot
Naive Prediction Correct: False
Context Prediction Correct: True
Border Change: 8.04845487722925
---
Color0: Color(h: 274, s: 100, l: 30)
Color1: Color(h: 250, s: 100, l: 58)
Target Index: 0
Input: lila
Naive Prediction Correct: False
Context Prediction Correct: False
Border Change: 5.525534909589775
---
Color0: Color(h: 226, s: 100, l: 37)
Color1: Color(h: 191, s: 100, l: 50)
Target Index: 0
Input: marinblau
Naive Prediction Correct: False
Context Prediction Correct: True
Border Change: 6.890344980693429
---
Color0: Color(h: 254, s: 100, l: 54)
Color1: Color(h: 290, s: 100, l: 46)
Target Index: 1
Input: lila
Naive Prediction Correct: True
Context Prediction Correct: True
Border Change: 3.634499617589001
---
Color0: Color(h: 299, s: 100, l: 32)
Color1: Color(h: 275, s: 100, l: 60)
Target Index: 0
Input: pink
Naive Prediction Correct: False
Context Prediction Correct: True
Border Change: 8.311690945828932
---
Color0: Color(h: 41, s: 100, l: 32)
Color1: Color(h: 58, s: 100, l: 48)
Target Index: 1
Input: gelb
Naive Prediction Correct: True
Context Prediction Correct: True
Border Change: 3.8728867939633966
---
Color0: Color(h: 40, s: 100, l: 45)
Color1: Color(h: 58, s: 100, l: 42)
Target Index: 1
Input: gelb
Naive Prediction Correct: True
Context Prediction Correct: True
Border Change: 3.8196893865827333
---
Color0: Color(h: 134, s: 100, l: 36)
Color1: Color(h: 111, s: 100, l: 49)
Target Index: 0
Input: blattgrün
Naive Prediction Correct: False
Context Prediction Correct: True
Border Change: 6.634470050062063
---
Color0: Color(h: 257, s: 100, l: 58)
Color1: Color(h: 276, s: 100, l: 40)
Target Index: 1
Input: lila
Naive Prediction Correct: True
Context Prediction Correct: True
Border Change: 3.5265353919698184
---
Color0: Color(h: 253, s: 100, l: 37)
Color1: Color(h: 224, s: 100, l: 57)
Target Index: 1
Input: blau
Naive Prediction Correct: True
Context Prediction Correct: False
Border Change: 6.609809739144686
---
Color0: Color(h: 293, s: 100, l: 60)
Color1: Color(h: 269, s: 100, l: 36)
Target Index: 0
Input: pink
Naive Prediction Correct: False
Context Prediction Correct: True
Border Change: 8.852924150677678
---
Color0: Color(h: 245, s: 100, l: 60)
Color1: Color(h: 280, s: 100, l: 45)
Target Index: 1
Input: lila
Naive Prediction Correct: True
Context Prediction Correct: True
Border Change: 2.9706953292218174
---
Color0: Color(h: 293, s: 100, l: 37)
Color1: Color(h: 269, s: 100, l: 38)
Target Index: 1
Input: blau
Naive Prediction Correct: False
Context Prediction Correct: False
Border Change: 15.987995600142575
---
Color0: Color(h: 26, s: 100, l: 31)
Color1: Color(h: 9, s: 100, l: 59)
Target Index: 0
Input: braun
Naive Prediction Correct: True
Context Prediction Correct: True
Border Change: 3.7799067420779755
---
Color0: Color(h: 288, s: 100, l: 53)
Color1: Color(h: 268, s: 100, l: 51)
Target Index: 1
Input: blau
Naive Prediction Correct: False
Context Prediction Correct: False
Border Change: 13.041228471960723
---
Color0: Color(h: 331, s: 100, l: 60)
Color1: Color(h: 354, s: 100, l: 54)
Target Index: 1
Input: rot
Naive Prediction Correct: True
Context Prediction Correct: True
Border Change: 3.3608751880903016
---
Color0: Color(h: 38, s: 100, l: 41)
Color1: Color(h: 22, s: 100, l: 39)
Target Index: 1
Input: rot
Naive Prediction Correct: False
Context Prediction Correct: False
Border Change: 9.544702178773498
---
Color0: Color(h: 322, s: 100, l: 56)
Color1: Color(h: 302, s: 100, l: 51)
Target Index: 0
Input: rot
Naive Prediction Correct: False
Context Prediction Correct: False
Border Change: 16.086204258568984
---
Color0: Color(h: 333, s: 100, l: 41)
Color1: Color(h: 357, s: 100, l: 52)
Target Index: 0
Input: bordeaux
Naive Prediction Correct: False
Context Prediction Correct: False
Border Change: 8.442876750981107
---
Color0: Color(h: 167, s: 100, l: 46)
Color1: Color(h: 189, s: 100, l: 37)
Target Index: 1
Input: blau
Naive Prediction Correct: False
Context Prediction Correct: False
Border Change: 22.500540186665233
---
Color0: Color(h: 20, s: 100, l: 53)
Color1: Color(h: 2, s: 100, l: 46)
Target Index: 0
Input: orange
Naive Prediction Correct: True
Context Prediction Correct: True
Border Change: 6.443018403227517
---
Color0: Color(h: 130, s: 100, l: 57)
Color1: Color(h: 84, s: 100, l: 57)
Target Index: 1
Input: olive
Naive Prediction Correct: False
Context Prediction Correct: False
Border Change: 18.031584571534758
---
Color0: Color(h: 65, s: 100, l: 36)
Color1: Color(h: 47, s: 100, l: 36)
Target Index: 0
Input: grün
Naive Prediction Correct: False
Context Prediction Correct: False
Border Change: 28.26452260003125
---
Color0: Color(h: 350, s: 100, l: 53)
Color1: Color(h: 13, s: 100, l: 44)
Target Index: 0
Input: rot
Naive Prediction Correct: True
Context Prediction Correct: False
Border Change: 3.102594943107759
---
Color0: Color(h: 21, s: 100, l: 60)
Color1: Color(h: 38, s: 100, l: 60)
Target Index: 0
Input: rot
Naive Prediction Correct: False
Context Prediction Correct: False
Border Change: 8.813575192086882
---
Color0: Color(h: 323, s: 100, l: 56)
Color1: Color(h: 342, s: 100, l: 34)
Target Index: 1
Input: rot
Naive Prediction Correct: False
Context Prediction Correct: False
Border Change: 5.321931396560658
---
Color0: Color(h: 191, s: 100, l: 59)
Color1: Color(h: 227, s: 100, l: 35)
Target Index: 1
Input: marinblau
Naive Prediction Correct: False
Context Prediction Correct: True
Border Change: 5.845410993862375
---
Color0: Color(h: 50, s: 100, l: 43)
Color1: Color(h: 32, s: 100, l: 40)
Target Index: 1
Input: braun
Naive Prediction Correct: False
Context Prediction Correct: True
Border Change: 4.1718965427359995
---
Color0: Color(h: 299, s: 100, l: 39)
Color1: Color(h: 323, s: 100, l: 33)
Target Index: 0
Input: lila
Naive Prediction Correct: False
Context Prediction Correct: True
Border Change: 4.859308821533169
---
Color0: Color(h: 35, s: 100, l: 59)
Color1: Color(h: 17, s: 100, l: 51)
Target Index: 0
Input: braun
Naive Prediction Correct: False
Context Prediction Correct: False
Border Change: 13.047984124423083
---
Color0: Color(h: 286, s: 100, l: 38)
Color1: Color(h: 305, s: 100, l: 38)
Target Index: 0
Input: lila
Naive Prediction Correct: True
Context Prediction Correct: True
Border Change: 2.8598865387702554
---
Color0: Color(h: 318, s: 100, l: 45)
Color1: Color(h: 294, s: 100, l: 44)
Target Index: 0
Input: pink
Naive Prediction Correct: True
Context Prediction Correct: True
Border Change: 4.16861479828936
---
Color0: Color(h: 64, s: 100, l: 39)
Color1: Color(h: 46, s: 100, l: 34)
Target Index: 0
Input: gelb
Naive Prediction Correct: True
Context Prediction Correct: False
Border Change: 3.83388120691125
---
Color0: Color(h: 54, s: 100, l: 37)
Color1: Color(h: 72, s: 100, l: 35)
Target Index: 0
Input: orange
Naive Prediction Correct: False
Context Prediction Correct: True
Border Change: 8.325065069160098
---
Color0: Color(h: 56, s: 100, l: 35)
Color1: Color(h: 74, s: 100, l: 37)
Target Index: 0
Input: gelb
Naive Prediction Correct: True
Context Prediction Correct: False
Border Change: 4.062669577003009
---
Color0: Color(h: 126, s: 100, l: 45)
Color1: Color(h: 78, s: 100, l: 39)
Target Index: 0
Input: grün
Naive Prediction Correct: True
Context Prediction Correct: False
Border Change: 7.472124659631614
---
Color0: Color(h: 177, s: 100, l: 39)
Color1: Color(h: 154, s: 100, l: 42)
Target Index: 0
Input: türkis
Naive Prediction Correct: True
Context Prediction Correct: True
Border Change: 5.196106350961719
---
Color0: Color(h: 330, s: 100, l: 57)
Color1: Color(h: 306, s: 100, l: 40)
Target Index: 0
Input: pink
Naive Prediction Correct: True
Context Prediction Correct: False
Border Change: 5.569652832235522
---
Color0: Color(h: 269, s: 100, l: 42)
Color1: Color(h: 245, s: 100, l: 35)
Target Index: 1
Input: marinblau
Naive Prediction Correct: False
Context Prediction Correct: True
Border Change: 5.049708831757881
---
Color0: Color(h: 347, s: 100, l: 34)
Color1: Color(h: 327, s: 100, l: 54)
Target Index: 0
Input: rot
Naive Prediction Correct: False
Context Prediction Correct: False
Border Change: 4.202230699478602
---
Color0: Color(h: 178, s: 100, l: 60)
Color1: Color(h: 154, s: 100, l: 40)
Target Index: 0
Input: türkis
Naive Prediction Correct: True
Context Prediction Correct: True
Border Change: 4.784811261200755
---
Color0: Color(h: 318, s: 100, l: 55)
Color1: Color(h: 298, s: 100, l: 48)
Target Index: 1
Input: lila
Naive Prediction Correct: True
Context Prediction Correct: True
Border Change: 3.8405443044950176
---
Color0: Color(h: 3, s: 100, l: 58)
Color1: Color(h: 21, s: 100, l: 42)
Target Index: 0
Input: rot
Naive Prediction Correct: True
Context Prediction Correct: True
Border Change: 3.282006321003944
---
Color0: Color(h: 349, s: 100, l: 57)
Color1: Color(h: 330, s: 100, l: 39)
Target Index: 0
Input: rot
Naive Prediction Correct: True
Context Prediction Correct: True
Border Change: 2.8266079676155402
---
Color0: Color(h: 268, s: 100, l: 55)
Color1: Color(h: 292, s: 100, l: 31)
Target Index: 1
Input: lila
Naive Prediction Correct: False
Context Prediction Correct: False
Border Change: 3.629976581770964
---
Color0: Color(h: 318, s: 100, l: 42)
Color1: Color(h: 338, s: 100, l: 34)
Target Index: 0
Input: pink
Naive Prediction Correct: True
Context Prediction Correct: True
Border Change: 3.856592432196904
---
Color0: Color(h: 52, s: 100, l: 48)
Color1: Color(h: 36, s: 100, l: 58)
Target Index: 0
Input: gelb
Naive Prediction Correct: True
Context Prediction Correct: True
Border Change: 3.319190953561492
---
Color0: Color(h: 156, s: 100, l: 39)
Color1: Color(h: 132, s: 100, l: 44)
Target Index: 0
Input: blattgrün
Naive Prediction Correct: True
Context Prediction Correct: False
Border Change: 5.7739424687184435
---
Color0: Color(h: 35, s: 100, l: 57)
Color1: Color(h: 12, s: 100, l: 53)
Target Index: 0
Input: gelb
Naive Prediction Correct: False
Context Prediction Correct: False
Border Change: 9.949705678905243
---
Color0: Color(h: 26, s: 100, l: 36)
Color1: Color(h: 44, s: 100, l: 53)
Target Index: 0
Input: braun
Naive Prediction Correct: True
Context Prediction Correct: True
Border Change: 3.3915173387483732
---
Color0: Color(h: 278, s: 100, l: 45)
Color1: Color(h: 302, s: 100, l: 57)
Target Index: 0
Input: lila
Naive Prediction Correct: True
Context Prediction Correct: True
Border Change: 2.4499156826093773
---
Color0: Color(h: 46, s: 100, l: 48)
Color1: Color(h: 64, s: 100, l: 45)
Target Index: 1
Input: gelb
Naive Prediction Correct: True
Context Prediction Correct: False
Border Change: 2.8932451255768004
---
Color0: Color(h: 36, s: 100, l: 37)
Color1: Color(h: 53, s: 100, l: 46)
Target Index: 0
Input: braun
Naive Prediction Correct: False
Context Prediction Correct: True
Border Change: 3.007299633220763
---
Color0: Color(h: 138, s: 100, l: 56)
Color1: Color(h: 162, s: 100, l: 55)
Target Index: 0
Input: grün
Naive Prediction Correct: True
Context Prediction Correct: False
Border Change: 8.954796087148361
---
Color0: Color(h: 137, s: 100, l: 42)
Color1: Color(h: 160, s: 100, l: 53)
Target Index: 1
Input: türkis
Naive Prediction Correct: True
Context Prediction Correct: True
Border Change: 6.066597532567297
---
Color0: Color(h: 136, s: 100, l: 47)
Color1: Color(h: 181, s: 100, l: 35)
Target Index: 0
Input: grün
Naive Prediction Correct: True
Context Prediction Correct: True
Border Change: 7.653823255740111
---
Color0: Color(h: 42, s: 100, l: 50)
Color1: Color(h: 59, s: 100, l: 32)
Target Index: 0
Input: gelb
Naive Prediction Correct: False
Context Prediction Correct: False
Border Change: 4.521022813810929
---
Color0: Color(h: 253, s: 100, l: 58)
Color1: Color(h: 288, s: 100, l: 50)
Target Index: 1
Input: lila
Naive Prediction Correct: True
Context Prediction Correct: True
Border Change: 2.2904903731383435
---
Color0: Color(h: 168, s: 100, l: 54)
Color1: Color(h: 145, s: 100, l: 53)
Target Index: 0
Input: türkis
Naive Prediction Correct: True
Context Prediction Correct: True
Border Change: 4.1926016357904725
---
Color0: Color(h: 350, s: 100, l: 49)
Color1: Color(h: 330, s: 100, l: 52)
Target Index: 0
Input: rot
Naive Prediction Correct: True
Context Prediction Correct: True
Border Change: 2.262840296908159
---
Color0: Color(h: 310, s: 100, l: 30)
Color1: Color(h: 334, s: 100, l: 37)
Target Index: 1
Input: rot
Naive Prediction Correct: False
Context Prediction Correct: True
Border Change: 5.845430000351835
---
Color0: Color(h: 274, s: 100, l: 30)
Color1: Color(h: 250, s: 100, l: 58)
Target Index: 0
Input: lila
Naive Prediction Correct: False
Context Prediction Correct: False
Border Change: 3.8037113248788694
---
Color0: Color(h: 226, s: 100, l: 37)
Color1: Color(h: 191, s: 100, l: 50)
Target Index: 0
Input: marinblau
Naive Prediction Correct: False
Context Prediction Correct: True
Border Change: 5.526967557510034
---
Color0: Color(h: 254, s: 100, l: 54)
Color1: Color(h: 290, s: 100, l: 46)
Target Index: 1
Input: lila
Naive Prediction Correct: True
Context Prediction Correct: True
Border Change: 2.046167340307544
---
Color0: Color(h: 299, s: 100, l: 32)
Color1: Color(h: 275, s: 100, l: 60)
Target Index: 0
Input: pink
Naive Prediction Correct: False
Context Prediction Correct: True
Border Change: 6.844761546556854
---
Color0: Color(h: 41, s: 100, l: 32)
Color1: Color(h: 58, s: 100, l: 48)
Target Index: 1
Input: gelb
Naive Prediction Correct: True
Context Prediction Correct: True
Border Change: 2.3912060939311237
---
Color0: Color(h: 40, s: 100, l: 45)
Color1: Color(h: 58, s: 100, l: 42)
Target Index: 1
Input: gelb
Naive Prediction Correct: True
Context Prediction Correct: True
Border Change: 2.37655677503915
---
