<< Learn Mode: statistical >>
<< Change Limit set to 750 >>
Color0: Color(h: 226, s: 100, l: 44)
Color1: Color(h: 277, s: 100, l: 50)
Target Index: 1
Input: lila
Naive Prediction Correct: True
Context Prediction Correct: True
Border Change: 5.904877743250313
---
Color0: Color(h: 75, s: 100, l: 45)
Color1: Color(h: 57, s: 100, l: 33)
Target Index: 1
Input: braun
Naive Prediction Correct: False
Context Prediction Correct: True
Border Change: 9.334099304114169
---
Color0: Color(h: 60, s: 100, l: 35)
Color1: Color(h: 42, s: 100, l: 30)
Target Index: 1
Input: braun
Naive Prediction Correct: True
Context Prediction Correct: True
Border Change: 4.681109077107553
---
Color0: Color(h: 29, s: 100, l: 52)
Color1: Color(h: 12, s: 100, l: 48)
Target Index: 1
Input: rot
Naive Prediction Correct: True
Context Prediction Correct: True
Border Change: 6.627864079861586
---
Color0: Color(h: 304, s: 100, l: 50)
Color1: Color(h: 281, s: 100, l: 53)
Target Index: 0
Input: pink
Naive Prediction Correct: True
Context Prediction Correct: True
Border Change: 6.559993635924611
---
Color0: Color(h: 160, s: 100, l: 30)
Color1: Color(h: 103, s: 100, l: 35)
Target Index: 1
Input: blattgrün
Naive Prediction Correct: False
Context Prediction Correct: False
Border Change: 34.88613879709167
---
Color0: Color(h: 17, s: 100, l: 56)
Color1: Color(h: 354, s: 100, l: 53)
Target Index: 0
Input: orange
Naive Prediction Correct: False
Context Prediction Correct: True
Border Change: 7.972315340210719
---
Color0: Color(h: 189, s: 100, l: 31)
Color1: Color(h: 221, s: 100, l: 59)
Target Index: 1
Input: blau
Naive Prediction Correct: True
Context Prediction Correct: True
Border Change: 7.7724242324778325
---
Color0: Color(h: 281, s: 100, l: 59)
Color1: Color(h: 300, s: 100, l: 56)
Target Index: 0
Input: lila
Naive Prediction Correct: True
Context Prediction Correct: True
Border Change: 5.86362310755555
---
Color0: Color(h: 151, s: 100, l: 36)
Color1: Color(h: 98, s: 100, l: 60)
Target Index: 0
Input: blattgrün
Naive Prediction Correct: True
Context Prediction Correct: True
Border Change: 6.108597307918059
---
Color0: Color(h: 337, s: 100, l: 31)
Color1: Color(h: 317, s: 100, l: 49)
Target Index: 1
Input: pink
Naive Prediction Correct: True
Context Prediction Correct: True
Border Change: 5.26671731396232
---
Color0: Color(h: 60, s: 100, l: 47)
Color1: Color(h: 39, s: 100, l: 45)
Target Index: 1
Input: orange
Naive Prediction Correct: True
Context Prediction Correct: True
Border Change: 5.4104969005262245
---
Color0: Color(h: 197, s: 100, l: 36)
Color1: Color(h: 173, s: 100, l: 43)
Target Index: 0
Input: blau
Naive Prediction Correct: False
Context Prediction Correct: True
Border Change: 14.300044374329552
---
Color0: Color(h: 288, s: 100, l: 60)
Color1: Color(h: 268, s: 100, l: 44)
Target Index: 0
Input: lila
Naive Prediction Correct: True
Context Prediction Correct: False
Border Change: 5.863170669746126
---
Color0: Color(h: 341, s: 100, l: 40)
Color1: Color(h: 9, s: 100, l: 59)
Target Index: 1
Input: orange
Naive Prediction Correct: False
Context Prediction Correct: True
Border Change: 11.397134229342226
---
Color0: Color(h: 289, s: 100, l: 43)
Color1: Color(h: 265, s: 100, l: 50)
Target Index: 1
Input: blau
Naive Prediction Correct: False
Context Prediction Correct: True
Border Change: 16.106003192615205
---
Color0: Color(h: 283, s: 100, l: 52)
Color1: Color(h: 232, s: 100, l: 38)
Target Index: 0
Input: lila
Naive Prediction Correct: True
Context Prediction Correct: True
Border Change: 4.834761088068977
---
Color0: Color(h: 36, s: 100, l: 34)
Color1: Color(h: 54, s: 100, l: 57)
Target Index: 1
Input: gelb
Naive Prediction Correct: True
Context Prediction Correct: True
Border Change: 6.362289102750041
---
Color0: Color(h: 24, s: 100, l: 52)
Color1: Color(h: 42, s: 100, l: 58)
Target Index: 1
Input: orange
Naive Prediction Correct: True
Context Prediction Correct: False
Border Change: 5.318873979598404
---
Color0: Color(h: 265, s: 100, l: 55)
Color1: Color(h: 290, s: 100, l: 34)
Target Index: 1
Input: lila
Naive Prediction Correct: True
Context Prediction Correct: False
Border Change: 6.553244053408381
---
Color0: Color(h: 131, s: 100, l: 56)
Color1: Color(h: 155, s: 100, l: 34)
Target Index: 1
Input: blattgrün
Naive Prediction Correct: True
Context Prediction Correct: True
Border Change: 5.507355385073592
---
Color0: Color(h: 66, s: 100, l: 58)
Color1: Color(h: 48, s: 100, l: 57)
Target Index: 0
Input: gelb
Naive Prediction Correct: True
Context Prediction Correct: True
Border Change: 5.3999937633872
---
Color0: Color(h: 175, s: 100, l: 30)
Color1: Color(h: 199, s: 100, l: 35)
Target Index: 0
Input: türkis
Naive Prediction Correct: True
Context Prediction Correct: False
Border Change: 8.16428386785146
---
Color0: Color(h: 283, s: 100, l: 50)
Color1: Color(h: 303, s: 100, l: 49)
Target Index: 0
Input: lila
Naive Prediction Correct: True
Context Prediction Correct: True
Border Change: 4.253681599126178
---
Color0: Color(h: 345, s: 100, l: 57)
Color1: Color(h: 13, s: 100, l: 56)
Target Index: 1
Input: rot
Naive Prediction Correct: True
Context Prediction Correct: False
Border Change: 6.448060845939063
---
Color0: Color(h: 177, s: 100, l: 42)
Color1: Color(h: 153, s: 100, l: 37)
Target Index: 1
Input: blattgrün
Naive Prediction Correct: True
Context Prediction Correct: True
Border Change: 5.46699910301988
---
Color0: Color(h: 64, s: 100, l: 45)
Color1: Color(h: 122, s: 100, l: 45)
Target Index: 0
Input: gelb
Naive Prediction Correct: True
Context Prediction Correct: True
Border Change: 4.953922680057021
---
Color0: Color(h: 320, s: 100, l: 35)
Color1: Color(h: 344, s: 100, l: 30)
Target Index: 1
Input: bordeaux
Naive Prediction Correct: True
Context Prediction Correct: True
Border Change: 5.388133220257551
---
Color0: Color(h: 147, s: 100, l: 38)
Color1: Color(h: 170, s: 100, l: 57)
Target Index: 0
Input: grün
Naive Prediction Correct: False
Context Prediction Correct: False
Border Change: 12.940616254042595
---
Color0: Color(h: 65, s: 100, l: 32)
Color1: Color(h: 47, s: 100, l: 51)
Target Index: 0
Input: olive
Naive Prediction Correct: True
Context Prediction Correct: True
Border Change: 5.072642620560761
---
Color0: Color(h: 50, s: 100, l: 52)
Color1: Color(h: 68, s: 100, l: 39)
Target Index: 0
Input: gelb
Naive Prediction Correct: True
Context Prediction Correct: False
Border Change: 5.849834793317559
---
Color0: Color(h: 230, s: 100, l: 45)
Color1: Color(h: 281, s: 100, l: 49)
Target Index: 1
Input: lila
Naive Prediction Correct: True
Context Prediction Correct: True
Border Change: 3.9631781137183237
---
Color0: Color(h: 280, s: 100, l: 32)
Color1: Color(h: 303, s: 100, l: 56)
Target Index: 0
Input: marinblau
Naive Prediction Correct: False
Context Prediction Correct: False
Border Change: 19.547435721343856
---
Color0: Color(h: 46, s: 100, l: 35)
Color1: Color(h: 64, s: 100, l: 40)
Target Index: 0
Input: braun
Naive Prediction Correct: True
Context Prediction Correct: True
Border Change: 5.324588806280533
---
Color0: Color(h: 347, s: 100, l: 48)
Color1: Color(h: 319, s: 100, l: 31)
Target Index: 1
Input: bordeaux
Naive Prediction Correct: False
Context Prediction Correct: False
Border Change: 13.208836266190914
---
Color0: Color(h: 248, s: 100, l: 56)
Color1: Color(h: 202, s: 100, l: 40)
Target Index: 0
Input: blau
Naive Prediction Correct: True
Context Prediction Correct: True
Border Change: 7.9824747371448845
---
Color0: Color(h: 15, s: 100, l: 55)
Color1: Color(h: 32, s: 100, l: 31)
Target Index: 1
Input: braun
Naive Prediction Correct: True
Context Prediction Correct: True
Border Change: 4.150846257274098
---
Color0: Color(h: 6, s: 100, l: 50)
Color1: Color(h: 39, s: 100, l: 53)
Target Index: 0
Input: rot
Naive Prediction Correct: True
Context Prediction Correct: True
Border Change: 5.244120738894292
---
Color0: Color(h: 330, s: 100, l: 42)
Color1: Color(h: 310, s: 100, l: 50)
Target Index: 1
Input: lila
Naive Prediction Correct: False
Context Prediction Correct: True
Border Change: 12.077852642062409
---
Color0: Color(h: 259, s: 100, l: 40)
Color1: Color(h: 283, s: 100, l: 46)
Target Index: 1
Input: lila
Naive Prediction Correct: True
Context Prediction Correct: True
Border Change: 3.6399204522692017
---
Color0: Color(h: 316, s: 100, l: 45)
Color1: Color(h: 336, s: 100, l: 30)
Target Index: 1
Input: bordeaux
Naive Prediction Correct: True
Context Prediction Correct: True
Border Change: 5.339113699879543
---
Color0: Color(h: 50, s: 100, l: 47)
Color1: Color(h: 33, s: 100, l: 43)
Target Index: 0
Input: gelb
Naive Prediction Correct: True
Context Prediction Correct: True
Border Change: 5.4116423067496315
---
Color0: Color(h: 24, s: 100, l: 51)
Color1: Color(h: 41, s: 100, l: 58)
Target Index: 1
Input: orange
Naive Prediction Correct: True
Context Prediction Correct: False
Border Change: 4.839657890846342
---
Color0: Color(h: 70, s: 100, l: 48)
Color1: Color(h: 92, s: 100, l: 38)
Target Index: 0
Input: gelb
Naive Prediction Correct: True
Context Prediction Correct: True
Border Change: 4.265697687698305
---
Color0: Color(h: 28, s: 100, l: 49)
Color1: Color(h: 47, s: 100, l: 37)
Target Index: 1
Input: braun
Naive Prediction Correct: True
Context Prediction Correct: False
Border Change: 5.093031284672934
---
Color0: Color(h: 274, s: 100, l: 58)
Color1: Color(h: 243, s: 100, l: 30)
Target Index: 1
Input: indigo
Naive Prediction Correct: False
Context Prediction Correct: False
Border Change: 19.141331659050927
---
Color0: Color(h: 45, s: 100, l: 56)
Color1: Color(h: 93, s: 100, l: 54)
Target Index: 0
Input: orange
Naive Prediction Correct: True
Context Prediction Correct: True
Border Change: 4.851978961453359
---
Color0: Color(h: 255, s: 100, l: 41)
Color1: Color(h: 218, s: 100, l: 60)
Target Index: 0
Input: indigo
Naive Prediction Correct: False
Context Prediction Correct: True
Border Change: 10.738562014996235
---
Color0: Color(h: 343, s: 100, l: 44)
Color1: Color(h: 310, s: 100, l: 50)
Target Index: 1
Input: pink
Naive Prediction Correct: True
Context Prediction Correct: True
Border Change: 5.093093709464749
---
Color0: Color(h: 36, s: 100, l: 57)
Color1: Color(h: 54, s: 100, l: 36)
Target Index: 1
Input: braun
Naive Prediction Correct: False
Context Prediction Correct: False
Border Change: 5.915749558078549
---
Color0: Color(h: 28, s: 100, l: 52)
Color1: Color(h: 46, s: 100, l: 51)
Target Index: 0
Input: orange
Naive Prediction Correct: True
Context Prediction Correct: False
Border Change: 3.992094162317956
---
Color0: Color(h: 359, s: 100, l: 51)
Color1: Color(h: 335, s: 100, l: 48)
Target Index: 1
Input: pink
Naive Prediction Correct: True
Context Prediction Correct: True
Border Change: 7.305898190156149
---
Color0: Color(h: 319, s: 100, l: 39)
Color1: Color(h: 339, s: 100, l: 46)
Target Index: 1
Input: rot
Naive Prediction Correct: True
Context Prediction Correct: True
Border Change: 8.707171288817484
---
Color0: Color(h: 187, s: 100, l: 49)
Color1: Color(h: 163, s: 100, l: 47)
Target Index: 0
Input: blau
Naive Prediction Correct: False
Context Prediction Correct: False
Border Change: 20.641904575931434
---
Color0: Color(h: 320, s: 100, l: 49)
Color1: Color(h: 340, s: 100, l: 55)
Target Index: 1
Input: rot
Naive Prediction Correct: True
Context Prediction Correct: True
Border Change: 7.458860401694436
---
Color0: Color(h: 287, s: 100, l: 50)
Color1: Color(h: 246, s: 100, l: 46)
Target Index: 0
Input: lila
Naive Prediction Correct: True
Context Prediction Correct: True
Border Change: 3.3984232439577373
---
Color0: Color(h: 281, s: 100, l: 33)
Color1: Color(h: 301, s: 100, l: 60)
Target Index: 1
Input: pink
Naive Prediction Correct: True
Context Prediction Correct: True
Border Change: 6.497626722360465
---
Color0: Color(h: 226, s: 100, l: 44)
Color1: Color(h: 277, s: 100, l: 50)
Target Index: 1
Input: lila
Naive Prediction Correct: True
Context Prediction Correct: True
Border Change: 3.308536480081557
---
Color0: Color(h: 75, s: 100, l: 45)
Color1: Color(h: 57, s: 100, l: 33)
Target Index: 1
Input: braun
Naive Prediction Correct: False
Context Prediction Correct: True
Border Change: 5.955980714272815
---
Color0: Color(h: 60, s: 100, l: 35)
Color1: Color(h: 42, s: 100, l: 30)
Target Index: 1
Input: braun
Naive Prediction Correct: True
Context Prediction Correct: True
Border Change: 3.0479540681693678
---
Color0: Color(h: 226, s: 100, l: 44)
Color1: Color(h: 277, s: 100, l: 50)
Target Index: 1
Input: lila
Naive Prediction Correct: True
Context Prediction Correct: True
Border Change: 3.0807180423590137
---
Color0: Color(h: 75, s: 100, l: 45)
Color1: Color(h: 57, s: 100, l: 33)
Target Index: 1
Input: braun
Naive Prediction Correct: False
Context Prediction Correct: True
Border Change: 5.0940153412411515
---
Color0: Color(h: 60, s: 100, l: 35)
Color1: Color(h: 42, s: 100, l: 30)
Target Index: 1
Input: braun
Naive Prediction Correct: True
Context Prediction Correct: True
Border Change: 2.6738900910782024
---
Color0: Color(h: 29, s: 100, l: 52)
Color1: Color(h: 12, s: 100, l: 48)
Target Index: 1
Input: rot
Naive Prediction Correct: True
Context Prediction Correct: True
Border Change: 5.2555897798431594
---
Color0: Color(h: 304, s: 100, l: 50)
Color1: Color(h: 281, s: 100, l: 53)
Target Index: 0
Input: pink
Naive Prediction Correct: True
Context Prediction Correct: True
Border Change: 4.905315293468284
---
Color0: Color(h: 160, s: 100, l: 30)
Color1: Color(h: 103, s: 100, l: 35)
Target Index: 1
Input: blattgrün
Naive Prediction Correct: False
Context Prediction Correct: False
Border Change: 29.463157806909134
---
Color0: Color(h: 17, s: 100, l: 56)
Color1: Color(h: 354, s: 100, l: 53)
Target Index: 0
Input: orange
Naive Prediction Correct: False
Context Prediction Correct: True
Border Change: 5.717759531723673
---
Color0: Color(h: 189, s: 100, l: 31)
Color1: Color(h: 221, s: 100, l: 59)
Target Index: 1
Input: blau
Naive Prediction Correct: True
Context Prediction Correct: True
Border Change: 6.261467141002648
---
Color0: Color(h: 281, s: 100, l: 59)
Color1: Color(h: 300, s: 100, l: 56)
Target Index: 0
Input: lila
Naive Prediction Correct: True
Context Prediction Correct: True
Border Change: 3.1493815832021537
---
Color0: Color(h: 151, s: 100, l: 36)
Color1: Color(h: 98, s: 100, l: 60)
Target Index: 0
Input: blattgrün
Naive Prediction Correct: True
Context Prediction Correct: True
Border Change: 4.848210521472367
---
Color0: Color(h: 337, s: 100, l: 31)
Color1: Color(h: 317, s: 100, l: 49)
Target Index: 1
Input: pink
Naive Prediction Correct: True
Context Prediction Correct: True
Border Change: 3.8689899338239857
---
Color0: Color(h: 60, s: 100, l: 47)
Color1: Color(h: 39, s: 100, l: 45)
Target Index: 1
Input: orange
Naive Prediction Correct: True
Context Prediction Correct: True
Border Change: 3.775531102740623
---
Color0: Color(h: 197, s: 100, l: 36)
Color1: Color(h: 173, s: 100, l: 43)
Target Index: 0
Input: blau
Naive Prediction Correct: False
Context Prediction Correct: False
Border Change: 12.195708388200377
---
Color0: Color(h: 288, s: 100, l: 60)
Color1: Color(h: 268, s: 100, l: 44)
Target Index: 0
Input: lila
Naive Prediction Correct: True
Context Prediction Correct: False
Border Change: 3.157755669789196
---
Color0: Color(h: 341, s: 100, l: 40)
Color1: Color(h: 9, s: 100, l: 59)
Target Index: 1
Input: orange
Naive Prediction Correct: False
Context Prediction Correct: True
Border Change: 9.309753566623638
---
Color0: Color(h: 289, s: 100, l: 43)
Color1: Color(h: 265, s: 100, l: 50)
Target Index: 1
Input: blau
Naive Prediction Correct: False
Context Prediction Correct: True
Border Change: 16.01107100793377
---
Color0: Color(h: 283, s: 100, l: 52)
Color1: Color(h: 232, s: 100, l: 38)
Target Index: 0
Input: lila
Naive Prediction Correct: True
Context Prediction Correct: True
Border Change: 2.4021937792473493
---
Color0: Color(h: 36, s: 100, l: 34)
Color1: Color(h: 54, s: 100, l: 57)
Target Index: 1
Input: gelb
Naive Prediction Correct: True
Context Prediction Correct: True
Border Change: 4.35246672075528
---
Color0: Color(h: 24, s: 100, l: 52)
Color1: Color(h: 42, s: 100, l: 58)
Target Index: 1
Input: orange
Naive Prediction Correct: True
Context Prediction Correct: False
Border Change: 3.760495766759295
---
Color0: Color(h: 265, s: 100, l: 55)
Color1: Color(h: 290, s: 100, l: 34)
Target Index: 1
Input: lila
Naive Prediction Correct: False
Context Prediction Correct: False
Border Change: 4.3453521475312336
---
Color0: Color(h: 131, s: 100, l: 56)
Color1: Color(h: 155, s: 100, l: 34)
Target Index: 1
Input: blattgrün
Naive Prediction Correct: True
Context Prediction Correct: True
Border Change: 4.54249140126562
---
Color0: Color(h: 66, s: 100, l: 58)
Color1: Color(h: 48, s: 100, l: 57)
Target Index: 0
Input: gelb
Naive Prediction Correct: True
Context Prediction Correct: True
Border Change: 3.7809969035649433
---
Color0: Color(h: 175, s: 100, l: 30)
Color1: Color(h: 199, s: 100, l: 35)
Target Index: 0
Input: türkis
Naive Prediction Correct: True
Context Prediction Correct: False
Border Change: 7.5072896881676465
---
Color0: Color(h: 283, s: 100, l: 50)
Color1: Color(h: 303, s: 100, l: 49)
Target Index: 0
Input: lila
Naive Prediction Correct: True
Context Prediction Correct: True
Border Change: 2.1389223665385084
---
Color0: Color(h: 345, s: 100, l: 57)
Color1: Color(h: 13, s: 100, l: 56)
Target Index: 1
Input: rot
Naive Prediction Correct: True
Context Prediction Correct: False
Border Change: 5.156252621187669
---
Color0: Color(h: 177, s: 100, l: 42)
Color1: Color(h: 153, s: 100, l: 37)
Target Index: 1
Input: blattgrün
Naive Prediction Correct: True
Context Prediction Correct: True
Border Change: 4.398642829339612
---
Color0: Color(h: 64, s: 100, l: 45)
Color1: Color(h: 122, s: 100, l: 45)
Target Index: 0
Input: gelb
Naive Prediction Correct: True
Context Prediction Correct: True
Border Change: 3.4359365872552674
---
Color0: Color(h: 320, s: 100, l: 35)
Color1: Color(h: 344, s: 100, l: 30)
Target Index: 1
Input: bordeaux
Naive Prediction Correct: True
Context Prediction Correct: True
Border Change: 4.377300269494738
---
Color0: Color(h: 147, s: 100, l: 38)
Color1: Color(h: 170, s: 100, l: 57)
Target Index: 0
Input: grün
Naive Prediction Correct: False
Context Prediction Correct: False
Border Change: 11.930716053293182
---
Color0: Color(h: 65, s: 100, l: 32)
Color1: Color(h: 47, s: 100, l: 51)
Target Index: 0
Input: olive
Naive Prediction Correct: True
Context Prediction Correct: True
Border Change: 4.699326885592381
---
Color0: Color(h: 50, s: 100, l: 52)
Color1: Color(h: 68, s: 100, l: 39)
Target Index: 0
Input: gelb
Naive Prediction Correct: True
Context Prediction Correct: False
Border Change: 4.122401369813045
---
Color0: Color(h: 230, s: 100, l: 45)
Color1: Color(h: 281, s: 100, l: 49)
Target Index: 1
Input: lila
Naive Prediction Correct: True
Context Prediction Correct: True
Border Change: 2.0247260711497574
---
Color0: Color(h: 280, s: 100, l: 32)
Color1: Color(h: 303, s: 100, l: 56)
Target Index: 0
Input: marinblau
Naive Prediction Correct: False
Context Prediction Correct: False
Border Change: 16.58085517959053
---
Color0: Color(h: 46, s: 100, l: 35)
Color1: Color(h: 64, s: 100, l: 40)
Target Index: 0
Input: braun
Naive Prediction Correct: True
Context Prediction Correct: True
Border Change: 2.923629400926409
---
Color0: Color(h: 347, s: 100, l: 48)
Color1: Color(h: 319, s: 100, l: 31)
Target Index: 1
Input: bordeaux
Naive Prediction Correct: False
Context Prediction Correct: False
Border Change: 10.401301684753324
---
Color0: Color(h: 248, s: 100, l: 56)
Color1: Color(h: 202, s: 100, l: 40)
Target Index: 0
Input: blau
Naive Prediction Correct: True
Context Prediction Correct: True
Border Change: 7.184327640842556
---
Color0: Color(h: 15, s: 100, l: 55)
Color1: Color(h: 32, s: 100, l: 31)
Target Index: 1
Input: braun
Naive Prediction Correct: True
Context Prediction Correct: True
Border Change: 2.872139035637495
---
Color0: Color(h: 6, s: 100, l: 50)
Color1: Color(h: 39, s: 100, l: 53)
Target Index: 0
Input: rot
Naive Prediction Correct: True
Context Prediction Correct: True
Border Change: 3.9516986524343163
---
Color0: Color(h: 330, s: 100, l: 42)
Color1: Color(h: 310, s: 100, l: 50)
Target Index: 1
Input: lila
Naive Prediction Correct: False
Context Prediction Correct: False
Border Change: 11.056069475409064
---
Color0: Color(h: 259, s: 100, l: 40)
Color1: Color(h: 283, s: 100, l: 46)
Target Index: 1
Input: lila
Naive Prediction Correct: True
Context Prediction Correct: True
Border Change: 1.9304284948878034
---
Color0: Color(h: 316, s: 100, l: 45)
Color1: Color(h: 336, s: 100, l: 30)
Target Index: 1
Input: bordeaux
Naive Prediction Correct: True
Context Prediction Correct: True
Border Change: 4.253339595907317
---
Color0: Color(h: 50, s: 100, l: 47)
Color1: Color(h: 33, s: 100, l: 43)
Target Index: 0
Input: gelb
Naive Prediction Correct: True
Context Prediction Correct: True
Border Change: 3.829894069286447
---
Color0: Color(h: 24, s: 100, l: 51)
Color1: Color(h: 41, s: 100, l: 58)
Target Index: 1
Input: orange
Naive Prediction Correct: True
Context Prediction Correct: False
Border Change: 3.365338008145294
---
Color0: Color(h: 70, s: 100, l: 48)
Color1: Color(h: 92, s: 100, l: 38)
Target Index: 0
Input: gelb
Naive Prediction Correct: True
Context Prediction Correct: True
Border Change: 3.16127846037685
---
Color0: Color(h: 28, s: 100, l: 49)
Color1: Color(h: 47, s: 100, l: 37)
Target Index: 1
Input: braun
Naive Prediction Correct: True
Context Prediction Correct: False
Border Change: 2.851286869717158
---
Color0: Color(h: 274, s: 100, l: 58)
Color1: Color(h: 243, s: 100, l: 30)
Target Index: 1
Input: indigo
Naive Prediction Correct: False
Context Prediction Correct: False
Border Change: 14.11865794219136
---
Color0: Color(h: 45, s: 100, l: 56)
Color1: Color(h: 93, s: 100, l: 54)
Target Index: 0
Input: orange
Naive Prediction Correct: True
Context Prediction Correct: True
Border Change: 3.5685117094346777
---
Color0: Color(h: 255, s: 100, l: 41)
Color1: Color(h: 218, s: 100, l: 60)
Target Index: 0
Input: indigo
Naive Prediction Correct: False
Context Prediction Correct: True
Border Change: 8.624344869284858
---
Color0: Color(h: 343, s: 100, l: 44)
Color1: Color(h: 310, s: 100, l: 50)
Target Index: 1
Input: pink
Naive Prediction Correct: True
Context Prediction Correct: True
Border Change: 3.724124730298753
---
Color0: Color(h: 36, s: 100, l: 57)
Color1: Color(h: 54, s: 100, l: 36)
Target Index: 1
Input: braun
Naive Prediction Correct: False
Context Prediction Correct: False
Border Change: 3.4026974425251946
---
Color0: Color(h: 28, s: 100, l: 52)
Color1: Color(h: 46, s: 100, l: 51)
Target Index: 0
Input: orange
Naive Prediction Correct: True
Context Prediction Correct: False
Border Change: 2.6776165835217567
---
Color0: Color(h: 359, s: 100, l: 51)
Color1: Color(h: 335, s: 100, l: 48)
Target Index: 1
Input: pink
Naive Prediction Correct: True
Context Prediction Correct: True
Border Change: 6.596422885461753
---
Color0: Color(h: 319, s: 100, l: 39)
Color1: Color(h: 339, s: 100, l: 46)
Target Index: 1
Input: rot
Naive Prediction Correct: True
Context Prediction Correct: True
Border Change: 7.2915140942314975
---
Color0: Color(h: 187, s: 100, l: 49)
Color1: Color(h: 163, s: 100, l: 47)
Target Index: 0
Input: blau
Naive Prediction Correct: False
Context Prediction Correct: True
Border Change: 18.23725199791217
---
Color0: Color(h: 320, s: 100, l: 49)
Color1: Color(h: 340, s: 100, l: 55)
Target Index: 1
Input: rot
Naive Prediction Correct: True
Context Prediction Correct: True
Border Change: 6.129137367313137
---
Color0: Color(h: 287, s: 100, l: 50)
Color1: Color(h: 246, s: 100, l: 46)
Target Index: 0
Input: lila
Naive Prediction Correct: True
Context Prediction Correct: True
Border Change: 1.7458498038439794
---
Color0: Color(h: 281, s: 100, l: 33)
Color1: Color(h: 301, s: 100, l: 60)
Target Index: 1
Input: pink
Naive Prediction Correct: True
Context Prediction Correct: True
Border Change: 5.1813091096111785
---
Color0: Color(h: 226, s: 100, l: 44)
Color1: Color(h: 277, s: 100, l: 50)
Target Index: 1
Input: lila
Naive Prediction Correct: True
Context Prediction Correct: True
Border Change: 1.9397130367418016
---
Color0: Color(h: 75, s: 100, l: 45)
Color1: Color(h: 57, s: 100, l: 33)
Target Index: 1
Input: braun
Naive Prediction Correct: False
Context Prediction Correct: True
Border Change: 3.5955589296454713
---
Color0: Color(h: 60, s: 100, l: 35)
Color1: Color(h: 42, s: 100, l: 30)
Target Index: 1
Input: braun
Naive Prediction Correct: True
Context Prediction Correct: True
Border Change: 1.838376362158865
---
