<< Learn Mode: statistical >>
<< Change Limit set to 750 >>
Color0: Color(h: 332, s: 100, l: 52)
Color1: Color(h: 356, s: 100, l: 56)
Target Index: 0
Input: pink
Naive Prediction Correct: True
Context Prediction Correct: True
Border Change: 6.973793947778623
---
Color0: Color(h: 126, s: 100, l: 49)
Color1: Color(h: 65, s: 100, l: 57)
Target Index: 1
Input: gelb
Naive Prediction Correct: True
Context Prediction Correct: True
Border Change: 5.688644767056923
---
Color0: Color(h: 294, s: 100, l: 41)
Color1: Color(h: 271, s: 100, l: 34)
Target Index: 0
Input: lila
Naive Prediction Correct: True
Context Prediction Correct: False
Border Change: 7.306730226638136
---
Color0: Color(h: 149, s: 100, l: 58)
Color1: Color(h: 173, s: 100, l: 34)
Target Index: 1
Input: blattgrün
Naive Prediction Correct: False
Context Prediction Correct: False
Border Change: 9.432253295162745
---
Color0: Color(h: 272, s: 100, l: 58)
Color1: Color(h: 248, s: 100, l: 57)
Target Index: 0
Input: lila
Naive Prediction Correct: True
Context Prediction Correct: True
Border Change: 6.251439415244837
---
Color0: Color(h: 130, s: 100, l: 54)
Color1: Color(h: 69, s: 100, l: 42)
Target Index: 1
Input: olive
Naive Prediction Correct: False
Context Prediction Correct: False
Border Change: 7.783427763268888
---
Color0: Color(h: 105, s: 100, l: 32)
Color1: Color(h: 77, s: 100, l: 38)
Target Index: 0
Input: blattgrün
Naive Prediction Correct: False
Context Prediction Correct: True
Border Change: 32.80335130344164
---
Color0: Color(h: 62, s: 100, l: 56)
Color1: Color(h: 80, s: 100, l: 43)
Target Index: 1
Input: olive
Naive Prediction Correct: False
Context Prediction Correct: False
Border Change: 8.705242769212777
---
Color0: Color(h: 105, s: 100, l: 30)
Color1: Color(h: 85, s: 100, l: 55)
Target Index: 0
Input: blattgrün
Naive Prediction Correct: False
Context Prediction Correct: True
Border Change: 24.538452408966137
---
Color0: Color(h: 64, s: 100, l: 31)
Color1: Color(h: 46, s: 100, l: 31)
Target Index: 1
Input: braun
Naive Prediction Correct: True
Context Prediction Correct: True
Border Change: 5.610122130882463
---
Color0: Color(h: 206, s: 100, l: 56)
Color1: Color(h: 152, s: 100, l: 55)
Target Index: 0
Input: blau
Naive Prediction Correct: True
Context Prediction Correct: True
Border Change: 10.319693879985786
---
Color0: Color(h: 299, s: 100, l: 43)
Color1: Color(h: 275, s: 100, l: 56)
Target Index: 1
Input: lila
Naive Prediction Correct: True
Context Prediction Correct: True
Border Change: 5.46750725587485
---
Color0: Color(h: 321, s: 100, l: 47)
Color1: Color(h: 300, s: 100, l: 48)
Target Index: 1
Input: pink
Naive Prediction Correct: True
Context Prediction Correct: False
Border Change: 7.439401288226671
---
Color0: Color(h: 324, s: 100, l: 34)
Color1: Color(h: 342, s: 100, l: 40)
Target Index: 1
Input: bordeaux
Naive Prediction Correct: False
Context Prediction Correct: False
Border Change: 7.66197840256971
---
Color0: Color(h: 100, s: 100, l: 34)
Color1: Color(h: 84, s: 100, l: 46)
Target Index: 0
Input: blattgrün
Naive Prediction Correct: False
Context Prediction Correct: False
Border Change: 26.127430925748158
---
Color0: Color(h: 358, s: 100, l: 30)
Color1: Color(h: 334, s: 100, l: 53)
Target Index: 1
Input: pink
Naive Prediction Correct: True
Context Prediction Correct: True
Border Change: 6.913882055614809
---
Color0: Color(h: 301, s: 100, l: 42)
Color1: Color(h: 315, s: 100, l: 49)
Target Index: 1
Input: pink
Naive Prediction Correct: True
Context Prediction Correct: True
Border Change: 4.721937440372534
---
Color0: Color(h: 182, s: 100, l: 55)
Color1: Color(h: 142, s: 100, l: 43)
Target Index: 1
Input: grün
Naive Prediction Correct: True
Context Prediction Correct: False
Border Change: 11.180859206390354
---
Color0: Color(h: 210, s: 100, l: 44)
Color1: Color(h: 155, s: 100, l: 39)
Target Index: 1
Input: grün
Naive Prediction Correct: True
Context Prediction Correct: False
Border Change: 14.59437769693912
---
Color0: Color(h: 286, s: 100, l: 55)
Color1: Color(h: 257, s: 100, l: 43)
Target Index: 0
Input: lila
Naive Prediction Correct: True
Context Prediction Correct: True
Border Change: 5.1010694571444555
---
Color0: Color(h: 293, s: 100, l: 41)
Color1: Color(h: 316, s: 100, l: 38)
Target Index: 0
Input: lila
Naive Prediction Correct: True
Context Prediction Correct: True
Border Change: 5.837321802832564
---
Color0: Color(h: 54, s: 100, l: 59)
Color1: Color(h: 72, s: 100, l: 58)
Target Index: 0
Input: orange
Naive Prediction Correct: False
Context Prediction Correct: True
Border Change: 8.562138267489102
---
Color0: Color(h: 244, s: 100, l: 48)
Color1: Color(h: 214, s: 100, l: 50)
Target Index: 0
Input: marinblau
Naive Prediction Correct: False
Context Prediction Correct: False
Border Change: 11.948578623928862
---
Color0: Color(h: 291, s: 100, l: 39)
Color1: Color(h: 236, s: 100, l: 36)
Target Index: 0
Input: indigo
Naive Prediction Correct: False
Context Prediction Correct: False
Border Change: 7.639526847690879
---
Color0: Color(h: 256, s: 100, l: 49)
Color1: Color(h: 279, s: 100, l: 54)
Target Index: 0
Input: marinblau
Naive Prediction Correct: False
Context Prediction Correct: False
Border Change: 12.229557771442767
---
Color0: Color(h: 202, s: 100, l: 35)
Color1: Color(h: 163, s: 100, l: 50)
Target Index: 1
Input: türkis
Naive Prediction Correct: True
Context Prediction Correct: False
Border Change: 7.547648585670158
---
Color0: Color(h: 196, s: 100, l: 53)
Color1: Color(h: 251, s: 100, l: 36)
Target Index: 1
Input: marinblau
Naive Prediction Correct: True
Context Prediction Correct: True
Border Change: 6.05500127829362
---
Color0: Color(h: 73, s: 100, l: 37)
Color1: Color(h: 55, s: 100, l: 58)
Target Index: 1
Input: orange
Naive Prediction Correct: False
Context Prediction Correct: True
Border Change: 8.00380130653698
---
Color0: Color(h: 91, s: 100, l: 45)
Color1: Color(h: 142, s: 100, l: 33)
Target Index: 1
Input: blattgrün
Naive Prediction Correct: True
Context Prediction Correct: True
Border Change: 5.054164622782751
---
Color0: Color(h: 31, s: 100, l: 38)
Color1: Color(h: 49, s: 100, l: 51)
Target Index: 1
Input: orange
Naive Prediction Correct: True
Context Prediction Correct: False
Border Change: 5.617312946926815
---
Color0: Color(h: 294, s: 100, l: 49)
Color1: Color(h: 271, s: 100, l: 47)
Target Index: 0
Input: lila
Naive Prediction Correct: True
Context Prediction Correct: False
Border Change: 5.159253595408707
---
Color0: Color(h: 80, s: 100, l: 52)
Color1: Color(h: 100, s: 100, l: 41)
Target Index: 1
Input: grün
Naive Prediction Correct: True
Context Prediction Correct: False
Border Change: 10.775992650072228
---
Color0: Color(h: 174, s: 100, l: 49)
Color1: Color(h: 229, s: 100, l: 46)
Target Index: 1
Input: marinblau
Naive Prediction Correct: False
Context Prediction Correct: False
Border Change: 8.515134925540705
---
Color0: Color(h: 56, s: 100, l: 42)
Color1: Color(h: 76, s: 100, l: 44)
Target Index: 1
Input: olive
Naive Prediction Correct: False
Context Prediction Correct: False
Border Change: 7.460247330225704
---
Color0: Color(h: 170, s: 100, l: 33)
Color1: Color(h: 122, s: 100, l: 33)
Target Index: 1
Input: blattgrün
Naive Prediction Correct: False
Context Prediction Correct: False
Border Change: 7.206494857864156
---
Color0: Color(h: 49, s: 100, l: 42)
Color1: Color(h: 35, s: 100, l: 52)
Target Index: 1
Input: orange
Naive Prediction Correct: True
Context Prediction Correct: False
Border Change: 4.620958769362159
---
Color0: Color(h: 304, s: 100, l: 32)
Color1: Color(h: 280, s: 100, l: 32)
Target Index: 1
Input: indigo
Naive Prediction Correct: True
Context Prediction Correct: True
Border Change: 5.0633003836230905
---
Color0: Color(h: 35, s: 100, l: 31)
Color1: Color(h: 17, s: 100, l: 39)
Target Index: 0
Input: braun
Naive Prediction Correct: True
Context Prediction Correct: True
Border Change: 4.5998194440627955
---
Color0: Color(h: 176, s: 100, l: 30)
Color1: Color(h: 136, s: 100, l: 32)
Target Index: 1
Input: blattgrün
Naive Prediction Correct: True
Context Prediction Correct: True
Border Change: 4.48267811156656
---
Color0: Color(h: 254, s: 100, l: 36)
Color1: Color(h: 214, s: 100, l: 56)
Target Index: 1
Input: blau
Naive Prediction Correct: True
Context Prediction Correct: False
Border Change: 7.794385958222443
---
Color0: Color(h: 282, s: 100, l: 54)
Color1: Color(h: 258, s: 100, l: 41)
Target Index: 0
Input: lila
Naive Prediction Correct: True
Context Prediction Correct: True
Border Change: 4.067381961900465
---
Color0: Color(h: 44, s: 100, l: 58)
Color1: Color(h: 58, s: 100, l: 50)
Target Index: 1
Input: gelb
Naive Prediction Correct: True
Context Prediction Correct: True
Border Change: 5.349436503714447
---
Color0: Color(h: 67, s: 100, l: 44)
Color1: Color(h: 52, s: 100, l: 51)
Target Index: 1
Input: orange
Naive Prediction Correct: False
Context Prediction Correct: True
Border Change: 5.487873276669977
---
Color0: Color(h: 278, s: 100, l: 34)
Color1: Color(h: 300, s: 100, l: 32)
Target Index: 0
Input: indigo
Naive Prediction Correct: True
Context Prediction Correct: False
Border Change: 4.990546861362573
---
Color0: Color(h: 60, s: 100, l: 60)
Color1: Color(h: 90, s: 100, l: 57)
Target Index: 0
Input: gelb
Naive Prediction Correct: True
Context Prediction Correct: True
Border Change: 5.3045815276948325
---
Color0: Color(h: 307, s: 100, l: 50)
Color1: Color(h: 352, s: 100, l: 52)
Target Index: 1
Input: rot
Naive Prediction Correct: True
Context Prediction Correct: True
Border Change: 6.190166883946214
---
Color0: Color(h: 319, s: 100, l: 48)
Color1: Color(h: 343, s: 100, l: 43)
Target Index: 1
Input: rot
Naive Prediction Correct: True
Context Prediction Correct: True
Border Change: 7.3007834468629955
---
Color0: Color(h: 328, s: 100, l: 46)
Color1: Color(h: 314, s: 100, l: 41)
Target Index: 0
Input: pink
Naive Prediction Correct: True
Context Prediction Correct: False
Border Change: 4.998692984284828
---
Color0: Color(h: 190, s: 100, l: 45)
Color1: Color(h: 226, s: 100, l: 44)
Target Index: 0
Input: blau
Naive Prediction Correct: False
Context Prediction Correct: False
Border Change: 16.174920306595496
---
Color0: Color(h: 103, s: 100, l: 60)
Color1: Color(h: 83, s: 100, l: 41)
Target Index: 0
Input: grün
Naive Prediction Correct: True
Context Prediction Correct: False
Border Change: 9.741694633344839
---
Color0: Color(h: 288, s: 100, l: 41)
Color1: Color(h: 268, s: 100, l: 35)
Target Index: 1
Input: marinblau
Naive Prediction Correct: False
Context Prediction Correct: True
Border Change: 9.743083736661932
---
Color0: Color(h: 309, s: 100, l: 53)
Color1: Color(h: 286, s: 100, l: 55)
Target Index: 0
Input: pink
Naive Prediction Correct: True
Context Prediction Correct: True
Border Change: 4.599152036410824
---
Color0: Color(h: 138, s: 100, l: 58)
Color1: Color(h: 159, s: 100, l: 60)
Target Index: 1
Input: türkis
Naive Prediction Correct: True
Context Prediction Correct: True
Border Change: 8.494945723155224
---
Color0: Color(h: 65, s: 100, l: 54)
Color1: Color(h: 20, s: 100, l: 38)
Target Index: 0
Input: gelb
Naive Prediction Correct: True
Context Prediction Correct: True
Border Change: 4.510636711576313
---
Color0: Color(h: 104, s: 100, l: 57)
Color1: Color(h: 84, s: 100, l: 60)
Target Index: 1
Input: gelb
Naive Prediction Correct: False
Context Prediction Correct: True
Border Change: 7.915022316720156
---
Color0: Color(h: 75, s: 100, l: 43)
Color1: Color(h: 47, s: 100, l: 55)
Target Index: 0
Input: olive
Naive Prediction Correct: False
Context Prediction Correct: True
Border Change: 6.282787056138231
---
Color0: Color(h: 315, s: 100, l: 38)
Color1: Color(h: 339, s: 100, l: 45)
Target Index: 1
Input: rot
Naive Prediction Correct: True
Context Prediction Correct: True
Border Change: 7.653259395253306
---
Color0: Color(h: 190, s: 100, l: 44)
Color1: Color(h: 240, s: 100, l: 54)
Target Index: 1
Input: marinblau
Naive Prediction Correct: False
Context Prediction Correct: True
Border Change: 10.474361792160746
---
Color0: Color(h: 23, s: 100, l: 46)
Color1: Color(h: 41, s: 100, l: 56)
Target Index: 0
Input: rot
Naive Prediction Correct: False
Context Prediction Correct: True
Border Change: 10.10899724979112
---
Color0: Color(h: 30, s: 100, l: 50)
Color1: Color(h: 6, s: 100, l: 51)
Target Index: 1
Input: rot
Naive Prediction Correct: True
Context Prediction Correct: True
Border Change: 4.912394407236317
---
Color0: Color(h: 332, s: 100, l: 52)
Color1: Color(h: 356, s: 100, l: 56)
Target Index: 0
Input: pink
Naive Prediction Correct: True
Context Prediction Correct: True
Border Change: 5.08229392587168
---
Color0: Color(h: 126, s: 100, l: 49)
Color1: Color(h: 65, s: 100, l: 57)
Target Index: 1
Input: gelb
Naive Prediction Correct: True
Context Prediction Correct: True
Border Change: 4.084490266205341
---
Color0: Color(h: 294, s: 100, l: 41)
Color1: Color(h: 271, s: 100, l: 34)
Target Index: 0
Input: lila
Naive Prediction Correct: True
Context Prediction Correct: False
Border Change: 4.9257684468647085
---
Color0: Color(h: 149, s: 100, l: 58)
Color1: Color(h: 173, s: 100, l: 34)
Target Index: 1
Input: blattgrün
Naive Prediction Correct: False
Context Prediction Correct: False
Border Change: 11.499231133381949
---
Color0: Color(h: 272, s: 100, l: 58)
Color1: Color(h: 248, s: 100, l: 57)
Target Index: 0
Input: lila
Naive Prediction Correct: True
Context Prediction Correct: True
Border Change: 4.4806644279084695
---
Color0: Color(h: 130, s: 100, l: 54)
Color1: Color(h: 69, s: 100, l: 42)
Target Index: 1
Input: olive
Naive Prediction Correct: False
Context Prediction Correct: False
Border Change: 5.163596011284817
---
Color0: Color(h: 105, s: 100, l: 32)
Color1: Color(h: 77, s: 100, l: 38)
Target Index: 0
Input: blattgrün
Naive Prediction Correct: False
Context Prediction Correct: True
Border Change: 16.074292002869832
---
Color0: Color(h: 62, s: 100, l: 56)
Color1: Color(h: 80, s: 100, l: 43)
Target Index: 1
Input: olive
Naive Prediction Correct: False
Context Prediction Correct: False
Border Change: 5.9061883558828026
---
Color0: Color(h: 105, s: 100, l: 30)
Color1: Color(h: 85, s: 100, l: 55)
Target Index: 0
Input: blattgrün
Naive Prediction Correct: False
Context Prediction Correct: True
Border Change: 13.493889661430927
---
Color0: Color(h: 64, s: 100, l: 31)
Color1: Color(h: 46, s: 100, l: 31)
Target Index: 1
Input: braun
Naive Prediction Correct: True
Context Prediction Correct: True
Border Change: 4.8590568661473705
---
Color0: Color(h: 206, s: 100, l: 56)
Color1: Color(h: 152, s: 100, l: 55)
Target Index: 0
Input: blau
Naive Prediction Correct: True
Context Prediction Correct: True
Border Change: 8.047578612174165
---
Color0: Color(h: 299, s: 100, l: 43)
Color1: Color(h: 275, s: 100, l: 56)
Target Index: 1
Input: lila
Naive Prediction Correct: True
Context Prediction Correct: False
Border Change: 3.712891754637327
---
Color0: Color(h: 321, s: 100, l: 47)
Color1: Color(h: 300, s: 100, l: 48)
Target Index: 1
Input: pink
Naive Prediction Correct: False
Context Prediction Correct: False
Border Change: 6.180420409478503
---
Color0: Color(h: 324, s: 100, l: 34)
Color1: Color(h: 342, s: 100, l: 40)
Target Index: 1
Input: bordeaux
Naive Prediction Correct: False
Context Prediction Correct: False
Border Change: 6.945145590500606
---
Color0: Color(h: 100, s: 100, l: 34)
Color1: Color(h: 84, s: 100, l: 46)
Target Index: 0
Input: blattgrün
Naive Prediction Correct: False
Context Prediction Correct: False
Border Change: 15.538309464345378
---
Color0: Color(h: 358, s: 100, l: 30)
Color1: Color(h: 334, s: 100, l: 53)
Target Index: 1
Input: pink
Naive Prediction Correct: True
Context Prediction Correct: True
Border Change: 5.258396315703667
---
Color0: Color(h: 301, s: 100, l: 42)
Color1: Color(h: 315, s: 100, l: 49)
Target Index: 1
Input: pink
Naive Prediction Correct: True
Context Prediction Correct: True
Border Change: 3.2965998125423255
---
Color0: Color(h: 182, s: 100, l: 55)
Color1: Color(h: 142, s: 100, l: 43)
Target Index: 1
Input: grün
Naive Prediction Correct: True
Context Prediction Correct: False
Border Change: 9.291308915574
---
Color0: Color(h: 210, s: 100, l: 44)
Color1: Color(h: 155, s: 100, l: 39)
Target Index: 1
Input: grün
Naive Prediction Correct: True
Context Prediction Correct: False
Border Change: 12.898059070670962
---
Color0: Color(h: 286, s: 100, l: 55)
Color1: Color(h: 257, s: 100, l: 43)
Target Index: 0
Input: lila
Naive Prediction Correct: True
Context Prediction Correct: True
Border Change: 3.276279498478373
---
Color0: Color(h: 293, s: 100, l: 41)
Color1: Color(h: 316, s: 100, l: 38)
Target Index: 0
Input: lila
Naive Prediction Correct: True
Context Prediction Correct: True
Border Change: 4.060616531845525
---
Color0: Color(h: 54, s: 100, l: 59)
Color1: Color(h: 72, s: 100, l: 58)
Target Index: 0
Input: orange
Naive Prediction Correct: False
Context Prediction Correct: True
Border Change: 5.784734544786951
---
Color0: Color(h: 244, s: 100, l: 48)
Color1: Color(h: 214, s: 100, l: 50)
Target Index: 0
Input: marinblau
Naive Prediction Correct: False
Context Prediction Correct: False
Border Change: 6.461340734798157
---
Color0: Color(h: 291, s: 100, l: 39)
Color1: Color(h: 236, s: 100, l: 36)
Target Index: 0
Input: indigo
Naive Prediction Correct: False
Context Prediction Correct: False
Border Change: 6.088040482299909
---
Color0: Color(h: 256, s: 100, l: 49)
Color1: Color(h: 279, s: 100, l: 54)
Target Index: 0
Input: marinblau
Naive Prediction Correct: False
Context Prediction Correct: True
Border Change: 7.069906830544608
---
Color0: Color(h: 202, s: 100, l: 35)
Color1: Color(h: 163, s: 100, l: 50)
Target Index: 1
Input: türkis
Naive Prediction Correct: True
Context Prediction Correct: False
Border Change: 6.391484500168992
---
Color0: Color(h: 196, s: 100, l: 53)
Color1: Color(h: 251, s: 100, l: 36)
Target Index: 1
Input: marinblau
Naive Prediction Correct: True
Context Prediction Correct: True
Border Change: 3.966020338024189
---
Color0: Color(h: 73, s: 100, l: 37)
Color1: Color(h: 55, s: 100, l: 58)
Target Index: 1
Input: orange
Naive Prediction Correct: False
Context Prediction Correct: True
Border Change: 5.455848074036308
---
Color0: Color(h: 91, s: 100, l: 45)
Color1: Color(h: 142, s: 100, l: 33)
Target Index: 1
Input: blattgrün
Naive Prediction Correct: True
Context Prediction Correct: True
Border Change: 3.9311572684916074
---
Color0: Color(h: 31, s: 100, l: 38)
Color1: Color(h: 49, s: 100, l: 51)
Target Index: 1
Input: orange
Naive Prediction Correct: True
Context Prediction Correct: False
Border Change: 3.9071119806752037
---
Color0: Color(h: 294, s: 100, l: 49)
Color1: Color(h: 271, s: 100, l: 47)
Target Index: 0
Input: lila
Naive Prediction Correct: True
Context Prediction Correct: False
Border Change: 3.464873073453788
---
Color0: Color(h: 80, s: 100, l: 52)
Color1: Color(h: 100, s: 100, l: 41)
Target Index: 1
Input: grün
Naive Prediction Correct: True
Context Prediction Correct: False
Border Change: 9.47613633527038
---
Color0: Color(h: 174, s: 100, l: 49)
Color1: Color(h: 229, s: 100, l: 46)
Target Index: 1
Input: marinblau
Naive Prediction Correct: False
Context Prediction Correct: True
Border Change: 5.8579712151388295
---
Color0: Color(h: 56, s: 100, l: 42)
Color1: Color(h: 76, s: 100, l: 44)
Target Index: 1
Input: olive
Naive Prediction Correct: False
Context Prediction Correct: False
Border Change: 5.068147482533267
---
Color0: Color(h: 170, s: 100, l: 33)
Color1: Color(h: 122, s: 100, l: 33)
Target Index: 1
Input: blattgrün
Naive Prediction Correct: False
Context Prediction Correct: False
Border Change: 4.6030983296558245
---
Color0: Color(h: 49, s: 100, l: 42)
Color1: Color(h: 35, s: 100, l: 52)
Target Index: 1
Input: orange
Naive Prediction Correct: True
Context Prediction Correct: False
Border Change: 3.5474435113136873
---
Color0: Color(h: 304, s: 100, l: 32)
Color1: Color(h: 280, s: 100, l: 32)
Target Index: 1
Input: indigo
Naive Prediction Correct: True
Context Prediction Correct: True
Border Change: 4.053558610455855
---
Color0: Color(h: 35, s: 100, l: 31)
Color1: Color(h: 17, s: 100, l: 39)
Target Index: 0
Input: braun
Naive Prediction Correct: True
Context Prediction Correct: True
Border Change: 3.9879495313879385
---
Color0: Color(h: 176, s: 100, l: 30)
Color1: Color(h: 136, s: 100, l: 32)
Target Index: 1
Input: blattgrün
Naive Prediction Correct: True
Context Prediction Correct: True
Border Change: 3.264566606590715
---
Color0: Color(h: 254, s: 100, l: 36)
Color1: Color(h: 214, s: 100, l: 56)
Target Index: 1
Input: blau
Naive Prediction Correct: True
Context Prediction Correct: False
Border Change: 6.256787326688469
---
Color0: Color(h: 282, s: 100, l: 54)
Color1: Color(h: 258, s: 100, l: 41)
Target Index: 0
Input: lila
Naive Prediction Correct: True
Context Prediction Correct: True
Border Change: 2.6494165450830707
---
Color0: Color(h: 44, s: 100, l: 58)
Color1: Color(h: 58, s: 100, l: 50)
Target Index: 1
Input: gelb
Naive Prediction Correct: True
Context Prediction Correct: True
Border Change: 4.016232918279807
---
Color0: Color(h: 67, s: 100, l: 44)
Color1: Color(h: 52, s: 100, l: 51)
Target Index: 1
Input: orange
Naive Prediction Correct: True
Context Prediction Correct: True
Border Change: 3.8180333960634867
---
Color0: Color(h: 278, s: 100, l: 34)
Color1: Color(h: 300, s: 100, l: 32)
Target Index: 0
Input: indigo
Naive Prediction Correct: True
Context Prediction Correct: False
Border Change: 3.9976179442043365
---
Color0: Color(h: 60, s: 100, l: 60)
Color1: Color(h: 90, s: 100, l: 57)
Target Index: 0
Input: gelb
Naive Prediction Correct: True
Context Prediction Correct: True
Border Change: 3.886159271481313
---
Color0: Color(h: 307, s: 100, l: 50)
Color1: Color(h: 352, s: 100, l: 52)
Target Index: 1
Input: rot
Naive Prediction Correct: True
Context Prediction Correct: True
Border Change: 4.63402579426962
---
Color0: Color(h: 319, s: 100, l: 48)
Color1: Color(h: 343, s: 100, l: 43)
Target Index: 1
Input: rot
Naive Prediction Correct: True
Context Prediction Correct: True
Border Change: 5.720755970864288
---
Color0: Color(h: 328, s: 100, l: 46)
Color1: Color(h: 314, s: 100, l: 41)
Target Index: 0
Input: pink
Naive Prediction Correct: True
Context Prediction Correct: False
Border Change: 3.5899196681202055
---
Color0: Color(h: 190, s: 100, l: 45)
Color1: Color(h: 226, s: 100, l: 44)
Target Index: 0
Input: blau
Naive Prediction Correct: False
Context Prediction Correct: False
Border Change: 12.81570437879254
---
Color0: Color(h: 103, s: 100, l: 60)
Color1: Color(h: 83, s: 100, l: 41)
Target Index: 0
Input: grün
Naive Prediction Correct: True
Context Prediction Correct: False
Border Change: 8.619886290366415
---
Color0: Color(h: 288, s: 100, l: 41)
Color1: Color(h: 268, s: 100, l: 35)
Target Index: 1
Input: marinblau
Naive Prediction Correct: False
Context Prediction Correct: True
Border Change: 7.755728022792851
---
Color0: Color(h: 309, s: 100, l: 53)
Color1: Color(h: 286, s: 100, l: 55)
Target Index: 0
Input: pink
Naive Prediction Correct: True
Context Prediction Correct: True
Border Change: 3.416025359852726
---
Color0: Color(h: 138, s: 100, l: 58)
Color1: Color(h: 159, s: 100, l: 60)
Target Index: 1
Input: türkis
Naive Prediction Correct: True
Context Prediction Correct: True
Border Change: 7.186334233027033
---
Color0: Color(h: 65, s: 100, l: 54)
Color1: Color(h: 20, s: 100, l: 38)
Target Index: 0
Input: gelb
Naive Prediction Correct: True
Context Prediction Correct: True
Border Change: 3.2540787948924774
---
Color0: Color(h: 104, s: 100, l: 57)
Color1: Color(h: 84, s: 100, l: 60)
Target Index: 1
Input: gelb
Naive Prediction Correct: False
Context Prediction Correct: True
Border Change: 6.732018704423628
---
Color0: Color(h: 75, s: 100, l: 43)
Color1: Color(h: 47, s: 100, l: 55)
Target Index: 0
Input: olive
Naive Prediction Correct: False
Context Prediction Correct: True
Border Change: 4.3438847722972085
---
Color0: Color(h: 315, s: 100, l: 38)
Color1: Color(h: 339, s: 100, l: 45)
Target Index: 1
Input: rot
Naive Prediction Correct: True
Context Prediction Correct: True
Border Change: 6.174012692905004
---
Color0: Color(h: 190, s: 100, l: 44)
Color1: Color(h: 240, s: 100, l: 54)
Target Index: 1
Input: marinblau
Naive Prediction Correct: False
Context Prediction Correct: True
Border Change: 6.550464617504031
---
Color0: Color(h: 23, s: 100, l: 46)
Color1: Color(h: 41, s: 100, l: 56)
Target Index: 0
Input: rot
Naive Prediction Correct: False
Context Prediction Correct: True
Border Change: 9.446284445475499
---
Color0: Color(h: 30, s: 100, l: 50)
Color1: Color(h: 6, s: 100, l: 51)
Target Index: 1
Input: rot
Naive Prediction Correct: True
Context Prediction Correct: True
Border Change: 3.811560982590762
---
