<< Learn Mode: statistical >>
<< Change Limit set to 750 >>
Color0: Color(h: 23, s: 100, l: 49)
Color1: Color(h: 5, s: 100, l: 45)
Target Index: 0
Input: orange
Naive Prediction Correct: True
Context Prediction Correct: True
Border Change: 6.295612945158156
---
Color0: Color(h: 285, s: 100, l: 56)
Color1: Color(h: 261, s: 100, l: 38)
Target Index: 1
Input: marinblau
Naive Prediction Correct: False
Context Prediction Correct: True
Border Change: 9.751087248449618
---
Color0: Color(h: 199, s: 100, l: 56)
Color1: Color(h: 162, s: 100, l: 31)
Target Index: 1
Input: olive
Naive Prediction Correct: False
Context Prediction Correct: False
Border Change: 391.8592576796032
---
Color0: Color(h: 313, s: 100, l: 53)
Color1: Color(h: 333, s: 100, l: 37)
Target Index: 1
Input: bordeaux
Naive Prediction Correct: False
Context Prediction Correct: True
Border Change: 8.142268532438425
---
Color0: Color(h: 72, s: 100, l: 47)
Color1: Color(h: 89, s: 100, l: 30)
Target Index: 0
Input: gelb
Naive Prediction Correct: True
Context Prediction Correct: True
Border Change: 5.7448045878648
---
Color0: Color(h: 5, s: 100, l: 30)
Color1: Color(h: 340, s: 100, l: 55)
Target Index: 0
Input: bordeaux
Naive Prediction Correct: False
Context Prediction Correct: False
Border Change: 6.359892816205366
---
Color0: Color(h: 26, s: 100, l: 60)
Color1: Color(h: 10, s: 100, l: 43)
Target Index: 0
Input: orange
Naive Prediction Correct: True
Context Prediction Correct: True
Border Change: 5.947373926375023
---
Color0: Color(h: 85, s: 100, l: 44)
Color1: Color(h: 33, s: 100, l: 48)
Target Index: 1
Input: orange
Naive Prediction Correct: True
Context Prediction Correct: True
Border Change: 4.833735365978753
---
Color0: Color(h: 168, s: 100, l: 58)
Color1: Color(h: 192, s: 100, l: 46)
Target Index: 1
Input: blau
Naive Prediction Correct: False
Context Prediction Correct: False
Border Change: 16.87140342376468
---
Color0: Color(h: 266, s: 100, l: 52)
Color1: Color(h: 17, s: 100, l: 33)
Target Index: 0
Input: blau
Naive Prediction Correct: False
Context Prediction Correct: False
Border Change: 16.67543225087542
---
Color0: Color(h: 294, s: 100, l: 40)
Color1: Color(h: 318, s: 100, l: 50)
Target Index: 0
Input: lila
Naive Prediction Correct: True
Context Prediction Correct: True
Border Change: 7.400793309105229
---
Color0: Color(h: 41, s: 100, l: 47)
Color1: Color(h: 58, s: 100, l: 33)
Target Index: 1
Input: olive
Naive Prediction Correct: True
Context Prediction Correct: True
Border Change: 6.792451182925488
---
Color0: Color(h: 48, s: 100, l: 54)
Color1: Color(h: 81, s: 100, l: 40)
Target Index: 1
Input: olive
Naive Prediction Correct: False
Context Prediction Correct: False
Border Change: 8.056369204746764
---
Color0: Color(h: 249, s: 100, l: 56)
Color1: Color(h: 206, s: 100, l: 30)
Target Index: 1
Input: marinblau
Naive Prediction Correct: False
Context Prediction Correct: False
Border Change: 15.082397475821365
---
Color0: Color(h: 132, s: 100, l: 41)
Color1: Color(h: 109, s: 100, l: 51)
Target Index: 0
Input: olive
Naive Prediction Correct: False
Context Prediction Correct: False
Border Change: 54.321863765142915
---
Color0: Color(h: 4, s: 100, l: 39)
Color1: Color(h: 21, s: 100, l: 54)
Target Index: 1
Input: orange
Naive Prediction Correct: True
Context Prediction Correct: True
Border Change: 5.513054109803304
---
Color0: Color(h: 43, s: 100, l: 55)
Color1: Color(h: 26, s: 100, l: 41)
Target Index: 0
Input: orange
Naive Prediction Correct: True
Context Prediction Correct: False
Border Change: 4.878025055822248
---
Color0: Color(h: 333, s: 100, l: 31)
Color1: Color(h: 353, s: 100, l: 38)
Target Index: 0
Input: bordeaux
Naive Prediction Correct: True
Context Prediction Correct: False
Border Change: 6.354415253590109
---
Color0: Color(h: 266, s: 100, l: 36)
Color1: Color(h: 289, s: 100, l: 50)
Target Index: 1
Input: lila
Naive Prediction Correct: True
Context Prediction Correct: False
Border Change: 5.832430960595128
---
Color0: Color(h: 168, s: 100, l: 41)
Color1: Color(h: 144, s: 100, l: 35)
Target Index: 1
Input: blattgrün
Naive Prediction Correct: False
Context Prediction Correct: False
Border Change: 6.166776108464899
---
Color0: Color(h: 16, s: 100, l: 54)
Color1: Color(h: 51, s: 100, l: 39)
Target Index: 0
Input: rot
Naive Prediction Correct: True
Context Prediction Correct: True
Border Change: 7.391043473418155
---
Color0: Color(h: 334, s: 100, l: 32)
Color1: Color(h: 314, s: 100, l: 54)
Target Index: 0
Input: bordeaux
Naive Prediction Correct: True
Context Prediction Correct: True
Border Change: 5.708797834037083
---
Color0: Color(h: 331, s: 100, l: 39)
Color1: Color(h: 310, s: 100, l: 52)
Target Index: 0
Input: bordeaux
Naive Prediction Correct: False
Context Prediction Correct: True
Border Change: 7.043500030833277
---
Color0: Color(h: 275, s: 100, l: 58)
Color1: Color(h: 254, s: 100, l: 33)
Target Index: 1
Input: marinblau
Naive Prediction Correct: True
Context Prediction Correct: True
Border Change: 6.631380047417952
---
Color0: Color(h: 61, s: 100, l: 53)
Color1: Color(h: 19, s: 100, l: 57)
Target Index: 0
Input: gelb
Naive Prediction Correct: True
Context Prediction Correct: True
Border Change: 5.246031621366919
---
Color0: Color(h: 216, s: 100, l: 41)
Color1: Color(h: 67, s: 100, l: 52)
Target Index: 1
Input: gelb
Naive Prediction Correct: True
Context Prediction Correct: True
Border Change: 4.802713907743977
---
Color0: Color(h: 313, s: 100, l: 34)
Color1: Color(h: 139, s: 100, l: 31)
Target Index: 0
Input: lila
Naive Prediction Correct: False
Context Prediction Correct: False
Border Change: 15.527661759524943
---
Color0: Color(h: 58, s: 100, l: 45)
Color1: Color(h: 40, s: 100, l: 37)
Target Index: 0
Input: gelb
Naive Prediction Correct: True
Context Prediction Correct: True
Border Change: 4.84475342550969
---
Color0: Color(h: 301, s: 100, l: 41)
Color1: Color(h: 324, s: 100, l: 42)
Target Index: 0
Input: lila
Naive Prediction Correct: True
Context Prediction Correct: True
Border Change: 7.052961659807648
---
Color0: Color(h: 33, s: 100, l: 48)
Color1: Color(h: 51, s: 100, l: 54)
Target Index: 0
Input: orange
Naive Prediction Correct: True
Context Prediction Correct: True
Border Change: 3.985604707606203
---
Color0: Color(h: 34, s: 100, l: 36)
Color1: Color(h: 16, s: 100, l: 38)
Target Index: 0
Input: braun
Naive Prediction Correct: False
Context Prediction Correct: False
Border Change: 5.817991020568576
---
Color0: Color(h: 13, s: 100, l: 50)
Color1: Color(h: 350, s: 100, l: 33)
Target Index: 0
Input: orange
Naive Prediction Correct: False
Context Prediction Correct: True
Border Change: 7.449617467310117
---
Color0: Color(h: 61, s: 100, l: 52)
Color1: Color(h: 321, s: 100, l: 31)
Target Index: 1
Input: lila
Naive Prediction Correct: False
Context Prediction Correct: False
Border Change: 19.579272375103166
---
Color0: Color(h: 66, s: 100, l: 38)
Color1: Color(h: 326, s: 100, l: 41)
Target Index: 1
Input: rot
Naive Prediction Correct: False
Context Prediction Correct: False
Border Change: 17.959842779568078
---
Color0: Color(h: 256, s: 100, l: 47)
Color1: Color(h: 286, s: 100, l: 38)
Target Index: 1
Input: lila
Naive Prediction Correct: True
Context Prediction Correct: True
Border Change: 4.991975625780792
---
Color0: Color(h: 81, s: 100, l: 31)
Color1: Color(h: 47, s: 100, l: 39)
Target Index: 0
Input: olive
Naive Prediction Correct: True
Context Prediction Correct: True
Border Change: 5.659086593769971
---
Color0: Color(h: 25, s: 100, l: 32)
Color1: Color(h: 42, s: 100, l: 53)
Target Index: 0
Input: braun
Naive Prediction Correct: True
Context Prediction Correct: True
Border Change: 5.21639701447117
---
Color0: Color(h: 3, s: 100, l: 36)
Color1: Color(h: 339, s: 100, l: 56)
Target Index: 0
Input: bordeaux
Naive Prediction Correct: False
Context Prediction Correct: False
Border Change: 5.939980159944815
---
Color0: Color(h: 305, s: 100, l: 47)
Color1: Color(h: 282, s: 100, l: 60)
Target Index: 1
Input: lila
Naive Prediction Correct: True
Context Prediction Correct: False
Border Change: 5.426015578022473
---
Color0: Color(h: 73, s: 100, l: 55)
Color1: Color(h: 217, s: 100, l: 39)
Target Index: 0
Input: gelb
Naive Prediction Correct: True
Context Prediction Correct: True
Border Change: 4.645661340529773
---
Color0: Color(h: 57, s: 100, l: 47)
Color1: Color(h: 75, s: 100, l: 33)
Target Index: 1
Input: olive
Naive Prediction Correct: True
Context Prediction Correct: True
Border Change: 5.158088204240955
---
Color0: Color(h: 320, s: 100, l: 36)
Color1: Color(h: 296, s: 100, l: 37)
Target Index: 1
Input: lila
Naive Prediction Correct: True
Context Prediction Correct: True
Border Change: 5.007234641692964
---
Color0: Color(h: 199, s: 100, l: 35)
Color1: Color(h: 157, s: 100, l: 51)
Target Index: 0
Input: blau
Naive Prediction Correct: False
Context Prediction Correct: True
Border Change: 13.346559195241124
---
Color0: Color(h: 245, s: 100, l: 46)
Color1: Color(h: 276, s: 100, l: 59)
Target Index: 0
Input: blau
Naive Prediction Correct: True
Context Prediction Correct: True
Border Change: 7.714779836058931
---
Color0: Color(h: 183, s: 100, l: 57)
Color1: Color(h: 159, s: 100, l: 37)
Target Index: 1
Input: olive
Naive Prediction Correct: False
Context Prediction Correct: False
Border Change: 119.15253833027674
---
Color0: Color(h: 38, s: 100, l: 57)
Color1: Color(h: 21, s: 100, l: 53)
Target Index: 1
Input: rot
Naive Prediction Correct: False
Context Prediction Correct: True
Border Change: 8.566687262942525
---
Color0: Color(h: 21, s: 100, l: 55)
Color1: Color(h: 37, s: 100, l: 49)
Target Index: 1
Input: orange
Naive Prediction Correct: True
Context Prediction Correct: False
Border Change: 3.625885120318273
---
Color0: Color(h: 168, s: 100, l: 59)
Color1: Color(h: 192, s: 100, l: 54)
Target Index: 1
Input: blau
Naive Prediction Correct: False
Context Prediction Correct: False
Border Change: 15.185232127598304
---
Color0: Color(h: 260, s: 100, l: 42)
Color1: Color(h: 290, s: 100, l: 40)
Target Index: 1
Input: lila
Naive Prediction Correct: True
Context Prediction Correct: True
Border Change: 4.05399515658204
---
Color0: Color(h: 26, s: 100, l: 35)
Color1: Color(h: 9, s: 100, l: 35)
Target Index: 1
Input: bordeaux
Naive Prediction Correct: False
Context Prediction Correct: True
Border Change: 7.036710234562219
---
Color0: Color(h: 130, s: 100, l: 30)
Color1: Color(h: 158, s: 100, l: 32)
Target Index: 1
Input: olive
Naive Prediction Correct: False
Context Prediction Correct: False
Border Change: 73.26596811859005
---
Color0: Color(h: 308, s: 100, l: 55)
Color1: Color(h: 328, s: 100, l: 60)
Target Index: 0
Input: lila
Naive Prediction Correct: False
Context Prediction Correct: True
Border Change: 6.842441111616571
---
Color0: Color(h: 327, s: 100, l: 50)
Color1: Color(h: 352, s: 100, l: 53)
Target Index: 1
Input: rot
Naive Prediction Correct: True
Context Prediction Correct: True
Border Change: 5.423012517628088
---
Color0: Color(h: 53, s: 100, l: 46)
Color1: Color(h: 87, s: 100, l: 59)
Target Index: 1
Input: grün
Naive Prediction Correct: True
Context Prediction Correct: True
Border Change: 14.641619722080282
---
Color0: Color(h: 60, s: 100, l: 45)
Color1: Color(h: 42, s: 100, l: 53)
Target Index: 1
Input: orange
Naive Prediction Correct: True
Context Prediction Correct: True
Border Change: 3.8044073058131542
---
Color0: Color(h: 238, s: 100, l: 38)
Color1: Color(h: 202, s: 100, l: 51)
Target Index: 1
Input: türkis
Naive Prediction Correct: False
Context Prediction Correct: True
Border Change: 9.096549763414458
---
Color0: Color(h: 288, s: 100, l: 44)
Color1: Color(h: 308, s: 100, l: 43)
Target Index: 0
Input: lila
Naive Prediction Correct: True
Context Prediction Correct: True
Border Change: 3.4442218514677627
---
Color0: Color(h: 235, s: 100, l: 53)
Color1: Color(h: 198, s: 100, l: 57)
Target Index: 1
Input: türkis
Naive Prediction Correct: True
Context Prediction Correct: True
Border Change: 7.342735008566552
---
Color0: Color(h: 63, s: 100, l: 59)
Color1: Color(h: 45, s: 100, l: 46)
Target Index: 1
Input: braun
Naive Prediction Correct: False
Context Prediction Correct: False
Border Change: 9.007846364750495
---
Color0: Color(h: 137, s: 100, l: 47)
Color1: Color(h: 161, s: 100, l: 39)
Target Index: 0
Input: grün
Naive Prediction Correct: True
Context Prediction Correct: True
Border Change: 10.009841482766928
---
Color0: Color(h: 23, s: 100, l: 49)
Color1: Color(h: 5, s: 100, l: 45)
Target Index: 0
Input: orange
Naive Prediction Correct: True
Context Prediction Correct: True
Border Change: 3.653831819538646
---
Color0: Color(h: 285, s: 100, l: 56)
Color1: Color(h: 261, s: 100, l: 38)
Target Index: 1
Input: marinblau
Naive Prediction Correct: True
Context Prediction Correct: True
Border Change: 8.474355686607355
---
Color0: Color(h: 199, s: 100, l: 56)
Color1: Color(h: 162, s: 100, l: 31)
Target Index: 1
Input: olive
Naive Prediction Correct: False
Context Prediction Correct: False
Border Change: 61.68258262930318
---
Color0: Color(h: 313, s: 100, l: 53)
Color1: Color(h: 333, s: 100, l: 37)
Target Index: 1
Input: bordeaux
Naive Prediction Correct: False
Context Prediction Correct: True
Border Change: 5.536473175322794
---
Color0: Color(h: 72, s: 100, l: 47)
Color1: Color(h: 89, s: 100, l: 30)
Target Index: 0
Input: gelb
Naive Prediction Correct: True
Context Prediction Correct: True
Border Change: 4.17096179740854
---
Color0: Color(h: 5, s: 100, l: 30)
Color1: Color(h: 340, s: 100, l: 55)
Target Index: 0
Input: bordeaux
Naive Prediction Correct: False
Context Prediction Correct: False
Border Change: 4.893879963844425
---
Color0: Color(h: 26, s: 100, l: 60)
Color1: Color(h: 10, s: 100, l: 43)
Target Index: 0
Input: orange
Naive Prediction Correct: True
Context Prediction Correct: True
Border Change: 3.5113184033775187
---
Color0: Color(h: 85, s: 100, l: 44)
Color1: Color(h: 33, s: 100, l: 48)
Target Index: 1
Input: orange
Naive Prediction Correct: True
Context Prediction Correct: True
Border Change: 2.7551369085186237
---
Color0: Color(h: 168, s: 100, l: 58)
Color1: Color(h: 192, s: 100, l: 46)
Target Index: 1
Input: blau
Naive Prediction Correct: False
Context Prediction Correct: True
Border Change: 13.403328267781815
---
Color0: Color(h: 266, s: 100, l: 52)
Color1: Color(h: 17, s: 100, l: 33)
Target Index: 0
Input: blau
Naive Prediction Correct: False
Context Prediction Correct: False
Border Change: 17.495441064743172
---
Color0: Color(h: 294, s: 100, l: 40)
Color1: Color(h: 318, s: 100, l: 50)
Target Index: 0
Input: lila
Naive Prediction Correct: True
Context Prediction Correct: True
Border Change: 3.512081448603247
---
Color0: Color(h: 41, s: 100, l: 47)
Color1: Color(h: 58, s: 100, l: 33)
Target Index: 1
Input: olive
Naive Prediction Correct: True
Context Prediction Correct: False
Border Change: 10.229107354494943
---
Color0: Color(h: 48, s: 100, l: 54)
Color1: Color(h: 81, s: 100, l: 40)
Target Index: 1
Input: olive
Naive Prediction Correct: True
Context Prediction Correct: True
Border Change: 7.1070257262472865
---
Color0: Color(h: 249, s: 100, l: 56)
Color1: Color(h: 206, s: 100, l: 30)
Target Index: 1
Input: marinblau
Naive Prediction Correct: False
Context Prediction Correct: False
Border Change: 14.409638242083927
---
Color0: Color(h: 132, s: 100, l: 41)
Color1: Color(h: 109, s: 100, l: 51)
Target Index: 0
Input: olive
Naive Prediction Correct: False
Context Prediction Correct: False
Border Change: 20.495132877140325
---
Color0: Color(h: 4, s: 100, l: 39)
Color1: Color(h: 21, s: 100, l: 54)
Target Index: 1
Input: orange
Naive Prediction Correct: True
Context Prediction Correct: True
Border Change: 3.3133790375670764
---
Color0: Color(h: 43, s: 100, l: 55)
Color1: Color(h: 26, s: 100, l: 41)
Target Index: 0
Input: orange
Naive Prediction Correct: True
Context Prediction Correct: False
Border Change: 3.3145865240149095
---
Color0: Color(h: 333, s: 100, l: 31)
Color1: Color(h: 353, s: 100, l: 38)
Target Index: 0
Input: bordeaux
Naive Prediction Correct: True
Context Prediction Correct: False
Border Change: 4.610357011048821
---
Color0: Color(h: 266, s: 100, l: 36)
Color1: Color(h: 289, s: 100, l: 50)
Target Index: 1
Input: lila
Naive Prediction Correct: True
Context Prediction Correct: True
Border Change: 3.0570914271921197
---
Color0: Color(h: 168, s: 100, l: 41)
Color1: Color(h: 144, s: 100, l: 35)
Target Index: 1
Input: blattgrün
Naive Prediction Correct: True
Context Prediction Correct: False
Border Change: 5.679367648937527
---
Color0: Color(h: 16, s: 100, l: 54)
Color1: Color(h: 51, s: 100, l: 39)
Target Index: 0
Input: rot
Naive Prediction Correct: True
Context Prediction Correct: True
Border Change: 6.293247056339313
---
Color0: Color(h: 334, s: 100, l: 32)
Color1: Color(h: 314, s: 100, l: 54)
Target Index: 0
Input: bordeaux
Naive Prediction Correct: True
Context Prediction Correct: True
Border Change: 4.050746678394483
---
Color0: Color(h: 331, s: 100, l: 39)
Color1: Color(h: 310, s: 100, l: 52)
Target Index: 0
Input: bordeaux
Naive Prediction Correct: False
Context Prediction Correct: True
Border Change: 5.031027646233281
---
Color0: Color(h: 275, s: 100, l: 58)
Color1: Color(h: 254, s: 100, l: 33)
Target Index: 1
Input: marinblau
Naive Prediction Correct: True
Context Prediction Correct: True
Border Change: 5.778976293193607
---
Color0: Color(h: 61, s: 100, l: 53)
Color1: Color(h: 19, s: 100, l: 57)
Target Index: 0
Input: gelb
Naive Prediction Correct: True
Context Prediction Correct: True
Border Change: 3.8035034660285914
---
Color0: Color(h: 216, s: 100, l: 41)
Color1: Color(h: 67, s: 100, l: 52)
Target Index: 1
Input: gelb
Naive Prediction Correct: True
Context Prediction Correct: True
Border Change: 3.4378974816456136
---
Color0: Color(h: 313, s: 100, l: 34)
Color1: Color(h: 139, s: 100, l: 31)
Target Index: 0
Input: lila
Naive Prediction Correct: False
Context Prediction Correct: False
Border Change: 8.25982633799211
---
Color0: Color(h: 58, s: 100, l: 45)
Color1: Color(h: 40, s: 100, l: 37)
Target Index: 0
Input: gelb
Naive Prediction Correct: True
Context Prediction Correct: True
Border Change: 3.619720219396678
---
Color0: Color(h: 301, s: 100, l: 41)
Color1: Color(h: 324, s: 100, l: 42)
Target Index: 0
Input: lila
Naive Prediction Correct: True
Context Prediction Correct: True
Border Change: 3.360003647579748
---
Color0: Color(h: 33, s: 100, l: 48)
Color1: Color(h: 51, s: 100, l: 54)
Target Index: 0
Input: orange
Naive Prediction Correct: True
Context Prediction Correct: True
Border Change: 2.296887520670255
---
Color0: Color(h: 34, s: 100, l: 36)
Color1: Color(h: 16, s: 100, l: 38)
Target Index: 0
Input: braun
Naive Prediction Correct: True
Context Prediction Correct: True
Border Change: 4.5272409638420985
---
Color0: Color(h: 13, s: 100, l: 50)
Color1: Color(h: 350, s: 100, l: 33)
Target Index: 0
Input: orange
Naive Prediction Correct: False
Context Prediction Correct: True
Border Change: 5.6322666289288
---
Color0: Color(h: 61, s: 100, l: 52)
Color1: Color(h: 321, s: 100, l: 31)
Target Index: 1
Input: lila
Naive Prediction Correct: False
Context Prediction Correct: False
Border Change: 12.361444795474924
---
Color0: Color(h: 66, s: 100, l: 38)
Color1: Color(h: 326, s: 100, l: 41)
Target Index: 1
Input: rot
Naive Prediction Correct: False
Context Prediction Correct: False
Border Change: 16.401610492934545
---
Color0: Color(h: 256, s: 100, l: 47)
Color1: Color(h: 286, s: 100, l: 38)
Target Index: 1
Input: lila
Naive Prediction Correct: True
Context Prediction Correct: True
Border Change: 2.958771435034965
---
Color0: Color(h: 81, s: 100, l: 31)
Color1: Color(h: 47, s: 100, l: 39)
Target Index: 0
Input: olive
Naive Prediction Correct: True
Context Prediction Correct: True
Border Change: 5.832187549852666
---
Color0: Color(h: 25, s: 100, l: 32)
Color1: Color(h: 42, s: 100, l: 53)
Target Index: 0
Input: braun
Naive Prediction Correct: True
Context Prediction Correct: False
Border Change: 4.287502820988778
---
Color0: Color(h: 3, s: 100, l: 36)
Color1: Color(h: 339, s: 100, l: 56)
Target Index: 0
Input: bordeaux
Naive Prediction Correct: False
Context Prediction Correct: False
Border Change: 4.59874883857544
---
Color0: Color(h: 305, s: 100, l: 47)
Color1: Color(h: 282, s: 100, l: 60)
Target Index: 1
Input: lila
Naive Prediction Correct: True
Context Prediction Correct: False
Border Change: 4.589766508942679
---
Color0: Color(h: 73, s: 100, l: 55)
Color1: Color(h: 217, s: 100, l: 39)
Target Index: 0
Input: gelb
Naive Prediction Correct: True
Context Prediction Correct: True
Border Change: 3.4473036722519343
---
Color0: Color(h: 57, s: 100, l: 47)
Color1: Color(h: 75, s: 100, l: 33)
Target Index: 1
Input: olive
Naive Prediction Correct: True
Context Prediction Correct: True
Border Change: 5.94174247727331
---
Color0: Color(h: 320, s: 100, l: 36)
Color1: Color(h: 296, s: 100, l: 37)
Target Index: 1
Input: lila
Naive Prediction Correct: True
Context Prediction Correct: True
Border Change: 2.6466558510455753
---
Color0: Color(h: 199, s: 100, l: 35)
Color1: Color(h: 157, s: 100, l: 51)
Target Index: 0
Input: blau
Naive Prediction Correct: False
Context Prediction Correct: True
Border Change: 10.869841359540107
---
Color0: Color(h: 245, s: 100, l: 46)
Color1: Color(h: 276, s: 100, l: 59)
Target Index: 0
Input: blau
Naive Prediction Correct: True
Context Prediction Correct: True
Border Change: 7.128339758037757
---
Color0: Color(h: 183, s: 100, l: 57)
Color1: Color(h: 159, s: 100, l: 37)
Target Index: 1
Input: olive
Naive Prediction Correct: False
Context Prediction Correct: False
Border Change: 49.738804062092
---
Color0: Color(h: 38, s: 100, l: 57)
Color1: Color(h: 21, s: 100, l: 53)
Target Index: 1
Input: rot
Naive Prediction Correct: False
Context Prediction Correct: True
Border Change: 7.624821850316516
---
Color0: Color(h: 21, s: 100, l: 55)
Color1: Color(h: 37, s: 100, l: 49)
Target Index: 1
Input: orange
Naive Prediction Correct: True
Context Prediction Correct: False
Border Change: 2.2131743280259597
---
Color0: Color(h: 168, s: 100, l: 59)
Color1: Color(h: 192, s: 100, l: 54)
Target Index: 1
Input: blau
Naive Prediction Correct: False
Context Prediction Correct: True
Border Change: 12.61394722804586
---
Color0: Color(h: 260, s: 100, l: 42)
Color1: Color(h: 290, s: 100, l: 40)
Target Index: 1
Input: lila
Naive Prediction Correct: True
Context Prediction Correct: True
Border Change: 2.2388985825485603
---
Color0: Color(h: 26, s: 100, l: 35)
Color1: Color(h: 9, s: 100, l: 35)
Target Index: 1
Input: bordeaux
Naive Prediction Correct: False
Context Prediction Correct: True
Border Change: 6.028162867187841
---
Color0: Color(h: 130, s: 100, l: 30)
Color1: Color(h: 158, s: 100, l: 32)
Target Index: 1
Input: olive
Naive Prediction Correct: False
Context Prediction Correct: False
Border Change: 38.27936538194055
---
Color0: Color(h: 308, s: 100, l: 55)
Color1: Color(h: 328, s: 100, l: 60)
Target Index: 0
Input: lila
Naive Prediction Correct: False
Context Prediction Correct: True
Border Change: 4.245785587615695
---
Color0: Color(h: 327, s: 100, l: 50)
Color1: Color(h: 352, s: 100, l: 53)
Target Index: 1
Input: rot
Naive Prediction Correct: True
Context Prediction Correct: True
Border Change: 4.475532050296438
---
Color0: Color(h: 53, s: 100, l: 46)
Color1: Color(h: 87, s: 100, l: 59)
Target Index: 1
Input: grün
Naive Prediction Correct: True
Context Prediction Correct: True
Border Change: 13.503199265939557
---
Color0: Color(h: 60, s: 100, l: 45)
Color1: Color(h: 42, s: 100, l: 53)
Target Index: 1
Input: orange
Naive Prediction Correct: True
Context Prediction Correct: True
Border Change: 2.5991334375962403
---
Color0: Color(h: 238, s: 100, l: 38)
Color1: Color(h: 202, s: 100, l: 51)
Target Index: 1
Input: türkis
Naive Prediction Correct: False
Context Prediction Correct: True
Border Change: 7.589641405629573
---
Color0: Color(h: 288, s: 100, l: 44)
Color1: Color(h: 308, s: 100, l: 43)
Target Index: 0
Input: lila
Naive Prediction Correct: True
Context Prediction Correct: True
Border Change: 2.038674702771501
---
Color0: Color(h: 235, s: 100, l: 53)
Color1: Color(h: 198, s: 100, l: 57)
Target Index: 1
Input: türkis
Naive Prediction Correct: True
Context Prediction Correct: True
Border Change: 6.218081173855792
---
Color0: Color(h: 63, s: 100, l: 59)
Color1: Color(h: 45, s: 100, l: 46)
Target Index: 1
Input: braun
Naive Prediction Correct: False
Context Prediction Correct: False
Border Change: 7.155826608744073
---
Color0: Color(h: 137, s: 100, l: 47)
Color1: Color(h: 161, s: 100, l: 39)
Target Index: 0
Input: grün
Naive Prediction Correct: True
Context Prediction Correct: True
Border Change: 9.344598171219946
---
