<< Learn Mode: naive >>
<< Change Limit set to 750 >>
Color0: Color(h: 253, s: 100, l: 58)
Color1: Color(h: 288, s: 100, l: 50)
Target Index: 1
Input: lila
---
Color0: Color(h: 322, s: 100, l: 56)
Color1: Color(h: 302, s: 100, l: 51)
Target Index: 0
Input: rot
              hc    hr     sc    sr    lc    lr      acc0      acc1    score0    score1  change_borders
colorname                                                                                              
rot          0.0  20.0  100.0  50.0  50.0  30.0  0.161218  0.014912  0.689098  0.063741               0
pink       317.0  17.0  100.0  50.0  50.0  30.0  0.938706  0.677173  0.688260  0.496504               0
                   hc         hr     sc    sr         lc         lr      acc0      acc1    score0    score1  change_borders
colorname                                                                                                                  
rot        358.024992  23.083418  100.0  50.0  50.188715  30.038428  0.290394  0.052566  0.679828  0.123059       26.890427
pink       310.767136   7.002632  100.0  50.0  49.814385  29.953300  0.270393  0.456345  0.341563  0.576458      277.665186
---
Color0: Color(h: 288, s: 100, l: 53)
Color1: Color(h: 268, s: 100, l: 51)
Target Index: 1
Input: blau
              hc    hr     sc    sr    lc    lr      acc0      acc1    score0    score1  change_borders
colorname                                                                                              
blau       230.0  30.0  100.0  50.0  50.0  30.0  0.153525  0.448083  0.224692  0.655790               0
lila       280.0  20.0  100.0  50.0  50.0  30.0  0.918512  0.834806  0.642263  0.583732               0
                   hc         hr     sc    sr         lc         lr      acc0      acc1    score0    score1  change_borders
colorname                                                                                                                  
blau       232.143525  32.372631  100.0  50.0  50.069972  30.002354  0.224628  0.541242  0.272697  0.657064       20.457965
lila       284.699548  14.636341  100.0  50.0  49.926675  29.997267  0.969793  0.521242  0.746229  0.401082      101.719952
---
Color0: Color(h: 64, s: 100, l: 39)
Color1: Color(h: 46, s: 100, l: 34)
Target Index: 0
Input: gelb
---
Color0: Color(h: 178, s: 100, l: 60)
Color1: Color(h: 154, s: 100, l: 40)
Target Index: 0
Input: türkis
---
Color0: Color(h: 274, s: 100, l: 30)
Color1: Color(h: 250, s: 100, l: 58)
Target Index: 0
Input: lila
                   hc         hr     sc    sr         lc         lr      acc0      acc1    score0    score1  change_borders
colorname                                                                                                                  
lila       284.699548  14.636341  100.0  50.0  49.926675  29.997267  0.613954  0.058046  0.823721  0.077879               0
indigo     280.000000  20.000000  100.0  50.0  20.000000  20.000000  0.843665  0.053397  0.911432  0.057686               0
                   hc         hr     sc    sr         lc         lr      acc0      acc1    score0    score1  change_borders
colorname                                                                                                                  
lila       282.743772  15.758318  100.0  50.0  48.809263  30.687972  0.710509  0.110402  0.819011  0.127262       13.619156
indigo     280.978361  19.639292  100.0  50.0   0.000000  38.273192  0.690507  0.091420  0.825311  0.109267        5.156470
---
Color0: Color(h: 50, s: 100, l: 43)
Color1: Color(h: 32, s: 100, l: 40)
Target Index: 1
Input: braun
             hc    hr     sc    sr    lc    lr      acc0      acc1    score0    score1  change_borders
colorname                                                                                             
orange     35.0  15.0  100.0  50.0  50.0  30.0  0.590242  0.927228  0.449348  0.705893               0
braun      35.0  15.0  100.0  50.0  20.0  20.0  0.313095  0.594521  0.335403  0.636881               0
                  hc         hr     sc    sr         lc         lr      acc0      acc1    score0    score1  change_borders
colorname                                                                                                                 
orange     40.197140  11.193022  100.0  50.0  50.994394  29.630025  0.657105  0.713905  0.532631  0.578672       85.258089
braun      34.204081  15.116346  100.0  50.0  22.839209  22.200831  0.383545  0.733903  0.355327  0.679908       27.103574
---
Color0: Color(h: 35, s: 100, l: 59)
Color1: Color(h: 17, s: 100, l: 51)
Target Index: 0
Input: braun
                  hc         hr     sc    sr         lc         lr      acc0      acc1    score0    score1  change_borders
colorname                                                                                                                 
orange     40.197140  11.193022  100.0  50.0  50.994394  29.630025  0.865631  0.116769  0.876486  0.118234               0
braun      34.204081  15.116346  100.0  50.0  22.839209  22.200831  0.265037  0.234069  0.451227  0.398504               0
                  hc         hr     sc    sr        lc         lr      acc0      acc1    score0    score1  change_borders
colorname                                                                                                                
orange     43.653047   6.765082  100.0  50.0  50.80231  29.588619  0.424690  0.000426  0.826705  0.000829       63.177106
braun      34.271886  15.120099  100.0  50.0   0.00000  46.377193  0.444691  0.284482  0.560307  0.358445        2.204730
---
Color0: Color(h: 299, s: 100, l: 39)
Color1: Color(h: 323, s: 100, l: 33)
Target Index: 0
Input: lila
---
Color0: Color(h: 293, s: 100, l: 37)
Color1: Color(h: 269, s: 100, l: 38)
Target Index: 1
Input: blau
                   hc         hr     sc    sr         lc         lr      acc0      acc1    score0    score1  change_borders
colorname                                                                                                                  
blau       232.143525  32.372631  100.0  50.0  50.069972  30.002354  0.155385  0.482380  0.217163  0.674166               0
lila       282.743772  15.758318  100.0  50.0  48.809263  30.687972  0.751381  0.642515  0.602750  0.515419               0
                   hc         hr     sc    sr         lc         lr      acc0      acc1    score0    score1  change_borders
colorname                                                                                                                  
blau       232.885906  33.184203  100.0  50.0  49.773877  30.119377  0.177152  0.512429  0.232974  0.673900        2.622289
lila       284.550679  13.712713  100.0  50.0  49.064947  30.596990  0.765234  0.492428  0.655490  0.421808       15.046133
---
Color0: Color(h: 136, s: 100, l: 47)
Color1: Color(h: 181, s: 100, l: 35)
Target Index: 0
Input: grün
---
Color0: Color(h: 20, s: 100, l: 53)
Color1: Color(h: 2, s: 100, l: 46)
Target Index: 0
Input: orange
                   hc         hr     sc    sr         lc         lr      acc0          acc1    score0    score1  change_borders
colorname                                                                                                                      
rot        358.024992  23.083418  100.0  50.0  50.188715  30.038428  0.632854  9.757497e-01  0.465249  0.717332               0
orange      43.653047   6.765082  100.0  50.0  50.802310  29.588619  0.002210  5.785615e-09  0.700661  0.000002               0
                   hc         hr     sc    sr         lc         lr     acc0      acc1    score0    score1  change_borders
colorname                                                                                                                 
rot        354.437622  17.985077  100.0  50.0  50.039569  30.024798  0.36243  0.907145  0.308561  0.772312       77.769461
orange      38.756510  13.545304  100.0  50.0  50.916530  29.596213  0.38243  0.024832  0.772047  0.050131      139.921170
---
Color0: Color(h: 56, s: 100, l: 35)
Color1: Color(h: 74, s: 100, l: 37)
Target Index: 0
Input: gelb
---
Color0: Color(h: 3, s: 100, l: 58)
Color1: Color(h: 21, s: 100, l: 42)
Target Index: 0
Input: rot
---
Color0: Color(h: 257, s: 100, l: 58)
Color1: Color(h: 276, s: 100, l: 40)
Target Index: 1
Input: lila
---
Color0: Color(h: 323, s: 100, l: 56)
Color1: Color(h: 342, s: 100, l: 34)
Target Index: 1
Input: rot
                   hc         hr     sc    sr         lc         lr      acc0      acc1    score0    score1  change_borders
colorname                                                                                                                  
rot        354.437622  17.985077  100.0  50.0  50.039569  30.024798  0.212795  0.682623  0.230192  0.738433               0
bordeaux   350.000000  20.000000  100.0  50.0  20.000000  20.000000  0.079560  0.722527  0.093301  0.847325               0
                   hc         hr     sc         sr         lc         lr      acc0      acc1    score0    score1  change_borders
colorname                                                                                                                       
rot        354.435718  17.990003  100.0  50.000001  50.051843  30.015006  0.213027  0.682549  0.230414  0.738259        0.000549
bordeaux   350.001798  19.996265  100.0  50.000000   7.598778  32.425893  0.131895  0.662637  0.155771  0.782588        0.000643
---
Color0: Color(h: 65, s: 100, l: 36)
Color1: Color(h: 47, s: 100, l: 36)
Target Index: 0
Input: grün
              hc    hr     sc    sr    lc    lr      acc0      acc1    score0    score1  change_borders
colorname                                                                                              
gelb        65.0  15.0  100.0  50.0  50.0  30.0  0.896830  0.436534  0.739874  0.360135               0
grün       120.0  40.0  100.0  50.0  50.0  30.0  0.348471  0.169619  0.575366  0.280061               0
                   hc         hr     sc    sr         lc         lr      acc0      acc1    score0    score1  change_borders
colorname                                                                                                                  
gelb        65.000000  15.000000  100.0  50.0  59.203111  18.411847  0.451994  0.220009  0.606423  0.295178      437.965071
grün       116.324985  44.265417  100.0  50.0  48.169901  30.696545  0.471994  0.271184  0.586169  0.336784       71.067911
---
Color0: Color(h: 177, s: 100, l: 39)
Color1: Color(h: 154, s: 100, l: 42)
Target Index: 0
Input: türkis
---
Color0: Color(h: 254, s: 100, l: 54)
Color1: Color(h: 290, s: 100, l: 46)
Target Index: 1
Input: lila
---
Color0: Color(h: 42, s: 100, l: 50)
Color1: Color(h: 59, s: 100, l: 32)
Target Index: 0
Input: gelb
                 hc         hr     sc    sr         lc         lr      acc0      acc1    score0    score1  change_borders
colorname                                                                                                                
orange     38.75651  13.545304  100.0  50.0  50.916530  29.596213  0.971272  0.266861  0.840507  0.230933               0
gelb       65.00000  15.000000  100.0  50.0  59.203111  18.411847  0.272401  0.309911  0.409175  0.465518               0
                  hc         hr     sc    sr         lc         lr      acc0      acc1    score0    score1  change_borders
colorname                                                                                                                 
orange     33.430169   6.402710  100.0  50.0  50.942614  29.595509  0.408094  0.000280  0.821948  0.000565      158.774506
gelb       63.104303  17.296415  100.0  50.0  58.535684  18.713279  0.428092  0.355747  0.510731  0.424420       18.807013
---
Color0: Color(h: 310, s: 100, l: 30)
Color1: Color(h: 334, s: 100, l: 37)
Target Index: 1
Input: rot
                   hc         hr     sc         sr         lc         lr      acc0      acc1    score0    score1  change_borders
colorname                                                                                                                       
rot        354.435718  17.990003  100.0  50.000001  50.051843  30.015006  0.037868  0.477241  0.062820  0.791713               0
bordeaux   350.001798  19.996265  100.0  50.000000   7.598778  32.425893  0.106505  0.481301  0.158786  0.717556               0
                   hc         hr     sc         sr         lc         lr      acc0      acc1    score0    score1  change_borders
colorname                                                                                                                       
rot        354.197440  18.248319  100.0  50.000001  49.993787  30.040047  0.042658  0.493583  0.068483  0.792390        0.255002
bordeaux   350.157449  19.868427  100.0  50.000000   7.472570  32.347868  0.101768  0.473655  0.154331  0.718296        0.122851
---
Color0: Color(h: 126, s: 100, l: 45)
Color1: Color(h: 78, s: 100, l: 39)
Target Index: 0
Input: grün
---
Color0: Color(h: 137, s: 100, l: 42)
Color1: Color(h: 160, s: 100, l: 53)
Target Index: 1
Input: türkis
                   hc         hr     sc    sr         lc         lr      acc0      acc1    score0    score1  change_borders
colorname                                                                                                                  
grün       116.324985  44.265417  100.0  50.0  48.169901  30.696545  0.878731  0.607058  0.677616  0.468121               0
türkis     180.000000  20.000000  100.0  50.0  50.000000  30.000000  0.095674  0.603506  0.124489  0.785265               0
                   hc         hr     sc    sr         lc         lr      acc0      acc1    score0    score1  change_borders
colorname                                                                                                                  
grün       116.174573  44.115989  100.0  50.0  48.135407  30.691078  0.876865  0.602904  0.677858  0.466073        0.092344
türkis     179.671049  20.318748  100.0  50.0  50.022798  30.002262  0.106360  0.622785  0.134017  0.784727        0.420668
---
Color0: Color(h: 226, s: 100, l: 37)
Color1: Color(h: 191, s: 100, l: 50)
Target Index: 0
Input: marinblau
                   hc         hr     sc    sr         lc         lr      acc0      acc1    score0    score1  change_borders
colorname                                                                                                                  
blau       232.885906  33.184203  100.0  50.0  49.773877  30.119377  0.894524  0.450844  0.733781  0.369829               0
marinblau  240.000000  25.000000  100.0  50.0  20.000000  20.000000  0.595681  0.047558  0.826949  0.066022               0
                   hc         hr     sc         sr         lc         lr      acc0      acc1    score0    score1  change_borders
colorname                                                                                                                       
blau       234.481596  32.774124  100.0  50.000000  54.756205  26.842259  0.777028  0.408292  0.691988  0.363608       76.554976
marinblau  236.750006  26.333662  100.0  49.999999  24.887395  22.604833  0.797012  0.119286  0.847976  0.126913       86.025803
---
Color0: Color(h: 21, s: 100, l: 60)
Color1: Color(h: 38, s: 100, l: 60)
Target Index: 0
Input: rot
---
Color0: Color(h: 299, s: 100, l: 32)
Color1: Color(h: 275, s: 100, l: 60)
Target Index: 0
Input: pink
                   hc         hr     sc    sr         lc        lr      acc0      acc1    score0    score1  change_borders
colorname                                                                                                                 
lila       284.550679  13.712713  100.0  50.0  49.064947  30.59699  0.491304  0.736086  0.427589  0.640627               0
pink       310.767136   7.002632  100.0  50.0  49.814385  29.95330  0.204189  0.000002  0.761250  0.000008               0
                   hc         hr     sc    sr         lc         lr      acc0      acc1    score0    score1  change_borders
colorname                                                                                                                  
lila       283.564025  12.496325  100.0  50.0  49.248047  30.494074  0.397376  0.743048  0.363125  0.679002        4.994410
pink       309.316667   8.705174  100.0  50.0  49.611554  30.070969  0.417381  0.000398  0.824548  0.000786       10.114992
---
Color0: Color(h: 347, s: 100, l: 34)
Color1: Color(h: 327, s: 100, l: 54)
Target Index: 0
Input: rot
---
Color0: Color(h: 318, s: 100, l: 55)
Color1: Color(h: 298, s: 100, l: 48)
Target Index: 1
Input: lila
---
Color0: Color(h: 350, s: 100, l: 49)
Color1: Color(h: 330, s: 100, l: 52)
Target Index: 0
Input: rot
---
Color0: Color(h: 318, s: 100, l: 45)
Color1: Color(h: 294, s: 100, l: 44)
Target Index: 0
Input: pink
---
Color0: Color(h: 52, s: 100, l: 48)
Color1: Color(h: 36, s: 100, l: 58)
Target Index: 0
Input: gelb
---
Color0: Color(h: 269, s: 100, l: 42)
Color1: Color(h: 245, s: 100, l: 35)
Target Index: 1
Input: marinblau
---
Color0: Color(h: 138, s: 100, l: 56)
Color1: Color(h: 162, s: 100, l: 55)
Target Index: 0
Input: grün
---
Color0: Color(h: 293, s: 100, l: 60)
Color1: Color(h: 269, s: 100, l: 36)
Target Index: 0
Input: pink
                   hc         hr     sc    sr         lc         lr      acc0      acc1    score0    score1  change_borders
colorname                                                                                                                  
lila       283.564025  12.496325  100.0  50.0  49.248047  30.494074  0.706630  0.461383  0.635478  0.414926               0
pink       309.316667   8.705174  100.0  50.0  49.611554  30.070969  0.162627  0.000020  0.748703  0.000091               0
                   hc         hr     sc    sr         lc         lr      acc0      acc1    score0    score1  change_borders
colorname                                                                                                                  
lila       281.078033   9.279535  100.0  50.0  49.052706  30.428869  0.410648  0.390997  0.481774  0.458720       33.140600
pink       307.226685  11.352153  100.0  50.0  49.806804  30.135992  0.430643  0.003106  0.824180  0.005944       22.833742
---
Color0: Color(h: 36, s: 100, l: 37)
Color1: Color(h: 53, s: 100, l: 46)
Target Index: 0
Input: braun
                  hc         hr     sc    sr         lc         lr      acc0      acc1    score0    score1  change_borders
colorname                                                                                                                 
orange     33.430169   6.402710  100.0  50.0  50.942614  29.595509  0.825705  0.009233  0.939971  0.010510               0
braun      34.271886  15.120099  100.0  50.0   0.000000  46.377193  0.722687  0.283939  0.719357  0.282631               0
                  hc         hr     sc    sr         lc         lr      acc0      acc1    score0    score1  change_borders
colorname                                                                                                                 
orange     33.237331   6.339683  100.0  50.0  50.954594  29.581461  0.813657  0.007652  0.937575  0.008817        0.082999
braun      34.255131  15.109909  100.0  50.0  23.242482  23.236163  0.833649  0.286758  0.770936  0.265186        0.011102
---
Color0: Color(h: 245, s: 100, l: 60)
Color1: Color(h: 280, s: 100, l: 45)
Target Index: 1
Input: lila
---
Color0: Color(h: 38, s: 100, l: 41)
Color1: Color(h: 22, s: 100, l: 39)
Target Index: 1
Input: rot
                   hc         hr     sc         sr         lc         lr      acc0      acc1    score0    score1  change_borders
colorname                                                                                                                       
rot        354.197440  18.248319  100.0  50.000001  49.993787  30.040047  0.053628  0.292996  0.124389  0.679598               0
braun       34.255131  15.109909  100.0  50.000000  23.242482  23.236163  0.724171  0.571863  0.608382  0.480428               0
                   hc         hr     sc    sr        lc         lr      acc0      acc1    score0    score1  change_borders
colorname                                                                                                                 
rot        355.717506  20.244701  100.0  50.0  49.68622  30.125611  0.108324  0.404288  0.180419  0.673364       12.796117
braun       36.199035  13.037490  100.0  50.0   0.00000  45.754337  0.662967  0.384298  0.642022  0.372157       16.672026
---
Color0: Color(h: 35, s: 100, l: 57)
Color1: Color(h: 12, s: 100, l: 53)
Target Index: 0
Input: gelb
                  hc         hr     sc    sr         lc         lr      acc0      acc1    score0    score1  change_borders
colorname                                                                                                                 
orange     33.237331   6.339683  100.0  50.0  50.954594  29.581461  0.942203  0.003649  0.979960  0.003795               0
gelb       63.104303  17.296415  100.0  50.0  58.535684  18.713279  0.266213  0.012172  0.749258  0.034257               0
                  hc         hr     sc    sr         lc         lr      acc0          acc1    score0        score1  change_borders
colorname                                                                                                                         
orange     30.896584   2.587593  100.0  50.0  50.938399  29.578682  0.278486  2.620598e-12  0.783546  7.373281e-12       39.115093
gelb       62.777359  17.878298  100.0  50.0  58.534839  18.712733  0.298095  1.695796e-02  0.751751  4.276537e-02        0.890962
---
Color0: Color(h: 333, s: 100, l: 41)
Color1: Color(h: 357, s: 100, l: 52)
Target Index: 0
Input: bordeaux
                   hc         hr     sc    sr        lc         lr      acc0      acc1    score0    score1  change_borders
colorname                                                                                                                 
rot        355.717506  20.244701  100.0  50.0  49.68622  30.125611  0.511108  0.995056  0.390874  0.760976               0
bordeaux   350.157449  19.868427  100.0  50.0   7.47257  32.347868  0.402527  0.365421  0.487670  0.442715               0
                   hc         hr     sc    sr         lc         lr      acc0      acc1    score0    score1  change_borders
colorname                                                                                                                  
rot        356.961115  18.643682  100.0  50.0  49.862932  30.073351  0.419239  0.997476  0.332918  0.792097        8.287564
bordeaux   349.416527  20.460416  100.0  50.0   8.011735  32.957387  0.439189  0.383122  0.505621  0.441073        3.118306
---
Color0: Color(h: 253, s: 100, l: 37)
Color1: Color(h: 224, s: 100, l: 57)
Target Index: 1
Input: blau
---
Color0: Color(h: 278, s: 100, l: 45)
Color1: Color(h: 302, s: 100, l: 57)
Target Index: 0
Input: lila
---
Color0: Color(h: 54, s: 100, l: 37)
Color1: Color(h: 72, s: 100, l: 35)
Target Index: 0
Input: orange
                  hc         hr     sc    sr         lc         lr          acc0          acc1    score0        score1  change_borders
colorname                                                                                                                             
orange     30.896584   2.587593  100.0  50.0  50.938399  29.578682  4.375978e-18  1.395781e-55  0.700000  2.232750e-38               0
olive      65.000000  15.000000  100.0  50.0  20.000000  20.000000  5.325178e-01  6.769628e-01  0.467956  5.948884e-01               0
Optimization not successful. Model not changed.
---
Color0: Color(h: 46, s: 100, l: 48)
Color1: Color(h: 64, s: 100, l: 45)
Target Index: 1
Input: gelb
---
Color0: Color(h: 268, s: 100, l: 55)
Color1: Color(h: 292, s: 100, l: 31)
Target Index: 1
Input: lila
                   hc         hr     sc    sr         lc         lr      acc0      acc1    score0    score1  change_borders
colorname                                                                                                                  
lila       281.078033   9.279535  100.0  50.0  49.052706  30.428869  0.363411  0.419519  0.433941  0.500938               0
indigo     280.978361  19.639292  100.0  50.0   0.000000  38.273192  0.286250  0.615391  0.308109  0.662384               0
                   hc         hr     sc    sr         lc         lr      acc0   acc1    score0    score1  change_borders
colorname                                                                                                               
lila       283.036137  10.887148  100.0  50.0  48.564686  30.708712  0.376942  0.605  0.381795  0.612788       13.470131
indigo     280.159618  19.131080  100.0  50.0   0.000000  37.340189  0.276161  0.585  0.307327  0.651021        2.727735
---
Color0: Color(h: 286, s: 100, l: 38)
Color1: Color(h: 305, s: 100, l: 38)
Target Index: 0
Input: lila
---
Color0: Color(h: 318, s: 100, l: 42)
Color1: Color(h: 338, s: 100, l: 34)
Target Index: 0
Input: pink
---
Color0: Color(h: 191, s: 100, l: 59)
Color1: Color(h: 227, s: 100, l: 35)
Target Index: 1
Input: marinblau
---
Color0: Color(h: 26, s: 100, l: 36)
Color1: Color(h: 44, s: 100, l: 53)
Target Index: 0
Input: braun
---
Color0: Color(h: 40, s: 100, l: 45)
Color1: Color(h: 58, s: 100, l: 42)
Target Index: 1
Input: gelb
---
Color0: Color(h: 167, s: 100, l: 46)
Color1: Color(h: 189, s: 100, l: 37)
Target Index: 1
Input: blau
                   hc         hr     sc    sr         lc         lr      acc0      acc1    score0    score1  change_borders
colorname                                                                                                                  
türkis     179.671049  20.318748  100.0  50.0  50.022798  30.002262  0.815922  0.819055  0.594106  0.596387               0
blau       234.481596  32.774124  100.0  50.0  54.756205  26.842259  0.113844  0.306760  0.223620  0.602561               0
                   hc         hr     sc    sr         lc         lr      acc0      acc1    score0    score1  change_borders
colorname                                                                                                                  
türkis     173.295584  11.900041  100.0  50.0  50.928790  29.560251  0.857408  0.374632  0.744370  0.325242      225.074717
blau       232.369584  35.349891  100.0  50.0  53.443186  27.620792  0.174451  0.394632  0.266919  0.603806       26.850608
---
Color0: Color(h: 331, s: 100, l: 60)
Color1: Color(h: 354, s: 100, l: 54)
Target Index: 1
Input: rot
---
Color0: Color(h: 41, s: 100, l: 32)
Color1: Color(h: 58, s: 100, l: 48)
Target Index: 1
Input: gelb
---
Color0: Color(h: 349, s: 100, l: 57)
Color1: Color(h: 330, s: 100, l: 39)
Target Index: 0
Input: rot
---
Color0: Color(h: 156, s: 100, l: 39)
Color1: Color(h: 132, s: 100, l: 44)
Target Index: 0
Input: blattgrün
                   hc         hr     sc    sr         lc         lr      acc0      acc1    score0    score1  change_borders
colorname                                                                                                                  
grün       116.174573  44.115989  100.0  50.0  48.135407  30.691078  0.636499  0.929211  0.475516  0.694197               0
blattgrün  150.000000  20.000000  100.0  50.0  20.000000  20.000000  0.608809  0.324652  0.639187  0.340852               0
                   hc         hr     sc    sr         lc         lr      acc0      acc1    score0    score1  change_borders
colorname                                                                                                                  
grün       115.842307  43.812214  100.0  50.0  48.292650  30.643539  0.627479  0.925134  0.471144  0.694640        0.459331
blattgrün  150.236709  20.068647  100.0  50.0  20.703803  20.625757  0.647478  0.349681  0.648770  0.350378        1.895309
---
Color0: Color(h: 26, s: 100, l: 31)
Color1: Color(h: 9, s: 100, l: 59)
Target Index: 0
Input: braun
---
Color0: Color(h: 168, s: 100, l: 54)
Color1: Color(h: 145, s: 100, l: 53)
Target Index: 0
Input: türkis
---
Color0: Color(h: 130, s: 100, l: 57)
Color1: Color(h: 84, s: 100, l: 57)
Target Index: 1
Input: olive
                   hc         hr     sc    sr        lc         lr      acc0      acc1    score0    score1  change_borders
colorname                                                                                                                 
olive       65.000000  15.000000  100.0  50.0  20.00000  20.000000  0.000015  0.080987  0.000135  0.724165               0
grün       115.842307  43.812214  100.0  50.0  48.29265  30.643539  0.911575  0.737505  0.660417  0.534307               0
                   hc         hr     sc    sr         lc         lr      acc0      acc1    score0    score1  change_borders
colorname                                                                                                                  
olive       72.882587  18.454703  100.0  50.0   0.026167  50.665061  0.004419  0.443204  0.008237  0.826051      262.442659
grün       124.370569  32.236829  100.0  50.0  45.255120  28.854611  0.906570  0.420218  0.750268  0.347768      438.295260
---
Color0: Color(h: 330, s: 100, l: 57)
Color1: Color(h: 306, s: 100, l: 40)
Target Index: 0
Input: pink
                   hc         hr     sc    sr         lc         lr      acc0      acc1    score0    score1  change_borders
colorname                                                                                                                  
rot        356.961115  18.643682  100.0  50.0  49.862932  30.073351  0.341707  0.022605  0.759078  0.050215               0
pink       307.226685  11.352153  100.0  50.0  49.806804  30.135992  0.129942  0.942908  0.123766  0.898089               0
                   hc         hr     sc    sr         lc         lr      acc0      acc1    score0    score1  change_borders
colorname                                                                                                                  
rot        357.955926  17.024673  100.0  50.0  49.778310  30.052997  0.252312  0.009008  0.751565  0.026831        7.236830
pink       308.537017  13.451046  100.0  50.0  49.891674  30.155852  0.272311  0.930917  0.240115  0.820853       12.259847
---
Color0: Color(h: 134, s: 100, l: 36)
Color1: Color(h: 111, s: 100, l: 49)
Target Index: 0
Input: blattgrün
                   hc         hr     sc    sr         lc         lr      acc0      acc1    score0    score1  change_borders
colorname                                                                                                                  
grün       124.370569  32.236829  100.0  50.0  45.255120  28.854611  0.908415  0.909887  0.622241  0.623249               0
blattgrün  150.236709  20.068647  100.0  50.0  20.703803  20.625757  0.547563  0.057712  0.797525  0.084057               0
                   hc         hr     sc         sr         lc         lr      acc0      acc1    score0    score1  change_borders
colorname                                                                                                                       
grün       121.065375  30.848500  100.0  50.000001  50.495532  25.923839  0.783305  0.946585  0.551956  0.667011       97.806205
blattgrün  144.923061  22.634589  100.0  50.000000  25.640856  22.864234  0.803257  0.193018  0.805359  0.193523      128.408370
---
Color0: Color(h: 350, s: 100, l: 53)
Color1: Color(h: 13, s: 100, l: 44)
Target Index: 0
Input: rot
---
Color0: Color(h: 253, s: 100, l: 58)
Color1: Color(h: 288, s: 100, l: 50)
Target Index: 1
Input: lila
---
Color0: Color(h: 322, s: 100, l: 56)
Color1: Color(h: 302, s: 100, l: 51)
Target Index: 0
Input: rot
                   hc         hr     sc    sr         lc         lr      acc0      acc1    score0    score1  change_borders
colorname                                                                                                                  
rot        357.955926  17.024673  100.0  50.0  49.778310  30.052997  0.105222  0.004507  0.702817  0.030101               0
pink       308.537017  13.451046  100.0  50.0  49.891674  30.155852  0.593687  0.888015  0.458582  0.685929               0
                   hc         hr     sc    sr         lc         lr      acc0      acc1    score0    score1  change_borders
colorname                                                                                                                  
rot        356.693225  19.290183  100.0  50.0  49.871297  30.072069  0.194358  0.017951  0.699123  0.064570       13.471916
pink       305.952211   8.638688  100.0  50.0  49.809695  30.138474  0.174374  0.899934  0.165931  0.856361       59.694078
---
Color0: Color(h: 288, s: 100, l: 53)
Color1: Color(h: 268, s: 100, l: 51)
Target Index: 1
Input: blau
---
Color0: Color(h: 64, s: 100, l: 39)
Color1: Color(h: 46, s: 100, l: 34)
Target Index: 0
Input: gelb
                  hc         hr     sc    sr         lc         lr      acc0      acc1    score0    score1  change_borders
colorname                                                                                                                 
gelb       62.777359  17.878298  100.0  50.0  58.534839  18.712733  0.578546  0.272573  0.649387  0.305949               0
olive      72.882587  18.454703  100.0  50.0   0.026167  50.665061  0.662521  0.276435  0.692672  0.289015               0
                  hc         hr     sc    sr         lc         lr      acc0      acc1    score0    score1  change_borders
colorname                                                                                                                 
gelb       62.872098  17.883985  100.0  50.0  57.213574  19.932601  0.657398  0.325247  0.665525  0.329268        6.485657
olive      73.736227  17.990529  100.0  50.0   0.000000  50.023009  0.637398  0.241853  0.698672  0.265103        2.334834
---
Color0: Color(h: 178, s: 100, l: 60)
Color1: Color(h: 154, s: 100, l: 40)
Target Index: 0
Input: türkis
---
Color0: Color(h: 274, s: 100, l: 30)
Color1: Color(h: 250, s: 100, l: 58)
Target Index: 0
Input: lila
                   hc         hr     sc    sr         lc         lr      acc0      acc1    score0    score1  change_borders
colorname                                                                                                                  
lila       283.036137  10.887148  100.0  50.0  48.564686  30.708712  0.590273  0.009552  0.865935  0.014012               0
indigo     280.159618  19.131080  100.0  50.0   0.000000  37.340189  0.687580  0.086382  0.828147  0.104041               0
                   hc         hr     sc    sr         lc         lr      acc0      acc1    score0    score1  change_borders
colorname                                                                                                                  
lila       281.551116  11.833902  100.0  50.0  48.048753  31.008949  0.688685  0.027168  0.880039  0.034717        6.915920
indigo     280.654487  18.955018  100.0  50.0   0.000000  36.336640  0.668685  0.075652  0.829459  0.093842        1.558894
---
Color0: Color(h: 50, s: 100, l: 43)
Color1: Color(h: 32, s: 100, l: 40)
Target Index: 1
Input: braun
                  hc         hr     sc    sr         lc         lr          acc0      acc1        score0    score1  change_borders
colorname                                                                                                                         
orange     30.896584   2.587593  100.0  50.0  50.938399  29.578682  1.409024e-12  0.852742  1.579348e-12  0.955823               0
braun      36.199035  13.037490  100.0  50.0   0.000000  45.754337  3.671855e-01  0.647907  3.633640e-01  0.641164               0
                  hc         hr     sc    sr         lc         lr          acc0      acc1        score0    score1  change_borders
colorname                                                                                                                         
orange     30.233178   1.989132  100.0  50.0  50.954543  29.572985  3.471574e-22  0.629336  4.902847e-22  0.888801        1.597113
braun      36.163217  13.050056  100.0  50.0   0.176139  45.627076  3.669417e-01  0.649348  3.628247e-01  0.642062        0.005271
---
Color0: Color(h: 35, s: 100, l: 59)
Color1: Color(h: 17, s: 100, l: 51)
Target Index: 0
Input: braun
---
Color0: Color(h: 299, s: 100, l: 39)
Color1: Color(h: 323, s: 100, l: 33)
Target Index: 0
Input: lila
                   hc         hr     sc    sr         lc         lr      acc0      acc1    score0    score1  change_borders
colorname                                                                                                                  
lila       281.551116  11.833902  100.0  50.0  48.048753  31.008949  0.323154  0.001927  0.792796  0.004728               0
pink       305.952211   8.638688  100.0  50.0  49.809695  30.138474  0.678308  0.122121  0.796694  0.143435               0
                   hc         hr     sc    sr         lc         lr      acc0      acc1    score0    score1  change_borders
colorname                                                                                                                  
lila       282.400276  12.867168  100.0  50.0  47.965919  31.032773  0.417323  0.006132  0.815060  0.011976        3.592278
pink       307.575080   6.570956  100.0  50.0  49.902671  30.104069  0.399680  0.054320  0.736151  0.100049       13.838099
---
Color0: Color(h: 293, s: 100, l: 37)
Color1: Color(h: 269, s: 100, l: 38)
Target Index: 1
Input: blau
                   hc         hr     sc    sr         lc         lr      acc0      acc1    score0    score1  change_borders
colorname                                                                                                                  
blau       232.369584  35.349891  100.0  50.0  53.443186  27.620792  0.192420  0.499981  0.252258  0.655463               0
lila       282.400276  12.867168  100.0  50.0  47.965919  31.032773  0.669154  0.552194  0.584263  0.482141               0
                   hc         hr     sc    sr         lc         lr      acc0      acc1    score0    score1  change_borders
colorname                                                                                                                  
blau       232.566332  35.550727  100.0  50.0  53.306814  27.695874  0.198253  0.507698  0.256058  0.655727        0.206560
lila       283.020367  12.150511  100.0  50.0  48.034524  31.010456  0.669916  0.487685  0.606072  0.441208        1.806629
---
Color0: Color(h: 136, s: 100, l: 47)
Color1: Color(h: 181, s: 100, l: 35)
Target Index: 0
Input: grün
---
Color0: Color(h: 20, s: 100, l: 53)
Color1: Color(h: 2, s: 100, l: 46)
Target Index: 0
Input: orange
                   hc         hr     sc    sr         lc         lr      acc0          acc1    score0        score1  change_borders
colorname                                                                                                                          
rot        356.693225  19.290183  100.0  50.0  49.871297  30.072069  0.479357  9.549208e-01  0.377758  7.525258e-01               0
orange      30.233178   1.989132  100.0  50.0  50.954543  29.572985  0.000002  1.766237e-44  0.700001  6.922792e-39               0
                   hc         hr     sc    sr         lc         lr      acc0      acc1    score0    score1  change_borders
colorname                                                                                                                  
rot        355.820436  18.127744  100.0  50.0  49.830344  30.065885  0.408556  0.935927  0.335280  0.768065        4.229476
orange      27.388761   5.683757  100.0  50.0  50.984021  29.573942  0.428573  0.000046  0.828497  0.000089       43.483670
---
Color0: Color(h: 56, s: 100, l: 35)
Color1: Color(h: 74, s: 100, l: 37)
Target Index: 0
Input: gelb
---
Color0: Color(h: 3, s: 100, l: 58)
Color1: Color(h: 21, s: 100, l: 42)
Target Index: 0
Input: rot
---
Color0: Color(h: 257, s: 100, l: 58)
Color1: Color(h: 276, s: 100, l: 40)
Target Index: 1
Input: lila
---
Color0: Color(h: 323, s: 100, l: 56)
Color1: Color(h: 342, s: 100, l: 34)
Target Index: 1
Input: rot
                   hc         hr     sc    sr         lc         lr      acc0      acc1    score0    score1  change_borders
colorname                                                                                                                  
rot        355.820436  18.127744  100.0  50.0  49.830344  30.065885  0.190134  0.651008  0.215270  0.737073               0
bordeaux   349.416527  20.460416  100.0  50.0   8.011735  32.957387  0.150537  0.686194  0.171099  0.779920               0
                   hc         hr     sc    sr         lc         lr      acc0      acc1    score0    score1  change_borders
colorname                                                                                                                  
rot        355.051560  18.699461  100.0  50.0  49.504930  30.233971  0.224914  0.687238  0.240077  0.733568        2.104358
bordeaux   349.772653  20.325725  100.0  50.0   7.268141  32.850983  0.139771  0.667514  0.163127  0.779058        1.012431
---
Color0: Color(h: 65, s: 100, l: 36)
Color1: Color(h: 47, s: 100, l: 36)
Target Index: 0
Input: grün
                   hc         hr     sc         sr         lc         lr      acc0      acc1    score0    score1  change_borders
colorname                                                                                                                       
olive       73.736227  17.990529  100.0  50.000000   0.000000  50.023009  0.686008  0.255828  0.715664  0.266887               0
grün       121.065375  30.848500  100.0  50.000001  50.495532  25.923839  0.164002  0.047903  0.590960  0.172611               0
                   hc         hr     sc         sr         lc         lr      acc0      acc1    score0    score1  change_borders
colorname                                                                                                                       
olive       79.368176   9.009606  100.0  50.000000   0.000000  49.335054  0.214839  0.001207  0.760541  0.004272      225.224924
grün       119.389685  33.564019  100.0  50.000001  49.802057  26.287823  0.234382  0.085124  0.583818  0.212034       21.590744
---
Color0: Color(h: 177, s: 100, l: 39)
Color1: Color(h: 154, s: 100, l: 42)
Target Index: 0
Input: türkis
---
Color0: Color(h: 254, s: 100, l: 54)
Color1: Color(h: 290, s: 100, l: 46)
Target Index: 1
Input: lila
---
Color0: Color(h: 42, s: 100, l: 50)
Color1: Color(h: 59, s: 100, l: 32)
Target Index: 0
Input: gelb
                  hc         hr     sc    sr         lc         lr     acc0      acc1    score0    score1  change_borders
colorname                                                                                                                
braun      36.163217  13.050056  100.0  50.0   0.176139  45.627076  0.49846  0.169589  0.671838  0.228576               0
gelb       62.872098  17.883985  100.0  50.0  57.213574  19.932601  0.47401  0.438903  0.505663  0.468211               0
                  hc         hr     sc    sr         lc         lr      acc0      acc1    score0    score1  change_borders
colorname                                                                                                                 
braun      35.894626  12.923719  100.0  50.0   0.042619  45.384948  0.488014  0.157856  0.675318  0.218443        0.317315
gelb       62.408316  18.405358  100.0  50.0  57.079525  19.980169  0.507875  0.447117  0.524630  0.461867        1.014309
---
Color0: Color(h: 310, s: 100, l: 30)
Color1: Color(h: 334, s: 100, l: 37)
Target Index: 1
Input: rot
                   hc         hr     sc    sr         lc         lr      acc0      acc1    score0    score1  change_borders
colorname                                                                                                                  
rot        355.051560  18.699461  100.0  50.0  49.504930  30.233971  0.044586  0.487127  0.072074  0.787440               0
bordeaux   349.772653  20.325725  100.0  50.0   7.268141  32.850983  0.116034  0.491328  0.168542  0.713666               0
                   hc         hr     sc    sr         lc         lr      acc0      acc1    score0    score1  change_borders
colorname                                                                                                                  
rot        354.804337  18.965094  100.0  50.0  49.445318  30.258415  0.049931  0.503452  0.078140  0.787875        0.271662
bordeaux   349.934514  20.196720  100.0  50.0   7.132207  32.767640  0.110988  0.483525  0.163978  0.714376        0.133765
---
Color0: Color(h: 126, s: 100, l: 45)
Color1: Color(h: 78, s: 100, l: 39)
Target Index: 0
Input: grün
---
Color0: Color(h: 137, s: 100, l: 42)
Color1: Color(h: 160, s: 100, l: 53)
Target Index: 1
Input: türkis
---
Color0: Color(h: 226, s: 100, l: 37)
Color1: Color(h: 191, s: 100, l: 50)
Target Index: 0
Input: marinblau
                   hc         hr     sc         sr         lc         lr      acc0      acc1    score0    score1  change_borders
colorname                                                                                                                       
blau       232.566332  35.550727  100.0  50.000000  53.306814  27.695874  0.826637  0.501247  0.683757  0.414609               0
marinblau  236.750006  26.333662  100.0  49.999999  24.887395  22.604833  0.797012  0.119286  0.847976  0.126913               0
                   hc         hr     sc         sr         lc         lr      acc0      acc1    score0    score1  change_borders
colorname                                                                                                                       
blau       232.771559  35.511804  100.0  50.000000  54.185275  27.147959  0.803692  0.494755  0.674382  0.415152        2.231078
marinblau  236.181293  26.552786  100.0  49.999999  25.709344  23.004009  0.823691  0.134639  0.848762  0.138737        2.412785
---
Color0: Color(h: 21, s: 100, l: 60)
Color1: Color(h: 38, s: 100, l: 60)
Target Index: 0
Input: rot
                   hc         hr     sc    sr         lc         lr      acc0      acc1    score0    score1  change_borders
colorname                                                                                                                  
rot        354.804337  18.965094  100.0  50.0  49.445318  30.258415  0.362485  0.070323  0.695009  0.134833               0
orange      27.388761   5.683757  100.0  50.0  50.984021  29.573942  0.507529  0.167093  0.678880  0.223507               0
                   hc         hr     sc    sr         lc         lr      acc0      acc1    score0    score1  change_borders
colorname                                                                                                                  
rot        354.948861  19.159004  100.0  50.0  49.469209  30.266716  0.373452  0.075386  0.694465  0.140187        0.118256
orange      27.930671   4.916298  100.0  50.0  50.964444  29.567920  0.353325  0.117167  0.631676  0.209471        1.766158
---
Color0: Color(h: 299, s: 100, l: 32)
Color1: Color(h: 275, s: 100, l: 60)
Target Index: 0
Input: pink
                   hc         hr     sc    sr         lc         lr      acc0      acc1    score0    score1  change_borders
colorname                                                                                                                  
indigo     280.654487  18.955018  100.0  50.0   0.000000  36.336640  0.424800  0.244689  0.571600  0.329247               0
pink       307.575080   6.570956  100.0  50.0  49.902671  30.104069  0.357601  0.000004  0.807272  0.000010               0
                   hc         hr     sc    sr         lc         lr      acc0      acc1    score0    score1  change_borders
colorname                                                                                                                  
indigo     280.508340  18.811524  100.0  50.0   0.061301  36.143314  0.417456  0.242209  0.568218  0.329682        0.101330
pink       307.105703   7.100897  100.0  50.0  49.843868  30.138949  0.437456  0.000034  0.831182  0.000065        1.011652
---
Color0: Color(h: 347, s: 100, l: 34)
Color1: Color(h: 327, s: 100, l: 54)
Target Index: 0
Input: rot
---
Color0: Color(h: 318, s: 100, l: 55)
Color1: Color(h: 298, s: 100, l: 48)
Target Index: 1
Input: lila
---
Color0: Color(h: 350, s: 100, l: 49)
Color1: Color(h: 330, s: 100, l: 52)
Target Index: 0
Input: rot
---
Color0: Color(h: 318, s: 100, l: 45)
Color1: Color(h: 294, s: 100, l: 44)
Target Index: 0
Input: pink
---
Color0: Color(h: 52, s: 100, l: 48)
Color1: Color(h: 36, s: 100, l: 58)
Target Index: 0
Input: gelb
---
Color0: Color(h: 269, s: 100, l: 42)
Color1: Color(h: 245, s: 100, l: 35)
Target Index: 1
Input: marinblau
---
Color0: Color(h: 138, s: 100, l: 56)
Color1: Color(h: 162, s: 100, l: 55)
Target Index: 0
Input: grün
---
Color0: Color(h: 293, s: 100, l: 60)
Color1: Color(h: 269, s: 100, l: 36)
Target Index: 0
Input: pink
                   hc         hr     sc    sr         lc         lr      acc0          acc1    score0    score1  change_borders
colorname                                                                                                                      
lila       283.020367  12.150511  100.0  50.0  48.034524  31.010456  0.662499  4.766203e-01  0.605862  0.435874               0
pink       307.105703   7.100897  100.0  50.0  49.843868  30.138949  0.131361  5.022322e-07  0.739406  0.000003               0
                   hc        hr     sc    sr         lc         lr      acc0      acc1    score0    score1  change_borders
colorname                                                                                                                 
lila       280.963857  9.564500  100.0  50.0  47.835582  30.936277  0.419322  0.425067  0.473416  0.479901       21.923533
pink       305.011805  9.693141  100.0  50.0  50.009864  30.191916  0.439306  0.000904  0.830355  0.001708       22.268999
---
Color0: Color(h: 36, s: 100, l: 37)
Color1: Color(h: 53, s: 100, l: 46)
Target Index: 0
Input: braun
---
Color0: Color(h: 245, s: 100, l: 60)
Color1: Color(h: 280, s: 100, l: 45)
Target Index: 1
Input: lila
---
Color0: Color(h: 38, s: 100, l: 41)
Color1: Color(h: 22, s: 100, l: 39)
Target Index: 1
Input: rot
                   hc         hr     sc    sr         lc         lr      acc0      acc1    score0    score1  change_borders
colorname                                                                                                                  
rot        354.948861  19.159004  100.0  50.0  49.469209  30.266716  0.077015  0.347638  0.150056  0.677339               0
orange      27.930671   4.916298  100.0  50.0  50.964444  29.567920  0.115990  0.445088  0.179506  0.688817               0
                   hc         hr     sc    sr         lc         lr      acc0      acc1    score0    score1  change_borders
colorname                                                                                                                  
rot        355.034112  19.277764  100.0  50.0  49.455718  30.271374  0.080239  0.354169  0.153368  0.676954        0.043151
orange      28.283648   4.412240  100.0  50.0  50.979527  29.561794  0.083602  0.334140  0.165171  0.660151        0.757865
---
Color0: Color(h: 35, s: 100, l: 57)
Color1: Color(h: 12, s: 100, l: 53)
Target Index: 0
Input: gelb
                  hc         hr     sc    sr         lc         lr      acc0      acc1    score0    score1  change_borders
colorname                                                                                                                 
braun      35.894626  12.923719  100.0  50.0   0.042619  45.384948  0.453895  0.091632  0.718590  0.145068               0
gelb       62.408316  18.405358  100.0  50.0  57.079525  19.980169  0.329958  0.023022  0.753333  0.052561               0
                  hc         hr     sc         sr         lc         lr      acc0      acc1    score0    score1  change_borders
colorname                                                                                                                      
braun      35.901101  12.917091  100.0  50.000001  22.680113  22.654316  0.316652  0.073718  0.662807  0.154304        0.009512
gelb       62.338903  18.527504  100.0  50.000000  57.093967  19.980112  0.336658  0.024429  0.753640  0.054686        0.039893
---
Color0: Color(h: 333, s: 100, l: 41)
Color1: Color(h: 357, s: 100, l: 52)
Target Index: 0
Input: bordeaux
                   hc         hr     sc    sr         lc         lr      acc0      acc1    score0    score1  change_borders
colorname                                                                                                                  
rot        355.034112  19.277764  100.0  50.0  49.455718  30.271374  0.500466  0.991306  0.384979  0.762553               0
bordeaux   349.934514  20.196720  100.0  50.0   7.132207  32.767640  0.412441  0.368379  0.493483  0.440763               0
                   hc         hr     sc    sr         lc         lr      acc0      acc1    score0    score1  change_borders
colorname                                                                                                                  
rot        356.069028  17.959598  100.0  50.0  49.595636  30.231265  0.420889  0.995504  0.334276  0.790642        5.659594
bordeaux   349.358351  20.644489  100.0  50.0   7.565343  33.267581  0.440885  0.382694  0.506996  0.440078        1.935555
---
Color0: Color(h: 253, s: 100, l: 37)
Color1: Color(h: 224, s: 100, l: 57)
Target Index: 1
Input: blau
---
Color0: Color(h: 278, s: 100, l: 45)
Color1: Color(h: 302, s: 100, l: 57)
Target Index: 0
Input: lila
---
Color0: Color(h: 54, s: 100, l: 37)
Color1: Color(h: 72, s: 100, l: 35)
Target Index: 0
Input: orange
                  hc         hr     sc    sr         lc         lr          acc0          acc1    score0        score1  change_borders
colorname                                                                                                                             
orange     28.283648   4.412240  100.0  50.0  50.979527  29.561794  3.757195e-08  4.165398e-22  0.700000  7.760520e-15               0
gelb       62.338903  18.527504  100.0  50.0  57.093967  19.980112  5.449824e-01  4.736211e-01  0.538015  4.675660e-01               0
                   hc          hr     sc    sr         lc         lr      acc0      acc1    score0    score1  change_borders
colorname                                                                                                                   
orange     208.283644  180.000000  100.0  50.0   0.000000  80.541723  0.623220  0.683148  0.520910  0.571000      497.655017
gelb        62.337621   18.526935  100.0  50.0  57.090377  19.983956  0.545201  0.473806  0.538082  0.467619        0.000059
---
Color0: Color(h: 46, s: 100, l: 48)
Color1: Color(h: 64, s: 100, l: 45)
Target Index: 1
Input: gelb
---
Color0: Color(h: 268, s: 100, l: 55)
Color1: Color(h: 292, s: 100, l: 31)
Target Index: 1
Input: lila
                   hc        hr     sc    sr         lc         lr      acc0      acc1    score0    score1  change_borders
colorname                                                                                                                 
orange     208.283644  180.0000  100.0  50.0   0.000000  80.541723  0.749618  0.833413  0.556359  0.618550               0
lila       280.963857    9.5645  100.0  50.0  47.835582  30.936277  0.388528  0.443180  0.443560  0.505952               0
                   hc          hr     sc    sr         lc         lr      acc0      acc1    score0    score1  change_borders
colorname                                                                                                                   
orange     207.737051  180.000000  100.0  50.0   0.000000  79.668754  0.745022  0.830875  0.554439  0.618330        1.359603
lila       287.571766   12.030617  100.0  50.0  44.948043  32.173389  0.253575  0.850684  0.236816  0.794461      119.229055
---
Color0: Color(h: 286, s: 100, l: 38)
Color1: Color(h: 305, s: 100, l: 38)
Target Index: 0
Input: lila
---
Color0: Color(h: 318, s: 100, l: 42)
Color1: Color(h: 338, s: 100, l: 34)
Target Index: 0
Input: pink
                   hc          hr     sc    sr         lc         lr      acc0      acc1    score0    score1  change_borders
colorname                                                                                                                   
orange     207.737051  180.000000  100.0  50.0   0.000000  79.668754  0.721384  0.702631  0.571025  0.556180               0
pink       305.011805    9.693141  100.0  50.0  50.009864  30.191916  0.393409  0.002654  0.813332  0.005487               0
                   hc         hr     sc    sr         lc         lr      acc0      acc1    score0    score1  change_borders
colorname                                                                                                                  
orange     207.522113  180.00000  100.0  50.0   0.000000  79.200273  0.719669  0.701265  0.570434  0.555846        0.311871
pink       308.791915   12.50758  100.0  50.0  49.495423  30.316285  0.739664  0.057425  0.871469  0.067658       44.980838
---
Color0: Color(h: 191, s: 100, l: 59)
Color1: Color(h: 227, s: 100, l: 35)
Target Index: 1
Input: marinblau
                   hc          hr     sc         sr         lc         lr      acc0      acc1    score0    score1  change_borders
colorname                                                                                                                        
orange     207.522113  180.000000  100.0  50.000000   0.000000  79.200273  0.754511  0.901676  0.545253  0.651603               0
marinblau  236.181293   26.552786  100.0  49.999999  25.709344  23.004009  0.082512  0.868197  0.085507  0.899706               0
                   hc          hr     sc         sr         lc         lr      acc0      acc1    score0    score1  change_borders
colorname                                                                                                                        
orange     207.422560  180.000000  100.0  50.000000   0.000000  78.303379  0.749741  0.899595  0.543122  0.651679        0.824240
marinblau  234.457362   27.030691  100.0  49.999999  27.844587  23.647818  0.115299  0.919584  0.112578  0.897886       16.348158
---
Color0: Color(h: 26, s: 100, l: 36)
Color1: Color(h: 44, s: 100, l: 53)
Target Index: 0
Input: braun
---
Color0: Color(h: 40, s: 100, l: 45)
Color1: Color(h: 58, s: 100, l: 42)
Target Index: 1
Input: gelb
---
Color0: Color(h: 167, s: 100, l: 46)
Color1: Color(h: 189, s: 100, l: 37)
Target Index: 1
Input: blau
                   hc          hr     sc    sr         lc         lr      acc0      acc1    score0    score1  change_borders
colorname                                                                                                                   
orange     207.422560  180.000000  100.0  50.0   0.000000  78.303379  0.820559  0.889696  0.582019  0.631057               0
blau       232.771559   35.511804  100.0  50.0  54.185275  27.147959  0.171942  0.382893  0.268511  0.597939               0
The change limit of 750 was exceeded. Model not changed.
---
Color0: Color(h: 331, s: 100, l: 60)
Color1: Color(h: 354, s: 100, l: 54)
Target Index: 1
Input: rot
---
Color0: Color(h: 41, s: 100, l: 32)
Color1: Color(h: 58, s: 100, l: 48)
Target Index: 1
Input: gelb
---
Color0: Color(h: 349, s: 100, l: 57)
Color1: Color(h: 330, s: 100, l: 39)
Target Index: 0
Input: rot
---
Color0: Color(h: 156, s: 100, l: 39)
Color1: Color(h: 132, s: 100, l: 44)
Target Index: 0
Input: blattgrün
                   hc          hr     sc    sr         lc         lr      acc0      acc1    score0    score1  change_borders
colorname                                                                                                                   
orange     207.422560  180.000000  100.0  50.0   0.000000  78.303379  0.848029  0.782187  0.618545  0.570520               0
blattgrün  144.923061   22.634589  100.0  50.0  25.640856  22.864234  0.747935  0.615474  0.608385  0.500638               0
                   hc          hr     sc    sr         lc         lr      acc0      acc1    score0    score1  change_borders
colorname                                                                                                                   
orange     207.721269  180.000000  100.0  50.0   0.000000  77.042339  0.844163  0.777580  0.617619  0.568904        1.768676
blattgrün  147.790113   23.631405  100.0  50.0  28.968715  24.237294  0.864161  0.659983  0.656135  0.501108       44.347132
---
Color0: Color(h: 26, s: 100, l: 31)
Color1: Color(h: 9, s: 100, l: 59)
Target Index: 0
Input: braun
---
Color0: Color(h: 168, s: 100, l: 54)
Color1: Color(h: 145, s: 100, l: 53)
Target Index: 0
Input: türkis
---
Color0: Color(h: 130, s: 100, l: 57)
Color1: Color(h: 84, s: 100, l: 57)
Target Index: 1
Input: olive
                   hc          hr     sc    sr   lc         lr          acc0      acc1        score0    score1  change_borders
colorname                                                                                                                     
orange     207.721269  180.000000  100.0  50.0  0.0  77.042339  6.928718e-01  0.600550  5.828439e-01  0.505183               0
olive       79.368176    9.009606  100.0  50.0  0.0  49.335054  7.116348e-08  0.449516  1.321669e-07  0.834855               0
                   hc          hr     sc    sr        lc         lr      acc0      acc1    score0    score1  change_borders
colorname                                                                                                                  
orange     208.528339  180.000000  100.0  50.0  0.000000  73.592100  0.673599  0.583176  0.577261  0.499771       13.206871
olive       82.640270    9.480834  100.0  50.0  2.803843  54.454753  0.000002  0.603176  0.000003  0.880950       84.639832
---
Color0: Color(h: 330, s: 100, l: 57)
Color1: Color(h: 306, s: 100, l: 40)
Target Index: 0
Input: pink
                   hc         hr     sc    sr         lc         lr      acc0      acc1    score0    score1  change_borders
colorname                                                                                                                  
orange     208.528339  180.00000  100.0  50.0   0.000000  73.592100  0.589983  0.745029  0.486346  0.614157               0
pink       308.791915   12.50758  100.0  50.0  49.495423  30.316285  0.230340  0.928705  0.208215  0.839499               0
                   hc          hr     sc    sr         lc         lr     acc0      acc1    score0    score1  change_borders
colorname                                                                                                                  
orange     208.240982  180.000000  100.0  50.0   0.000000  72.276877  0.58289  0.740357  0.483217  0.613757        1.894962
pink       313.354965   16.980621  100.0  50.0  50.084789  30.450095  0.60277  0.861872  0.468914  0.670478       82.389550
---
Color0: Color(h: 134, s: 100, l: 36)
Color1: Color(h: 111, s: 100, l: 49)
Target Index: 0
Input: blattgrün
                   hc          hr     sc    sr         lc         lr      acc0      acc1    score0    score1  change_borders
colorname                                                                                                                   
orange     208.240982  180.000000  100.0  50.0   0.000000  72.276877  0.811313  0.686788  0.622487  0.526944               0
blattgrün  147.790113   23.631405  100.0  50.0  28.968715  24.237294  0.808686  0.211531  0.797468  0.208597               0
                   hc         hr     sc    sr         lc         lr      acc0      acc1    score0    score1  change_borders
colorname                                                                                                                  
orange     208.312284  180.00000  100.0  50.0   0.000000  72.067476  0.810595  0.685723  0.622387  0.526508        0.054017
blattgrün  147.071918   24.02146  100.0  50.0  29.330571  24.337299  0.830595  0.233616  0.795514  0.223749        1.617775
---
Color0: Color(h: 350, s: 100, l: 53)
Color1: Color(h: 13, s: 100, l: 44)
Target Index: 0
Input: rot
---
