<< Learn Mode: naive >>
<< Change Limit set to 750 >>
Color0: Color(h: 301, s: 100, l: 36)
Color1: Color(h: 324, s: 100, l: 40)
Target Index: 0
Input: lila
              hc    hr     sc    sr    lc    lr      acc0      acc1    score0    score1  change_borders
colorname                                                                                              
lila       280.0  20.0  100.0  50.0  50.0  30.0  0.516780  0.084116  0.757045  0.123224               0
pink       317.0  17.0  100.0  50.0  50.0  30.0  0.575915  0.869071  0.451767  0.681729               0
                   hc         hr     sc    sr         lc         lr      acc0      acc1    score0    score1  change_borders
colorname                                                                                                                  
lila       280.557085  20.548337  100.0  50.0  49.820568  30.082613  0.548583  0.101452  0.755325  0.139686        1.300077
pink       317.698031  16.292286  100.0  50.0  50.179367  29.914859  0.528587  0.875724  0.422058  0.699235        2.055057
---
Color0: Color(h: 288, s: 100, l: 56)
Color1: Color(h: 264, s: 100, l: 35)
Target Index: 1
Input: indigo
                   hc         hr     sc    sr         lc         lr      acc0      acc1    score0    score1  change_borders
colorname                                                                                                                  
lila       280.557085  20.548337  100.0  50.0  49.820568  30.082613  0.916954  0.640193  0.687294  0.479851               0
indigo     280.000000  20.000000  100.0  50.0  20.000000  20.000000  0.182684  0.548126  0.229787  0.689456               0
                   hc         hr     sc    sr         lc         lr      acc0      acc1    score0    score1  change_borders
colorname                                                                                                                  
lila       281.671999  19.539908  100.0  50.0  50.232772  29.871839  0.931391  0.583336  0.709840  0.444577        4.948600
indigo     279.116864  20.642917  100.0  50.0  20.833138  20.570249  0.211411  0.603329  0.245061  0.699361        4.425149
---
Color0: Color(h: 44, s: 100, l: 52)
Color1: Color(h: 24, s: 100, l: 47)
Target Index: 1
Input: orange
---
Color0: Color(h: 342, s: 100, l: 40)
Color1: Color(h: 6, s: 100, l: 51)
Target Index: 0
Input: rot
---
Color0: Color(h: 0, s: 100, l: 48)
Color1: Color(h: 15, s: 100, l: 32)
Target Index: 1
Input: bordeaux
              hc    hr     sc    sr    lc    lr      acc0      acc1    score0    score1  change_borders
colorname                                                                                              
rot          0.0  20.0  100.0  50.0  50.0  30.0  0.997780  0.630495  0.728283  0.460200               0
bordeaux   350.0  20.0  100.0  50.0  20.0  20.0  0.331211  0.382415  0.424250  0.489837               0
                   hc         hr     sc    sr         lc         lr      acc0      acc1    score0    score1  change_borders
colorname                                                                                                                  
rot        357.492120  17.480646  100.0  50.0  50.955617  29.384070  0.984767  0.491824  0.762274  0.380703       27.858359
bordeaux   352.120796  22.195128  100.0  50.0  21.154810  20.607042  0.401901  0.511819  0.428466  0.545650       22.036903
---
Color0: Color(h: 59, s: 100, l: 41)
Color1: Color(h: 41, s: 100, l: 46)
Target Index: 0
Input: gelb
---
Color0: Color(h: 43, s: 100, l: 49)
Color1: Color(h: 61, s: 100, l: 60)
Target Index: 1
Input: gelb
---
Color0: Color(h: 326, s: 100, l: 41)
Color1: Color(h: 350, s: 100, l: 44)
Target Index: 1
Input: rot
---
Color0: Color(h: 22, s: 100, l: 36)
Color1: Color(h: 4, s: 100, l: 55)
Target Index: 1
Input: rot
---
Color0: Color(h: 2, s: 100, l: 38)
Color1: Color(h: 338, s: 100, l: 35)
Target Index: 1
Input: bordeaux
---
Color0: Color(h: 20, s: 100, l: 46)
Color1: Color(h: 356, s: 100, l: 59)
Target Index: 1
Input: rot
---
Color0: Color(h: 328, s: 100, l: 56)
Color1: Color(h: 350, s: 100, l: 45)
Target Index: 0
Input: pink
---
Color0: Color(h: 48, s: 100, l: 33)
Color1: Color(h: 66, s: 100, l: 58)
Target Index: 0
Input: braun
             hc    hr     sc    sr    lc    lr      acc0      acc1    score0    score1  change_borders
colorname                                                                                             
orange     35.0  15.0  100.0  50.0  50.0  30.0  0.585019  0.114051  0.761303  0.148418               0
braun      35.0  15.0  100.0  50.0  20.0  20.0  0.556101  0.019437  0.843189  0.029472               0
                  hc         hr     sc    sr         lc         lr      acc0      acc1    score0    score1  change_borders
colorname                                                                                                                 
orange     34.625196  14.665582  100.0  50.0  50.118299  29.932835  0.560241  0.097972  0.763881  0.133583        0.541638
braun      35.349683  15.300966  100.0  50.0  20.196906  20.126954  0.580368  0.023047  0.847374  0.033650        0.535495
---
Color0: Color(h: 354, s: 100, l: 45)
Color1: Color(h: 18, s: 100, l: 46)
Target Index: 1
Input: orange
---
Color0: Color(h: 207, s: 100, l: 40)
Color1: Color(h: 159, s: 100, l: 40)
Target Index: 1
Input: blattgrün
              hc    hr     sc    sr    lc    lr      acc0      acc1    score0    score1  change_borders
colorname                                                                                              
grün       120.0  40.0  100.0  50.0  50.0  30.0  0.088844  0.588094  0.118524  0.784557               0
blattgrün  150.0  20.0  100.0  50.0  20.0  20.0  0.010449  0.548126  0.016229  0.851343               0
                   hc         hr     sc    sr         lc         lr      acc0      acc1    score0    score1  change_borders
colorname                                                                                                                  
grün       119.567169  39.570405  100.0  50.0  50.195951  29.933510  0.082161  0.574336  0.112254  0.784695        0.829425
blattgrün  150.380781  20.164885  100.0  50.0  20.792196  20.737422  0.012640  0.594336  0.018370  0.863723        2.687095
---
Color0: Color(h: 276, s: 100, l: 40)
Color1: Color(h: 252, s: 100, l: 55)
Target Index: 1
Input: blau
---
Color0: Color(h: 54, s: 100, l: 41)
Color1: Color(h: 37, s: 100, l: 34)
Target Index: 1
Input: braun
                  hc         hr     sc    sr         lc         lr      acc0      acc1    score0    score1  change_borders
colorname                                                                                                                 
orange     34.625196  14.665582  100.0  50.0  50.118299  29.932835  0.398894  0.853771  0.342573  0.733226               0
braun      35.349683  15.300966  100.0  50.0  20.196906  20.126954  0.278869  0.785859  0.267002  0.752417               0
                  hc         hr     sc    sr         lc         lr      acc0      acc1    score0    score1  change_borders
colorname                                                                                                                 
orange     33.779480  14.473657  100.0  50.0  51.213237  29.282323  0.354620  0.820754  0.317581  0.735031        4.748257
braun      35.659967  15.327586  100.0  50.0  21.747899  21.034451  0.321517  0.840749  0.290095  0.758584        6.652226
---
Color0: Color(h: 324, s: 100, l: 41)
Color1: Color(h: 345, s: 100, l: 30)
Target Index: 1
Input: bordeaux
---
Color0: Color(h: 86, s: 100, l: 42)
Color1: Color(h: 66, s: 100, l: 35)
Target Index: 1
Input: olive
             hc    hr     sc    sr    lc    lr      acc0      acc1    score0    score1  change_borders
colorname                                                                                             
gelb       65.0  15.0  100.0  50.0  50.0  30.0  0.362201  0.880538  0.312678  0.760144               0
olive      65.0  15.0  100.0  50.0  20.0  20.0  0.204948  0.753164  0.211220  0.776214               0
                  hc         hr     sc    sr         lc         lr      acc0      acc1    score0    score1  change_borders
colorname                                                                                                                 
gelb       64.141550  14.892630  100.0  50.0  52.125189  28.729672  0.320066  0.830737  0.290707  0.754534       13.757256
olive      65.319311  15.014645  100.0  50.0  22.760651  21.567924  0.260166  0.850404  0.242034  0.791137       20.363509
---
Color0: Color(h: 67, s: 100, l: 53)
Color1: Color(h: 47, s: 100, l: 33)
Target Index: 1
Input: braun
---
Color0: Color(h: 296, s: 100, l: 52)
Color1: Color(h: 272, s: 100, l: 55)
Target Index: 1
Input: lila
---
Color0: Color(h: 294, s: 100, l: 40)
Color1: Color(h: 317, s: 100, l: 49)
Target Index: 0
Input: lila
---
Color0: Color(h: 272, s: 100, l: 40)
Color1: Color(h: 242, s: 100, l: 60)
Target Index: 0
Input: indigo
                   hc         hr     sc    sr         lc         lr      acc0      acc1    score0    score1  change_borders
colorname                                                                                                                  
lila       281.671999  19.539908  100.0  50.0  50.232772  29.871839  0.834287  0.120690  0.861820  0.124673               0
indigo     279.116864  20.642917  100.0  50.0  20.833138  20.570249  0.610466  0.032413  0.847847  0.045017               0
                   hc         hr     sc    sr         lc         lr      acc0      acc1    score0    score1  change_borders
colorname                                                                                                                  
lila       284.787913  17.221582  100.0  50.0  51.159556  29.521134  0.706706  0.043659  0.871283  0.053827       32.130953
indigo     278.088064  20.941109  100.0  50.0  23.312464  22.421167  0.726706  0.059390  0.865126  0.070703       21.440612
---
Color0: Color(h: 28, s: 100, l: 37)
Color1: Color(h: 48, s: 100, l: 39)
Target Index: 0
Input: orange
---
Color0: Color(h: 122, s: 100, l: 48)
Color1: Color(h: 164, s: 100, l: 49)
Target Index: 0
Input: grün
---
Color0: Color(h: 5, s: 100, l: 31)
Color1: Color(h: 24, s: 100, l: 59)
Target Index: 1
Input: orange
---
Color0: Color(h: 197, s: 100, l: 52)
Color1: Color(h: 158, s: 100, l: 32)
Target Index: 0
Input: blau
              hc    hr     sc    sr    lc    lr      acc0      acc1    score0    score1  change_borders
colorname                                                                                              
türkis     180.0  20.0  100.0  50.0  50.0  30.0  0.695258  0.456120  0.631272  0.414142               0
blau       230.0  30.0  100.0  50.0  50.0  30.0  0.544862  0.046888  0.807994  0.069531               0
                   hc         hr     sc    sr         lc         lr      acc0      acc1    score0    score1  change_borders
colorname                                                                                                                  
türkis     178.051766  17.939526  100.0  50.0  49.923269  29.994640  0.571091  0.447891  0.563644  0.442050       16.094169
blau       228.876810  31.142370  100.0  50.0  50.073230  30.004672  0.591009  0.062583  0.810276  0.085801        5.143899
---
Color0: Color(h: 27, s: 100, l: 43)
Color1: Color(h: 8, s: 100, l: 46)
Target Index: 1
Input: rot
---
Color0: Color(h: 22, s: 100, l: 50)
Color1: Color(h: 358, s: 100, l: 30)
Target Index: 1
Input: bordeaux
---
Color0: Color(h: 100, s: 100, l: 46)
Color1: Color(h: 142, s: 100, l: 50)
Target Index: 1
Input: blattgrün
                   hc         hr     sc    sr         lc         lr      acc0      acc1    score0    score1  change_borders
colorname                                                                                                                  
grün       119.567169  39.570405  100.0  50.0  50.195951  29.933510  0.876267  0.851535  0.617890  0.600451               0
blattgrün  150.380781  20.164885  100.0  50.0  20.792196  20.737422  0.021070  0.340192  0.047147  0.761232               0
                   hc         hr     sc         sr         lc         lr      acc0      acc1    score0    score1  change_borders
colorname                                                                                                                       
grün       112.887264  33.792962  100.0  50.000000  50.283869  29.932616  0.920389  0.689948  0.676202  0.506899      156.015402
blattgrün  147.182044  20.962684  100.0  50.000002  28.692509  26.973287  0.064646  0.709948  0.077814  0.854564      224.338701
---
Color0: Color(h: 56, s: 100, l: 34)
Color1: Color(h: 38, s: 100, l: 54)
Target Index: 1
Input: orange
---
Color0: Color(h: 308, s: 100, l: 52)
Color1: Color(h: 284, s: 100, l: 49)
Target Index: 0
Input: pink
---
Color0: Color(h: 334, s: 100, l: 56)
Color1: Color(h: 314, s: 100, l: 58)
Target Index: 1
Input: pink
---
Color0: Color(h: 263, s: 100, l: 58)
Color1: Color(h: 233, s: 100, l: 48)
Target Index: 1
Input: blau
---
Color0: Color(h: 338, s: 100, l: 31)
Color1: Color(h: 2, s: 100, l: 47)
Target Index: 1
Input: rot
---
Color0: Color(h: 333, s: 100, l: 40)
Color1: Color(h: 357, s: 100, l: 37)
Target Index: 1
Input: rot
---
Color0: Color(h: 36, s: 100, l: 47)
Color1: Color(h: 17, s: 100, l: 36)
Target Index: 0
Input: orange
---
Color0: Color(h: 203, s: 100, l: 35)
Color1: Color(h: 233, s: 100, l: 41)
Target Index: 1
Input: blau
---
Color0: Color(h: 70, s: 100, l: 38)
Color1: Color(h: 90, s: 100, l: 52)
Target Index: 0
Input: olive
                  hc         hr     sc    sr         lc         lr      acc0      acc1    score0    score1  change_borders
colorname                                                                                                                 
gelb       64.141550  14.892630  100.0  50.0  52.125189  28.729672  0.820175  0.221480  0.797216  0.215280               0
olive      65.319311  15.014645  100.0  50.0  22.760651  21.567924  0.742142  0.103318  0.837100  0.116538               0
                  hc         hr     sc    sr         lc         lr      acc0      acc1    score0    score1  change_borders
colorname                                                                                                                 
gelb       62.832109  14.240074  100.0  50.0  52.815764  28.367783  0.768687  0.161968  0.808780  0.170416        5.496644
olive      65.979985  15.185812  100.0  50.0  23.845400  22.248250  0.788659  0.128521  0.838509  0.136644        4.210623
---
Color0: Color(h: 165, s: 100, l: 33)
Color1: Color(h: 189, s: 100, l: 37)
Target Index: 0
Input: türkis
                   hc         hr     sc         sr         lc         lr      acc0      acc1    score0    score1  change_borders
colorname                                                                                                                       
blattgrün  147.182044  20.962684  100.0  50.000002  28.692509  26.973287  0.687985  0.130394  0.794863  0.150651               0
türkis     178.051766  17.939526  100.0  50.000000  49.923269  29.994640  0.654538  0.756509  0.521068  0.602246               0
                   hc         hr     sc         sr         lc         lr      acc0      acc1    score0    score1  change_borders
colorname                                                                                                                       
blattgrün  146.601319  20.444759  100.0  50.000002  28.611812  26.960171  0.658246  0.110941  0.796512  0.134244        1.224345
türkis     177.542769  18.286618  100.0  50.000000  49.670694  30.134704  0.678245  0.752262  0.535364  0.593788        0.925924
---
Color0: Color(h: 279, s: 100, l: 32)
Color1: Color(h: 303, s: 100, l: 48)
Target Index: 0
Input: lila
                   hc         hr     sc    sr         lc         lr      acc0      acc1    score0    score1  change_borders
colorname                                                                                                                  
lila       284.787913  17.221582  100.0  50.0  51.159556  29.521134  0.765608  0.568419  0.631418  0.468790               0
indigo     278.088064  20.941109  100.0  50.0  23.312464  22.421167  0.926802  0.268800  0.820664  0.238017               0
                   hc         hr     sc    sr         lc         lr      acc0      acc1    score0    score1  change_borders
colorname                                                                                                                  
lila       284.105357  17.415010  100.0  50.0  50.343917  30.029319  0.794891  0.553431  0.651146  0.453350        2.853629
indigo     277.998295  20.938184  100.0  50.0   0.000000  44.906894  0.774891  0.276885  0.748189  0.267344        1.494040
---
Color0: Color(h: 135, s: 100, l: 39)
Color1: Color(h: 100, s: 100, l: 33)
Target Index: 1
Input: grün
---
Color0: Color(h: 189, s: 100, l: 46)
Color1: Color(h: 165, s: 100, l: 37)
Target Index: 1
Input: türkis
---
Color0: Color(h: 272, s: 100, l: 30)
Color1: Color(h: 296, s: 100, l: 56)
Target Index: 1
Input: pink
                   hc         hr     sc    sr         lc         lr      acc0     acc1    score0    score1  change_borders
colorname                                                                                                                 
lila       284.105357  17.415010  100.0  50.0  50.343917  30.029319  0.624333  0.77803  0.498941  0.621768               0
pink       317.698031  16.292286  100.0  50.0  50.179367  29.914859  0.015589  0.40423  0.030669  0.795277               0
                   hc         hr     sc    sr         lc         lr      acc0      acc1    score0    score1  change_borders
colorname                                                                                                                  
lila       280.991638  14.096132  100.0  50.0  50.080724  29.977921  0.651945  0.556380  0.573264  0.489233       41.564226
pink       315.346479  18.724653  100.0  50.0  50.439925  29.963454  0.054359  0.576386  0.076635  0.812589       23.032924
---
Color0: Color(h: 185, s: 100, l: 37)
Color1: Color(h: 215, s: 100, l: 55)
Target Index: 1
Input: blau
---
Color0: Color(h: 22, s: 100, l: 53)
Color1: Color(h: 40, s: 100, l: 57)
Target Index: 0
Input: orange
---
Color0: Color(h: 45, s: 100, l: 51)
Color1: Color(h: 26, s: 100, l: 30)
Target Index: 1
Input: braun
---
Color0: Color(h: 41, s: 100, l: 47)
Color1: Color(h: 52, s: 100, l: 44)
Target Index: 1
Input: gelb
---
Color0: Color(h: 269, s: 100, l: 56)
Color1: Color(h: 293, s: 100, l: 57)
Target Index: 0
Input: lila
---
Color0: Color(h: 330, s: 100, l: 44)
Color1: Color(h: 349, s: 100, l: 48)
Target Index: 0
Input: pink
---
Color0: Color(h: 156, s: 100, l: 45)
Color1: Color(h: 193, s: 100, l: 52)
Target Index: 0
Input: blattgrün
---
Color0: Color(h: 353, s: 100, l: 32)
Color1: Color(h: 13, s: 100, l: 46)
Target Index: 1
Input: rot
---
Color0: Color(h: 37, s: 100, l: 38)
Color1: Color(h: 14, s: 100, l: 57)
Target Index: 0
Input: braun
                  hc         hr     sc    sr         lc         lr      acc0      acc1    score0    score1  change_borders
colorname                                                                                                                 
orange     33.779480  14.473657  100.0  50.0  51.213237  29.282323  0.881119  0.385465  0.751302  0.328674               0
braun      35.659967  15.327586  100.0  50.0  21.747899  21.034451  0.739109  0.090461  0.845401  0.103470               0
                  hc         hr     sc    sr         lc         lr     acc0      acc1    score0    score1  change_borders
colorname                                                                                                                
orange     31.288001  13.406187  100.0  50.0  52.615876  28.565329  0.80118  0.430309  0.695759  0.373688       19.656867
braun      36.001575  15.349809  100.0  50.0  23.994232  22.433065  0.82118  0.121286  0.856271  0.126469       14.238656
---
Color0: Color(h: 72, s: 100, l: 45)
Color1: Color(h: 90, s: 100, l: 45)
Target Index: 0
Input: olive
                  hc         hr     sc    sr         lc         lr      acc0      acc1    score0    score1  change_borders
colorname                                                                                                                 
gelb       62.832109  14.240074  100.0  50.0  52.815764  28.367783  0.782548  0.156001  0.818414  0.163150               0
olive      65.979985  15.185812  100.0  50.0  23.845400  22.248250  0.588236  0.182136  0.710973  0.220139               0
                  hc         hr     sc    sr         lc         lr      acc0      acc1    score0    score1  change_borders
colorname                                                                                                                 
gelb       60.708737  12.268351  100.0  50.0  53.103572  28.284684  0.628405  0.055508  0.831708  0.073466       16.972279
olive      66.627842  15.407313  100.0  50.0  24.957814  23.221368  0.648397  0.218049  0.718358  0.241576        5.306414
---
Color0: Color(h: 10, s: 100, l: 37)
Color1: Color(h: 29, s: 100, l: 38)
Target Index: 0
Input: rot
---
Color0: Color(h: 68, s: 100, l: 34)
Color1: Color(h: 48, s: 100, l: 43)
Target Index: 0
Input: olive
---
Color0: Color(h: 23, s: 100, l: 38)
Color1: Color(h: 0, s: 100, l: 60)
Target Index: 0
Input: orange
---
Color0: Color(h: 51, s: 100, l: 35)
Color1: Color(h: 69, s: 100, l: 34)
Target Index: 0
Input: braun
                  hc         hr     sc    sr         lc         lr      acc0      acc1    score0    score1  change_borders
colorname                                                                                                                 
braun      36.001575  15.349809  100.0  50.0  23.994232  22.433065  0.550066  0.089797  0.766784  0.125175               0
gelb       60.708737  12.268351  100.0  50.0  53.103572  28.284684  0.595735  0.633526  0.517960  0.550818               0
                  hc         hr     sc    sr         lc         lr      acc0      acc1    score0    score1  change_borders
colorname                                                                                                                 
braun      36.417629  15.731371  100.0  50.0  24.148522  22.507595  0.579349  0.106388  0.765204  0.140517        0.696101
gelb       61.204181  11.846354  100.0  50.0  53.263154  28.181189  0.559351  0.637532  0.494943  0.564122        0.919446
---
Color0: Color(h: 195, s: 100, l: 58)
Color1: Color(h: 231, s: 100, l: 34)
Target Index: 1
Input: blau
---
Color0: Color(h: 57, s: 100, l: 37)
Color1: Color(h: 76, s: 100, l: 59)
Target Index: 1
Input: olive
                   hc         hr     sc    sr         lc         lr      acc0      acc1    score0    score1  change_borders
colorname                                                                                                                  
olive       66.627842  15.407313  100.0  50.0  24.957814  23.221368  0.719135  0.283777  0.717673  0.283200               0
grün       112.887264  33.792962  100.0  50.0  50.283869  29.932616  0.230841  0.528266  0.282119  0.645613               0
                   hc         hr     sc    sr         lc         lr     acc0      acc1    score0    score1  change_borders
colorname                                                                                                                 
olive       68.337271  16.213329  100.0  50.0  27.636147  26.431736  0.73548  0.442333  0.657756  0.395588       42.103455
grün       115.257794  30.790142  100.0  50.0  49.678984  29.744933  0.15246  0.422348  0.231403  0.641039       30.074907
---
Color0: Color(h: 301, s: 100, l: 36)
Color1: Color(h: 324, s: 100, l: 40)
Target Index: 0
Input: lila
                   hc         hr     sc    sr         lc         lr      acc0      acc1    score0    score1  change_borders
colorname                                                                                                                  
lila       280.991638  14.096132  100.0  50.0  50.080724  29.977921  0.327034  0.008995  0.779372  0.021437               0
pink       315.346479  18.724653  100.0  50.0  50.439925  29.963454  0.663890  0.845786  0.506996  0.645907               0
                   hc         hr     sc    sr         lc         lr      acc0      acc1    score0    score1  change_borders
colorname                                                                                                                  
lila       283.499891  16.744202  100.0  50.0  49.498242  30.233618  0.524228  0.051071  0.795127  0.077463       27.416547
pink       317.871470  16.020133  100.0  50.0  51.111491  29.613632  0.504216  0.866263  0.408803  0.702341       28.526777
---
Color0: Color(h: 288, s: 100, l: 56)
Color1: Color(h: 264, s: 100, l: 35)
Target Index: 1
Input: indigo
---
Color0: Color(h: 44, s: 100, l: 52)
Color1: Color(h: 24, s: 100, l: 47)
Target Index: 1
Input: orange
---
Color0: Color(h: 342, s: 100, l: 40)
Color1: Color(h: 6, s: 100, l: 51)
Target Index: 0
Input: rot
---
Color0: Color(h: 0, s: 100, l: 48)
Color1: Color(h: 15, s: 100, l: 32)
Target Index: 1
Input: bordeaux
---
Color0: Color(h: 59, s: 100, l: 41)
Color1: Color(h: 41, s: 100, l: 46)
Target Index: 0
Input: gelb
---
Color0: Color(h: 43, s: 100, l: 49)
Color1: Color(h: 61, s: 100, l: 60)
Target Index: 1
Input: gelb
---
Color0: Color(h: 326, s: 100, l: 41)
Color1: Color(h: 350, s: 100, l: 44)
Target Index: 1
Input: rot
---
Color0: Color(h: 22, s: 100, l: 36)
Color1: Color(h: 4, s: 100, l: 55)
Target Index: 1
Input: rot
---
Color0: Color(h: 2, s: 100, l: 38)
Color1: Color(h: 338, s: 100, l: 35)
Target Index: 1
Input: bordeaux
---
Color0: Color(h: 20, s: 100, l: 46)
Color1: Color(h: 356, s: 100, l: 59)
Target Index: 1
Input: rot
---
Color0: Color(h: 328, s: 100, l: 56)
Color1: Color(h: 350, s: 100, l: 45)
Target Index: 0
Input: pink
---
Color0: Color(h: 48, s: 100, l: 33)
Color1: Color(h: 66, s: 100, l: 58)
Target Index: 0
Input: braun
---
Color0: Color(h: 354, s: 100, l: 45)
Color1: Color(h: 18, s: 100, l: 46)
Target Index: 1
Input: orange
---
Color0: Color(h: 207, s: 100, l: 40)
Color1: Color(h: 159, s: 100, l: 40)
Target Index: 1
Input: blattgrün
---
Color0: Color(h: 276, s: 100, l: 40)
Color1: Color(h: 252, s: 100, l: 55)
Target Index: 1
Input: blau
---
Color0: Color(h: 54, s: 100, l: 41)
Color1: Color(h: 37, s: 100, l: 34)
Target Index: 1
Input: braun
---
Color0: Color(h: 324, s: 100, l: 41)
Color1: Color(h: 345, s: 100, l: 30)
Target Index: 1
Input: bordeaux
---
Color0: Color(h: 86, s: 100, l: 42)
Color1: Color(h: 66, s: 100, l: 35)
Target Index: 1
Input: olive
---
Color0: Color(h: 67, s: 100, l: 53)
Color1: Color(h: 47, s: 100, l: 33)
Target Index: 1
Input: braun
---
Color0: Color(h: 296, s: 100, l: 52)
Color1: Color(h: 272, s: 100, l: 55)
Target Index: 1
Input: lila
---
Color0: Color(h: 294, s: 100, l: 40)
Color1: Color(h: 317, s: 100, l: 49)
Target Index: 0
Input: lila
---
Color0: Color(h: 272, s: 100, l: 40)
Color1: Color(h: 242, s: 100, l: 60)
Target Index: 0
Input: indigo
                   hc         hr     sc    sr         lc         lr      acc0      acc1    score0    score1  change_borders
colorname                                                                                                                  
lila       283.499891  16.744202  100.0  50.0  49.498242  30.233618  0.751868  0.043643  0.887157  0.051496               0
indigo     277.998295  20.938184  100.0  50.0   0.000000  44.906894  0.645496  0.093433  0.805139  0.116540               0
                   hc         hr     sc         sr         lc         lr      acc0      acc1    score0    score1  change_borders
colorname                                                                                                                       
lila       284.278184  16.117774  100.0  50.000001  49.689730  30.174915  0.710553  0.030238  0.884592  0.037645        2.076531
indigo     277.776393  21.002948  100.0  50.000001  23.003121  22.871538  0.730554  0.063349  0.863310  0.074861        1.060752
---
Color0: Color(h: 28, s: 100, l: 37)
Color1: Color(h: 48, s: 100, l: 39)
Target Index: 0
Input: orange
---
Color0: Color(h: 122, s: 100, l: 48)
Color1: Color(h: 164, s: 100, l: 49)
Target Index: 0
Input: grün
---
Color0: Color(h: 5, s: 100, l: 31)
Color1: Color(h: 24, s: 100, l: 59)
Target Index: 1
Input: orange
---
Color0: Color(h: 197, s: 100, l: 52)
Color1: Color(h: 158, s: 100, l: 32)
Target Index: 0
Input: blau
---
Color0: Color(h: 27, s: 100, l: 43)
Color1: Color(h: 8, s: 100, l: 46)
Target Index: 1
Input: rot
---
Color0: Color(h: 22, s: 100, l: 50)
Color1: Color(h: 358, s: 100, l: 30)
Target Index: 1
Input: bordeaux
---
Color0: Color(h: 100, s: 100, l: 46)
Color1: Color(h: 142, s: 100, l: 50)
Target Index: 1
Input: blattgrün
---
Color0: Color(h: 56, s: 100, l: 34)
Color1: Color(h: 38, s: 100, l: 54)
Target Index: 1
Input: orange
---
Color0: Color(h: 308, s: 100, l: 52)
Color1: Color(h: 284, s: 100, l: 49)
Target Index: 0
Input: pink
---
Color0: Color(h: 334, s: 100, l: 56)
Color1: Color(h: 314, s: 100, l: 58)
Target Index: 1
Input: pink
---
Color0: Color(h: 263, s: 100, l: 58)
Color1: Color(h: 233, s: 100, l: 48)
Target Index: 1
Input: blau
---
Color0: Color(h: 338, s: 100, l: 31)
Color1: Color(h: 2, s: 100, l: 47)
Target Index: 1
Input: rot
---
Color0: Color(h: 333, s: 100, l: 40)
Color1: Color(h: 357, s: 100, l: 37)
Target Index: 1
Input: rot
---
Color0: Color(h: 36, s: 100, l: 47)
Color1: Color(h: 17, s: 100, l: 36)
Target Index: 0
Input: orange
---
Color0: Color(h: 203, s: 100, l: 35)
Color1: Color(h: 233, s: 100, l: 41)
Target Index: 1
Input: blau
---
Color0: Color(h: 70, s: 100, l: 38)
Color1: Color(h: 90, s: 100, l: 52)
Target Index: 0
Input: olive
---
Color0: Color(h: 165, s: 100, l: 33)
Color1: Color(h: 189, s: 100, l: 37)
Target Index: 0
Input: türkis
---
Color0: Color(h: 279, s: 100, l: 32)
Color1: Color(h: 303, s: 100, l: 48)
Target Index: 0
Input: lila
                   hc         hr     sc         sr         lc         lr     acc0      acc1    score0    score1  change_borders
colorname                                                                                                                      
lila       284.278184  16.117774  100.0  50.000001  49.689730  30.174915  0.79815  0.508555  0.667013  0.424998               0
indigo     277.776393  21.002948  100.0  50.000001  23.003121  22.871538  0.92398  0.267566  0.820006  0.237457               0
                   hc         hr     sc         sr         lc         lr      acc0      acc1    score0    score1  change_borders
colorname                                                                                                                       
lila       284.185958  16.146222  100.0  50.000000  49.602118  30.226634  0.801605  0.506473  0.669449  0.422974        0.039332
indigo     277.755134  21.000048  100.0  50.000001   0.019628  45.746833  0.781837  0.280108  0.749913  0.268671        0.029941
---
Color0: Color(h: 135, s: 100, l: 39)
Color1: Color(h: 100, s: 100, l: 33)
Target Index: 1
Input: grün
---
Color0: Color(h: 189, s: 100, l: 46)
Color1: Color(h: 165, s: 100, l: 37)
Target Index: 1
Input: türkis
---
Color0: Color(h: 272, s: 100, l: 30)
Color1: Color(h: 296, s: 100, l: 56)
Target Index: 1
Input: pink
                   hc         hr     sc    sr         lc         lr      acc0      acc1    score0    score1  change_borders
colorname                                                                                                                  
lila       284.185958  16.146222  100.0  50.0  49.602118  30.226634  0.609520  0.748199  0.497106  0.610209               0
pink       317.871470  16.020133  100.0  50.0  51.111491  29.613632  0.012861  0.388455  0.026292  0.794103               0
                   hc         hr     sc    sr         lc         lr      acc0      acc1    score0    score1  change_borders
colorname                                                                                                                  
lila       281.434015  13.079224  100.0  50.0  49.362855  30.173672  0.627486  0.525016  0.569365  0.476386       34.079436
pink       315.860113  18.215959  100.0  50.0  51.292708  29.642382  0.042566  0.545015  0.063479  0.812795       17.801751
---
Color0: Color(h: 185, s: 100, l: 37)
Color1: Color(h: 215, s: 100, l: 55)
Target Index: 1
Input: blau
---
Color0: Color(h: 22, s: 100, l: 53)
Color1: Color(h: 40, s: 100, l: 57)
Target Index: 0
Input: orange
---
Color0: Color(h: 45, s: 100, l: 51)
Color1: Color(h: 26, s: 100, l: 30)
Target Index: 1
Input: braun
---
Color0: Color(h: 41, s: 100, l: 47)
Color1: Color(h: 52, s: 100, l: 44)
Target Index: 1
Input: gelb
---
Color0: Color(h: 269, s: 100, l: 56)
Color1: Color(h: 293, s: 100, l: 57)
Target Index: 0
Input: lila
---
Color0: Color(h: 330, s: 100, l: 44)
Color1: Color(h: 349, s: 100, l: 48)
Target Index: 0
Input: pink
---
Color0: Color(h: 156, s: 100, l: 45)
Color1: Color(h: 193, s: 100, l: 52)
Target Index: 0
Input: blattgrün
---
Color0: Color(h: 353, s: 100, l: 32)
Color1: Color(h: 13, s: 100, l: 46)
Target Index: 1
Input: rot
---
Color0: Color(h: 37, s: 100, l: 38)
Color1: Color(h: 14, s: 100, l: 57)
Target Index: 0
Input: braun
---
Color0: Color(h: 72, s: 100, l: 45)
Color1: Color(h: 90, s: 100, l: 45)
Target Index: 0
Input: olive
---
Color0: Color(h: 10, s: 100, l: 37)
Color1: Color(h: 29, s: 100, l: 38)
Target Index: 0
Input: rot
---
Color0: Color(h: 68, s: 100, l: 34)
Color1: Color(h: 48, s: 100, l: 43)
Target Index: 0
Input: olive
---
Color0: Color(h: 23, s: 100, l: 38)
Color1: Color(h: 0, s: 100, l: 60)
Target Index: 0
Input: orange
---
Color0: Color(h: 51, s: 100, l: 35)
Color1: Color(h: 69, s: 100, l: 34)
Target Index: 0
Input: braun
---
Color0: Color(h: 195, s: 100, l: 58)
Color1: Color(h: 231, s: 100, l: 34)
Target Index: 1
Input: blau
---
Color0: Color(h: 57, s: 100, l: 37)
Color1: Color(h: 76, s: 100, l: 59)
Target Index: 1
Input: olive
                  hc         hr     sc    sr         lc         lr      acc0      acc1    score0    score1  change_borders
colorname                                                                                                                 
gelb       61.204181  11.846354  100.0  50.0  53.263154  28.181189  0.794937  0.449018  0.685809  0.387378               0
olive      68.337271  16.213329  100.0  50.0  27.636147  26.431736  0.735480  0.442333  0.657756  0.395588               0
                  hc         hr     sc    sr         lc         lr      acc0      acc1    score0    score1  change_borders
colorname                                                                                                                 
gelb       61.026719  11.612080  100.0  50.0  53.252049  28.178918  0.797366  0.426495  0.695271  0.371887        0.173012
olive      68.385566  16.235828  100.0  50.0  27.710534  26.519072  0.735476  0.446623  0.656168  0.398462        0.032000
---
