<< Learn Mode: naive >>
<< Change Limit set to 750 >>
Color0: Color(h: 175, s: 100, l: 30)
Color1: Color(h: 199, s: 100, l: 35)
Target Index: 0
Input: türkis
---
Color0: Color(h: 281, s: 100, l: 33)
Color1: Color(h: 301, s: 100, l: 60)
Target Index: 1
Input: pink
---
Color0: Color(h: 230, s: 100, l: 45)
Color1: Color(h: 281, s: 100, l: 49)
Target Index: 1
Input: lila
---
Color0: Color(h: 337, s: 100, l: 31)
Color1: Color(h: 317, s: 100, l: 49)
Target Index: 1
Input: pink
---
Color0: Color(h: 289, s: 100, l: 43)
Color1: Color(h: 265, s: 100, l: 50)
Target Index: 1
Input: blau
              hc    hr     sc    sr    lc    lr      acc0      acc1    score0    score1  change_borders
colorname                                                                                              
blau       230.0  30.0  100.0  50.0  50.0  30.0  0.140702  0.506336  0.194430  0.699682               0
lila       280.0  20.0  100.0  50.0  50.0  30.0  0.879438  0.754840  0.640516  0.549768               0
                   hc         hr     sc    sr    lc    lr      acc0      acc1    score0    score1  change_borders
colorname                                                                                                        
blau       231.623520  31.722940  100.0  50.0  50.0  30.0  0.189593  0.574944  0.230467  0.698894       11.208678
lila       283.075742  16.655811  100.0  50.0  50.0  30.0  0.913494  0.554946  0.709507  0.431024       41.287578
---
Color0: Color(h: 197, s: 100, l: 36)
Color1: Color(h: 173, s: 100, l: 43)
Target Index: 0
Input: blau
                  hc        hr     sc    sr    lc    lr      acc0      acc1    score0    score1  change_borders
colorname                                                                                                      
türkis     180.00000  20.00000  100.0  50.0  50.0  30.0  0.624915  0.915329  0.471482  0.690591               0
blau       231.62352  31.72294  100.0  50.0  50.0  30.0  0.494354  0.176445  0.664180  0.237059               0
                   hc         hr     sc    sr         lc         lr      acc0      acc1    score0    score1  change_borders
colorname                                                                                                                  
türkis     178.150823  18.079025  100.0  50.0  50.519334  29.751503  0.515515  0.930043  0.404289  0.729379       14.882120
blau       230.589072  32.787918  100.0  50.0  49.503221  30.225441  0.535515  0.208955  0.664181  0.259160        5.003744
---
Color0: Color(h: 283, s: 100, l: 50)
Color1: Color(h: 303, s: 100, l: 49)
Target Index: 0
Input: lila
---
Color0: Color(h: 316, s: 100, l: 45)
Color1: Color(h: 336, s: 100, l: 30)
Target Index: 1
Input: bordeaux
---
Color0: Color(h: 347, s: 100, l: 48)
Color1: Color(h: 319, s: 100, l: 31)
Target Index: 1
Input: bordeaux
              hc    hr     sc    sr    lc    lr      acc0      acc1    score0    score1  change_borders
colorname                                                                                              
pink       317.0  17.0  100.0  50.0  50.0  30.0  0.210280  0.812633  0.206983  0.799891               0
bordeaux   350.0  20.0  100.0  50.0  20.0  20.0  0.371113  0.258593  0.523874  0.365038               0
                   hc         hr     sc    sr         lc         lr      acc0      acc1    score0    score1  change_borders
colorname                                                                                                                  
pink       315.107931  16.553832  100.0  50.0  56.240753  23.216390  0.146779  0.538678  0.193927  0.711710      177.486711
bordeaux   344.557354  25.462894  100.0  50.0  22.615245  21.041318  0.480787  0.558158  0.468171  0.543512      134.778907
---
Color0: Color(h: 15, s: 100, l: 55)
Color1: Color(h: 32, s: 100, l: 31)
Target Index: 1
Input: braun
---
Color0: Color(h: 187, s: 100, l: 49)
Color1: Color(h: 163, s: 100, l: 47)
Target Index: 0
Input: blau
                   hc         hr     sc    sr         lc         lr      acc0      acc1    score0    score1  change_borders
colorname                                                                                                                  
türkis     178.150823  18.079025  100.0  50.0  50.519334  29.751503  0.885949  0.698971  0.657076  0.518401               0
blau       230.589072  32.787918  100.0  50.0  49.503221  30.225441  0.413200  0.119061  0.667377  0.192301               0
                   hc         hr     sc    sr         lc         lr      acc0      acc1    score0    score1  change_borders
colorname                                                                                                                  
türkis     172.847185  11.508289  100.0  50.0  50.626681  29.744541  0.468747  0.688314  0.424208  0.622911      142.629439
blau       228.796200  34.932236  100.0  50.0  49.486086  30.225573  0.488738  0.169104  0.666680  0.230672       15.625570
---
Color0: Color(h: 50, s: 100, l: 47)
Color1: Color(h: 33, s: 100, l: 43)
Target Index: 0
Input: gelb
             hc    hr     sc    sr    lc    lr      acc0      acc1    score0    score1  change_borders
colorname                                                                                             
orange     35.0  15.0  100.0  50.0  50.0  30.0  0.603506  0.964533  0.450467  0.719944               0
gelb       65.0  15.0  100.0  50.0  50.0  30.0  0.603506  0.099981  0.781566  0.129479               0
                  hc         hr     sc    sr         lc         lr      acc0      acc1    score0    score1  change_borders
colorname                                                                                                                 
orange     34.874116  14.870508  100.0  50.0  50.006048  29.999393  0.593130  0.965401  0.444338  0.723221        0.065304
gelb       64.877700  15.118721  100.0  50.0  49.993638  30.000634  0.613139  0.105395  0.781265  0.134295        0.058186
---
Color0: Color(h: 343, s: 100, l: 44)
Color1: Color(h: 310, s: 100, l: 50)
Target Index: 1
Input: pink
---
Color0: Color(h: 36, s: 100, l: 34)
Color1: Color(h: 54, s: 100, l: 57)
Target Index: 1
Input: gelb
---
Color0: Color(h: 45, s: 100, l: 56)
Color1: Color(h: 93, s: 100, l: 54)
Target Index: 0
Input: orange
---
Color0: Color(h: 147, s: 100, l: 38)
Color1: Color(h: 170, s: 100, l: 57)
Target Index: 0
Input: grün
---
Color0: Color(h: 131, s: 100, l: 56)
Color1: Color(h: 155, s: 100, l: 34)
Target Index: 1
Input: blattgrün
---
Color0: Color(h: 177, s: 100, l: 42)
Color1: Color(h: 153, s: 100, l: 37)
Target Index: 1
Input: blattgrün
---
Color0: Color(h: 345, s: 100, l: 57)
Color1: Color(h: 13, s: 100, l: 56)
Target Index: 1
Input: rot
---
Color0: Color(h: 64, s: 100, l: 45)
Color1: Color(h: 122, s: 100, l: 45)
Target Index: 0
Input: gelb
---
Color0: Color(h: 46, s: 100, l: 35)
Color1: Color(h: 64, s: 100, l: 40)
Target Index: 0
Input: braun
                  hc         hr     sc    sr         lc         lr     acc0      acc1    score0    score1  change_borders
colorname                                                                                                                
orange     34.874116  14.870508  100.0  50.0  50.006048  29.999393  0.66698  0.138935  0.779418  0.162357               0
braun      35.000000  15.000000  100.0  50.0  20.000000  20.000000  0.57687  0.093585  0.775352  0.125784               0
                  hc         hr     sc    sr         lc         lr      acc0      acc1    score0    score1  change_borders
colorname                                                                                                                 
orange     33.887745  14.019689  100.0  50.0  50.281550  29.857833  0.604003  0.093862  0.787052  0.122308        3.585523
braun      35.705446  15.461088  100.0  50.0  20.573786  20.402159  0.623966  0.119093  0.774998  0.147920        2.402438
---
Color0: Color(h: 60, s: 100, l: 35)
Color1: Color(h: 42, s: 100, l: 30)
Target Index: 1
Input: braun
---
Color0: Color(h: 17, s: 100, l: 56)
Color1: Color(h: 354, s: 100, l: 53)
Target Index: 0
Input: orange
                  hc         hr     sc    sr        lc         lr      acc0      acc1    score0    score1  change_borders
colorname                                                                                                                
rot         0.000000  20.000000  100.0  50.0  50.00000  30.000000  0.683007  0.951229  0.497458  0.692813               0
orange     33.887745  14.019689  100.0  50.0  50.28155  29.857833  0.475286  0.017396  0.817869  0.029935               0
                   hc         hr     sc    sr         lc         lr      acc0      acc1    score0    score1  change_borders
colorname                                                                                                                  
rot        358.545717  18.529466  100.0  50.0  49.815045  29.961299  0.596153  0.964889  0.446172  0.722141        8.626233
orange      32.142991  15.668091  100.0  50.0  50.454542  29.889441  0.616154  0.051464  0.830886  0.069400       11.584639
---
Color0: Color(h: 65, s: 100, l: 32)
Color1: Color(h: 47, s: 100, l: 51)
Target Index: 0
Input: olive
                hc         hr     sc    sr         lc         lr      acc0      acc1    score0    score1  change_borders
colorname                                                                                                               
gelb       64.8777  15.118721  100.0  50.0  49.993638  30.000634  0.835355  0.496734  0.689578  0.410049               0
olive      65.0000  15.000000  100.0  50.0  20.000000  20.000000  0.835270  0.146424  0.846173  0.148335               0
                  hc         hr     sc    sr         lc         lr      acc0      acc1    score0    score1  change_borders
colorname                                                                                                                 
gelb       64.869701  15.118652  100.0  50.0  50.281442  29.824067  0.828692  0.497177  0.686120  0.411640        0.228142
olive      65.000000  15.000000  100.0  50.0  20.406215  20.232957  0.848595  0.155177  0.846363  0.154769        0.438559
---
Color0: Color(h: 29, s: 100, l: 52)
Color1: Color(h: 12, s: 100, l: 48)
Target Index: 1
Input: rot
---
Color0: Color(h: 259, s: 100, l: 40)
Color1: Color(h: 283, s: 100, l: 46)
Target Index: 1
Input: lila
---
Color0: Color(h: 359, s: 100, l: 51)
Color1: Color(h: 335, s: 100, l: 48)
Target Index: 1
Input: pink
---
Color0: Color(h: 330, s: 100, l: 42)
Color1: Color(h: 310, s: 100, l: 50)
Target Index: 1
Input: lila
                   hc         hr     sc    sr         lc        lr      acc0      acc1    score0    score1  change_borders
colorname                                                                                                                 
lila       283.075742  16.655811  100.0  50.0  50.000000  30.00000  0.018240  0.270753  0.049654  0.737044               0
pink       315.107931  16.553832  100.0  50.0  56.240753  23.21639  0.552789  0.919675  0.428629  0.713110               0
                   hc         hr     sc    sr         lc         lr      acc0      acc1    score0    score1  change_borders
colorname                                                                                                                  
lila       286.011254  20.150371  100.0  50.0  50.000000  30.000000  0.089068  0.492319  0.133960  0.740456       41.658364
pink       321.145838   9.381249  100.0  50.0  56.857149  23.033158  0.520260  0.472318  0.522983  0.474790      176.631580
---
Color0: Color(h: 341, s: 100, l: 40)
Color1: Color(h: 9, s: 100, l: 59)
Target Index: 1
Input: orange
                   hc         hr     sc    sr         lc         lr      acc0      acc1    score0    score1  change_borders
colorname                                                                                                                  
rot        358.545717  18.529466  100.0  50.0  49.815045  29.961299  0.605333  0.813712  0.480205  0.645509               0
orange      32.142991  15.668091  100.0  50.0  50.454542  29.889441  0.004569  0.322469  0.011150  0.786961               0
                   hc         hr     sc    sr         lc         lr      acc0      acc1    score0    score1  change_borders
colorname                                                                                                                  
rot        354.210825  13.929006  100.0  50.0  49.198337  29.763526  0.608034  0.539083  0.553448  0.490687       80.749914
orange      28.906444  19.050355  100.0  50.0  50.995674  30.037755  0.039600  0.559086  0.058181  0.821424       44.459540
---
Color0: Color(h: 280, s: 100, l: 32)
Color1: Color(h: 303, s: 100, l: 56)
Target Index: 0
Input: marinblau
              hc    hr     sc    sr    lc    lr      acc0      acc1    score0    score1  change_borders
colorname                                                                                              
marinblau  240.0  25.0  100.0  50.0  20.0  20.0  0.232236  0.008269  0.745603  0.026549               0
indigo     280.0  20.0  100.0  50.0  20.0  20.0  0.835270  0.102156  0.874298  0.106930               0
                   hc         hr     sc    sr         lc         lr      acc0      acc1    score0    score1  change_borders
colorname                                                                                                                  
marinblau  242.235318  28.004383  100.0  50.0  21.175643  20.625508  0.350999  0.022835  0.762541  0.049610       31.592728
indigo     280.000000  20.000000  100.0  50.0  14.477803  11.783284  0.330998  0.001039  0.797110  0.002501      196.018143
---
Color0: Color(h: 70, s: 100, l: 48)
Color1: Color(h: 92, s: 100, l: 38)
Target Index: 0
Input: gelb
---
Color0: Color(h: 6, s: 100, l: 50)
Color1: Color(h: 39, s: 100, l: 53)
Target Index: 0
Input: rot
---
Color0: Color(h: 255, s: 100, l: 41)
Color1: Color(h: 218, s: 100, l: 60)
Target Index: 0
Input: indigo
                 hc         hr     sc    sr         lc         lr      acc0      acc1    score0    score1  change_borders
colorname                                                                                                                
blau       228.7962  34.932236  100.0  50.0  49.486086  30.225573  0.725596  0.897395  0.530630  0.656267               0
indigo     280.0000  20.000000  100.0  50.0  14.477803  11.783284  0.036357  0.000005  0.710817  0.000092               0
                   hc         hr     sc    sr         lc         lr      acc0      acc1    score0    score1  change_borders
colorname                                                                                                                  
blau       221.839529  26.095311  100.0  50.0  51.130337  29.662473  0.420751  0.945983  0.341721  0.768299      259.014338
indigo     274.902884  24.191605  100.0  50.0  22.101252  19.271608  0.440752  0.009095  0.818073  0.016881      315.484228
---
Color0: Color(h: 274, s: 100, l: 58)
Color1: Color(h: 243, s: 100, l: 30)
Target Index: 1
Input: indigo
                   hc         hr     sc    sr         lc         lr      acc0      acc1    score0    score1  change_borders
colorname                                                                                                                  
marinblau  242.235318  28.004383  100.0  50.0  21.175643  20.625508  0.106770  0.912201  0.105378  0.900313               0
indigo     274.902884  24.191605  100.0  50.0  22.101252  19.271608  0.176282  0.385368  0.272590  0.595905               0
                   hc         hr     sc    sr         lc        lr      acc0     acc1    score0    score1  change_borders
colorname                                                                                                                
marinblau  242.152343  27.998583  100.0  50.0  14.781776  13.34103  0.002756  0.52149  0.004506  0.852767      187.904152
indigo     271.896549  27.359460  100.0  50.0  23.420173  19.71897  0.214259  0.54149  0.262732  0.663993       42.026077
---
Color0: Color(h: 57, s: 100, l: 44)
Color1: Color(h: 38, s: 100, l: 55)
Target Index: 0
Input: gelb
---
Color0: Color(h: 50, s: 100, l: 52)
Color1: Color(h: 68, s: 100, l: 39)
Target Index: 0
Input: gelb
---
Color0: Color(h: 320, s: 100, l: 49)
Color1: Color(h: 340, s: 100, l: 55)
Target Index: 1
Input: rot
---
Color0: Color(h: 66, s: 100, l: 58)
Color1: Color(h: 48, s: 100, l: 57)
Target Index: 0
Input: gelb
---
Color0: Color(h: 160, s: 100, l: 30)
Color1: Color(h: 103, s: 100, l: 35)
Target Index: 1
Input: blattgrün
              hc    hr     sc    sr    lc    lr      acc0      acc1    score0    score1  change_borders
colorname                                                                                              
grün       120.0  40.0  100.0  50.0  50.0  30.0  0.485672  0.806289  0.408844  0.678744               0
blattgrün  150.0  20.0  100.0  50.0  20.0  20.0  0.778801  0.047715  0.893229  0.054726               0
The change limit of 750 was exceeded. Model not changed.
---
Color0: Color(h: 289, s: 100, l: 57)
Color1: Color(h: 255, s: 100, l: 56)
Target Index: 1
Input: indigo
                   hc         hr     sc    sr         lc         lr      acc0      acc1    score0    score1  change_borders
colorname                                                                                                                  
blau       221.839529  26.095311  100.0  50.0  51.130337  29.662473  0.035741  0.440048  0.063307  0.779430               0
indigo     271.896549  27.359460  100.0  50.0  23.420173  19.718970  0.192942  0.211064  0.392183  0.429019               0
                   hc         hr     sc    sr         lc         lr      acc0      acc1    score0    score1  change_borders
colorname                                                                                                                  
blau       219.880354  23.098401  100.0  50.0  50.959379  29.632994  0.011131  0.310264  0.027583  0.768836       25.699858
indigo     271.213877  27.760747  100.0  50.0  25.370085  22.369213  0.299712  0.330206  0.422970  0.466005       22.906023
---
Color0: Color(h: 151, s: 100, l: 36)
Color1: Color(h: 98, s: 100, l: 60)
Target Index: 0
Input: blattgrün
---
Color0: Color(h: 75, s: 100, l: 45)
Color1: Color(h: 57, s: 100, l: 33)
Target Index: 1
Input: braun
                  hc         hr     sc    sr         lc         lr      acc0      acc1    score0    score1  change_borders
colorname                                                                                                                 
braun      35.705446  15.461088  100.0  50.0  20.573786  20.402159  0.019325  0.321758  0.045459  0.756866               0
gelb       64.869701  15.118652  100.0  50.0  50.281442  29.824067  0.786498  0.738337  0.597004  0.560447               0
                  hc         hr     sc    sr         lc         lr      acc0      acc1    score0    score1  change_borders
colorname                                                                                                                 
braun      38.185298  18.065615  100.0  50.0  21.669251  20.990526  0.067604  0.502571  0.103278  0.767774       28.958886
gelb       68.647672  11.251545  100.0  50.0  51.171835  29.274968  0.833939  0.482643  0.693570  0.401404       60.643779
---
Color0: Color(h: 260, s: 100, l: 53)
Color1: Color(h: 227, s: 100, l: 30)
Target Index: 1
Input: marinblau
                   hc         hr     sc    sr         lc         lr      acc0      acc1    score0    score1  change_borders
colorname                                                                                                                  
blau       219.880354  23.098401  100.0  50.0  50.959379  29.632994  0.220737  0.742569  0.226623  0.762369               0
marinblau  242.152343  27.998583  100.0  50.0  14.781776  13.341030  0.013481  0.450658  0.024376  0.814865               0
                   hc         hr     sc    sr         lc         lr      acc0      acc1    score0    score1  change_borders
colorname                                                                                                                  
blau       218.675391  22.655413  100.0  50.0  53.205928  27.748563  0.189454  0.658889  0.213162  0.741341       20.492477
marinblau  240.868662  28.615185  100.0  50.0  18.304069  15.920713  0.074410  0.678892  0.091468  0.834522       42.178695
---
Color0: Color(h: 304, s: 100, l: 50)
Color1: Color(h: 281, s: 100, l: 53)
Target Index: 0
Input: pink
                   hc         hr     sc    sr         lc         lr      acc0      acc1    score0    score1  change_borders
colorname                                                                                                                  
lila       286.011254  20.150371  100.0  50.0  50.000000  30.000000  0.671340  0.964714  0.488641  0.702175               0
pink       321.145838   9.381249  100.0  50.0  56.857149  23.033158  0.180053  0.000104  0.753611  0.000436               0
                   hc         hr     sc    sr         lc         lr      acc0      acc1    score0    score1  change_borders
colorname                                                                                                                  
lila       283.680256  17.433967  100.0  50.0  50.000000  30.000000  0.507010  0.983323  0.390242  0.756858       25.624795
pink       318.038077  12.792396  100.0  50.0  56.418739  23.155608  0.527009  0.014961  0.838780  0.023811       43.002610
---
Color0: Color(h: 283, s: 100, l: 52)
Color1: Color(h: 232, s: 100, l: 38)
Target Index: 0
Input: lila
---
Color0: Color(h: 226, s: 100, l: 44)
Color1: Color(h: 277, s: 100, l: 50)
Target Index: 1
Input: lila
---
Color0: Color(h: 24, s: 100, l: 52)
Color1: Color(h: 42, s: 100, l: 58)
Target Index: 1
Input: orange
---
Color0: Color(h: 319, s: 100, l: 39)
Color1: Color(h: 339, s: 100, l: 46)
Target Index: 1
Input: rot
---
Color0: Color(h: 248, s: 100, l: 56)
Color1: Color(h: 202, s: 100, l: 40)
Target Index: 0
Input: blau
---
Color0: Color(h: 265, s: 100, l: 55)
Color1: Color(h: 290, s: 100, l: 34)
Target Index: 1
Input: lila
---
Color0: Color(h: 320, s: 100, l: 35)
Color1: Color(h: 344, s: 100, l: 30)
Target Index: 1
Input: bordeaux
---
Color0: Color(h: 28, s: 100, l: 49)
Color1: Color(h: 47, s: 100, l: 37)
Target Index: 1
Input: braun
---
Color0: Color(h: 60, s: 100, l: 47)
Color1: Color(h: 39, s: 100, l: 45)
Target Index: 1
Input: orange
---
Color0: Color(h: 281, s: 100, l: 59)
Color1: Color(h: 300, s: 100, l: 56)
Target Index: 0
Input: lila
---
Color0: Color(h: 24, s: 100, l: 51)
Color1: Color(h: 41, s: 100, l: 58)
Target Index: 1
Input: orange
---
Color0: Color(h: 287, s: 100, l: 50)
Color1: Color(h: 246, s: 100, l: 46)
Target Index: 0
Input: lila
---
Color0: Color(h: 28, s: 100, l: 52)
Color1: Color(h: 46, s: 100, l: 51)
Target Index: 0
Input: orange
---
Color0: Color(h: 288, s: 100, l: 60)
Color1: Color(h: 268, s: 100, l: 44)
Target Index: 0
Input: lila
---
Color0: Color(h: 189, s: 100, l: 31)
Color1: Color(h: 221, s: 100, l: 59)
Target Index: 1
Input: blau
---
Color0: Color(h: 36, s: 100, l: 57)
Color1: Color(h: 54, s: 100, l: 36)
Target Index: 1
Input: braun
                  hc         hr     sc    sr         lc         lr      acc0      acc1    score0    score1  change_borders
colorname                                                                                                                 
braun      38.185298  18.065615  100.0  50.0  21.669251  20.990526  0.240784  0.539981  0.288111  0.646118               0
olive      65.000000  15.000000  100.0  50.0  20.406215  20.232957  0.030063  0.567856  0.044215  0.835161               0
                 hc         hr     sc    sr         lc         lr      acc0      acc1    score0    score1  change_borders
colorname                                                                                                                
braun      38.53192  18.368096  100.0  50.0  21.901490  21.148195  0.249896  0.561697  0.290504  0.652974        0.580874
olive      65.37201  14.720792  100.0  50.0  20.121493  20.011872  0.025008  0.541629  0.038396  0.831595        0.692587
---
Color0: Color(h: 175, s: 100, l: 30)
Color1: Color(h: 199, s: 100, l: 35)
Target Index: 0
Input: türkis
---
Color0: Color(h: 281, s: 100, l: 33)
Color1: Color(h: 301, s: 100, l: 60)
Target Index: 1
Input: pink
                   hc         hr     sc    sr         lc         lr      acc0      acc1    score0    score1  change_borders
colorname                                                                                                                  
lila       283.680256  17.433967  100.0  50.0  50.000000  30.000000  0.841665  0.577512  0.667645  0.458108               0
pink       318.038077  12.792396  100.0  50.0  56.418739  23.155608  0.009069  0.407006  0.017979  0.806844               0
                   hc         hr     sc    sr         lc         lr      acc0      acc1    score0    score1  change_borders
colorname                                                                                                                  
lila       282.700034  16.367751  100.0  50.0  49.830544  29.942675  0.849279  0.505255  0.693677  0.412683         4.25931
pink       316.868872  14.108182  100.0  50.0  56.518549  23.170900  0.023587  0.525254  0.037159  0.827493         6.21706
---
Color0: Color(h: 230, s: 100, l: 45)
Color1: Color(h: 281, s: 100, l: 49)
Target Index: 1
Input: lila
---
Color0: Color(h: 337, s: 100, l: 31)
Color1: Color(h: 317, s: 100, l: 49)
Target Index: 1
Input: pink
---
Color0: Color(h: 289, s: 100, l: 43)
Color1: Color(h: 265, s: 100, l: 50)
Target Index: 1
Input: blau
                   hc         hr     sc    sr         lc         lr      acc0      acc1    score0    score1  change_borders
colorname                                                                                                                  
blau       218.675391  22.655413  100.0  50.0  53.205928  27.748563  0.007556  0.122803  0.042843  0.696265               0
lila       282.700034  16.367751  100.0  50.0  49.830544  29.942675  0.904752  0.557259  0.704614  0.433989               0
                   hc         hr     sc    sr         lc         lr      acc0      acc1    score0    score1  change_borders
colorname                                                                                                                  
blau       220.034236  25.083653  100.0  50.0  53.122484  27.758382  0.021361  0.199271  0.074182  0.692008       15.499734
lila       285.547515  11.082114  100.0  50.0  49.826957  29.942656  0.928189  0.179265  0.865147  0.167090       72.092246
---
Color0: Color(h: 197, s: 100, l: 36)
Color1: Color(h: 173, s: 100, l: 43)
Target Index: 0
Input: blau
---
Color0: Color(h: 283, s: 100, l: 50)
Color1: Color(h: 303, s: 100, l: 49)
Target Index: 0
Input: lila
---
Color0: Color(h: 316, s: 100, l: 45)
Color1: Color(h: 336, s: 100, l: 30)
Target Index: 1
Input: bordeaux
---
Color0: Color(h: 347, s: 100, l: 48)
Color1: Color(h: 319, s: 100, l: 31)
Target Index: 1
Input: bordeaux
---
Color0: Color(h: 15, s: 100, l: 55)
Color1: Color(h: 32, s: 100, l: 31)
Target Index: 1
Input: braun
---
Color0: Color(h: 187, s: 100, l: 49)
Color1: Color(h: 163, s: 100, l: 47)
Target Index: 0
Input: blau
                   hc         hr     sc    sr         lc         lr      acc0      acc1    score0    score1  change_borders
colorname                                                                                                                  
türkis     172.847185  11.508289  100.0  50.0  50.626681  29.744541  0.468747  0.688314  0.424208  0.622911               0
blau       220.034236  25.083653  100.0  50.0  53.122484  27.758382  0.415520  0.073585  0.719343  0.127389               0
                   hc         hr     sc    sr         lc         lr      acc0      acc1    score0    score1  change_borders
colorname                                                                                                                  
türkis     172.395761  10.903385  100.0  50.0  50.633494  29.744165  0.407166  0.684717  0.383182  0.644383        1.139478
blau       219.836463  25.339096  100.0  50.0  53.101798  27.761437  0.427172  0.078886  0.719033  0.132784        0.209606
---
Color0: Color(h: 50, s: 100, l: 47)
Color1: Color(h: 33, s: 100, l: 43)
Target Index: 0
Input: gelb
                  hc         hr     sc    sr         lc         lr      acc0      acc1    score0    score1  change_borders
colorname                                                                                                                 
orange     28.906444  19.050355  100.0  50.0  50.995674  30.037755  0.536949  0.943164  0.415028  0.729006               0
gelb       68.647672  11.251545  100.0  50.0  51.171835  29.274968  0.250688  0.006359  0.757889  0.019225               0
                  hc         hr     sc    sr         lc         lr      acc0      acc1    score0    score1  change_borders
colorname                                                                                                                 
orange     27.583658  17.324260  100.0  50.0  51.074612  30.027002  0.428986  0.918485  0.351550  0.752691        9.471033
gelb       66.895888  13.432491  100.0  50.0  51.082009  29.287509  0.448974  0.039879  0.777589  0.069067       15.666998
---
Color0: Color(h: 343, s: 100, l: 44)
Color1: Color(h: 310, s: 100, l: 50)
Target Index: 1
Input: pink
---
Color0: Color(h: 36, s: 100, l: 34)
Color1: Color(h: 54, s: 100, l: 57)
Target Index: 1
Input: gelb
---
Color0: Color(h: 45, s: 100, l: 56)
Color1: Color(h: 93, s: 100, l: 54)
Target Index: 0
Input: orange
---
Color0: Color(h: 147, s: 100, l: 38)
Color1: Color(h: 170, s: 100, l: 57)
Target Index: 0
Input: grün
---
Color0: Color(h: 131, s: 100, l: 56)
Color1: Color(h: 155, s: 100, l: 34)
Target Index: 1
Input: blattgrün
---
Color0: Color(h: 177, s: 100, l: 42)
Color1: Color(h: 153, s: 100, l: 37)
Target Index: 1
Input: blattgrün
---
Color0: Color(h: 345, s: 100, l: 57)
Color1: Color(h: 13, s: 100, l: 56)
Target Index: 1
Input: rot
                   hc         hr     sc    sr         lc         lr      acc0      acc1    score0    score1  change_borders
colorname                                                                                                                  
rot        354.210825  13.929006  100.0  50.0  49.198337  29.763526  0.776474  0.392229  0.698015  0.352596               0
orange      27.583658  17.324260  100.0  50.0  51.074612  30.027002  0.047814  0.692275  0.059568  0.862459               0
                   hc         hr     sc    sr         lc         lr      acc0      acc1    score0    score1  change_borders
colorname                                                                                                                  
rot        356.111341  15.952494  100.0  50.0  49.409507  29.810493  0.759578  0.557192  0.631668  0.463363       15.506527
orange      29.615569  15.079211  100.0  50.0  50.922224  30.001554  0.012307  0.537192  0.019369  0.845480       18.385545
---
Color0: Color(h: 64, s: 100, l: 45)
Color1: Color(h: 122, s: 100, l: 45)
Target Index: 0
Input: gelb
---
Color0: Color(h: 46, s: 100, l: 35)
Color1: Color(h: 64, s: 100, l: 40)
Target Index: 0
Input: braun
---
Color0: Color(h: 60, s: 100, l: 35)
Color1: Color(h: 42, s: 100, l: 30)
Target Index: 1
Input: braun
---
Color0: Color(h: 17, s: 100, l: 56)
Color1: Color(h: 354, s: 100, l: 53)
Target Index: 0
Input: orange
---
Color0: Color(h: 65, s: 100, l: 32)
Color1: Color(h: 47, s: 100, l: 51)
Target Index: 0
Input: olive
---
Color0: Color(h: 29, s: 100, l: 52)
Color1: Color(h: 12, s: 100, l: 48)
Target Index: 1
Input: rot
---
Color0: Color(h: 259, s: 100, l: 40)
Color1: Color(h: 283, s: 100, l: 46)
Target Index: 1
Input: lila
---
Color0: Color(h: 359, s: 100, l: 51)
Color1: Color(h: 335, s: 100, l: 48)
Target Index: 1
Input: pink
                   hc         hr     sc    sr         lc         lr      acc0      acc1    score0    score1  change_borders
colorname                                                                                                                  
pink       316.868872  14.108182  100.0  50.0  56.518549  23.170900  0.011251  0.409268  0.022103  0.804052               0
bordeaux   344.557354  25.462894  100.0  50.0  22.615245  21.041318  0.342747  0.450151  0.405414  0.532455               0
                   hc         hr     sc    sr         lc         lr      acc0      acc1    score0    score1  change_borders
colorname                                                                                                                  
pink       317.297708  14.627204  100.0  50.0  56.437460  23.200363  0.016713  0.450021  0.030079  0.809941        0.921455
bordeaux   344.630937  25.435031  100.0  50.0  22.317662  20.671225  0.325556  0.430206  0.399203  0.527526        0.463430
---
Color0: Color(h: 330, s: 100, l: 42)
Color1: Color(h: 310, s: 100, l: 50)
Target Index: 1
Input: lila
                   hc         hr     sc    sr         lc         lr      acc0      acc1   score0    score1  change_borders
colorname                                                                                                                 
lila       285.547515  11.082114  100.0  50.0  49.826957  29.942656  0.000310  0.087659  0.00256  0.723831               0
pink       317.297708  14.627204  100.0  50.0  56.437460  23.200363  0.565138  0.849631  0.44916  0.675270               0
                   hc         hr     sc    sr         lc         lr      acc0      acc1    score0    score1  change_borders
colorname                                                                                                                  
lila       288.079121  14.824804  100.0  50.0  49.831758  29.940966  0.017733  0.335130  0.040499  0.765360       40.833578
pink       321.800206   7.932487  100.0  50.0  56.740607  23.112099  0.478235  0.316961  0.564454  0.374105      130.382833
---
Color0: Color(h: 341, s: 100, l: 40)
Color1: Color(h: 9, s: 100, l: 59)
Target Index: 1
Input: orange
                   hc         hr     sc    sr         lc         lr      acc0      acc1    score0    score1  change_borders
colorname                                                                                                                  
rot        356.111341  15.952494  100.0  50.0  49.409507  29.810493  0.607455  0.685139  0.511202  0.576576               0
orange      29.615569  15.079211  100.0  50.0  50.922224  30.001554  0.005178  0.378781  0.010993  0.804195               0
                   hc         hr     sc    sr         lc         lr      acc0      acc1    score0    score1  change_borders
colorname                                                                                                                  
rot        353.914912  13.485144  100.0  50.0  49.109517  29.709900  0.603135  0.506063  0.561571  0.471188       22.024457
orange      27.822249  17.063988  100.0  50.0  51.161402  30.063693  0.021634  0.526061  0.034141  0.830168       14.432805
---
Color0: Color(h: 280, s: 100, l: 32)
Color1: Color(h: 303, s: 100, l: 56)
Target Index: 0
Input: marinblau
                   hc         hr     sc    sr         lc         lr      acc0      acc1    score0    score1  change_borders
colorname                                                                                                                  
marinblau  240.868662  28.615185  100.0  50.0  18.304069  15.920713  0.271158  0.005740  0.766836  0.016233               0
indigo     271.213877  27.760747  100.0  50.0  25.370085  22.369213  0.910277  0.203317  0.845279  0.188799               0
                   hc         hr     sc    sr         lc         lr      acc0      acc1    score0    score1  change_borders
colorname                                                                                                                  
marinblau  243.701181  31.840554  100.0  50.0  21.083444  17.653138  0.431268  0.024965  0.791077  0.045793       58.304786
indigo     270.244959  27.412767  100.0  50.0  17.026543  11.655438  0.411267  0.001828  0.820282  0.003647      370.919068
---
Color0: Color(h: 70, s: 100, l: 48)
Color1: Color(h: 92, s: 100, l: 38)
Target Index: 0
Input: gelb
---
Color0: Color(h: 6, s: 100, l: 50)
Color1: Color(h: 39, s: 100, l: 53)
Target Index: 0
Input: rot
---
Color0: Color(h: 255, s: 100, l: 41)
Color1: Color(h: 218, s: 100, l: 60)
Target Index: 0
Input: indigo
                   hc         hr     sc    sr         lc         lr      acc0      acc1    score0    score1  change_borders
colorname                                                                                                                  
marinblau  243.701181  31.840554  100.0  50.0  21.083444  17.653138  0.496885  0.063564  0.769674  0.098460               0
indigo     270.244959  27.412767  100.0  50.0  17.026543  11.655438  0.103317  0.000182  0.729766  0.001283               0
                   hc         hr     sc    sr         lc         lr      acc0      acc1    score0    score1  change_borders
colorname                                                                                                                  
marinblau  243.483481  31.763015  100.0  50.0  18.844067  14.115862  0.273209  0.010336  0.756447  0.028617       35.161073
indigo     269.837055  27.626858  100.0  50.0  19.185982  14.824324  0.293209  0.003886  0.778806  0.010323       29.834474
---
Color0: Color(h: 274, s: 100, l: 58)
Color1: Color(h: 243, s: 100, l: 30)
Target Index: 1
Input: indigo
                   hc         hr     sc    sr         lc         lr      acc0      acc1    score0    score1  change_borders
colorname                                                                                                                  
marinblau  243.483481  31.763015  100.0  50.0  18.844067  14.115862  0.013450  0.731680  0.016670  0.906869               0
indigo     269.837055  27.626858  100.0  50.0  19.185982  14.824324  0.032096  0.478122  0.053664  0.799402               0
                   hc         hr     sc    sr         lc         lr      acc0      acc1    score0    score1  change_borders
colorname                                                                                                                  
marinblau  243.494598  31.762841  100.0  50.0  16.631041  11.586625  0.001075  0.513873  0.001784  0.852700       22.589309
indigo     269.092481  28.307382  100.0  50.0  20.158333  15.453259  0.049130  0.533863  0.073729  0.801169        4.717053
---
Color0: Color(h: 57, s: 100, l: 44)
Color1: Color(h: 38, s: 100, l: 55)
Target Index: 0
Input: gelb
---
Color0: Color(h: 50, s: 100, l: 52)
Color1: Color(h: 68, s: 100, l: 39)
Target Index: 0
Input: gelb
---
Color0: Color(h: 320, s: 100, l: 49)
Color1: Color(h: 340, s: 100, l: 55)
Target Index: 1
Input: rot
---
Color0: Color(h: 66, s: 100, l: 58)
Color1: Color(h: 48, s: 100, l: 57)
Target Index: 0
Input: gelb
---
Color0: Color(h: 160, s: 100, l: 30)
Color1: Color(h: 103, s: 100, l: 35)
Target Index: 1
Input: blattgrün
              hc    hr     sc    sr    lc    lr      acc0      acc1    score0    score1  change_borders
colorname                                                                                              
grün       120.0  40.0  100.0  50.0  50.0  30.0  0.485672  0.806289  0.408844  0.678744               0
blattgrün  150.0  20.0  100.0  50.0  20.0  20.0  0.778801  0.047715  0.893229  0.054726               0
The change limit of 750 was exceeded. Model not changed.
---
Color0: Color(h: 289, s: 100, l: 57)
Color1: Color(h: 255, s: 100, l: 56)
Target Index: 1
Input: indigo
                   hc         hr     sc    sr         lc         lr      acc0      acc1    score0    score1  change_borders
colorname                                                                                                                  
blau       219.836463  25.339096  100.0  50.0  53.101798  27.761437  0.023873  0.379716  0.048569  0.772508               0
indigo     269.092481  28.307382  100.0  50.0  20.158333  15.453259  0.045539  0.059986  0.315743  0.415914               0
                   hc         hr     sc    sr         lc         lr      acc0      acc1    score0    score1  change_borders
colorname                                                                                                                  
blau       217.404531  20.991849  100.0  50.0  52.987686  27.748771  0.002948  0.199957  0.011054  0.749817       49.652056
indigo     268.558417  28.567181  100.0  50.0  22.778317  19.841643  0.174928  0.219953  0.362571  0.455894       52.949902
---
Color0: Color(h: 151, s: 100, l: 36)
Color1: Color(h: 98, s: 100, l: 60)
Target Index: 0
Input: blattgrün
---
Color0: Color(h: 75, s: 100, l: 45)
Color1: Color(h: 57, s: 100, l: 33)
Target Index: 1
Input: braun
                 hc         hr     sc    sr         lc         lr      acc0      acc1    score0    score1  change_borders
colorname                                                                                                                
braun      38.53192  18.368096  100.0  50.0  21.901490  21.148195  0.076736  0.525627  0.112195  0.768514               0
olive      65.37201  14.720792  100.0  50.0  20.121493  20.011872  0.372827  0.691567  0.357038  0.662280               0
                  hc         hr     sc    sr         lc         lr      acc0      acc1    score0    score1  change_borders
colorname                                                                                                                 
braun      39.502027  19.272986  100.0  50.0  22.378641  21.389394  0.104825  0.585415  0.137755  0.769317        4.091565
olive      66.345419  14.098675  100.0  50.0   0.000000  39.413869  0.431631  0.565412  0.432527  0.566586        3.198802
---
Color0: Color(h: 260, s: 100, l: 53)
Color1: Color(h: 227, s: 100, l: 30)
Target Index: 1
Input: marinblau
                   hc         hr     sc    sr         lc         lr      acc0      acc1    score0    score1  change_borders
colorname                                                                                                                  
blau       217.404531  20.991849  100.0  50.0  52.987686  27.748771  0.127618  0.639152  0.154791  0.775240               0
marinblau  243.494598  31.762841  100.0  50.0  16.631041  11.586625  0.006337  0.449106  0.011642  0.824991               0
                   hc         hr     sc    sr         lc         lr      acc0      acc1    score0    score1  change_borders
colorname                                                                                                                  
blau       216.682748  20.626603  100.0  50.0  53.975747  26.858805  0.110162  0.592434  0.142804  0.767975        4.845363
marinblau  243.018183  31.998680  100.0  50.0  18.645824  13.288711  0.030731  0.612434  0.042666  0.850284       14.478081
---
Color0: Color(h: 304, s: 100, l: 50)
Color1: Color(h: 281, s: 100, l: 53)
Target Index: 0
Input: pink
                   hc         hr     sc    sr         lc         lr      acc0      acc1    score0    score1  change_borders
colorname                                                                                                                  
lila       288.079121  14.824804  100.0  50.0  49.831758  29.940966  0.561758  0.887266  0.439904  0.694804               0
pink       321.800206   7.932487  100.0  50.0  56.740607  23.112099  0.077288  0.000002  0.723170  0.000017               0
                   hc         hr     sc    sr         lc         lr      acc0      acc1    score0    score1  change_borders
colorname                                                                                                                  
lila       286.143252  11.933054  100.0  50.0  49.828791  29.940949  0.326398  0.906202  0.283282  0.786497       24.219633
pink       319.672506  10.970743  100.0  50.0  56.542940  23.167588  0.346355  0.001980  0.799928  0.004573       27.600519
---
Color0: Color(h: 283, s: 100, l: 52)
Color1: Color(h: 232, s: 100, l: 38)
Target Index: 0
Input: lila
---
Color0: Color(h: 226, s: 100, l: 44)
Color1: Color(h: 277, s: 100, l: 50)
Target Index: 1
Input: lila
---
Color0: Color(h: 24, s: 100, l: 52)
Color1: Color(h: 42, s: 100, l: 58)
Target Index: 1
Input: orange
---
Color0: Color(h: 319, s: 100, l: 39)
Color1: Color(h: 339, s: 100, l: 46)
Target Index: 1
Input: rot
---
Color0: Color(h: 248, s: 100, l: 56)
Color1: Color(h: 202, s: 100, l: 40)
Target Index: 0
Input: blau
---
Color0: Color(h: 265, s: 100, l: 55)
Color1: Color(h: 290, s: 100, l: 34)
Target Index: 1
Input: lila
---
Color0: Color(h: 320, s: 100, l: 35)
Color1: Color(h: 344, s: 100, l: 30)
Target Index: 1
Input: bordeaux
---
Color0: Color(h: 28, s: 100, l: 49)
Color1: Color(h: 47, s: 100, l: 37)
Target Index: 1
Input: braun
---
Color0: Color(h: 60, s: 100, l: 47)
Color1: Color(h: 39, s: 100, l: 45)
Target Index: 1
Input: orange
---
Color0: Color(h: 281, s: 100, l: 59)
Color1: Color(h: 300, s: 100, l: 56)
Target Index: 0
Input: lila
---
Color0: Color(h: 24, s: 100, l: 51)
Color1: Color(h: 41, s: 100, l: 58)
Target Index: 1
Input: orange
---
Color0: Color(h: 287, s: 100, l: 50)
Color1: Color(h: 246, s: 100, l: 46)
Target Index: 0
Input: lila
---
Color0: Color(h: 28, s: 100, l: 52)
Color1: Color(h: 46, s: 100, l: 51)
Target Index: 0
Input: orange
---
Color0: Color(h: 288, s: 100, l: 60)
Color1: Color(h: 268, s: 100, l: 44)
Target Index: 0
Input: lila
---
Color0: Color(h: 189, s: 100, l: 31)
Color1: Color(h: 221, s: 100, l: 59)
Target Index: 1
Input: blau
---
Color0: Color(h: 36, s: 100, l: 57)
Color1: Color(h: 54, s: 100, l: 36)
Target Index: 1
Input: braun
---
