<< Learn Mode: context-sensitive >>
<< Change Limit set to 750 >>
Color0: Color(h: 331, s: 100, l: 60)
Color1: Color(h: 354, s: 100, l: 54)
Target Index: 1
Input: rot
---
Color0: Color(h: 323, s: 100, l: 56)
Color1: Color(h: 342, s: 100, l: 34)
Target Index: 1
Input: rot
              hc    hr     sc    sr    lc    lr      acc0      acc1    score0    score1  change_borders
colorname                                                                                              
rot          0.0  20.0  100.0  50.0  50.0  30.0  0.177063  0.578555  0.217149  0.709536               0
bordeaux   350.0  20.0  100.0  50.0  20.0  20.0  0.079560  0.722527  0.093301  0.847325               0
                   hc         hr     sc    sr         lc         lr      acc0      acc1    score0    score1  change_borders
colorname                                                                                                                  
rot        358.381824  16.119520  100.0  50.0  48.218444  30.631412  0.087056  0.535724  0.123966  0.762867       42.498491
bordeaux   349.333223  22.416417  100.0  50.0   0.000000  40.166118  0.189777  0.662472  0.212808  0.742867       12.594918
---
Color0: Color(h: 245, s: 100, l: 60)
Color1: Color(h: 280, s: 100, l: 45)
Target Index: 1
Input: lila
---
Color0: Color(h: 318, s: 100, l: 55)
Color1: Color(h: 298, s: 100, l: 48)
Target Index: 1
Input: lila
---
Color0: Color(h: 35, s: 100, l: 59)
Color1: Color(h: 17, s: 100, l: 51)
Target Index: 0
Input: braun
             hc    hr     sc    sr    lc    lr      acc0      acc1    score0    score1  change_borders
colorname                                                                                             
orange     35.0  15.0  100.0  50.0  50.0  30.0  0.955997  0.486482  0.750721  0.382022               0
braun      35.0  15.0  100.0  50.0  20.0  20.0  0.149382  0.146424  0.398314  0.390427               0
                  hc         hr     sc    sr         lc         lr      acc0      acc1    score0    score1  change_borders
colorname                                                                                                                 
orange     32.877046  16.442294  100.0  50.0  49.264565  29.747842  0.939989  0.626307  0.702091  0.467797       14.383192
braun      37.024676   9.486321  100.0  50.0   0.000000  41.919932  0.363045  0.051405  0.722091  0.102244       72.686083
---
Color0: Color(h: 349, s: 100, l: 57)
Color1: Color(h: 330, s: 100, l: 39)
Target Index: 0
Input: rot
---
Color0: Color(h: 299, s: 100, l: 39)
Color1: Color(h: 323, s: 100, l: 33)
Target Index: 0
Input: lila
---
Color0: Color(h: 26, s: 100, l: 31)
Color1: Color(h: 9, s: 100, l: 59)
Target Index: 0
Input: braun
---
Color0: Color(h: 322, s: 100, l: 56)
Color1: Color(h: 302, s: 100, l: 51)
Target Index: 0
Input: rot
---
Color0: Color(h: 278, s: 100, l: 45)
Color1: Color(h: 302, s: 100, l: 57)
Target Index: 0
Input: lila
---
Color0: Color(h: 253, s: 100, l: 58)
Color1: Color(h: 288, s: 100, l: 50)
Target Index: 1
Input: lila
---
Color0: Color(h: 178, s: 100, l: 60)
Color1: Color(h: 154, s: 100, l: 40)
Target Index: 0
Input: türkis
---
Color0: Color(h: 35, s: 100, l: 57)
Color1: Color(h: 12, s: 100, l: 53)
Target Index: 0
Input: gelb
                  hc         hr     sc    sr    lc         lr      acc0      acc1    score0    score1  change_borders
colorname                                                                                                            
braun      37.024676   9.486321  100.0  50.0   0.0  41.919932  0.387819  0.013861  0.792191  0.028313               0
gelb       65.000000  15.000000  100.0  50.0  50.0  30.000000  0.131701  0.001936  0.729370  0.010721               0
                  hc         hr     sc    sr         lc         lr      acc0      acc1    score0    score1  change_borders
colorname                                                                                                                 
braun      36.721419  10.345928  100.0  50.0  20.749926  20.604451  0.209828  0.016912  0.710737  0.057285        2.002793
gelb       64.851934  15.154347  100.0  50.0  49.977135  29.985899  0.139792  0.002273  0.730738  0.011881        0.092936
---
Color0: Color(h: 286, s: 100, l: 38)
Color1: Color(h: 305, s: 100, l: 38)
Target Index: 0
Input: lila
---
Color0: Color(h: 36, s: 100, l: 37)
Color1: Color(h: 53, s: 100, l: 46)
Target Index: 0
Input: braun
---
Color0: Color(h: 3, s: 100, l: 58)
Color1: Color(h: 21, s: 100, l: 42)
Target Index: 0
Input: rot
---
Color0: Color(h: 40, s: 100, l: 45)
Color1: Color(h: 58, s: 100, l: 42)
Target Index: 1
Input: gelb
---
Color0: Color(h: 137, s: 100, l: 42)
Color1: Color(h: 160, s: 100, l: 53)
Target Index: 1
Input: türkis
---
Color0: Color(h: 38, s: 100, l: 41)
Color1: Color(h: 22, s: 100, l: 39)
Target Index: 1
Input: rot
---
Color0: Color(h: 330, s: 100, l: 57)
Color1: Color(h: 306, s: 100, l: 40)
Target Index: 0
Input: pink
                   hc        hr     sc    sr         lc         lr      acc0      acc1    score0    score1  change_borders
colorname                                                                                                                 
rot        358.381824  16.11952  100.0  50.0  48.218444  30.631412  0.203692  0.004913  0.744622  0.017959               0
pink       317.000000  17.00000  100.0  50.0  50.000000  30.000000  0.726432  0.767284  0.558358  0.589757               0
                   hc         hr     sc         sr         lc         lr      acc0      acc1    score0    score1  change_borders
colorname                                                                                                                       
rot        359.493133  14.490529  100.0  50.000002  48.104253  30.605805  0.120809  0.001061  0.730151  0.006410        7.804626
pink       323.910361  13.897352  100.0  50.000000  51.162091  29.955272  0.891371  0.406620  0.748123  0.341274      117.463937
---
Color0: Color(h: 156, s: 100, l: 39)
Color1: Color(h: 132, s: 100, l: 44)
Target Index: 0
Input: blattgrün
              hc    hr     sc    sr    lc    lr      acc0      acc1    score0    score1  change_borders
colorname                                                                                              
blattgrün  150.0  20.0  100.0  50.0  20.0  20.0  0.608809  0.324652  0.639187  0.340852               0
türkis     180.0  20.0  100.0  50.0  50.0  30.0  0.455107  0.055023  0.761029  0.092010               0
                   hc         hr     sc    sr         lc         lr      acc0      acc1    score0    score1  change_borders
colorname                                                                                                                  
blattgrün  154.212236  15.024317  100.0  50.0  22.032026  21.206112  0.720943  0.196041  0.766631  0.208464       96.168376
türkis     180.972241  21.689260  100.0  50.0  50.698666  29.691378  0.476903  0.076191  0.746643  0.119285        8.764465
---
Color0: Color(h: 134, s: 100, l: 36)
Color1: Color(h: 111, s: 100, l: 49)
Target Index: 0
Input: blattgrün
---
Color0: Color(h: 299, s: 100, l: 32)
Color1: Color(h: 275, s: 100, l: 60)
Target Index: 0
Input: pink
---
Color0: Color(h: 310, s: 100, l: 30)
Color1: Color(h: 334, s: 100, l: 37)
Target Index: 1
Input: rot
---
Color0: Color(h: 269, s: 100, l: 42)
Color1: Color(h: 245, s: 100, l: 35)
Target Index: 1
Input: marinblau
---
Color0: Color(h: 288, s: 100, l: 53)
Color1: Color(h: 268, s: 100, l: 51)
Target Index: 1
Input: blau
                   hc         hr     sc    sr         lc         lr          acc0          acc1    score0    score1  change_borders
colorname                                                                                                                          
blattgrün  154.212236  15.024317  100.0  50.0  22.032026  21.206112  2.081256e-18  1.378635e-13  0.000011  0.699989               0
blau       230.000000  30.000000  100.0  50.0  50.000000  30.000000  1.535255e-01  4.480826e-01  0.224692  0.655790               0
                   hc         hr     sc    sr         lc         lr          acc0          acc1    score0    score1  change_borders
colorname                                                                                                                          
blattgrün  154.214823  15.067017  100.0  50.0  22.032166  21.206464  2.608942e-18  1.623780e-13  0.000011  0.699989        0.003660
blau       239.652114  20.117789  100.0  50.0  49.904659  29.946461  5.540285e-02  3.702992e-01  0.107722  0.719989      381.666714
---
Color0: Color(h: 268, s: 100, l: 55)
Color1: Color(h: 292, s: 100, l: 31)
Target Index: 1
Input: lila
              hc    hr     sc    sr    lc    lr      acc0      acc1    score0    score1  change_borders
colorname                                                                                              
lila       280.0  20.0  100.0  50.0  50.0  30.0  0.823749  0.683482  0.629697  0.522472               0
indigo     280.0  20.0  100.0  50.0  20.0  20.0  0.180640  0.718026  0.194898  0.774701               0
                   hc         hr     sc    sr         lc         lr      acc0      acc1    score0    score1  change_borders
colorname                                                                                                                  
lila       282.821826  19.903976  100.0  50.0  48.458565  30.707418  0.740852  0.764954  0.566654  0.585088       21.696774
indigo     276.429973  17.963657  100.0  50.0   0.000000  41.034551  0.364817  0.516340  0.399259  0.565088       34.853869
---
Color0: Color(h: 168, s: 100, l: 54)
Color1: Color(h: 145, s: 100, l: 53)
Target Index: 0
Input: türkis
---
Color0: Color(h: 56, s: 100, l: 35)
Color1: Color(h: 74, s: 100, l: 37)
Target Index: 0
Input: gelb
                  hc         hr     sc    sr         lc         lr      acc0      acc1    score0    score1  change_borders
colorname                                                                                                                 
braun      36.721419  10.345928  100.0  50.0  20.749926  20.604451  0.138722  0.001111  0.736055  0.005894               0
gelb       64.851934  15.154347  100.0  50.0  49.977135  29.985899  0.744283  0.758927  0.569875  0.581088               0
                  hc         hr     sc    sr       lc         lr      acc0      acc1    score0    score1  change_borders
colorname                                                                                                               
braun      35.907539   8.573035  100.0  50.0  20.6444  20.531206  0.050244  0.000038  0.714550  0.000535        7.644099
gelb       59.408249  11.521407  100.0  50.0  49.1221  30.410649  0.859350  0.414184  0.730148  0.351912       87.486908
---
Color0: Color(h: 347, s: 100, l: 34)
Color1: Color(h: 327, s: 100, l: 54)
Target Index: 0
Input: rot
---
Color0: Color(h: 41, s: 100, l: 32)
Color1: Color(h: 58, s: 100, l: 48)
Target Index: 1
Input: gelb
---
Color0: Color(h: 274, s: 100, l: 30)
Color1: Color(h: 250, s: 100, l: 58)
Target Index: 0
Input: lila
                   hc         hr     sc    sr         lc         lr      acc0      acc1    score0    score1  change_borders
colorname                                                                                                                  
lila       282.821826  19.903976  100.0  50.0  48.458565  30.707418  0.756624  0.244659  0.755945  0.244440               0
indigo     276.429973  17.963657  100.0  50.0   0.000000  41.034551  0.758512  0.124771  0.828673  0.136312               0
                   hc         hr     sc    sr         lc         lr      acc0      acc1    score0    score1  change_borders
colorname                                                                                                                  
lila       282.871400  16.272089  100.0  50.0  46.997795  31.303127  0.743754  0.122189  0.824353  0.135430       31.363549
indigo     275.127696  19.876428  100.0  50.0   0.000000  41.343872  0.767304  0.168114  0.804387  0.176238       10.804915
---
Color0: Color(h: 136, s: 100, l: 47)
Color1: Color(h: 181, s: 100, l: 35)
Target Index: 0
Input: grün
---
Color0: Color(h: 130, s: 100, l: 57)
Color1: Color(h: 84, s: 100, l: 57)
Target Index: 1
Input: olive
                  hc         hr     sc    sr       lc         lr          acc0      acc1        score0    score1  change_borders
colorname                                                                                                                       
gelb       59.408249  11.521407  100.0  50.0  49.1221  30.410649  6.818239e-09  0.099115  5.019910e-08  0.729735               0
olive      65.000000  15.000000  100.0  50.0  20.0000  20.000000  1.511023e-05  0.080987  1.351126e-04  0.724165               0
                  hc         hr     sc    sr         lc         lr          acc0      acc1        score0    score1  change_borders
colorname                                                                                                                         
gelb       59.364829  11.421098  100.0  50.0  49.124670  30.411730  4.782491e-09  0.094436  3.688445e-08  0.728331        0.023910
olive      65.044084  15.057118  100.0  50.0   1.031925  38.977305  3.244115e-05  0.161479  1.503345e-04  0.748303        0.010497
---
Color0: Color(h: 253, s: 100, l: 37)
Color1: Color(h: 224, s: 100, l: 57)
Target Index: 1
Input: blau
                   hc         hr     sc    sr         lc         lr      acc0      acc1    score0    score1  change_borders
colorname                                                                                                                  
türkis     180.972241  21.689260  100.0  50.0  50.698666  29.691378  0.003622  0.136653  0.019163  0.722919               0
blau       239.652114  20.117789  100.0  50.0  49.904659  29.946461  0.731283  0.718400  0.572495  0.562410               0
                   hc         hr     sc    sr         lc         lr      acc0      acc1    score0    score1  change_borders
colorname                                                                                                                  
türkis     180.126433  20.994099  100.0  50.0  50.507941  29.696497  0.002181  0.109971  0.014268  0.719377        2.470086
blau       231.981127  17.355999  100.0  50.0  51.691936  29.658166  0.424853  0.885373  0.354437  0.738630      139.498028
---
Color0: Color(h: 293, s: 100, l: 37)
Color1: Color(h: 269, s: 100, l: 38)
Target Index: 1
Input: blau
---
Color0: Color(h: 64, s: 100, l: 39)
Color1: Color(h: 46, s: 100, l: 34)
Target Index: 0
Input: gelb
---
Color0: Color(h: 50, s: 100, l: 43)
Color1: Color(h: 32, s: 100, l: 40)
Target Index: 1
Input: braun
---
Color0: Color(h: 20, s: 100, l: 53)
Color1: Color(h: 2, s: 100, l: 46)
Target Index: 0
Input: orange
---
Color0: Color(h: 191, s: 100, l: 59)
Color1: Color(h: 227, s: 100, l: 35)
Target Index: 1
Input: marinblau
                   hc         hr     sc    sr         lc         lr      acc0      acc1   score0    score1  change_borders
colorname                                                                                                                 
blau       231.981127  17.355999  100.0  50.0  51.691936  29.658166  0.059725  0.819090  0.06549  0.898155               0
marinblau  240.000000  25.000000  100.0  50.0  20.000000  20.000000  0.021883  0.659383  0.02905  0.875330               0
                   hc         hr     sc    sr         lc         lr      acc0      acc1    score0    score1  change_borders
colorname                                                                                                                  
blau       231.465336  19.300096  100.0  50.0  52.574674  29.193109  0.108374  0.812227  0.114917  0.861264       10.082122
marinblau  239.646121  24.838277  100.0  50.0  20.738296  20.191195  0.024396  0.684502  0.031408  0.881261        1.466041
---
Color0: Color(h: 254, s: 100, l: 54)
Color1: Color(h: 290, s: 100, l: 46)
Target Index: 1
Input: lila
---
Color0: Color(h: 293, s: 100, l: 60)
Color1: Color(h: 269, s: 100, l: 36)
Target Index: 0
Input: pink
---
Color0: Color(h: 350, s: 100, l: 53)
Color1: Color(h: 13, s: 100, l: 44)
Target Index: 0
Input: rot
                   hc         hr     sc         sr         lc         lr      acc0      acc1    score0    score1  change_borders
colorname                                                                                                                       
rot        359.493133  14.490529  100.0  50.000002  48.104253  30.605805  0.796611  0.641842  0.626641  0.504895               0
pink       323.910361  13.897352  100.0  50.000000  51.162091  29.955272  0.171353  0.001898  0.743739  0.008236               0
                   hc         hr     sc         sr         lc        lr      acc0      acc1    score0    score1  change_borders
colorname                                                                                                                      
rot        355.804942  12.802881  100.0  50.000002  48.483794  30.63379  0.892564  0.401471  0.750596  0.337615       33.191496
pink       323.257665  12.798492  100.0  50.000000  51.147380  29.95552  0.112489  0.000510  0.730588  0.003312        3.267444
---
Color0: Color(h: 52, s: 100, l: 48)
Color1: Color(h: 36, s: 100, l: 58)
Target Index: 0
Input: gelb
---
Color0: Color(h: 46, s: 100, l: 48)
Color1: Color(h: 64, s: 100, l: 45)
Target Index: 1
Input: gelb
---
Color0: Color(h: 226, s: 100, l: 37)
Color1: Color(h: 191, s: 100, l: 50)
Target Index: 0
Input: marinblau
                   hc         hr     sc    sr         lc         lr      acc0      acc1    score0    score1  change_borders
colorname                                                                                                                  
blau       231.465336  19.300096  100.0  50.0  52.574674  29.193109  0.833261  0.110600  0.867954  0.115205               0
marinblau  239.646121  24.838277  100.0  50.0  20.738296  20.191195  0.621734  0.051405  0.833064  0.068877               0
                   hc         hr     sc    sr         lc         lr      acc0      acc1    score0    score1  change_borders
colorname                                                                                                                  
blau       230.694095  21.527728  100.0  50.0  53.527731  28.610689  0.826440  0.181317  0.821987  0.180340       13.609374
marinblau  239.410421  24.148342  100.0  50.0  21.528390  20.494521  0.644586  0.051077  0.841980  0.066719        2.495640
---
Color0: Color(h: 257, s: 100, l: 58)
Color1: Color(h: 276, s: 100, l: 40)
Target Index: 1
Input: lila
---
Color0: Color(h: 65, s: 100, l: 36)
Color1: Color(h: 47, s: 100, l: 36)
Target Index: 0
Input: grün
                   hc         hr     sc    sr         lc         lr          acc0          acc1    score0    score1  change_borders
colorname                                                                                                                          
grün       120.000000  40.000000  100.0  50.0  50.000000  30.000000  3.484706e-01  1.696189e-01  0.575366  0.280061               0
blattgrün  154.214823  15.067017  100.0  50.0  22.032166  21.206464  1.961009e-08  8.136452e-12  0.699710  0.000290               0
The change limit of 750 was exceeded. Model not changed.
---
Color0: Color(h: 138, s: 100, l: 56)
Color1: Color(h: 162, s: 100, l: 55)
Target Index: 0
Input: grün
                   hc         hr     sc    sr       lc         lr          acc0          acc1    score0        score1  change_borders
colorname                                                                                                                            
braun       35.907539   8.573035  100.0  50.0  20.6444  20.531206  3.644316e-32  2.614266e-48  0.700000  5.021480e-17               0
grün       120.000000  40.000000  100.0  50.0  50.0000  30.000000  8.858125e-01  5.682812e-01  0.692173  4.440547e-01               0
                   hc         hr     sc    sr         lc         lr          acc0          acc1    score0        score1  change_borders
colorname                                                                                                                              
braun       35.907539   8.573035  100.0  50.0  20.644400  20.531206  3.644319e-32  2.614268e-48  0.700000  5.021481e-17    1.114837e-14
grün       121.060614  32.588395  100.0  50.0  52.196728  30.277131  8.667674e-01  4.523150e-01  0.719999  3.757254e-01    1.219184e+02
---
Color0: Color(h: 333, s: 100, l: 41)
Color1: Color(h: 357, s: 100, l: 52)
Target Index: 0
Input: bordeaux
                   hc         hr     sc    sr        lc         lr      acc0      acc1    score0    score1  change_borders
colorname                                                                                                                 
pink       323.257665  12.798492  100.0  50.0  51.14738  29.955520  0.706738  0.030937  0.882664  0.038639               0
bordeaux   349.333223  22.416417  100.0  50.0   0.00000  40.166118  0.455470  0.407990  0.505887  0.453151               0
                   hc         hr     sc    sr         lc         lr      acc0      acc1    score0    score1  change_borders
colorname                                                                                                                  
pink       327.403189  21.861936  100.0  50.0  59.472664  22.104934  0.682529  0.377745  0.655369  0.362714      460.546902
bordeaux   342.036015  21.979880  100.0  50.0  23.440338  17.396105  0.552142  0.206103  0.675372  0.252101      143.861707
---
Color0: Color(h: 350, s: 100, l: 49)
Color1: Color(h: 330, s: 100, l: 52)
Target Index: 0
Input: rot
---
Color0: Color(h: 167, s: 100, l: 46)
Color1: Color(h: 189, s: 100, l: 37)
Target Index: 1
Input: blau
                   hc         hr     sc    sr         lc         lr          acc0          acc1    score0    score1  change_borders
colorname                                                                                                                          
blau       230.694095  21.527728  100.0  50.0  53.527731  28.610689  1.213615e-02  1.297197e-01  0.063528  0.679029               0
lila       282.871400  16.272089  100.0  50.0  46.997795  31.303127  9.748689e-12  5.639560e-08  0.000121  0.699879               0
                   hc         hr     sc    sr         lc         lr          acc0          acc1    score0    score1  change_borders
colorname                                                                                                                          
blau       220.544794  17.459583  100.0  50.0  50.109124  30.230802  8.988369e-03  1.779664e-01  0.036351  0.719735      267.739485
lila       282.804544  17.051077  100.0  50.0  47.006706  31.300128  9.629432e-11  2.545611e-07  0.000265  0.699735        1.222759
---
Color0: Color(h: 177, s: 100, l: 39)
Color1: Color(h: 154, s: 100, l: 42)
Target Index: 0
Input: türkis
---
Color0: Color(h: 318, s: 100, l: 42)
Color1: Color(h: 338, s: 100, l: 34)
Target Index: 0
Input: pink
                   hc         hr     sc    sr         lc         lr      acc0      acc1    score0    score1  change_borders
colorname                                                                                                                  
lila       282.804544  17.051077  100.0  50.0  47.006706  31.300128  0.117292  0.004865  0.707308  0.029339               0
pink       327.403189  21.861936  100.0  50.0  59.472664  22.104934  0.667044  0.457750  0.615239  0.422199               0
                   hc         hr     sc    sr         lc         lr      acc0      acc1    score0    score1  change_borders
colorname                                                                                                                  
lila       281.550973  18.225933  100.0  50.0  46.958342  31.374261  0.133697  0.007585  0.702528  0.039857        5.919122
pink       320.588601  17.168626  100.0  50.0  56.895597  22.472856  0.793711  0.355856  0.721424  0.323447      150.484856
---
Color0: Color(h: 126, s: 100, l: 45)
Color1: Color(h: 78, s: 100, l: 39)
Target Index: 0
Input: grün
---
Color0: Color(h: 318, s: 100, l: 45)
Color1: Color(h: 294, s: 100, l: 44)
Target Index: 0
Input: pink
---
Color0: Color(h: 42, s: 100, l: 50)
Color1: Color(h: 59, s: 100, l: 32)
Target Index: 0
Input: gelb
                  hc         hr     sc    sr         lc         lr      acc0      acc1    score0    score1  change_borders
colorname                                                                                                                 
orange     32.877046  16.442294  100.0  50.0  49.264565  29.747842  0.857072  0.239189  0.804391  0.224487               0
gelb       59.364829  11.421098  100.0  50.0  49.124670  30.411730  0.314665  0.852956  0.283044  0.767242               0
                  hc         hr     sc    sr         lc         lr      acc0      acc1    score0    score1  change_borders
colorname                                                                                                                 
orange     32.775872  18.339305  100.0  50.0  48.622618  30.054234  0.880258  0.308721  0.782321  0.274372        8.229713
gelb       46.898862   6.827512  100.0  50.0  49.549816  30.196997  0.772961  0.175591  0.802308  0.182258      353.456399
---
Color0: Color(h: 54, s: 100, l: 37)
Color1: Color(h: 72, s: 100, l: 35)
Target Index: 0
Input: orange
                  hc         hr     sc    sr         lc         lr      acc0      acc1    score0    score1  change_borders
colorname                                                                                                                 
orange     32.775872  18.339305  100.0  50.0  48.622618  30.054234  0.474995  0.091633  0.729297  0.140692               0
gelb       46.898862   6.827512  100.0  50.0  49.549816  30.196997  0.534063  0.001034  0.858866  0.001663               0
                  hc         hr     sc    sr         lc         lr      acc0          acc1    score0        score1  change_borders
colorname                                                                                                                         
orange     33.310329  17.556823  100.0  50.0  48.426452  30.117481  0.464715  7.986009e-02  0.736762  1.266107e-01        1.880806
gelb       45.523492   3.583334  100.0  50.0  49.578822  30.185626  0.055871  1.242671e-12  0.716761  1.594203e-11       24.834619
---
Color0: Color(h: 26, s: 100, l: 36)
Color1: Color(h: 44, s: 100, l: 53)
Target Index: 0
Input: braun
                   hc         hr     sc         sr         lc         lr      acc0      acc1    score0    score1  change_borders
colorname                                                                                                                       
rot        355.804942  12.802881  100.0  50.000002  48.483794  30.633790  0.057029  0.000828  0.707088  0.010269               0
braun       35.907539   8.573035  100.0  50.000000  20.644400  20.531206  0.387722  0.185022  0.590185  0.281638               0
                   hc         hr     sc         sr         lc         lr      acc0      acc1    score0    score1  change_borders
colorname                                                                                                                       
rot        355.679266  12.750043  100.0  50.000002  48.507896  30.625465  0.054418  0.000752  0.706779  0.009772        0.038473
braun       33.133993   8.649767  100.0  50.000000  20.759945  20.125116  0.534277  0.125907  0.726783  0.171272       15.753410
---
Color0: Color(h: 21, s: 100, l: 60)
Color1: Color(h: 38, s: 100, l: 60)
Target Index: 0
Input: rot
---
Color0: Color(h: 331, s: 100, l: 60)
Color1: Color(h: 354, s: 100, l: 54)
Target Index: 1
Input: rot
---
Color0: Color(h: 323, s: 100, l: 56)
Color1: Color(h: 342, s: 100, l: 34)
Target Index: 1
Input: rot
                   hc         hr     sc         sr         lc         lr      acc0      acc1    score0    score1  change_borders
colorname                                                                                                                       
rot        355.679266  12.750043  100.0  50.000002  48.507896  30.625465  0.036349  0.502710  0.058106  0.803612               0
bordeaux   342.036015  21.979880  100.0  50.000000  23.440338  17.396105  0.119242  0.831741  0.123545  0.861751               0
                   hc         hr     sc         sr         lc         lr      acc0      acc1    score0    score1  change_borders
colorname                                                                                                                       
rot        352.239509  11.180502  100.0  50.000002  47.344999  31.052031  0.031476  0.599460  0.044364  0.844917       31.659334
bordeaux   340.348802  22.899764  100.0  50.000000  23.088680  20.473306  0.206172  0.865352  0.196539  0.824918       26.571408
---
Color0: Color(h: 245, s: 100, l: 60)
Color1: Color(h: 280, s: 100, l: 45)
Target Index: 1
Input: lila
---
Color0: Color(h: 318, s: 100, l: 55)
Color1: Color(h: 298, s: 100, l: 48)
Target Index: 1
Input: lila
---
Color0: Color(h: 35, s: 100, l: 59)
Color1: Color(h: 17, s: 100, l: 51)
Target Index: 0
Input: braun
                  hc        hr     sc    sr         lc         lr      acc0          acc1    score0        score1  change_borders
colorname                                                                                                                        
braun      33.133993  8.649767  100.0  50.0  20.759945  20.125116  0.160656  5.678463e-02  0.565392  1.998404e-01               0
gelb       45.523492  3.583334  100.0  50.0  49.578822  30.185626  0.012765  1.740088e-14  0.703829  9.594592e-13               0
                  hc        hr     sc    sr         lc         lr      acc0          acc1    score0        score1  change_borders
colorname                                                                                                                        
braun      34.103035  6.389331  100.0  50.0  21.097293  20.797121  0.188134  9.888960e-03  0.721483  3.792368e-02       13.228016
gelb       45.615907  3.285894  100.0  50.0  49.577840  30.185319  0.005156  3.393939e-17  0.701547  4.617939e-15        0.194024
---
Color0: Color(h: 349, s: 100, l: 57)
Color1: Color(h: 330, s: 100, l: 39)
Target Index: 0
Input: rot
---
Color0: Color(h: 299, s: 100, l: 39)
Color1: Color(h: 323, s: 100, l: 33)
Target Index: 0
Input: lila
---
Color0: Color(h: 26, s: 100, l: 31)
Color1: Color(h: 9, s: 100, l: 59)
Target Index: 0
Input: braun
---
Color0: Color(h: 322, s: 100, l: 56)
Color1: Color(h: 302, s: 100, l: 51)
Target Index: 0
Input: rot
                   hc         hr     sc         sr         lc         lr      acc0      acc1    score0    score1  change_borders
colorname                                                                                                                       
rot        352.239509  11.180502  100.0  50.000002  47.344999  31.052031  0.024811  0.000041  0.706289  0.001166               0
pink       320.588601  17.168626  100.0  50.000000  56.895597  22.472856  0.995836  0.537654  0.753325  0.406722               0
                   hc         hr     sc         sr         lc         lr      acc0      acc1    score0    score1  change_borders
colorname                                                                                                                       
rot        351.553982  12.287389  100.0  50.000002  47.387749  31.064677  0.053344  0.000292  0.712193  0.003898        3.394265
pink       316.724980  18.213281  100.0  50.000000  56.529634  22.598474  0.958663  0.699946  0.692193  0.505389       32.337158
---
Color0: Color(h: 278, s: 100, l: 45)
Color1: Color(h: 302, s: 100, l: 57)
Target Index: 0
Input: lila
---
Color0: Color(h: 253, s: 100, l: 58)
Color1: Color(h: 288, s: 100, l: 50)
Target Index: 1
Input: lila
---
Color0: Color(h: 178, s: 100, l: 60)
Color1: Color(h: 154, s: 100, l: 40)
Target Index: 0
Input: türkis
---
Color0: Color(h: 35, s: 100, l: 57)
Color1: Color(h: 12, s: 100, l: 53)
Target Index: 0
Input: gelb
                  hc        hr     sc    sr         lc         lr      acc0          acc1    score0        score1  change_borders
colorname                                                                                                                        
braun      34.103035  6.389331  100.0  50.0  21.097293  20.797121  0.223139  7.769154e-04  0.764513  2.661852e-03               0
gelb       45.615907  3.285894  100.0  50.0  49.577840  30.185319  0.005252  1.864140e-23  0.701576  2.490072e-21               0
                  hc        hr     sc    sr         lc         lr      acc0          acc1    score0        score1  change_borders
colorname                                                                                                                        
braun      33.791911  7.075770  100.0  50.0  20.761539  20.194136  0.196971  2.437327e-03  0.750535  9.287149e-03        2.088638
gelb       44.293088  5.518908  100.0  50.0  49.610942  30.193268  0.235124  3.651738e-08  0.770537  1.196732e-07       13.474717
---
Color0: Color(h: 286, s: 100, l: 38)
Color1: Color(h: 305, s: 100, l: 38)
Target Index: 0
Input: lila
---
Color0: Color(h: 36, s: 100, l: 37)
Color1: Color(h: 53, s: 100, l: 46)
Target Index: 0
Input: braun
---
Color0: Color(h: 3, s: 100, l: 58)
Color1: Color(h: 21, s: 100, l: 42)
Target Index: 0
Input: rot
---
Color0: Color(h: 40, s: 100, l: 45)
Color1: Color(h: 58, s: 100, l: 42)
Target Index: 1
Input: gelb
                  hc         hr     sc    sr         lc         lr      acc0      acc1    score0    score1  change_borders
colorname                                                                                                                 
gelb       44.293088   5.518908  100.0  50.0  49.610942  30.193268  0.730362  0.044335  0.879048  0.053361               0
olive      65.044084  15.057118  100.0  50.0   1.031925  38.977305  0.132725  0.515917  0.183051  0.711541               0
                  hc         hr     sc    sr         lc         lr      acc0      acc1    score0    score1  change_borders
colorname                                                                                                                 
gelb       51.203303   4.267561  100.0  50.0  49.536877  30.215766  0.031519  0.272705  0.081978  0.709289       98.645849
olive      64.694603  16.180783  100.0  50.0   0.697325  38.700813  0.162055  0.519401  0.215082  0.689355        3.142957
---
Color0: Color(h: 137, s: 100, l: 42)
Color1: Color(h: 160, s: 100, l: 53)
Target Index: 1
Input: türkis
---
Color0: Color(h: 38, s: 100, l: 41)
Color1: Color(h: 22, s: 100, l: 39)
Target Index: 1
Input: rot
---
Color0: Color(h: 330, s: 100, l: 57)
Color1: Color(h: 306, s: 100, l: 40)
Target Index: 0
Input: pink
                   hc         hr     sc         sr         lc         lr      acc0      acc1    score0    score1  change_borders
colorname                                                                                                                       
rot        351.553982  12.287389  100.0  50.000002  47.387749  31.064677  0.204661  0.001007  0.757970  0.003730               0
pink       316.724980  18.213281  100.0  50.000000  56.529634  22.598474  0.766563  0.643467  0.610524  0.512485               0
                   hc         hr     sc         sr         lc         lr      acc0      acc1    score0    score1  change_borders
colorname                                                                                                                       
rot        352.720717   9.534115  100.0  50.000001  47.338612  31.049408  0.055688  0.000006  0.716632  0.000076       17.888869
pink       322.122657  17.476394  100.0  50.000000  58.025468  21.097884  0.902339  0.453611  0.736528  0.370257       68.334418
---
Color0: Color(h: 156, s: 100, l: 39)
Color1: Color(h: 132, s: 100, l: 44)
Target Index: 0
Input: blattgrün
---
Color0: Color(h: 134, s: 100, l: 36)
Color1: Color(h: 111, s: 100, l: 49)
Target Index: 0
Input: blattgrün
---
Color0: Color(h: 299, s: 100, l: 32)
Color1: Color(h: 275, s: 100, l: 60)
Target Index: 0
Input: pink
                   hc         hr     sc    sr         lc         lr      acc0      acc1    score0    score1  change_borders
colorname                                                                                                                  
pink       322.122657  17.476394  100.0  50.0  58.025468  21.097884  0.194738  0.026264  0.675233  0.091068               0
bordeaux   340.348802  22.899764  100.0  50.0  23.088680  20.473306  0.178191  0.003356  0.740517  0.013947               0
                   hc         hr     sc    sr         lc         lr      acc0      acc1   score0    score1  change_borders
colorname                                                                                                                 
pink       319.683327  14.705721  100.0  50.0  55.176991  23.699941  0.230553  0.009687  0.74094  0.031132       57.022961
bordeaux   342.069930  19.968940  100.0  50.0  22.962629  20.859117  0.088935  0.000734  0.72095  0.005951       23.433485
---
Color0: Color(h: 310, s: 100, l: 30)
Color1: Color(h: 334, s: 100, l: 37)
Target Index: 1
Input: rot
---
Color0: Color(h: 269, s: 100, l: 42)
Color1: Color(h: 245, s: 100, l: 35)
Target Index: 1
Input: marinblau
                   hc         hr     sc    sr         lc         lr      acc0      acc1    score0    score1  change_borders
colorname                                                                                                                  
blau       220.544794  17.459583  100.0  50.0  50.109124  30.230802  0.020506  0.330932  0.046995  0.758436               0
marinblau  239.410421  24.148342  100.0  50.0  21.528390  20.494521  0.286621  0.784406  0.273316  0.747992               0
                   hc         hr     sc    sr         lc         lr      acc0      acc1    score0    score1  change_borders
colorname                                                                                                                  
blau       219.605155  17.875691  100.0  50.0  50.517076  30.000284  0.021109  0.318903  0.049791  0.752213        2.551261
marinblau  238.753879  22.193630  100.0  50.0  22.541481  20.691808  0.253897  0.801825  0.244517  0.772200       10.634446
---
Color0: Color(h: 288, s: 100, l: 53)
Color1: Color(h: 268, s: 100, l: 51)
Target Index: 1
Input: blau
                   hc         hr     sc    sr         lc         lr          acc0          acc1    score0    score1  change_borders
colorname                                                                                                                          
blattgrün  154.214823  15.067017  100.0  50.0  22.032166  21.206464  2.608942e-18  1.623780e-13  0.000011  0.699989               0
blau       219.605155  17.875691  100.0  50.0  50.517076  30.000284  6.601210e-04  2.560765e-02  0.017789  0.690091               0
Optimization not successful. Model not changed.
---
Color0: Color(h: 268, s: 100, l: 55)
Color1: Color(h: 292, s: 100, l: 31)
Target Index: 1
Input: lila
                   hc         hr     sc    sr         lc         lr      acc0      acc1    score0    score1  change_borders
colorname                                                                                                                  
lila       281.550973  18.225933  100.0  50.0  46.958342  31.374261  0.734001  0.745501  0.567480  0.576371               0
pink       319.683327  14.705721  100.0  50.0  55.176991  23.699941  0.002079  0.101043  0.014736  0.716201               0
                  hc         hr     sc    sr         lc         lr      acc0      acc1    score0    score1  change_borders
colorname                                                                                                                 
lila       286.85571  15.139565  100.0  50.0  45.220087  31.875225  0.439265  0.854500  0.369447  0.718683       81.876791
pink       319.86008  16.848682  100.0  50.0  56.096010  22.660192  0.008755  0.138017  0.044380  0.699652       13.098396
---
Color0: Color(h: 168, s: 100, l: 54)
Color1: Color(h: 145, s: 100, l: 53)
Target Index: 0
Input: türkis
---
Color0: Color(h: 56, s: 100, l: 35)
Color1: Color(h: 74, s: 100, l: 37)
Target Index: 0
Input: gelb
---
Color0: Color(h: 347, s: 100, l: 34)
Color1: Color(h: 327, s: 100, l: 54)
Target Index: 0
Input: rot
---
Color0: Color(h: 41, s: 100, l: 32)
Color1: Color(h: 58, s: 100, l: 48)
Target Index: 1
Input: gelb
                   hc         hr     sc    sr         lc         lr          acc0          acc1    score0    score1  change_borders
colorname                                                                                                                          
gelb        51.203303   4.267561  100.0  50.0  49.536877  30.215766  4.847912e-02  2.809586e-01  0.117554  0.681278               0
blau       219.605155  17.875691  100.0  50.0  50.517076  30.000284  1.735411e-22  1.781947e-18  0.000068  0.699932               0
                   hc         hr     sc    sr         lc         lr          acc0          acc1    score0    score1  change_borders
colorname                                                                                                                          
gelb        51.567944   4.244297  100.0  50.0  49.541798  30.212423  3.806736e-02  3.167605e-01  0.086519  0.719929    2.670795e-01
blau       219.605144  17.875894  100.0  50.0  50.517073  30.000286  1.737389e-22  1.783611e-18  0.000068  0.699932    8.256409e-08
---
Color0: Color(h: 274, s: 100, l: 30)
Color1: Color(h: 250, s: 100, l: 58)
Target Index: 0
Input: lila
---
Color0: Color(h: 136, s: 100, l: 47)
Color1: Color(h: 181, s: 100, l: 35)
Target Index: 0
Input: grün
---
Color0: Color(h: 130, s: 100, l: 57)
Color1: Color(h: 84, s: 100, l: 57)
Target Index: 1
Input: olive
---
Color0: Color(h: 253, s: 100, l: 37)
Color1: Color(h: 224, s: 100, l: 57)
Target Index: 1
Input: blau
---
Color0: Color(h: 293, s: 100, l: 37)
Color1: Color(h: 269, s: 100, l: 38)
Target Index: 1
Input: blau
                   hc         hr     sc    sr         lc         lr      acc0      acc1    score0    score1  change_borders
colorname                                                                                                                  
blau       219.605144  17.875894  100.0  50.0  50.517073  30.000286  0.000197  0.020147  0.006851  0.699252               0
marinblau  238.753879  22.193630  100.0  50.0  22.541481  20.691808  0.039509  0.298878  0.093582  0.707934               0
                   hc         hr     sc    sr         lc         lr      acc0      acc1    score0    score1  change_borders
colorname                                                                                                                  
blau       219.751143  17.608614  100.0  50.0  50.492291  30.009540  0.000158  0.018355  0.006020  0.699534        0.186908
marinblau  238.419420  24.674934  100.0  50.0  20.955419  19.203751  0.061087  0.312902  0.132663  0.679534       21.997281
---
Color0: Color(h: 64, s: 100, l: 39)
Color1: Color(h: 46, s: 100, l: 34)
Target Index: 0
Input: gelb
                   hc         hr     sc    sr         lc         lr          acc0          acc1    score0    score1  change_borders
colorname                                                                                                                          
gelb        51.567944   4.244297  100.0  50.0  49.541798  30.212423  1.289720e-02  3.705351e-01  0.027414  0.787615               0
blau       219.751143  17.608614  100.0  50.0  50.492291  30.009540  9.532512e-18  6.191145e-22  0.699955  0.000045               0
                   hc         hr     sc         sr         lc         lr          acc0          acc1    score0    score1  change_borders
colorname                                                                                                                               
gelb        57.239442   3.847799  100.0  50.000001  49.544465  30.211007  2.010056e-01  1.229569e-02  0.719950  0.044040       64.646229
blau       219.751020  17.610770  100.0  50.000002  50.492276  30.009543  9.624870e-18  6.265834e-22  0.699954  0.000046        0.000009
---
Color0: Color(h: 50, s: 100, l: 43)
Color1: Color(h: 32, s: 100, l: 40)
Target Index: 1
Input: braun
---
Color0: Color(h: 20, s: 100, l: 53)
Color1: Color(h: 2, s: 100, l: 46)
Target Index: 0
Input: orange
---
Color0: Color(h: 191, s: 100, l: 59)
Color1: Color(h: 227, s: 100, l: 35)
Target Index: 1
Input: marinblau
---
Color0: Color(h: 254, s: 100, l: 54)
Color1: Color(h: 290, s: 100, l: 46)
Target Index: 1
Input: lila
---
Color0: Color(h: 293, s: 100, l: 60)
Color1: Color(h: 269, s: 100, l: 36)
Target Index: 0
Input: pink
---
Color0: Color(h: 350, s: 100, l: 53)
Color1: Color(h: 13, s: 100, l: 44)
Target Index: 0
Input: rot
---
Color0: Color(h: 52, s: 100, l: 48)
Color1: Color(h: 36, s: 100, l: 58)
Target Index: 0
Input: gelb
---
Color0: Color(h: 46, s: 100, l: 48)
Color1: Color(h: 64, s: 100, l: 45)
Target Index: 1
Input: gelb
---
Color0: Color(h: 226, s: 100, l: 37)
Color1: Color(h: 191, s: 100, l: 50)
Target Index: 0
Input: marinblau
---
Color0: Color(h: 257, s: 100, l: 58)
Color1: Color(h: 276, s: 100, l: 40)
Target Index: 1
Input: lila
---
Color0: Color(h: 65, s: 100, l: 36)
Color1: Color(h: 47, s: 100, l: 36)
Target Index: 0
Input: grün
                   hc         hr     sc         sr         lc         lr          acc0          acc1    score0    score1  change_borders
colorname                                                                                                                               
grün       121.060614  32.588395  100.0  50.000000  52.196728  30.277131  1.973576e-01  6.551628e-02  0.584746  0.194116               0
blau       219.751020  17.610770  100.0  50.000002  50.492276  30.009543  1.520547e-17  1.133778e-21  0.699948  0.000052               0
The change limit of 750 was exceeded. Model not changed.
---
Color0: Color(h: 138, s: 100, l: 56)
Color1: Color(h: 162, s: 100, l: 55)
Target Index: 0
Input: grün
---
Color0: Color(h: 333, s: 100, l: 41)
Color1: Color(h: 357, s: 100, l: 52)
Target Index: 0
Input: bordeaux
                  hc         hr     sc    sr         lc         lr      acc0      acc1    score0    score1  change_borders
colorname                                                                                                                 
pink       319.86008  16.848682  100.0  50.0  56.096010  22.660192  0.590958  0.086652  0.787772  0.115511               0
bordeaux   342.06993  19.968940  100.0  50.0  22.962629  20.859117  0.620628  0.286954  0.664866  0.307408               0
                   hc         hr     sc    sr         lc        lr      acc0      acc1    score0    score1  change_borders
colorname                                                                                                                 
pink       320.447479  20.399961  100.0  50.0  58.652498  20.14437  0.563685  0.190179  0.692515  0.233644       51.643217
bordeaux   339.071021  18.852320  100.0  50.0  24.020103  20.58745  0.675722  0.252646  0.712218  0.266292       22.864696
---
Color0: Color(h: 350, s: 100, l: 49)
Color1: Color(h: 330, s: 100, l: 52)
Target Index: 0
Input: rot
---
Color0: Color(h: 167, s: 100, l: 46)
Color1: Color(h: 189, s: 100, l: 37)
Target Index: 1
Input: blau
---
Color0: Color(h: 177, s: 100, l: 39)
Color1: Color(h: 154, s: 100, l: 42)
Target Index: 0
Input: türkis
---
Color0: Color(h: 318, s: 100, l: 42)
Color1: Color(h: 338, s: 100, l: 34)
Target Index: 0
Input: pink
                   hc         hr     sc    sr         lc         lr      acc0      acc1    score0    score1  change_borders
colorname                                                                                                                  
lila       286.855710  15.139565  100.0  50.0  45.220087  31.875225  0.119908  0.003126  0.718188  0.018723               0
pink       320.447479  20.399961  100.0  50.0  58.652498  20.144370  0.705479  0.326609  0.690126  0.319501               0
                   hc         hr     sc    sr         lc         lr      acc0      acc1    score0    score1  change_borders
colorname                                                                                                                  
lila       286.108617  14.561973  100.0  50.0  45.217103  31.884289  0.090425  0.001643  0.714634  0.012987        1.783702
pink       318.211166  18.062128  100.0  50.0  57.222870  20.419936  0.757337  0.287408  0.734632  0.278791       25.172669
---
Color0: Color(h: 126, s: 100, l: 45)
Color1: Color(h: 78, s: 100, l: 39)
Target Index: 0
Input: grün
---
Color0: Color(h: 318, s: 100, l: 45)
Color1: Color(h: 294, s: 100, l: 44)
Target Index: 0
Input: pink
---
Color0: Color(h: 42, s: 100, l: 50)
Color1: Color(h: 59, s: 100, l: 32)
Target Index: 0
Input: gelb
                  hc         hr     sc         sr         lc         lr      acc0      acc1    score0    score1  change_borders
colorname                                                                                                                      
orange     33.310329  17.556823  100.0  50.000000  48.426452  30.117481  0.883512  0.295449  0.789633  0.264056               0
gelb       57.239442   3.847799  100.0  50.000001  49.544465  30.211007  0.000392  0.760865  0.000479  0.927899               0
                  hc         hr     sc         sr         lc         lr      acc0      acc1    score0    score1  change_borders
colorname                                                                                                                      
orange     33.303315  18.797443  100.0  50.000000  47.987879  30.277709  0.896523  0.341707  0.775782  0.295687        3.514412
gelb       47.522666   4.392040  100.0  50.000001  49.654770  30.139802  0.453561  0.027709  0.795766  0.048615      189.458366
---
Color0: Color(h: 54, s: 100, l: 37)
Color1: Color(h: 72, s: 100, l: 35)
Target Index: 0
Input: orange
                  hc         hr     sc         sr         lc         lr      acc0          acc1    score0        score1  change_borders
colorname                                                                                                                              
orange     33.303315  18.797443  100.0  50.000000  47.987879  30.277709  0.510691  1.095966e-01  0.729527  1.565597e-01               0
gelb       47.522666   4.392040  100.0  50.000001  49.654770  30.139802  0.308619  1.600141e-07  0.792585  4.109427e-07               0
                  hc         hr     sc         sr         lc         lr      acc0          acc1    score0        score1  change_borders
colorname                                                                                                                              
orange     33.516089  18.433201  100.0  50.000000  47.898526  30.304870  0.505551  1.033196e-01  0.732882  1.497793e-01        0.373333
gelb       46.905907   2.867951  100.0  50.000001  49.664119  30.135854  0.042956  2.108079e-17  0.712887  3.498535e-16        5.406678
---
Color0: Color(h: 26, s: 100, l: 36)
Color1: Color(h: 44, s: 100, l: 53)
Target Index: 0
Input: braun
                   hc        hr     sc         sr         lc         lr      acc0          acc1    score0    score1  change_borders
colorname                                                                                                                          
rot        352.720717  9.534115  100.0  50.000001  47.338612  31.049408  0.002115  5.141346e-07  0.700464  0.000170               0
braun       33.791911  7.075770  100.0  50.000000  20.761539  20.194136  0.410228  9.877056e-02  0.687234  0.165465               0
                   hc        hr     sc         sr         lc         lr      acc0          acc1    score0    score1  change_borders
colorname                                                                                                                          
rot        352.718611  9.528675  100.0  50.000001  47.338723  31.049373  0.002099  5.051107e-07  0.700461  0.000169        0.000068
braun       33.217117  7.102404  100.0  50.000000  20.772320  20.133944  0.448301  8.772649e-02  0.719928  0.140880        0.669673
---
Color0: Color(h: 21, s: 100, l: 60)
Color1: Color(h: 38, s: 100, l: 60)
Target Index: 0
Input: rot
---
