<< Learn Mode: context-sensitive >>
<< Change Limit set to 750 >>
Color0: Color(h: 36, s: 100, l: 35)
Color1: Color(h: 54, s: 100, l: 36)
Target Index: 0
Input: braun
             hc    hr     sc    sr    lc    lr      acc0      acc1    score0    score1  change_borders
colorname                                                                                             
orange     35.0  15.0  100.0  50.0  50.0  30.0  0.880538  0.402077  0.744724  0.340061               0
braun      35.0  15.0  100.0  50.0  20.0  20.0  0.753164  0.325556  0.714691  0.308925               0
                  hc         hr     sc    sr         lc         lr      acc0      acc1    score0    score1  change_borders
colorname                                                                                                                 
orange     35.620936  15.755587  100.0  50.0  50.266865  29.858622  0.877213  0.451795  0.725199  0.373503        2.095357
braun      34.392281  13.920309  100.0  50.0  20.442822  20.301743  0.768171  0.276474  0.745191  0.268203        3.644388
---
Color0: Color(h: 212, s: 100, l: 37)
Color1: Color(h: 248, s: 100, l: 38)
Target Index: 1
Input: marinblau
              hc    hr     sc    sr    lc    lr      acc0      acc1    score0    score1  change_borders
colorname                                                                                              
marinblau  240.0  25.0  100.0  50.0  20.0  20.0  0.372153  0.633687  0.370641  0.631112               0
lila       280.0  20.0  100.0  50.0  50.0  30.0  0.020000  0.256661  0.056603  0.726395               0
                   hc         hr     sc    sr         lc         lr     acc0      acc1    score0    score1  change_borders
colorname                                                                                                                 
marinblau  241.365621  24.079188  100.0  50.0  20.919062  20.801798  0.35259  0.687233  0.343137  0.668809        8.400741
lila       281.502286  17.046881  100.0  50.0  50.175019  29.929771  0.02000  0.133461  0.097228  0.648810       22.026674
---
Color0: Color(h: 43, s: 100, l: 55)
Color1: Color(h: 19, s: 100, l: 58)
Target Index: 0
Input: gelb
---
Color0: Color(h: 101, s: 100, l: 53)
Color1: Color(h: 53, s: 100, l: 56)
Target Index: 0
Input: grün
---
Color0: Color(h: 26, s: 100, l: 38)
Color1: Color(h: 44, s: 100, l: 42)
Target Index: 0
Input: indigo
              hc    hr     sc    sr    lc    lr      acc0      acc1    score0    score1  change_borders
colorname                                                                                              
rot          0.0  20.0  100.0  50.0  50.0  30.0  0.396531  0.085816  0.694421  0.150283               0
indigo     280.0  20.0  100.0  50.0  20.0  20.0  0.020000  0.020000  0.356000  0.356000               0
The change limit of 750 was exceeded. Model not changed.
---
Color0: Color(h: 38, s: 100, l: 31)
Color1: Color(h: 56, s: 100, l: 33)
Target Index: 1
Input: olive
             hc    hr     sc    sr    lc    lr      acc0      acc1    score0    score1  change_borders
colorname                                                                                             
gelb       65.0  15.0  100.0  50.0  50.0  30.0  0.161936  0.711375  0.178380  0.783613               0
olive      65.0  15.0  100.0  50.0  20.0  20.0  0.170120  0.676211  0.191742  0.762157               0
                  hc         hr     sc    sr         lc         lr      acc0      acc1    score0   score1  change_borders
colorname                                                                                                                
gelb       64.957218  16.004065  100.0  50.0  50.278970  29.850956  0.196488  0.723140  0.208509  0.76738        2.220030
olive      64.966053  13.788689  100.0  50.0  20.460112  20.296949  0.129104  0.668805  0.151993  0.78738        3.536617
---
Color0: Color(h: 40, s: 100, l: 56)
Color1: Color(h: 16, s: 100, l: 40)
Target Index: 0
Input: gelb
                  hc         hr     sc    sr         lc         lr      acc0      acc1    score0    score1  change_borders
colorname                                                                                                                 
orange     35.620936  15.755587  100.0  50.0  50.266865  29.858622  0.944539  0.434073  0.762958  0.350626               0
gelb       64.957218  16.004065  100.0  50.0  50.278970  29.850956  0.291045  0.020000  0.742304  0.051010               0
                  hc         hr     sc    sr         lc         lr      acc0      acc1    score0    score1  change_borders
colorname                                                                                                                 
orange     34.825156  16.173683  100.0  50.0  50.076633  29.860083  0.931591  0.479834  0.741503  0.381925        1.688522
gelb       64.470242  16.709462  100.0  50.0  50.315121  29.857850  0.336069  0.020000  0.761502  0.045318        1.472170
---
Color0: Color(h: 0, s: 100, l: 41)
Color1: Color(h: 23, s: 100, l: 51)
Target Index: 1
Input: orange
---
Color0: Color(h: 335, s: 100, l: 52)
Color1: Color(h: 359, s: 100, l: 37)
Target Index: 0
Input: pink
---
Color0: Color(h: 263, s: 100, l: 46)
Color1: Color(h: 239, s: 100, l: 33)
Target Index: 0
Input: blau
                   hc         hr     sc    sr         lc         lr      acc0      acc1    score0    score1  change_borders
colorname                                                                                                                  
blau       230.000000  30.000000  100.0  50.0  50.000000  30.000000  0.541242  0.814195  0.441891  0.664740               0
lila       281.502286  17.046881  100.0  50.0  50.175019  29.929771  0.549498  0.037899  0.819685  0.056535               0
                   hc         hr     sc    sr         lc         lr      acc0      acc1    score0    score1  change_borders
colorname                                                                                                                  
blau       230.616280  30.707934  100.0  50.0  50.103376  29.896050  0.568087  0.817982  0.457325  0.658496        1.804930
lila       284.829471   8.311097  100.0  50.0  50.228609  29.928352  0.031450  0.020000  0.437327  0.278108      174.773922
---
Color0: Color(h: 41, s: 100, l: 32)
Color1: Color(h: 30, s: 100, l: 58)
Target Index: 1
Input: orange
---
Color0: Color(h: 192, s: 100, l: 45)
Color1: Color(h: 216, s: 100, l: 49)
Target Index: 0
Input: marinblau
                   hc         hr     sc    sr         lc         lr      acc0      acc1    score0    score1  change_borders
colorname                                                                                                                  
türkis     180.000000  20.000000  100.0  50.0  50.000000  30.000000  0.823749  0.197789  0.811592  0.194870               0
marinblau  241.365621  24.079188  100.0  50.0  20.919062  20.801798  0.062562  0.230846  0.168027  0.619995               0
The change limit of 750 was exceeded. Model not changed.
---
Color0: Color(h: 94, s: 100, l: 59)
Color1: Color(h: 75, s: 100, l: 47)
Target Index: 0
Input: blattgrün
              hc    hr     sc    sr    lc    lr      acc0      acc1    score0    score1  change_borders
colorname                                                                                              
grün       120.0  40.0  100.0  50.0  50.0  30.0  0.773948  0.528447  0.648159  0.442559               0
blattgrün  150.0  20.0  100.0  50.0  20.0  20.0  0.020000  0.020000  0.356000  0.356000               0
The change limit of 750 was exceeded. Model not changed.
---
Color0: Color(h: 264, s: 100, l: 35)
Color1: Color(h: 285, s: 100, l: 33)
Target Index: 1
Input: lila
---
Color0: Color(h: 78, s: 100, l: 37)
Color1: Color(h: 56, s: 100, l: 32)
Target Index: 0
Input: grün
---
Color0: Color(h: 337, s: 100, l: 46)
Color1: Color(h: 1, s: 100, l: 47)
Target Index: 1
Input: orange
                  hc         hr     sc    sr         lc         lr      acc0      acc1    score0    score1  change_borders
colorname                                                                                                                 
rot         0.000000  20.000000  100.0  50.0  50.000000  30.000000  0.511638  0.993769  0.391398  0.760224               0
orange     34.825156  16.173683  100.0  50.0  50.076633  29.860083  0.020000  0.111668  0.112328  0.627173               0
                   hc         hr     sc    sr         lc         lr      acc0      acc1    score0    score1  change_borders
colorname                                                                                                                  
rot        357.481668  21.504925  100.0  50.0  50.195643  29.985300  0.629179  0.981118  0.462260  0.720830       17.290575
orange      32.489479  19.854358  100.0  50.0  49.977469  29.870035  0.020000  0.282888  0.052222  0.738645       38.025375
---
Color0: Color(h: 185, s: 100, l: 60)
Color1: Color(h: 136, s: 100, l: 32)
Target Index: 1
Input: grün
              hc    hr     sc    sr    lc    lr      acc0      acc1    score0    score1  change_borders
colorname                                                                                              
grün       120.0  40.0  100.0  50.0  50.0  30.0  0.252620  0.771052  0.248531  0.758571               0
blattgrün  150.0  20.0  100.0  50.0  20.0  20.0  0.029268  0.653770  0.038776  0.866136               0
                   hc         hr     sc    sr         lc         lr      acc0      acc1    score0    score1  change_borders
colorname                                                                                                                  
grün       119.803824  39.017785  100.0  50.0  48.909258  30.421551  0.231664  0.786135  0.228828  0.776511        4.741308
blattgrün  152.256397  20.459937  100.0  50.0   0.000000  40.264913  0.091552  0.531817  0.130272  0.756738       10.675919
---
Color0: Color(h: 325, s: 100, l: 42)
Color1: Color(h: 305, s: 100, l: 33)
Target Index: 1
Input: lila
                   hc         hr     sc    sr         lc         lr      acc0      acc1    score0    score1  change_borders
colorname                                                                                                                  
lila       284.829471   8.311097  100.0  50.0  50.228609  29.928352  0.020000  0.044569  0.222821  0.496549               0
indigo     280.000000  20.000000  100.0  50.0  20.000000  20.000000  0.043445  0.370649  0.086475  0.737753               0
                   hc         hr     sc    sr         lc         lr      acc0      acc1    score0    score1  change_borders
colorname                                                                                                                  
lila       286.964921  11.630373  100.0  50.0  49.935524  30.090311  0.020000  0.256481  0.056636  0.726308       31.379730
indigo     279.727092  20.746618  100.0  50.0   0.000000  39.744974  0.052902  0.337340  0.110765  0.706308        1.328872
---
Color0: Color(h: 340, s: 100, l: 53)
Color1: Color(h: 323, s: 100, l: 30)
Target Index: 1
Input: lila
                   hc         hr     sc    sr         lc         lr      acc0      acc1    score0    score1  change_borders
colorname                                                                                                                  
lila       286.964921  11.630373  100.0  50.0  49.935524  30.090311  0.020000  0.020000  0.356000  0.356000               0
pink       317.000000  17.000000  100.0  50.0  50.000000  30.000000  0.398429  0.752386  0.361879  0.683365               0
                   hc         hr     sc    sr         lc         lr      acc0      acc1    score0   score1  change_borders
colorname                                                                                                                 
lila       286.964921  11.630373  100.0  50.0  49.935524  30.090311  0.020000  0.020000  0.356000  0.35600    3.249602e-16
pink       319.207276  20.044056  100.0  50.0  57.277205  17.828804  0.567323  0.304746  0.625581  0.33604    4.304682e+02
---
Color0: Color(h: 35, s: 100, l: 39)
Color1: Color(h: 24, s: 100, l: 38)
Target Index: 1
Input: orange
                   hc         hr     sc    sr         lc         lr      acc0      acc1    score0    score1  change_borders
colorname                                                                                                                  
rot        357.481668  21.504925  100.0  50.0  50.195643  29.985300  0.203603  0.430411  0.285874  0.604331               0
orange      32.489479  19.854358  100.0  50.0  49.977469  29.870035  0.927256  0.842139  0.645014  0.585805               0
                   hc         hr     sc    sr         lc         lr      acc0      acc1    score0    score1  change_borders
colorname                                                                                                                  
rot        356.284632  22.024337  100.0  50.0  50.854873  29.676431  0.196951  0.412467  0.285311  0.597515        4.465338
orange      29.690486  20.229565  100.0  50.0  48.864413  30.282170  0.916219  0.901295  0.627740  0.617515       18.767778
---
Color0: Color(h: 223, s: 100, l: 60)
Color1: Color(h: 262, s: 100, l: 51)
Target Index: 1
Input: marinblau
                   hc         hr     sc    sr         lc         lr      acc0      acc1    score0    score1  change_borders
colorname                                                                                                                  
marinblau  241.365621  24.079188  100.0  50.0  20.919062  20.801798  0.128006  0.243476  0.279609  0.531836               0
indigo     279.727092  20.746618  100.0  50.0   0.000000  39.744974  0.020000  0.304731  0.049113  0.748307               0
                   hc         hr     sc    sr         lc         lr      acc0      acc1    score0    score1  change_borders
colorname                                                                                                                  
marinblau  242.581995  24.270326  100.0  50.0  21.114988  20.490408  0.119295  0.250662  0.261509  0.549478        3.302899
indigo     280.396353  20.123734  100.0  50.0  17.669736  14.950991  0.020000  0.054873  0.192984  0.529478       59.818247
---
Color0: Color(h: 54, s: 100, l: 60)
Color1: Color(h: 72, s: 100, l: 34)
Target Index: 1
Input: grün
                   hc         hr     sc    sr         lc         lr      acc0      acc1    score0    score1  change_borders
colorname                                                                                                                  
olive       64.966053  13.788689  100.0  50.0  20.460112  20.296949  0.109292  0.702846  0.126989  0.816653               0
grün       119.803824  39.017785  100.0  50.0  48.909258  30.421551  0.225686  0.418689  0.312874  0.580439               0
                   hc         hr     sc    sr         lc         lr      acc0      acc1    score0    score1  change_borders
colorname                                                                                                                  
olive       61.046497  11.714327  100.0  50.0   0.000000  41.587636  0.294740  0.462386  0.360923  0.566214       40.048269
grün       119.547659  38.952890  100.0  50.0  48.131232  30.571609  0.225109  0.426639  0.309308  0.586217        1.395347
---
Color0: Color(h: 232, s: 100, l: 54)
Color1: Color(h: 200, s: 100, l: 46)
Target Index: 0
Input: blau
---
Color0: Color(h: 295, s: 100, l: 39)
Color1: Color(h: 271, s: 100, l: 35)
Target Index: 0
Input: lila
                   hc         hr     sc    sr         lc         lr      acc0      acc1    score0    score1  change_borders
colorname                                                                                                                  
lila       286.964921  11.630373  100.0  50.0  49.935524  30.090311  0.737353  0.344615  0.698250  0.326340               0
pink       319.207276  20.044056  100.0  50.0  57.277205  17.828804  0.285150  0.025405  0.728281  0.064885               0
                   hc         hr     sc    sr         lc         lr      acc0      acc1    score0    score1  change_borders
colorname                                                                                                                  
lila       288.043550  11.201513  100.0  50.0  49.870756  30.104835  0.772570  0.278164  0.746458  0.268763        2.703536
pink       319.263551  20.196872  100.0  50.0  57.402495  17.724053  0.283474  0.025887  0.726468  0.066341        0.106379
---
Color0: Color(h: 22, s: 100, l: 42)
Color1: Color(h: 12, s: 100, l: 49)
Target Index: 0
Input: braun
                  hc         hr     sc    sr         lc         lr      acc0      acc1    score0    score1  change_borders
colorname                                                                                                                 
orange     29.690486  20.229565  100.0  50.0  48.864413  30.282170  0.906691  0.682240  0.671448  0.505231               0
braun      34.392281  13.920309  100.0  50.0  20.442822  20.301743  0.382891  0.101966  0.667657  0.177800               0
                  hc         hr     sc    sr         lc         lr      acc0      acc1    score0    score1  change_borders
colorname                                                                                                                 
orange     29.850900  20.746753  100.0  50.0  49.468562  30.127427  0.902735  0.690540  0.667434  0.510548        1.364315
braun      34.035247  12.182245  100.0  50.0  21.079367  20.564349  0.365868  0.077492  0.687412  0.145596        7.244989
---
Color0: Color(h: 119, s: 100, l: 59)
Color1: Color(h: 143, s: 100, l: 57)
Target Index: 0
Input: grün
---
Color0: Color(h: 359, s: 100, l: 55)
Color1: Color(h: 335, s: 100, l: 31)
Target Index: 1
Input: bordeaux
---
Color0: Color(h: 336, s: 100, l: 43)
Color1: Color(h: 312, s: 100, l: 43)
Target Index: 1
Input: pink
                   hc         hr     sc    sr         lc         lr      acc0      acc1    score0    score1  change_borders
colorname                                                                                                                  
lila       288.043550  11.201513  100.0  50.0  49.870756  30.104835  0.020000  0.098962  0.123685  0.612004               0
pink       319.263551  20.196872  100.0  50.0  57.402495  17.724053  0.509921  0.673797  0.454522  0.600594               0
                   hc         hr     sc    sr         lc         lr      acc0      acc1    score0    score1  change_borders
colorname                                                                                                                  
lila       287.855602  10.780217  100.0  50.0  49.877615  30.103267  0.020000  0.079324  0.146953  0.582844        0.425728
pink       319.173013  20.172698  100.0  50.0  57.341632  17.772885  0.509933  0.677874  0.453494  0.602848        0.029741
---
Color0: Color(h: 20, s: 100, l: 48)
Color1: Color(h: 28, s: 100, l: 42)
Target Index: 0
Input: orange
---
Color0: Color(h: 27, s: 100, l: 32)
Color1: Color(h: 37, s: 100, l: 58)
Target Index: 1
Input: gelb
                  hc         hr     sc    sr         lc         lr      acc0      acc1    score0    score1  change_borders
colorname                                                                                                                 
orange     29.850900  20.746753  100.0  50.0  49.468562  30.127427  0.837329  0.905321  0.587543  0.635252               0
gelb       64.470242  16.709462  100.0  50.0  50.315121  29.857850  0.067042  0.250454  0.167923  0.627326               0
                  hc         hr     sc    sr         lc         lr      acc0      acc1    score0    score1  change_borders
colorname                                                                                                                 
orange     28.529187  20.233353  100.0  50.0  48.413450  30.166175  0.859952  0.870984  0.605755  0.613526        6.250537
gelb       64.047197  16.094354  100.0  50.0  50.834942  29.706365  0.057826  0.236645  0.154809  0.633533        1.700973
---
Color0: Color(h: 49, s: 100, l: 33)
Color1: Color(h: 65, s: 100, l: 42)
Target Index: 0
Input: olive
                  hc         hr     sc    sr         lc         lr      acc0      acc1    score0    score1  change_borders
colorname                                                                                                                 
braun      34.035247  12.182245  100.0  50.0  21.079367  20.564349  0.397523  0.023569  0.780077  0.046250               0
olive      61.046497  11.714327  100.0  50.0   0.000000  41.587636  0.430166  0.567273  0.430940  0.568292               0
Optimization not successful. Model not changed.
---
Color0: Color(h: 180, s: 100, l: 49)
Color1: Color(h: 191, s: 100, l: 37)
Target Index: 1
Input: blau
                   hc         hr     sc    sr         lc         lr      acc0      acc1    score0    score1  change_borders
colorname                                                                                                                  
blau       230.616280  30.707934  100.0  50.0  50.103376  29.896050  0.256879  0.395253  0.352799  0.542841               0
marinblau  242.581995  24.270326  100.0  50.0  21.114988  20.490408  0.020000  0.077384  0.149761  0.579455               0
                   hc         hr     sc    sr         lc         lr      acc0      acc1    score0    score1  change_borders
colorname                                                                                                                  
blau       230.492273  30.739707  100.0  50.0  49.947723  29.963057  0.259363  0.399064  0.353548  0.543980        0.090211
marinblau  243.219787  22.803378  100.0  50.0  20.862780  20.286595  0.020000  0.052949  0.197916  0.523968        5.327725
---
Color0: Color(h: 261, s: 100, l: 47)
Color1: Color(h: 285, s: 100, l: 34)
Target Index: 0
Input: blau
---
Color0: Color(h: 301, s: 100, l: 57)
Color1: Color(h: 327, s: 100, l: 34)
Target Index: 1
Input: bordeaux
---
Color0: Color(h: 273, s: 100, l: 58)
Color1: Color(h: 239, s: 100, l: 44)
Target Index: 0
Input: lila
---
Color0: Color(h: 352, s: 100, l: 45)
Color1: Color(h: 328, s: 100, l: 55)
Target Index: 0
Input: rot
---
Color0: Color(h: 21, s: 100, l: 32)
Color1: Color(h: 13, s: 100, l: 53)
Target Index: 0
Input: braun
---
Color0: Color(h: 348, s: 100, l: 40)
Color1: Color(h: 315, s: 100, l: 41)
Target Index: 0
Input: rot
---
Color0: Color(h: 303, s: 100, l: 30)
Color1: Color(h: 314, s: 100, l: 45)
Target Index: 0
Input: lila
                   hc         hr     sc    sr         lc         lr      acc0      acc1    score0    score1  change_borders
colorname                                                                                                                  
lila       287.855602  10.780217  100.0  50.0  49.877615  30.103267  0.299757  0.052132  0.686222  0.119344               0
indigo     280.396353  20.123734  100.0  50.0  17.669736  14.950991  0.378741  0.046655  0.736851  0.090768               0
                   hc         hr     sc    sr         lc         lr      acc0      acc1    score0    score1  change_borders
colorname                                                                                                                  
lila       290.622970   8.429349  100.0  50.0  49.046019  30.641499  0.280504  0.021189  0.734988  0.055520       28.332307
indigo     278.951646  19.646107  100.0  50.0  17.486539  17.091043  0.361600  0.055740  0.714988  0.110214       13.857376
---
Color0: Color(h: 0, s: 100, l: 49)
Color1: Color(h: 327, s: 100, l: 54)
Target Index: 0
Input: orange
                   hc         hr     sc    sr         lc         lr      acc0      acc1    score0    score1  change_borders
colorname                                                                                                                  
rot        356.284632  22.024337  100.0  50.0  50.854873  29.676431  0.983948  0.410821  0.789004  0.329427               0
orange      28.529187  20.233353  100.0  50.0  48.413450  30.166175  0.370001  0.020000  0.775103  0.041897               0
                   hc         hr     sc    sr         lc         lr      acc0      acc1    score0    score1  change_borders
colorname                                                                                                                  
rot        355.496191  22.654831  100.0  50.0  50.952526  29.675832  0.978313  0.450969  0.772629  0.356156        2.057396
orange      27.898948  21.062216  100.0  50.0  48.419935  30.166301  0.415836  0.020000  0.792629  0.038122        2.168511
---
Color0: Color(h: 123, s: 100, l: 31)
Color1: Color(h: 147, s: 100, l: 50)
Target Index: 0
Input: grün
---
Color0: Color(h: 167, s: 100, l: 33)
Color1: Color(h: 143, s: 100, l: 52)
Target Index: 1
Input: blattgrün
                   hc         hr     sc    sr         lc         lr      acc0      acc1    score0    score1  change_borders
colorname                                                                                                                  
grün       119.547659  38.952890  100.0  50.0  48.131232  30.571609  0.421267  0.827579  0.362508  0.712146               0
blattgrün  152.256397  20.459937  100.0  50.0   0.000000  40.264913  0.551294  0.392092  0.574452  0.408563               0
                   hc         hr     sc    sr         lc         lr      acc0      acc1    score0    score1  change_borders
colorname                                                                                                                  
grün       119.194097  39.522692  100.0  50.0  46.917142  30.771641  0.434388  0.822797  0.372183  0.704972        3.927419
blattgrün  145.622505  10.584444  100.0  50.0   0.000000  43.791763  0.097926  0.479170  0.148159  0.724970      295.506443
---
Color0: Color(h: 66, s: 100, l: 56)
Color1: Color(h: 82, s: 100, l: 57)
Target Index: 0
Input: gelb
---
Color0: Color(h: 41, s: 100, l: 52)
Color1: Color(h: 22, s: 100, l: 47)
Target Index: 0
Input: gelb
---
Color0: Color(h: 348, s: 100, l: 35)
Color1: Color(h: 11, s: 100, l: 52)
Target Index: 0
Input: bordeaux
---
Color0: Color(h: 13, s: 100, l: 55)
Color1: Color(h: 350, s: 100, l: 49)
Target Index: 0
Input: orange
---
Color0: Color(h: 264, s: 100, l: 38)
Color1: Color(h: 240, s: 100, l: 31)
Target Index: 1
Input: marinblau
---
Color0: Color(h: 177, s: 100, l: 56)
Color1: Color(h: 166, s: 100, l: 43)
Target Index: 1
Input: grün
                   hc         hr     sc    sr         lc         lr      acc0      acc1    score0    score1  change_borders
colorname                                                                                                                  
grün       119.194097  39.522692  100.0  50.0  46.917142  30.771641  0.328518  0.491959  0.378835  0.567308               0
blattgrün  145.622505  10.584444  100.0  50.0   0.000000  43.791763  0.020000  0.096778  0.125886  0.609147               0
                   hc         hr     sc    sr         lc         lr      acc0      acc1    score0    score1  change_borders
colorname                                                                                                                  
grün       119.232043  39.547338  100.0  50.0  46.883216  30.767686  0.329307  0.493016  0.379114  0.567583        0.006428
blattgrün  145.214173   9.694347  100.0  50.0   0.079878  43.625429  0.020000  0.061878  0.176985  0.547578        1.925488
---
Color0: Color(h: 163, s: 100, l: 32)
Color1: Color(h: 171, s: 100, l: 44)
Target Index: 1
Input: türkis
---
Color0: Color(h: 251, s: 100, l: 49)
Color1: Color(h: 216, s: 100, l: 56)
Target Index: 0
Input: indigo
                   hc         hr     sc    sr         lc         lr      acc0      acc1    score0    score1  change_borders
colorname                                                                                                                  
marinblau  243.219787  22.803378  100.0  50.0  20.862780  20.286595  0.360570  0.109436  0.645183  0.195819               0
indigo     278.951646  19.646107  100.0  50.0  17.486539  17.091043  0.066402  0.020000  0.557888  0.168033               0
                   hc         hr     sc         sr         lc         lr      acc0      acc1    score0    score1  change_borders
colorname                                                                                                                       
marinblau  242.784572  23.038841  100.0  49.999999  20.657142  20.158376  0.349235  0.109398  0.637799  0.199791        0.607162
indigo     278.646344  20.073393  100.0  50.000000   0.000000  34.827778  0.143971  0.020000  0.657810  0.091381        0.770579
---
Color0: Color(h: 217, s: 100, l: 56)
Color1: Color(h: 239, s: 100, l: 31)
Target Index: 0
Input: blau
                   hc         hr     sc    sr         lc         lr      acc0      acc1    score0    score1  change_borders
colorname                                                                                                                  
türkis     180.000000  20.000000  100.0  50.0  50.000000  30.000000  0.177063  0.020000  0.682076  0.077043               0
blau       230.492273  30.739707  100.0  50.0  49.947723  29.963057  0.889829  0.788009  0.638189  0.565163               0
                   hc         hr     sc    sr         lc         lr      acc0      acc1    score0    score1  change_borders
colorname                                                                                                                  
türkis     179.101721  18.115965  100.0  50.0  49.947985  29.989496  0.109859  0.020000  0.625148  0.113809        8.718618
blau       230.012560  30.868533  100.0  50.0  50.358569  29.842220  0.898778  0.776632  0.645150  0.557473        0.860234
---
Color0: Color(h: 189, s: 100, l: 59)
Color1: Color(h: 211, s: 100, l: 33)
Target Index: 0
Input: türkis
---
Color0: Color(h: 248, s: 100, l: 44)
Color1: Color(h: 226, s: 100, l: 50)
Target Index: 0
Input: indigo
---
Color0: Color(h: 273, s: 100, l: 55)
Color1: Color(h: 249, s: 100, l: 52)
Target Index: 0
Input: lila
---
Color0: Color(h: 212, s: 100, l: 49)
Color1: Color(h: 246, s: 100, l: 56)
Target Index: 1
Input: indigo
                   hc         hr     sc    sr         lc         lr     acc0      acc1    score0    score1  change_borders
colorname                                                                                                                 
blau       230.012560  30.868533  100.0  50.0  50.358569  29.842220  0.84258  0.858998  0.599397  0.611076               0
indigo     278.646344  20.073393  100.0  50.0   0.000000  34.827778  0.02000  0.073153  0.156290  0.571656               0
                   hc         hr     sc    sr         lc         lr      acc0      acc1    score0    score1  change_borders
colorname                                                                                                                  
blau       228.871405  30.556234  100.0  50.0  50.037353  29.780075  0.858098  0.837647  0.611650  0.597073        3.013612
indigo     277.734081  21.422138  100.0  50.0   0.000000  36.517209  0.020000  0.102995  0.119826  0.617073        8.156848
---
Color0: Color(h: 250, s: 100, l: 30)
Color1: Color(h: 284, s: 100, l: 58)
Target Index: 1
Input: pink
                   hc         hr     sc    sr         lc         lr  acc0      acc1    score0    score1  change_borders
colorname                                                                                                              
lila       290.622970   8.429349  100.0  50.0  49.046019  30.641499  0.02  0.703730  0.025344  0.891775               0
pink       319.173013  20.172698  100.0  50.0  57.341632  17.772885  0.02  0.218548  0.064688  0.706876               0
                   hc         hr     sc    sr         lc         lr  acc0      acc1    score0    score1  change_borders
colorname                                                                                                              
lila       292.602793   4.974426  100.0  50.0  48.989013  30.626263  0.02  0.214659  0.065661  0.704737       31.719335
pink       318.700380  20.942685  100.0  50.0  57.356759  17.773513  0.02  0.253257  0.057234  0.724743        1.632981
---
Color0: Color(h: 46, s: 100, l: 38)
Color1: Color(h: 28, s: 100, l: 52)
Target Index: 1
Input: orange
---
Color0: Color(h: 350, s: 100, l: 38)
Color1: Color(h: 14, s: 100, l: 40)
Target Index: 0
Input: bordeaux
---
Color0: Color(h: 311, s: 100, l: 48)
Color1: Color(h: 317, s: 100, l: 33)
Target Index: 1
Input: lila
                   hc         hr     sc    sr         lc         lr      acc0      acc1    score0   score1  change_borders
colorname                                                                                                                 
lila       292.602793   4.974426  100.0  50.0  48.989013  30.626263  0.020000  0.020000  0.356000  0.35600               0
bordeaux   350.000000  20.000000  100.0  50.0  20.000000  20.000000  0.056065  0.207526  0.165707  0.61337               0
Optimization not successful. Model not changed.
---
Color0: Color(h: 35, s: 100, l: 41)
Color1: Color(h: 51, s: 100, l: 36)
Target Index: 0
Input: orange
---
