<< Learn Mode: context-sensitive >>
<< Change Limit set to 750 >>
Color0: Color(h: 184, s: 100, l: 56)
Color1: Color(h: 324, s: 100, l: 30)
Target Index: 0
Input: türkis
---
Color0: Color(h: 40, s: 100, l: 53)
Color1: Color(h: 15, s: 100, l: 56)
Target Index: 0
Input: orange
---
Color0: Color(h: 2, s: 100, l: 36)
Color1: Color(h: 27, s: 100, l: 59)
Target Index: 0
Input: bordeaux
---
Color0: Color(h: 52, s: 100, l: 50)
Color1: Color(h: 70, s: 100, l: 30)
Target Index: 0
Input: gelb
             hc    hr     sc    sr    lc    lr      acc0      acc1    score0    score1  change_borders
colorname                                                                                             
orange     35.0  15.0  100.0  50.0  50.0  30.0  0.526122  0.052631  0.794179  0.079447               0
gelb       65.0  15.0  100.0  50.0  50.0  30.0  0.686908  0.757465  0.538975  0.594337               0
                  hc         hr     sc    sr         lc         lr      acc0      acc1    score0    score1  change_borders
colorname                                                                                                                 
orange     33.128922  15.571307  100.0  50.0  49.630228  30.225201  0.479773  0.049078  0.778971  0.079684        8.029544
gelb       56.093957  10.442671  100.0  50.0  50.781919  29.376498  0.925702  0.320817  0.797552  0.276404      202.173997
---
Color0: Color(h: 336, s: 100, l: 54)
Color1: Color(h: 310, s: 100, l: 58)
Target Index: 1
Input: pink
              hc    hr     sc    sr    lc    lr      acc0      acc1    score0    score1  change_borders
colorname                                                                                              
lila       280.0  20.0  100.0  50.0  50.0  30.0  0.019666  0.313312  0.047241  0.752652               0
pink       317.0  17.0  100.0  50.0  50.0  30.0  0.530754  0.886627  0.421349  0.703865               0
                   hc         hr     sc    sr         lc         lr      acc0      acc1    score0    score1  change_borders
colorname                                                                                                                  
lila       279.543142  20.024505  100.0  50.0  49.898537  29.970500  0.018614  0.303242  0.046068  0.750489        0.440969
pink       314.780607  15.426717  100.0  50.0  50.311293  30.090908  0.385386  0.922507  0.321879  0.770489       15.012183
---
Color0: Color(h: 45, s: 100, l: 33)
Color1: Color(h: 23, s: 100, l: 34)
Target Index: 0
Input: olive
                  hc         hr     sc    sr         lc         lr      acc0      acc1    score0    score1  change_borders
colorname                                                                                                                 
gelb       56.093957  10.442671  100.0  50.0  50.781919  29.376498  0.473543  0.005601  0.833880  0.009863               0
olive      65.000000  15.000000  100.0  50.0  20.000000  20.000000  0.332825  0.015530  0.768641  0.035865               0
                  hc         hr     sc    sr         lc         lr      acc0      acc1    score0    score1  change_borders
colorname                                                                                                                 
gelb       57.839204   7.431142  100.0  50.0  50.944231  29.278167  0.186302  0.000014  0.755837  0.000058       24.302417
olive      64.148941  14.928793  100.0  50.0  20.444757  20.272641  0.362613  0.017912  0.775833  0.038324        2.003026
---
Color0: Color(h: 270, s: 100, l: 39)
Color1: Color(h: 294, s: 100, l: 51)
Target Index: 1
Input: lila
                   hc         hr     sc    sr         lc         lr      acc0      acc1    score0    score1  change_borders
colorname                                                                                                                  
lila       279.543142  20.024505  100.0  50.0  49.898537  29.970500  0.835539  0.770060  0.614935  0.566744               0
pink       314.780607  15.426717  100.0  50.0  50.311293  30.090908  0.013791  0.403516  0.027270  0.797922               0
                   hc         hr     sc    sr         lc         lr      acc0      acc1    score0    score1  change_borders
colorname                                                                                                                  
lila       288.340701  16.107236  100.0  50.0  50.830942  29.610882  0.482828  0.940127  0.382368  0.744519      187.481496
pink       317.084090  10.430838  100.0  50.0  50.302341  30.090814  0.000035  0.086372  0.000295  0.725628       60.529833
---
Color0: Color(h: 276, s: 100, l: 33)
Color1: Color(h: 250, s: 100, l: 50)
Target Index: 1
Input: blau
---
Color0: Color(h: 56, s: 100, l: 51)
Color1: Color(h: 38, s: 100, l: 36)
Target Index: 0
Input: gelb
---
Color0: Color(h: 291, s: 100, l: 37)
Color1: Color(h: 268, s: 100, l: 33)
Target Index: 1
Input: blau
              hc    hr     sc    sr    lc    lr      acc0      acc1    score0    score1  change_borders
colorname                                                                                              
blau       230.0  30.0  100.0  50.0  50.0  30.0  0.115197  0.381831  0.196799  0.652309               0
marinblau  240.0  25.0  100.0  50.0  20.0  20.0  0.086982  0.432380  0.143330  0.712479               0
                   hc         hr     sc    sr         lc         lr      acc0      acc1    score0    score1  change_borders
colorname                                                                                                                  
blau       231.615324  25.921046  100.0  50.0  48.363913  30.933874  0.067760  0.330057  0.139559  0.679786       45.592084
marinblau  239.368612  29.257127  100.0  50.0   0.000000  36.694308  0.126751  0.413445  0.202273  0.659786       47.971163
---
Color0: Color(h: 259, s: 100, l: 55)
Color1: Color(h: 229, s: 100, l: 31)
Target Index: 1
Input: marinblau
                   hc         hr     sc    sr    lc         lr      acc0      acc1    score0    score1  change_borders
colorname                                                                                                             
türkis     180.000000  20.000000  100.0  50.0  50.0  30.000000  0.000404  0.040689  0.006996  0.705332               0
marinblau  239.368612  29.257127  100.0  50.0   0.0  36.694308  0.259649  0.657272  0.276117  0.698959               0
                   hc         hr     sc    sr         lc         lr      acc0      acc1    score0    score1  change_borders
colorname                                                                                                                  
türkis     180.003761  20.000706  100.0  50.0  49.998156  30.001066  0.000404  0.040718  0.007000  0.705337        0.000038
marinblau  239.367487  29.255164  100.0  50.0   5.790912  30.903859  0.224714  0.673345  0.242569  0.726848        0.000010
---
Color0: Color(h: 76, s: 100, l: 46)
Color1: Color(h: 94, s: 100, l: 48)
Target Index: 1
Input: blattgrün
                   hc         hr     sc    sr         lc         lr      acc0      acc1    score0    score1  change_borders
colorname                                                                                                                  
blattgrün  150.000000  20.000000  100.0  50.0  20.000000  20.000000  0.000457  0.007447  0.040644  0.661727               0
türkis     180.003761  20.000706  100.0  50.0  49.998156  30.001066  0.000001  0.000096  0.009544  0.690486               0
                   hc         hr     sc    sr         lc         lr      acc0      acc1    score0    score1  change_borders
colorname                                                                                                                  
blattgrün  150.319409  17.175743  100.0  50.0   0.704985  39.324634  0.000044  0.002245  0.013557  0.687130       16.157772
türkis     179.562533  23.847839  100.0  50.0  49.958052  30.031126  0.000080  0.001599  0.033239  0.667265       29.995248
---
Color0: Color(h: 18, s: 100, l: 58)
Color1: Color(h: 32, s: 100, l: 41)
Target Index: 0
Input: orange
                   hc         hr     sc    sr         lc         lr          acc0          acc1    score0    score1  change_borders
colorname                                                                                                                          
orange      33.128922  15.571307  100.0  50.0  49.630228  30.225201  6.002951e-01  9.575359e-01  0.449827  0.717523               0
pink       317.084090  10.430838  100.0  50.0  50.302341  30.090814  3.801000e-08  5.998761e-12  0.699890  0.000110               0
                   hc         hr     sc    sr        lc         lr          acc0          acc1    score0    score1  change_borders
colorname                                                                                                                         
orange      21.223787  10.421119  100.0  50.0  51.65274  30.216260  9.324759e-01  5.505702e-01  0.719873  0.425041      344.694618
pink       317.091504  10.515667  100.0  50.0  50.30104  30.091062  5.019603e-08  9.125075e-12  0.699873  0.000127        0.014505
---
Color0: Color(h: 183, s: 100, l: 50)
Color1: Color(h: 135, s: 100, l: 38)
Target Index: 0
Input: türkis
---
Color0: Color(h: 33, s: 100, l: 48)
Color1: Color(h: 51, s: 100, l: 52)
Target Index: 1
Input: gelb
---
Color0: Color(h: 47, s: 100, l: 58)
Color1: Color(h: 75, s: 100, l: 57)
Target Index: 1
Input: gelb
                   hc         hr     sc    sr         lc         lr          acc0      acc1    score0    score1  change_borders
colorname                                                                                                                      
gelb        57.839204   7.431142  100.0  50.0  50.944231  29.278167  3.352687e-01  0.068028  0.682505  0.138483               0
blattgrün  150.319409  17.175743  100.0  50.0   0.704985  39.324634  4.802824e-09  0.000024  0.000140  0.699867               0
                   hc         hr     sc    sr         lc         lr          acc0      acc1    score0    score1  change_borders
colorname                                                                                                                      
gelb        64.540655   6.494482  100.0  50.0  51.004664  29.288537  2.532832e-02  0.267723  0.068099  0.719816       91.581063
blattgrün  150.317855  17.193278  100.0  50.0   0.704786  39.324791  4.985993e-09  0.000024  0.000143  0.699864        0.000620
---
Color0: Color(h: 73, s: 100, l: 32)
Color1: Color(h: 91, s: 100, l: 49)
Target Index: 1
Input: grün
                   hc         hr     sc    sr         lc         lr          acc0          acc1    score0    score1  change_borders
colorname                                                                                                                          
grün       120.000000  40.000000  100.0  50.0  50.000000  30.000000  4.188206e-01  7.684590e-01  0.372576  0.683608               0
blau       231.615324  25.921046  100.0  50.0  48.363913  30.933874  6.431560e-09  4.071048e-07  0.010887  0.689113               0
                   hc         hr     sc    sr         lc         lr          acc0      acc1    score0    score1  change_borders
colorname                                                                                                                      
grün       118.563295  39.689986  100.0  50.0  51.614713  28.438463  4.078774e-01  0.782417  0.362232  0.694857       14.411850
blau       231.298014  29.181125  100.0  50.0  48.100985  31.062099  3.561648e-07  0.000010  0.025146  0.674857       21.628753
---
Color0: Color(h: 53, s: 100, l: 36)
Color1: Color(h: 38, s: 100, l: 34)
Target Index: 1
Input: braun
                  hc         hr     sc    sr        lc        lr      acc0      acc1    score0    score1  change_borders
colorname                                                                                                               
orange     21.223787  10.421119  100.0  50.0  51.65274  30.21626  0.008371  0.230749  0.027015  0.744720               0
braun      35.000000  15.000000  100.0  50.0  20.00000  20.00000  0.353455  0.767206  0.326815  0.709383               0
                 hc         hr     sc    sr         lc         lr      acc0     acc1    score0    score1  change_borders
colorname                                                                                                               
orange     20.44995   9.856805  100.0  50.0  51.766705  30.147051  0.003738  0.17226  0.015987  0.736813        1.870102
braun      34.25998  12.851167  100.0  50.0  20.742919  20.425214  0.261268  0.77648  0.254615  0.756709       11.795701
---
Color0: Color(h: 27, s: 100, l: 57)
Color1: Color(h: 47, s: 100, l: 59)
Target Index: 1
Input: gelb
---
Color0: Color(h: 162, s: 100, l: 35)
Color1: Color(h: 138, s: 100, l: 33)
Target Index: 0
Input: blattgrün
                   hc         hr     sc    sr         lc         lr      acc0      acc1    score0    score1  change_borders
colorname                                                                                                                  
blattgrün  150.317855  17.193278  100.0  50.0   0.704786  39.324791  0.542746  0.552192  0.509804  0.518677               0
türkis     179.562533  23.847839  100.0  50.0  49.958052  30.031126  0.673534  0.186720  0.750124  0.207952               0
                   hc         hr     sc         sr         lc         lr      acc0      acc1    score0    score1  change_borders
colorname                                                                                                                       
blattgrün  157.098292  12.055553  100.0  50.000000  21.719904  21.164662  0.756150  0.247373  0.754292  0.246765      153.200366
türkis     179.754701  25.515800  100.0  49.999999  50.731724  29.645481  0.681887  0.219189  0.734289  0.236033        7.132628
---
Color0: Color(h: 12, s: 100, l: 45)
Color1: Color(h: 36, s: 100, l: 38)
Target Index: 1
Input: braun
---
Color0: Color(h: 291, s: 100, l: 54)
Color1: Color(h: 260, s: 100, l: 53)
Target Index: 0
Input: pink
                   hc         hr     sc    sr         lc         lr      acc0          acc1    score0    score1  change_borders
colorname                                                                                                                      
lila       288.340701  16.107236  100.0  50.0  50.830942  29.610882  0.980830  2.121195e-01  0.869781  0.188104               0
pink       317.091504  10.515667  100.0  50.0  50.301040  30.091062  0.045696  3.959215e-07  0.713703  0.000006               0
                   hc         hr     sc    sr         lc         lr      acc0      acc1    score0    score1  change_borders
colorname                                                                                                                  
lila       283.359748  18.437311  100.0  50.0  50.529712  29.573485  0.911426  0.446592  0.743229  0.364176       60.662576
pink       315.128760  13.782047  100.0  50.0  50.365046  30.098868  0.214416  0.000334  0.763236  0.001189       29.051520
---
Color0: Color(h: 319, s: 100, l: 53)
Color1: Color(h: 291, s: 100, l: 50)
Target Index: 1
Input: lila
---
Color0: Color(h: 272, s: 100, l: 40)
Color1: Color(h: 51, s: 100, l: 57)
Target Index: 0
Input: blau
                   hc         hr     sc    sr         lc         lr      acc0          acc1    score0        score1  change_borders
colorname                                                                                                                          
blau       231.298014  29.181125  100.0  50.0  48.100985  31.062099  0.365405  5.588834e-09  0.809621  1.238308e-08               0
lila       283.359748  18.437311  100.0  50.0  50.529712  29.573485  0.776318  3.822894e-11  0.932895  4.593944e-11               0
                   hc         hr     sc    sr         lc         lr      acc0          acc1    score0        score1  change_borders
colorname                                                                                                                          
blau       233.273944  31.586911  100.0  50.0  47.688504  31.161009  0.457492  1.276712e-07  0.837247  2.336488e-07       19.744063
lila       288.070555  12.195064  100.0  50.0  51.092401  29.389119  0.390817  8.443569e-23  0.817245  1.765650e-22      123.015931
---
Color0: Color(h: 244, s: 100, l: 49)
Color1: Color(h: 214, s: 100, l: 59)
Target Index: 1
Input: türkis
---
Color0: Color(h: 283, s: 100, l: 47)
Color1: Color(h: 253, s: 100, l: 34)
Target Index: 1
Input: marinblau
---
Color0: Color(h: 280, s: 100, l: 49)
Color1: Color(h: 304, s: 100, l: 55)
Target Index: 1
Input: pink
---
Color0: Color(h: 346, s: 100, l: 36)
Color1: Color(h: 326, s: 100, l: 47)
Target Index: 0
Input: bordeaux
---
Color0: Color(h: 33, s: 100, l: 57)
Color1: Color(h: 51, s: 100, l: 58)
Target Index: 1
Input: gelb
---
Color0: Color(h: 131, s: 100, l: 39)
Color1: Color(h: 107, s: 100, l: 45)
Target Index: 1
Input: blattgrün
                   hc         hr     sc    sr         lc         lr          acc0          acc1        score0    score1  change_borders
colorname                                                                                                                              
gelb        64.540655   6.494482  100.0  50.0  51.004664  29.288537  1.675717e-23  5.122787e-10  2.289773e-14  0.700000               0
blattgrün  157.098292  12.055553  100.0  50.0  21.719904  21.164662  6.879939e-02  9.712283e-05  7.196530e-01  0.001016               0
Optimization not successful. Model not changed.
---
Color0: Color(h: 27, s: 100, l: 30)
Color1: Color(h: 9, s: 100, l: 41)
Target Index: 0
Input: braun
---
Color0: Color(h: 50, s: 100, l: 45)
Color1: Color(h: 32, s: 100, l: 52)
Target Index: 0
Input: gelb
                  hc         hr     sc    sr         lc         lr      acc0      acc1    score0    score1  change_borders
colorname                                                                                                                 
gelb       64.540655   6.494482  100.0  50.0  51.004664  29.288537  0.079866  0.000004  0.723929  0.000032               0
olive      64.148941  14.928793  100.0  50.0  20.444757  20.272641  0.306453  0.029300  0.730849  0.069877               0
                  hc         hr     sc    sr         lc         lr      acc0      acc1    score0    score1  change_borders
colorname                                                                                                                 
gelb       64.060575   7.344663  100.0  50.0  50.990465  29.291426  0.156709  0.000073  0.746688  0.000347        1.906991
olive      64.227276  15.239888  100.0  50.0  20.271522  20.116192  0.303817  0.030814  0.726686  0.073703        0.314806
---
Color0: Color(h: 252, s: 100, l: 42)
Color1: Color(h: 276, s: 100, l: 42)
Target Index: 1
Input: lila
---
Color0: Color(h: 279, s: 100, l: 31)
Color1: Color(h: 303, s: 100, l: 39)
Target Index: 0
Input: indigo
---
Color0: Color(h: 226, s: 100, l: 38)
Color1: Color(h: 252, s: 100, l: 32)
Target Index: 1
Input: marinblau
                   hc         hr     sc    sr         lc         lr      acc0      acc1    score0    score1  change_borders
colorname                                                                                                                  
marinblau  239.367487  29.255164  100.0  50.0   5.790912  30.903859  0.523343  0.635813  0.473043  0.574703               0
indigo     280.000000  20.000000  100.0  50.0  20.000000  20.000000  0.017422  0.313486  0.042082  0.757191               0
                   hc         hr     sc    sr         lc         lr      acc0      acc1    score0    score1  change_borders
colorname                                                                                                                  
marinblau  248.818785  22.735345  100.0  50.0  22.812705  18.267234  0.427720  0.872613  0.358568  0.731532      303.561165
indigo     281.553118  25.382153  100.0  50.0   0.000000  37.113854  0.053972  0.350101  0.109690  0.711532       71.089329
---
Color0: Color(h: 26, s: 100, l: 56)
Color1: Color(h: 47, s: 100, l: 37)
Target Index: 1
Input: braun
                  hc         hr     sc    sr         lc         lr      acc0      acc1    score0    score1  change_borders
colorname                                                                                                                 
braun      34.259980  12.851167  100.0  50.0  20.742919  20.425214  0.183349  0.445685  0.259039  0.629672               0
olive      64.227276  15.239888  100.0  50.0  20.271522  20.116192  0.008886  0.373558  0.018931  0.795802               0
                  hc         hr     sc         sr         lc         lr      acc0      acc1    score0    score1  change_borders
colorname                                                                                                                      
braun      39.967363  12.356204  100.0  50.000000  21.688864  18.855626  0.100811  0.611611  0.129297  0.784430       72.355258
olive      65.632715  15.327337  100.0  50.000003   0.000000  39.682323  0.013052  0.309253  0.032263  0.764429        4.487513
---
Color0: Color(h: 358, s: 100, l: 46)
Color1: Color(h: 332, s: 100, l: 60)
Target Index: 0
Input: rot
---
Color0: Color(h: 257, s: 100, l: 34)
Color1: Color(h: 281, s: 100, l: 53)
Target Index: 1
Input: lila
---
Color0: Color(h: 21, s: 100, l: 57)
Color1: Color(h: 355, s: 100, l: 31)
Target Index: 1
Input: bordeaux
---
Color0: Color(h: 144, s: 100, l: 55)
Color1: Color(h: 96, s: 100, l: 30)
Target Index: 0
Input: grün
                   hc         hr     sc         sr         lc         lr      acc0      acc1    score0    score1  change_borders
colorname                                                                                                                       
grün       118.563295  39.689986  100.0  50.000000  51.614713  28.438463  0.808599  0.637355  0.634030  0.499756               0
türkis     179.754701  25.515800  100.0  49.999999  50.731724  29.645481  0.370777  0.003582  0.804535  0.007773               0
                   hc         hr     sc         sr         lc         lr      acc0      acc1    score0    score1  change_borders
colorname                                                                                                                       
grün       123.745887  40.288906  100.0  50.000000  56.568966  20.971223  0.878830  0.353566  0.762824  0.306895      215.044515
türkis     182.716727  19.821242  100.0  49.999999  50.574597  29.625234  0.146778  0.000055  0.743772  0.000278       82.453395
---
Color0: Color(h: 343, s: 100, l: 58)
Color1: Color(h: 9, s: 100, l: 53)
Target Index: 1
Input: orange
---
Color0: Color(h: 85, s: 100, l: 59)
Color1: Color(h: 133, s: 100, l: 43)
Target Index: 0
Input: blattgrün
                   hc         hr     sc         sr         lc         lr          acc0      acc1        score0    score1  change_borders
colorname                                                                                                                               
olive       65.632715  15.327337  100.0  50.000003   0.000000  39.682323  1.490291e-01  0.000035  7.445420e-01  0.000177               0
blattgrün  157.098292  12.055553  100.0  50.000000  21.719904  21.164662  3.628161e-09  0.081811  3.213211e-08  0.724543               0
Optimization not successful. Model not changed.
---
Color0: Color(h: 261, s: 100, l: 48)
Color1: Color(h: 236, s: 100, l: 37)
Target Index: 1
Input: marinblau
                   hc         hr     sc    sr         lc         lr          acc0          acc1        score0   score1  change_borders
colorname                                                                                                                             
blattgrün  157.098292  12.055553  100.0  50.0  21.719904  21.164662  3.431874e-17  3.848741e-10  6.241811e-08  0.70000               0
marinblau  248.818785  22.735345  100.0  50.0  22.812705  18.267234  3.348378e-01  6.309399e-01  3.431433e-01  0.64659               0
                   hc         hr     sc    sr         lc         lr          acc0          acc1        score0    score1  change_borders
colorname                                                                                                                              
blattgrün  157.098327  12.055529  100.0  50.0  21.719887  21.164660  3.431453e-17  3.848486e-10  6.241459e-08  0.700000    4.128475e-09
marinblau  244.165874  22.068649  100.0  50.0  24.688197  15.720059  2.489549e-01  6.871850e-01  2.608429e-01  0.719999    6.419928e+01
---
Color0: Color(h: 270, s: 100, l: 47)
Color1: Color(h: 298, s: 100, l: 34)
Target Index: 0
Input: blau
---
Color0: Color(h: 11, s: 100, l: 46)
Color1: Color(h: 27, s: 100, l: 40)
Target Index: 0
Input: rot
---
Color0: Color(h: 304, s: 100, l: 58)
Color1: Color(h: 160, s: 100, l: 58)
Target Index: 0
Input: pink
---
Color0: Color(h: 252, s: 100, l: 40)
Color1: Color(h: 226, s: 100, l: 50)
Target Index: 1
Input: türkis
---
Color0: Color(h: 262, s: 100, l: 57)
Color1: Color(h: 41, s: 100, l: 30)
Target Index: 0
Input: blau
---
Color0: Color(h: 216, s: 100, l: 36)
Color1: Color(h: 180, s: 100, l: 31)
Target Index: 0
Input: marinblau
                   hc         hr     sc    sr         lc         lr      acc0      acc1    score0    score1  change_borders
colorname                                                                                                                  
blau       233.273944  31.586911  100.0  50.0  47.688504  31.161009  0.802612  0.208943  0.796194  0.207273               0
marinblau  244.165874  22.068649  100.0  50.0  24.688197  15.720059  0.341862  0.013466  0.776030  0.030569               0
                   hc         hr     sc         sr         lc        lr      acc0      acc1    score0    score1  change_borders
colorname                                                                                                                      
blau       233.140827  34.058357  100.0  50.000000  48.695573  30.89558  0.809716  0.251259  0.777142  0.241151       14.420807
marinblau  242.295046  22.048267  100.0  50.000001  26.531659  16.81090  0.419046  0.017832  0.797142  0.033922       16.177396
---
Color0: Color(h: 21, s: 100, l: 53)
Color1: Color(h: 39, s: 100, l: 57)
Target Index: 1
Input: orange
                  hc        hr     sc    sr         lc         lr          acc0      acc1    score0    score1  change_borders
colorname                                                                                                                    
orange     20.449950  9.856805  100.0  50.0  51.766705  30.147051  9.976090e-01  0.167639  0.898577  0.150998               0
gelb       64.060575  7.344663  100.0  50.0  50.990465  29.291426  3.427703e-08  0.002902  0.000008  0.700862               0
                  hc        hr     sc    sr         lc         lr          acc0      acc1    score0    score1  change_borders
colorname                                                                                                                    
orange     32.839777  6.795095  100.0  50.0  52.025815  30.192058  2.190402e-01  0.654093  0.241319  0.720621      325.902043
gelb       64.110878  7.169201  100.0  50.0  50.989745  29.291278  1.402375e-08  0.002122  0.000005  0.700632        0.066636
---
Color0: Color(h: 47, s: 100, l: 57)
Color1: Color(h: 191, s: 100, l: 57)
Target Index: 1
Input: türkis
---
Color0: Color(h: 44, s: 100, l: 33)
Color1: Color(h: 29, s: 100, l: 51)
Target Index: 0
Input: braun
---
Color0: Color(h: 68, s: 100, l: 32)
Color1: Color(h: 50, s: 100, l: 48)
Target Index: 0
Input: olive
                  hc         hr     sc         sr         lc         lr      acc0      acc1    score0    score1  change_borders
colorname                                                                                                                      
gelb       64.110878   7.169201  100.0  50.000000  50.989745  29.291278  0.699569  0.143382  0.790804  0.162082               0
olive      65.632715  15.327337  100.0  50.000003   0.000000  39.682323  0.713858  0.286019  0.713919  0.286044               0
                  hc         hr     sc         sr         lc         lr      acc0      acc1    score0    score1  change_borders
colorname                                                                                                                      
gelb       63.968911   7.273905  100.0  50.000000  51.030906  29.292414  0.694469  0.157340  0.779042  0.176501        0.065626
olive      65.652383  15.299353  100.0  50.000003  19.785344  19.873508  0.818197  0.216291  0.799103  0.211243        0.002891
---
Color0: Color(h: 9, s: 100, l: 35)
Color1: Color(h: 25, s: 100, l: 47)
Target Index: 0
Input: bordeaux
---
Color0: Color(h: 296, s: 100, l: 60)
Color1: Color(h: 320, s: 100, l: 45)
Target Index: 0
Input: pink
                   hc         hr     sc    sr         lc         lr      acc0      acc1    score0    score1  change_borders
colorname                                                                                                                  
lila       288.070555  12.195064  100.0  50.0  51.092401  29.389119  0.773118  0.031776  0.904300  0.037168               0
pink       315.128760  13.782047  100.0  50.0  50.365046  30.098868  0.362607  0.924642  0.305966  0.780208               0
                   hc         hr     sc    sr         lc         lr      acc0      acc1    score0    score1  change_borders
colorname                                                                                                                  
lila       288.678186  17.141330  100.0  50.0  49.548120  28.924966  0.855122  0.186036  0.831460  0.180888       54.870024
pink       301.962518   7.974338  100.0  50.0  51.292574  30.301446  0.725550  0.075793  0.851457  0.088946      415.961512
---
Color0: Color(h: 50, s: 100, l: 52)
Color1: Color(h: 32, s: 100, l: 54)
Target Index: 0
Input: gelb
---
Color0: Color(h: 23, s: 100, l: 33)
Color1: Color(h: 41, s: 100, l: 37)
Target Index: 0
Input: rot
                   hc         hr     sc    sr         lc         lr          acc0          acc1    score0        score1  change_borders
colorname                                                                                                                              
rot          0.000000  20.000000  100.0  50.0  50.000000  30.000000  4.396371e-01  1.113431e-01  0.690434  1.748602e-01               0
pink       301.962518   7.974338  100.0  50.0  51.292574  30.301446  3.130641e-23  2.870151e-34  0.700000  6.417555e-12               0
                   hc         hr     sc    sr         lc         lr          acc0          acc1    score0        score1  change_borders
colorname                                                                                                                              
rot          1.369695  17.114342  100.0  50.0  49.096171  30.515928  3.914901e-01  6.331652e-02  0.719996  1.164464e-01    2.257235e+01
pink       301.962518   7.974338  100.0  50.0  51.292574  30.301446  3.130641e-23  2.870152e-34  0.700000  6.417556e-12    7.549233e-15
---
Color0: Color(h: 269, s: 100, l: 59)
Color1: Color(h: 245, s: 100, l: 48)
Target Index: 1
Input: blau
                   hc         hr     sc         sr         lc        lr      acc0      acc1    score0    score1  change_borders
colorname                                                                                                                      
blau       233.140827  34.058357  100.0  50.000000  48.695573  30.89558  0.543410  0.940940  0.419288  0.726017               0
marinblau  242.295046  22.048267  100.0  50.000001  26.531659  16.81090  0.074375  0.439133  0.123699  0.730354               0
                   hc         hr     sc    sr         lc         lr      acc0      acc1    score0    score1  change_borders
colorname                                                                                                                  
blau       233.026930  33.039631  100.0  50.0  48.208181  30.730618  0.519760  0.936426  0.405780  0.731075        2.631076
marinblau  243.188196  23.212344  100.0  50.0  25.003398  16.512650  0.064724  0.378021  0.121748  0.711075        9.154655
---
Color0: Color(h: 348, s: 100, l: 44)
Color1: Color(h: 14, s: 100, l: 59)
Target Index: 0
Input: rot
                   hc         hr     sc    sr         lc         lr      acc0      acc1    score0    score1  change_borders
colorname                                                                                                                  
rot          1.369695  17.114342  100.0  50.0  49.096171  30.515928  0.726817  0.722539  0.569078  0.565729               0
bordeaux   350.000000  20.000000  100.0  50.0  20.000000  20.000000  0.484325  0.072712  0.753924  0.113187               0
                   hc         hr     sc    sr         lc         lr      acc0      acc1   score0    score1  change_borders
colorname                                                                                                                 
rot        356.521488  16.215357  100.0  50.0  48.329299  30.442023  0.862260  0.526046  0.69344  0.423052       49.813690
bordeaux   351.800869  21.278872  100.0  50.0   0.000000  39.334714  0.526454  0.188416  0.67344  0.241021       10.199888
---
Color0: Color(h: 25, s: 100, l: 46)
Color1: Color(h: 43, s: 100, l: 54)
Target Index: 0
Input: orange
                   hc         hr     sc    sr         lc         lr      acc0      acc1    score0    score1  change_borders
colorname                                                                                                                  
rot        356.521488  16.215357  100.0  50.0  48.329299  30.442023  0.213276  0.016159  0.714682  0.054149               0
orange      32.839777   6.795095  100.0  50.0  52.025815  30.192058  0.503851  0.326282  0.576022  0.373018               0
                   hc         hr     sc    sr         lc         lr      acc0      acc1    score0    score1  change_borders
colorname                                                                                                                  
rot        356.440282  16.266099  100.0  50.0  48.341303  30.442692  0.213452  0.016344  0.714248  0.054691        0.018627
orange      31.089431   6.324584  100.0  50.0  51.977303  30.200378  0.616870  0.169399  0.734248  0.201632        6.575028
---
Color0: Color(h: 184, s: 100, l: 56)
Color1: Color(h: 324, s: 100, l: 30)
Target Index: 0
Input: türkis
---
Color0: Color(h: 40, s: 100, l: 53)
Color1: Color(h: 15, s: 100, l: 56)
Target Index: 0
Input: orange
---
Color0: Color(h: 2, s: 100, l: 36)
Color1: Color(h: 27, s: 100, l: 59)
Target Index: 0
Input: bordeaux
                   hc         hr     sc    sr         lc         lr      acc0      acc1   score0    score1  change_borders
colorname                                                                                                                 
rot        356.440282  16.266099  100.0  50.0  48.341303  30.442692  0.868850  0.161037  0.85120  0.157766               0
bordeaux   351.800869  21.278872  100.0  50.0   0.000000  39.334714  0.586441  0.082655  0.78946  0.111269               0
                   hc         hr     sc    sr         lc         lr      acc0      acc1    score0    score1  change_borders
colorname                                                                                                                  
rot        356.629146  17.041184  100.0  50.0  48.601543  30.371240  0.873066  0.192678  0.835366  0.184358        1.418515
bordeaux   351.913868  21.173197  100.0  50.0  19.942581  19.705537  0.640526  0.035534  0.855365  0.047453        0.202284
---
Color0: Color(h: 52, s: 100, l: 50)
Color1: Color(h: 70, s: 100, l: 30)
Target Index: 0
Input: gelb
                  hc        hr     sc    sr         lc         lr      acc0          acc1    score0        score1  change_borders
colorname                                                                                                                        
orange     31.089431  6.324584  100.0  50.0  51.977303  30.200378  0.004221  4.633209e-09  0.701265  7.697939e-07               0
gelb       63.968911  7.273905  100.0  50.0  51.030906  29.292414  0.258106  5.480037e-01  0.301562  6.402703e-01               0
                  hc        hr     sc    sr         lc         lr      acc0          acc1    score0        score1  change_borders
colorname                                                                                                                        
orange     31.054013  6.204332  100.0  50.0  51.977439  30.200367  0.003343  2.131236e-09  0.701002  4.469191e-07        0.031430
gelb       58.658933  6.733138  100.0  50.0  51.206577  29.118393  0.612689  1.856772e-01  0.721007  2.185032e-01       57.098881
---
Color0: Color(h: 336, s: 100, l: 54)
Color1: Color(h: 310, s: 100, l: 58)
Target Index: 1
Input: pink
---
Color0: Color(h: 45, s: 100, l: 33)
Color1: Color(h: 23, s: 100, l: 34)
Target Index: 0
Input: olive
---
Color0: Color(h: 270, s: 100, l: 39)
Color1: Color(h: 294, s: 100, l: 51)
Target Index: 1
Input: lila
                   hc         hr     sc    sr         lc         lr      acc0      acc1    score0    score1  change_borders
colorname                                                                                                                  
lila       288.678186  17.141330  100.0  50.0  49.548120  28.924966  0.516764  0.951748  0.401356  0.739197               0
pink       301.962518   7.974338  100.0  50.0  51.292574  30.301446  0.000299  0.607401  0.000434  0.881876               0
                   hc         hr     sc    sr         lc         lr          acc0      acc1        score0    score1  change_borders
colorname                                                                                                                          
lila       290.078177  16.164965  100.0  50.0  49.747530  28.872484  4.314244e-01  0.970085  3.449072e-01  0.775546        5.911568
pink       303.492521   5.170174  100.0  50.0  51.293942  30.301443  7.107408e-10  0.185347  2.897472e-09  0.755604       20.408489
---
Color0: Color(h: 276, s: 100, l: 33)
Color1: Color(h: 250, s: 100, l: 50)
Target Index: 1
Input: blau
---
Color0: Color(h: 56, s: 100, l: 51)
Color1: Color(h: 38, s: 100, l: 36)
Target Index: 0
Input: gelb
---
Color0: Color(h: 291, s: 100, l: 37)
Color1: Color(h: 268, s: 100, l: 33)
Target Index: 1
Input: blau
                   hc         hr     sc    sr         lc         lr      acc0      acc1    score0    score1  change_borders
colorname                                                                                                                  
blau       233.026930  33.039631  100.0  50.0  48.208181  30.730618  0.200706  0.505257  0.259222  0.652567               0
marinblau  243.188196  23.212344  100.0  50.0  25.003398  16.512650  0.092070  0.502309  0.136051  0.742262               0
                  hc         hr     sc         sr         lc         lr      acc0      acc1    score0    score1  change_borders
colorname                                                                                                                      
blau       235.48105  28.403710  100.0  50.000000  45.736846  31.860755  0.142573  0.479368  0.203239  0.683344       69.798346
marinblau  243.37951  28.664235  100.0  50.000001  17.620708  12.105203  0.069847  0.308534  0.150171  0.663343      207.378826
---
Color0: Color(h: 259, s: 100, l: 55)
Color1: Color(h: 229, s: 100, l: 31)
Target Index: 1
Input: marinblau
---
Color0: Color(h: 76, s: 100, l: 46)
Color1: Color(h: 94, s: 100, l: 48)
Target Index: 1
Input: blattgrün
---
Color0: Color(h: 18, s: 100, l: 58)
Color1: Color(h: 32, s: 100, l: 41)
Target Index: 0
Input: orange
                   hc        hr     sc    sr         lc         lr          acc0          acc1    score0        score1  change_borders
colorname                                                                                                                             
orange      31.054013  6.204332  100.0  50.0  51.977439  30.200367  1.071714e-01  9.252556e-01  0.104815  9.049129e-01               0
pink       303.492521  5.170174  100.0  50.0  51.293942  30.301443  7.812200e-46  2.181657e-64  0.700000  1.954840e-19               0
                   hc        hr     sc         sr         lc         lr          acc0          acc1  score0        score1  change_borders
colorname                                                                                                                                
orange      23.019260  4.581230  100.0  50.000000  52.214515  30.186055  5.387240e-01  1.366318e-01    0.72  1.826072e-01    1.344963e+02
pink       303.492521  5.170174  100.0  50.000002  51.293942  30.301443  7.812192e-46  2.181654e-64    0.70  1.954839e-19    2.371796e-12
---
Color0: Color(h: 183, s: 100, l: 50)
Color1: Color(h: 135, s: 100, l: 38)
Target Index: 0
Input: türkis
---
Color0: Color(h: 33, s: 100, l: 48)
Color1: Color(h: 51, s: 100, l: 52)
Target Index: 1
Input: gelb
---
Color0: Color(h: 47, s: 100, l: 58)
Color1: Color(h: 75, s: 100, l: 57)
Target Index: 1
Input: gelb
                   hc         hr     sc    sr         lc         lr          acc0          acc1        score0    score1  change_borders
colorname                                                                                                                              
gelb        58.658933   6.733138  100.0  50.0  51.206577  29.118393  2.173185e-01  5.156748e-02  6.309482e-01  0.149718               0
blattgrün  157.098327  12.055529  100.0  50.0  21.719887  21.164660  1.781952e-19  2.119013e-11  5.886543e-09  0.700000               0
                   hc         hr     sc    sr         lc         lr          acc0          acc1        score0    score1  change_borders
colorname                                                                                                                              
gelb        64.496266   6.121197  100.0  50.0  51.261934  29.146252  1.638017e-02  2.250034e-01  5.241571e-02  0.719999       68.905530
blattgrün  157.098532  12.052655  100.0  50.0  21.715790  21.159098  1.744664e-19  2.093261e-11  5.834270e-09  0.700000        0.000112
---
Color0: Color(h: 73, s: 100, l: 32)
Color1: Color(h: 91, s: 100, l: 49)
Target Index: 1
Input: grün
---
Color0: Color(h: 53, s: 100, l: 36)
Color1: Color(h: 38, s: 100, l: 34)
Target Index: 1
Input: braun
                  hc         hr     sc    sr         lc         lr          acc0      acc1        score0    score1  change_borders
colorname                                                                                                                         
orange     23.019260   4.581230  100.0  50.0  52.214515  30.186055  4.340301e-10  0.003972  7.662851e-08  0.701191               0
braun      39.967363  12.356204  100.0  50.0  21.688864  18.855626  4.298702e-01  0.797858  3.740554e-01  0.694263               0
                  hc         hr     sc    sr         lc         lr          acc0      acc1        score0    score1  change_borders
colorname                                                                                                                         
orange     22.996737   4.504167  100.0  50.0  52.215093  30.185706  2.004964e-10  0.003248  4.327244e-08  0.700974        0.012893
braun      39.248861  11.689017  100.0  50.0  21.979854  19.014661  3.814381e-01  0.814228  3.377435e-01  0.720956        2.142704
---
Color0: Color(h: 27, s: 100, l: 57)
Color1: Color(h: 47, s: 100, l: 59)
Target Index: 1
Input: gelb
---
Color0: Color(h: 162, s: 100, l: 35)
Color1: Color(h: 138, s: 100, l: 33)
Target Index: 0
Input: blattgrün
                   hc         hr     sc         sr         lc         lr      acc0      acc1    score0    score1  change_borders
colorname                                                                                                                       
blattgrün  157.098532  12.052655  100.0  50.000000  21.715790  21.159098  0.755955  0.247172  0.754306  0.246633               0
türkis     182.716727  19.821242  100.0  49.999999  50.574597  29.625234  0.504398  0.065827  0.770511  0.100556               0
                   hc         hr     sc         sr         lc         lr      acc0      acc1    score0    score1  change_borders
colorname                                                                                                                       
blattgrün  157.756836  11.461032  100.0  50.000000  21.888625  21.272037  0.772219  0.197461  0.789121  0.201783        1.652020
türkis     182.801049  19.967780  100.0  49.999999  50.635135  29.595618  0.505530  0.067573  0.769124  0.102807        0.066251
---
Color0: Color(h: 12, s: 100, l: 45)
Color1: Color(h: 36, s: 100, l: 38)
Target Index: 1
Input: braun
---
Color0: Color(h: 291, s: 100, l: 54)
Color1: Color(h: 260, s: 100, l: 53)
Target Index: 0
Input: pink
                   hc         hr     sc         sr         lc         lr      acc0          acc1    score0        score1  change_borders
colorname                                                                                                                               
lila       290.078177  16.164965  100.0  50.000000  49.747530  28.872484  0.987605  1.759685e-01  0.890420  1.586523e-01               0
pink       303.492521   5.170174  100.0  50.000002  51.293942  30.301443  0.053763  4.294139e-16  0.716129  5.719788e-15               0
                   hc         hr     sc         sr         lc         lr      acc0      acc1    score0    score1  change_borders
colorname                                                                                                                       
lila       288.276111  18.213652  100.0  50.000000  49.522421  28.833897  0.977028  0.297497  0.829716  0.252642       14.993447
pink       300.802137   8.337150  100.0  50.000002  51.357167  30.307179  0.499095  0.000006  0.849720  0.000011       34.543867
---
Color0: Color(h: 319, s: 100, l: 53)
Color1: Color(h: 291, s: 100, l: 50)
Target Index: 1
Input: lila
---
Color0: Color(h: 272, s: 100, l: 40)
Color1: Color(h: 51, s: 100, l: 57)
Target Index: 0
Input: blau
                   hc         hr     sc    sr         lc         lr      acc0          acc1    score0        score1  change_borders
colorname                                                                                                                          
blau       235.481050  28.403710  100.0  50.0  45.736846  31.860755  0.430531  4.797318e-09  0.829159  9.239155e-09               0
lila       288.276111  18.213652  100.0  50.0  49.522421  28.833897  0.635202  1.338822e-10  0.890561  1.877044e-10               0
                   hc         hr     sc    sr         lc         lr      acc0          acc1    score0        score1  change_borders
colorname                                                                                                                          
blau       236.839025  30.023218  100.0  50.0  45.540510  31.896164  0.496161  4.623069e-08  0.848848  7.909295e-08        9.013410
lila       290.835973  15.023451  100.0  50.0  49.879911  28.719679  0.429496  1.243605e-14  0.828849  2.399932e-14       33.742239
---
Color0: Color(h: 244, s: 100, l: 49)
Color1: Color(h: 214, s: 100, l: 59)
Target Index: 1
Input: türkis
---
Color0: Color(h: 283, s: 100, l: 47)
Color1: Color(h: 253, s: 100, l: 34)
Target Index: 1
Input: marinblau
---
Color0: Color(h: 280, s: 100, l: 49)
Color1: Color(h: 304, s: 100, l: 55)
Target Index: 1
Input: pink
---
Color0: Color(h: 346, s: 100, l: 36)
Color1: Color(h: 326, s: 100, l: 47)
Target Index: 0
Input: bordeaux
                   hc         hr     sc    sr         lc         lr      acc0      acc1    score0    score1  change_borders
colorname                                                                                                                  
rot        356.629146  17.041184  100.0  50.0  48.601543  30.371240  0.755331  0.198564  0.780886  0.205282               0
bordeaux   351.913868  21.173197  100.0  50.0  19.942581  19.705537  0.690036  0.184215  0.759512  0.202763               0
                   hc         hr     sc    sr         lc         lr      acc0      acc1    score0    score1  change_borders
colorname                                                                                                                  
rot        356.562013  18.821905  100.0  50.0  49.333666  30.036372  0.774158  0.266789  0.752841  0.259443        7.647226
bordeaux   352.246047  20.030011  100.0  50.0  20.701891  19.671598  0.703977  0.173412  0.772841  0.190376        3.989840
---
Color0: Color(h: 33, s: 100, l: 57)
Color1: Color(h: 51, s: 100, l: 58)
Target Index: 1
Input: gelb
---
Color0: Color(h: 131, s: 100, l: 39)
Color1: Color(h: 107, s: 100, l: 45)
Target Index: 1
Input: blattgrün
                   hc         hr     sc    sr         lc         lr          acc0          acc1        score0   score1  change_borders
colorname                                                                                                                             
gelb        64.496266   6.121197  100.0  50.0  51.261934  29.146252  2.138414e-26  3.313152e-11  4.518024e-16  0.70000               0
blattgrün  157.756836  11.461032  100.0  50.0  21.888625  21.272037  4.742072e-02  3.053453e-05  7.137758e-01  0.00046               0
Optimization not successful. Model not changed.
---
Color0: Color(h: 27, s: 100, l: 30)
Color1: Color(h: 9, s: 100, l: 41)
Target Index: 0
Input: braun
                  hc         hr     sc    sr         lc         lr      acc0      acc1    score0    score1  change_borders
colorname                                                                                                                 
orange     22.996737   4.504167  100.0  50.0  52.215093  30.185706  0.513871  0.007467  0.844136  0.012265               0
braun      39.248861  11.689017  100.0  50.0  21.979854  19.014661  0.528351  0.021309  0.831369  0.033529               0
                  hc         hr     sc    sr         lc         lr      acc0      acc1    score0    score1  change_borders
colorname                                                                                                                 
orange     22.284284   4.463916  100.0  50.0  52.267988  30.145232  0.435687  0.011132  0.813266  0.020779        1.027293
braun      39.087981  11.708987  100.0  50.0  22.022132  19.019144  0.537478  0.022385  0.833256  0.034703        0.056178
---
Color0: Color(h: 50, s: 100, l: 45)
Color1: Color(h: 32, s: 100, l: 52)
Target Index: 0
Input: gelb
                  hc         hr     sc         sr         lc         lr      acc0          acc1    score0    score1  change_borders
colorname                                                                                                                          
gelb       64.496266   6.121197  100.0  50.000000  51.261934  29.146252  0.059173  7.584076e-07  0.717743  0.000009               0
olive      65.652383  15.299353  100.0  50.000003  19.785344  19.873508  0.264950  2.392323e-02  0.721514  0.065148               0
                  hc         hr     sc         sr         lc         lr      acc0      acc1    score0    score1  change_borders
colorname                                                                                                                      
gelb       64.052753   6.955730  100.0  50.000000  51.249446  29.148921  0.126969  0.000024  0.737956  0.000142        1.786623
olive      65.737178  15.579634  100.0  50.000003  19.499270  19.849680  0.263058  0.025095  0.717954  0.068492        0.267535
---
Color0: Color(h: 252, s: 100, l: 42)
Color1: Color(h: 276, s: 100, l: 42)
Target Index: 1
Input: lila
---
Color0: Color(h: 279, s: 100, l: 31)
Color1: Color(h: 303, s: 100, l: 39)
Target Index: 0
Input: indigo
                   hc         hr     sc         sr         lc         lr      acc0      acc1    score0    score1  change_borders
colorname                                                                                                                       
marinblau  243.379510  28.664235  100.0  50.000001  17.620708  12.105203  0.250846  0.024168  0.713738  0.068767               0
indigo     281.553118  25.382153  100.0  50.000000   0.000000  37.113854  0.701949  0.402891  0.655323  0.376129               0
                   hc         hr     sc    sr         lc         lr      acc0      acc1    score0    score1  change_borders
colorname                                                                                                                  
marinblau  243.091000  28.968504  100.0  50.0  16.884317  12.318991  0.240563  0.023519  0.709826  0.069398        1.527589
indigo     280.247788  24.322822  100.0  50.0  19.508768  18.417669  0.822048  0.368800  0.729828  0.327427        7.502920
---
Color0: Color(h: 226, s: 100, l: 38)
Color1: Color(h: 252, s: 100, l: 32)
Target Index: 1
Input: marinblau
                   hc         hr     sc    sr         lc         lr      acc0      acc1    score0    score1  change_borders
colorname                                                                                                                  
marinblau  243.091000  28.968504  100.0  50.0  16.884317  12.318991  0.193386  0.449292  0.268650  0.624153               0
indigo     280.247788  24.322822  100.0  50.0  19.508768  18.417669  0.050228  0.404792  0.092339  0.744167               0
                   hc         hr     sc    sr         lc         lr      acc0      acc1    score0    score1  change_borders
colorname                                                                                                                  
marinblau  245.618909  28.216290  100.0  50.0  23.403793   7.387680  0.111524  0.495326  0.162100  0.719955      147.555080
indigo     280.877559  27.364713  100.0  50.0   0.000000  36.104484  0.076941  0.386899  0.139197  0.699955       23.809424
---
Color0: Color(h: 26, s: 100, l: 56)
Color1: Color(h: 47, s: 100, l: 37)
Target Index: 1
Input: braun
                  hc         hr     sc         sr         lc         lr      acc0      acc1    score0    score1  change_borders
colorname                                                                                                                      
braun      39.087981  11.708987  100.0  50.000000  22.022132  19.019144  0.108553  0.583687  0.142336  0.765336               0
olive      65.737178  15.579634  100.0  50.000003  19.499270  19.849680  0.007130  0.328942  0.016990  0.783832               0
                  hc         hr     sc         sr         lc         lr      acc0      acc1    score0    score1  change_borders
colorname                                                                                                                      
braun      39.749571  11.659758  100.0  50.000000  22.135778  18.831104  0.099037  0.603584  0.128379  0.782407        0.976799
olive      65.848181  15.537954  100.0  50.000002   0.070851  39.150929  0.013448  0.307096  0.033403  0.762760        0.044290
---
Color0: Color(h: 358, s: 100, l: 46)
Color1: Color(h: 332, s: 100, l: 60)
Target Index: 0
Input: rot
---
Color0: Color(h: 257, s: 100, l: 34)
Color1: Color(h: 281, s: 100, l: 53)
Target Index: 1
Input: lila
---
Color0: Color(h: 21, s: 100, l: 57)
Color1: Color(h: 355, s: 100, l: 31)
Target Index: 1
Input: bordeaux
---
Color0: Color(h: 144, s: 100, l: 55)
Color1: Color(h: 96, s: 100, l: 30)
Target Index: 0
Input: grün
---
Color0: Color(h: 343, s: 100, l: 58)
Color1: Color(h: 9, s: 100, l: 53)
Target Index: 1
Input: orange
---
Color0: Color(h: 85, s: 100, l: 59)
Color1: Color(h: 133, s: 100, l: 43)
Target Index: 0
Input: blattgrün
                   hc         hr     sc         sr         lc         lr          acc0      acc1        score0    score1  change_borders
colorname                                                                                                                               
olive       65.848181  15.537954  100.0  50.000002   0.070851  39.150929  1.507078e-01  0.000048  7.449885e-01  0.000238               0
blattgrün  157.756836  11.461032  100.0  50.000000  21.888625  21.272037  3.873842e-10  0.059281  4.690510e-09  0.717784               0
Optimization not successful. Model not changed.
---
Color0: Color(h: 261, s: 100, l: 48)
Color1: Color(h: 236, s: 100, l: 37)
Target Index: 1
Input: marinblau
---
Color0: Color(h: 270, s: 100, l: 47)
Color1: Color(h: 298, s: 100, l: 34)
Target Index: 0
Input: blau
---
Color0: Color(h: 11, s: 100, l: 46)
Color1: Color(h: 27, s: 100, l: 40)
Target Index: 0
Input: rot
---
Color0: Color(h: 304, s: 100, l: 58)
Color1: Color(h: 160, s: 100, l: 58)
Target Index: 0
Input: pink
---
Color0: Color(h: 252, s: 100, l: 40)
Color1: Color(h: 226, s: 100, l: 50)
Target Index: 1
Input: türkis
---
Color0: Color(h: 262, s: 100, l: 57)
Color1: Color(h: 41, s: 100, l: 30)
Target Index: 0
Input: blau
---
Color0: Color(h: 216, s: 100, l: 36)
Color1: Color(h: 180, s: 100, l: 31)
Target Index: 0
Input: marinblau
                   hc         hr     sc    sr         lc         lr      acc0      acc1    score0    score1  change_borders
colorname                                                                                                                  
blau       236.839025  30.023218  100.0  50.0  45.540510  31.896164  0.751549  0.150175  0.808885  0.161632               0
marinblau  245.618909  28.216290  100.0  50.0  23.403793   7.387680  0.134727  0.039449  0.581877  0.170376               0
                   hc         hr     sc    sr         lc         lr      acc0      acc1    score0    score1  change_borders
colorname                                                                                                                  
blau       237.190319  34.796822  100.0  50.0  47.227393  31.574713  0.779858  0.227025  0.776126  0.225939       51.719221
marinblau  242.675238  25.177011  100.0  50.0  30.827512  10.928412  0.510029  0.045111  0.796127  0.070415      171.101607
---
Color0: Color(h: 21, s: 100, l: 53)
Color1: Color(h: 39, s: 100, l: 57)
Target Index: 1
Input: orange
                  hc        hr     sc    sr         lc         lr          acc0      acc1    score0    score1  change_borders
colorname                                                                                                                    
orange     22.284284  4.463916  100.0  50.0  52.267988  30.145232  9.591753e-01  0.000891  0.987103  0.000917               0
gelb       64.052753  6.955730  100.0  50.0  51.249446  29.148921  4.788781e-09  0.001495  0.000002  0.700446               0
Optimization not successful. Model not changed.
---
Color0: Color(h: 47, s: 100, l: 57)
Color1: Color(h: 191, s: 100, l: 57)
Target Index: 1
Input: türkis
---
Color0: Color(h: 44, s: 100, l: 33)
Color1: Color(h: 29, s: 100, l: 51)
Target Index: 0
Input: braun
---
Color0: Color(h: 68, s: 100, l: 32)
Color1: Color(h: 50, s: 100, l: 48)
Target Index: 0
Input: olive
                  hc         hr     sc         sr         lc         lr      acc0      acc1    score0    score1  change_borders
colorname                                                                                                                      
gelb       64.052753   6.955730  100.0  50.000000  51.249446  29.148921  0.684498  0.129116  0.794263  0.149821               0
olive      65.848181  15.537954  100.0  50.000002   0.070851  39.150929  0.710247  0.280968  0.714654  0.282711               0
                  hc         hr     sc         sr         lc         lr      acc0      acc1    score0    score1  change_borders
colorname                                                                                                                      
gelb       63.896822   7.076229  100.0  50.000000  51.265017  29.120409  0.679126  0.144470  0.780948  0.166130        0.079780
olive      65.897894  15.510211  100.0  50.000002  19.601187  19.617491  0.811465  0.207397  0.800949  0.204709        0.006492
---
Color0: Color(h: 9, s: 100, l: 35)
Color1: Color(h: 25, s: 100, l: 47)
Target Index: 0
Input: bordeaux
---
Color0: Color(h: 296, s: 100, l: 60)
Color1: Color(h: 320, s: 100, l: 45)
Target Index: 0
Input: pink
---
Color0: Color(h: 50, s: 100, l: 52)
Color1: Color(h: 32, s: 100, l: 54)
Target Index: 0
Input: gelb
---
Color0: Color(h: 23, s: 100, l: 33)
Color1: Color(h: 41, s: 100, l: 37)
Target Index: 0
Input: rot
                   hc         hr     sc    sr         lc         lr      acc0      acc1    score0    score1  change_borders
colorname                                                                                                                  
rot        356.562013  18.821905  100.0  50.0  49.333666  30.036372  0.321627  0.056620  0.691705  0.121769               0
orange      22.284284   4.463916  100.0  50.0  52.267988  30.145232  0.804830  0.000134  0.941333  0.000157               0
                   hc         hr     sc         sr         lc         lr      acc0          acc1    score0        score1  change_borders
colorname                                                                                                                               
rot        359.027445  15.764745  100.0  50.000000  48.333666  30.578962  0.277509  2.697199e-02  0.721244  7.010002e-02       33.437964
orange      19.750201   1.000000  100.0  50.000001  52.288296  30.155089  0.004148  7.771198e-99  0.701244  1.313814e-96       36.841603
---
Color0: Color(h: 269, s: 100, l: 59)
Color1: Color(h: 245, s: 100, l: 48)
Target Index: 1
Input: blau
                   hc         hr     sc    sr         lc         lr      acc0      acc1    score0    score1  change_borders
colorname                                                                                                                  
blau       237.190319  34.796822  100.0  50.0  47.227393  31.574713  0.614253  0.974837  0.454857  0.721870               0
marinblau  242.675238  25.177011  100.0  50.0  30.827512  10.928412  0.020870  0.289717  0.053298  0.739878               0
                   hc         hr     sc    sr         lc         lr      acc0      acc1    score0    score1  change_borders
colorname                                                                                                                  
blau       236.526503  32.869316  100.0  50.0  46.539127  31.201795  0.566785  0.966258  0.428834  0.731079        9.537424
marinblau  242.737909  25.289566  100.0  50.0  28.837496   7.996447  0.000475  0.056399  0.005983  0.711079       25.146351
---
Color0: Color(h: 348, s: 100, l: 44)
Color1: Color(h: 14, s: 100, l: 59)
Target Index: 0
Input: rot
                   hc         hr     sc    sr         lc         lr      acc0      acc1    score0    score1  change_borders
colorname                                                                                                                  
rot        359.027445  15.764745  100.0  50.0  48.333666  30.578962  0.775155  0.599387  0.627302  0.485061               0
bordeaux   352.246047  20.030011  100.0  50.0  20.701891  19.671598  0.484899  0.083331  0.742814  0.127655               0
                   hc         hr     sc    sr        lc         lr      acc0      acc1    score0    score1  change_borders
colorname                                                                                                                 
rot        356.924424  15.473795  100.0  50.0  48.07329  30.544005  0.839281  0.510247  0.687120  0.417739        9.152730
bordeaux   352.994922  20.495777  100.0  50.0   0.00000  40.128724  0.532155  0.200688  0.667952  0.251901        2.676917
---
Color0: Color(h: 25, s: 100, l: 46)
Color1: Color(h: 43, s: 100, l: 54)
Target Index: 0
Input: orange
                   hc         hr     sc         sr         lc         lr      acc0           acc1    score0         score1  change_borders
colorname                                                                                                                                 
rot        356.924424  15.473795  100.0  50.000000  48.073290  30.544005  0.192373   1.165487e-02  0.717725   4.348318e-02               0
orange      19.750201   1.000000  100.0  50.000001  52.288296  30.155089  0.000001  4.165560e-118  0.700000  2.876585e-112               0
                   hc         hr     sc         sr         lc         lr      acc0           acc1    score0         score1  change_borders
colorname                                                                                                                                 
rot        352.843681  21.532780  100.0  50.000000  49.773658  30.493846  0.325391   6.571518e-02  0.680001   1.373313e-01      112.515050
orange      19.754234   1.020456  100.0  50.000001  52.288240  30.155089  0.000002  2.077544e-113  0.700001  8.135735e-108        0.000869
---
